MagicCube4D 3 2 1198 {4,3,3} 3
-8.039023221787713E-17 -7.476914433709305E-16 7.36174423859698E-16 -1.0
0.01819092779778434 -0.8808739639017794 -0.4730012155014216 3.0894815528097594E-16
-0.7283075887454539 -0.33579148155648514 0.5973375403319998 7.493618533055997E-16
-0.6850088658708284 0.3336242506684237 -0.6476555512340602 -6.711674280164277E-16
*
207,-1,2 41,-1,2 143,-1,1 103,-1,1 187,-1,2 193,-1,1 146,-1,1 22,-1,4 88,1,4 201,1,4
179,1,2 88,1,1 28,1,2 144,-1,2 213,-1,2 126,-1,4 20,1,2 51,1,1 81,1,4 67,1,4
31,1,2 117,1,1 7,1,4 40,-1,4 210,1,1 113,1,1 160,-1,4 7,-1,1 177,1,1 147,-1,1
44,1,1 6,1,1 51,-1,4 68,1,1 97,1,2 140,-1,2 181,-1,4 196,1,1 141,-1,1 174,1,4
112,-1,2 146,-1,2 210,-1,4 67,-1,4 7,-1,2 166,-1,2 m| 155,1,1 158,1,1 158,1,1
50,1,1 50,1,1 m[ 130,1,1 184,-1,1 212,1,1 212,1,1 184,-1,1 212,1,1 212,1,1
184,-1,1 130,-1,1 m] 155,1,1 50,1,1 50,1,1 155,1,1 158,1,1 158,1,1 184,1,1
184,1,1 m[ 130,1,1 184,-1,1 212,1,1 212,1,1 184,-1,1 212,1,1 212,1,1 184,-1,1
130,-1,1 m] 182,1,1 104,1,1 104,1,1 m[ 156,1,1 130,-1,1 213,1,1 213,1,1
130,-1,1 213,1,1 213,1,1 130,-1,1 156,-1,1 m] 101,1,1 102,1,1 102,1,1 20,1,1
102,1,1 102,1,1 m[ 183,1,1 102,-1,1 214,1,1 214,1,1 102,-1,1 214,1,1 214,1,1
102,-1,1 183,-1,1 m] 183,1,1 183,1,1 103,1,1 103,1,1 47,1,1 103,1,1 103,1,1
m[ 159,1,1 103,-1,1 213,1,1 213,1,1 103,-1,1 213,1,1 213,1,1 103,-1,1 159,-1,1
m] 106,1,1 106,1,1 m[ 24,1,1 106,-1,1 47,1,1 47,1,1 106,-1,1 47,1,1
47,1,1 106,-1,1 24,-1,1 m] 106,1,1 106,1,1 m[ 24,1,1 106,-1,1 47,1,1
47,1,1 106,-1,1 47,1,1 47,1,1 106,-1,1 24,-1,1 m] m[ 211,1,1 74,-1,1
187,1,1 187,1,1 74,-1,1 187,1,1 187,1,1 74,-1,1 211,-1,1 m] 130,1,1 130,1,1
160,1,1 160,1,1 m[ 211,1,1 74,-1,1 187,1,1 187,1,1 74,-1,1 187,1,1 187,1,1
74,-1,1 211,-1,1 m] m[ 47,-1,1 106,1,1 106,1,1 47,-1,1 106,1,1 106,1,1
47,-1,1 m] m[ 52,1,1 128,1,1 128,1,1 52,-1,1 128,1,1 128,1,1 52,-1,1
184,1,1 184,1,1 76,-1,1 22,1,1 22,1,1 76,1,1 76,1,1 52,-1,1 128,1,1 128,1,1
52,-1,1 128,1,1 128,1,1 52,-1,1 76,1,1 76,1,1 20,1,1 20,1,1 76,1,1 m]
157,1,1 157,1,1 23,1,1 23,1,1 m[ 78,-1,1 78,-1,1 129,1,1 20,-1,1 20,-1,1
105,-1,1 105,-1,1 78,-1,1 78,-1,1 129,1,1 78,-1,1 78,-1,1 105,-1,1 105,-1,1 20,-1,1
20,-1,1 129,-1,1 214,-1,1 214,-1,1 48,-1,1 129,-1,1 129,-1,1 48,1,1 m] 209,1,1
209,1,1 m[ 47,1,1 106,1,1 106,1,1 187,1,1 187,1,1 155,1,1 155,1,1 47,-1,1
155,1,1 155,1,1 187,1,1 187,1,1 106,1,1 106,1,1 47,-1,1 m] 155,1,1 155,1,1
21,1,1 21,1,1 m[ 22,1,1 22,1,1 101,1,1 101,1,1 155,1,1 155,1,1 182,1,1
182,1,1 21,1,1 182,1,1 182,1,1 155,1,1 155,1,1 101,1,1 101,1,1 21,-1,1 m]
157,1,2 159,1,2 105,1,2 m[ 184,1,1 76,-1,2 50,-1,1 133,1,4 213,-1,2 132,1,1
132,1,1 213,1,2 133,-1,4 50,1,1 76,1,2 103,1,4 74,-1,2 105,1,1 105,1,1 74,1,2
103,-1,4 184,1,1 m] 131,1,1 131,1,1 187,1,1 187,1,1 209,1,1 209,1,1 m[
157,1,1 211,1,2 103,1,1 103,1,1 211,-1,2 157,-1,1 m] m[ 49,1,1 211,-1,2
185,-1,1 130,1,4 74,-1,2 129,1,1 129,1,1 74,1,2 130,-1,4 185,1,1 211,1,2 106,1,4
213,-1,2 102,1,1 102,1,1 213,1,2 106,-1,4 49,1,1 m] 76,1,1 76,1,1 21,1,1
21,1,1 211,1,1 211,1,1 m[ 76,1,1 211,1,2 104,1,1 104,1,1 211,-1,2 76,-1,1
m] m[ 51,1,1 213,-1,2 183,-1,1 76,1,4 101,-1,2 75,1,1 75,1,1 101,1,2
76,-1,4 183,1,1 213,1,2 160,1,4 212,-1,2 156,1,1 156,1,1 212,1,2 160,-1,4 51,1,1
m] 21,1,1 21,1,1 131,1,1 131,1,1 212,1,1 212,1,1 m[ 131,1,1 213,1,2
157,1,1 157,1,1 213,-1,2 131,-1,1 m] 213,1,1 213,1,1 m[ 209,1,1 129,-1,2
25,-1,1 186,1,4 157,-1,2 187,1,1 187,1,1 157,1,2 186,-1,4 25,1,1 129,1,2 50,1,4
130,-1,2 52,1,1 52,1,1 130,1,2 50,-1,4 209,1,1 m] 103,1,1 103,1,1 m[
75,1,1 102,1,2 51,1,1 51,1,1 102,-1,2 75,-1,1 m] m[ 75,1,1 102,-1,2
159,-1,1 182,1,4 23,-1,2 183,1,1 183,1,1 23,1,2 182,-1,4 159,1,1 102,1,2 49,1,4
106,-1,2 48,1,1 48,1,1 106,1,2 49,-1,4 75,1,1 m] 102,1,1 102,1,1 m[
75,1,1 184,1,4 101,-1,2 183,1,1 183,1,1 101,1,2 184,-1,4 75,-1,1 m] 74,1,1
74,1,1 47,1,1 47,1,1 103,1,1 103,1,1 m[ 24,1,1 186,1,2 160,1,1 160,1,1
186,-1,2 24,-1,1 m] 183,1,1 183,1,1 m[ 51,1,1 79,1,2 211,-1,2 75,1,1
75,1,1 211,1,2 79,-1,2 51,-1,1 m] 183,1,1 183,1,1 213,1,1 213,1,1 131,1,1
131,1,1 213,1,1 213,1,1 m[ 131,1,1 213,1,2 157,1,1 157,1,1 213,-1,2 131,-1,1
m] 131,1,1 131,1,1 m[ 213,1,1 75,1,2 50,-1,2 79,1,1 79,1,1 50,1,2
75,-1,2 213,-1,1 m] m[ 131,1,1 186,1,2 77,1,2 77,1,2 186,-1,2 131,-1,1
m] m[ 51,1,1 131,-1,2 183,-1,1 106,-1,1 50,1,2 50,1,2 106,1,1 183,1,1
131,1,2 51,-1,1 m] m[ 214,1,1 78,-1,2 20,-1,1 49,1,4 104,-1,2 52,1,1
52,1,1 104,1,2 49,-1,4 20,1,1 78,1,2 183,1,4 77,-1,2 187,1,1 187,1,1 77,1,2
183,-1,4 214,1,1 m] m[ 214,1,1 50,1,2 130,-1,2 52,1,1 52,1,1 130,1,2
50,-1,2 214,-1,1 m] m[ 159,1,1 25,-1,2 75,-1,1 212,-1,1 155,1,2 155,1,2
212,1,1 75,1,1 25,1,2 159,-1,1 m] 78,1,1 78,1,1 m[ 132,1,1 47,1,4
21,-1,2 50,1,1 50,1,1 21,1,2 47,-1,4 132,-1,1 m] 25,1,1 25,1,1 102,1,1
102,1,1 75,1,1 75,1,1 m[ 25,1,1 132,1,2 187,1,1 187,1,1 132,-1,2 25,-1,1
m] m[ 79,1,1 133,-1,2 155,-1,1 25,1,4 184,-1,2 21,1,1 21,1,1 184,1,2
25,-1,4 155,1,1 133,1,2 212,1,4 129,-1,2 210,1,1 210,1,1 129,1,2 212,-1,4 79,1,1
m] 187,1,1 187,1,1 47,1,1 47,1,1 m[ 133,1,1 160,1,2 211,1,1 211,1,1
160,-1,2 133,-1,1 m] 74,1,1 74,1,1 23,1,1 23,1,1 158,1,1 158,1,1 185,1,1
185,1,1 50,1,1 50,1,1 m[ 133,1,1 160,1,2 211,1,1 211,1,1 160,-1,2 133,-1,1
m] m[ 52,1,1 133,-1,2 182,-1,1 21,1,4 76,-1,2 20,1,1 20,1,1 76,1,2
21,-1,4 182,1,1 133,1,2 212,1,4 131,-1,2 209,1,1 209,1,1 131,1,2 212,-1,4 52,1,1
m] m[ 160,1,1 133,-1,2 74,-1,1 102,-1,1 158,1,2 158,1,2 102,1,1 74,1,1
133,1,2 160,-1,1 m] 160,1,1 160,1,1 182,1,1 182,1,1 m[ 160,1,1 133,1,2
24,1,2 24,1,2 133,-1,2 160,-1,1 m] m[ 187,1,1 133,-1,2 47,-1,1 104,-1,1
185,1,2 185,1,2 104,1,1 47,1,1 133,1,2 187,-1,1 m] m[ 184,1,1 211,-1,2
50,-1,1 131,1,4 155,-1,2 132,1,1 132,1,1 155,1,2 131,-1,4 50,1,1 211,1,2 106,1,4
210,-1,2 105,1,1 105,1,1 210,1,2 106,-1,4 184,1,1 m] 49,1,1 49,1,1 m[
76,1,1 128,1,2 20,-1,2 130,1,1 130,1,1 20,1,2 128,-1,2 76,-1,1 m] m[
76,1,1 49,-1,2 158,-1,1 187,-1,1 75,1,2 75,1,2 187,1,1 158,1,1 49,1,2 76,-1,1
m] 156,1,1 156,1,1 160,1,1 160,1,1 m[ 211,1,1 130,1,2 75,-1,2 133,1,1
133,1,1 75,1,2 130,-1,2 211,-1,1 m] 160,1,1 160,1,1 132,1,1 132,1,1 m[
214,1,1 51,1,4 158,-1,2 52,1,1 52,1,1 158,1,2 51,-1,4 214,-1,1 m] 25,1,1
25,1,1 159,1,1 159,1,1 m[ 105,1,1 47,1,4 24,-1,2 49,1,1 49,1,1 24,1,2
47,-1,4 105,-1,1 m] m[ 74,1,1 211,1,4 105,-1,2 210,1,1 210,1,1 105,1,2
211,-1,4 74,-1,1 m] 103,1,1 103,1,1 182,1,1 182,1,1 m[ 74,1,1 211,1,4
105,-1,2 210,1,1 210,1,1 105,1,2 211,-1,4 74,-1,1 m] 105,1,1 105,1,1 m[
159,1,1 49,1,4 101,-1,2 51,1,1 51,1,1 101,1,2 49,-1,4 159,-1,1 m] m[
50,1,1 101,1,2 21,-1,2 102,1,1 102,1,1 21,1,2 101,-1,2 50,-1,1 m] 183,1,1
183,1,1 m[ 103,1,1 159,1,2 187,-1,2 157,1,1 157,1,1 187,1,2 159,-1,2 103,-1,1
m] m[ 47,1,1 211,1,2 103,-1,2 209,1,1 209,1,1 103,1,2 211,-1,2 47,-1,1
m] 101,1,1 101,1,1 m[ 74,1,1 101,-1,2 160,1,1 132,-1,1 76,1,2 76,1,2
132,1,1 160,-1,1 101,1,2 74,-1,1 m] 182,1,1 182,1,1 m[ 74,1,1 211,1,2
105,-1,2 210,1,1 210,1,1 105,1,2 211,-1,2 74,-1,1 m] 25,1,1 25,1,1 m[
105,1,1 48,1,2 74,-1,2 49,1,1 49,1,1 74,1,2 48,-1,2 105,-1,1 m] 132,1,1
132,1,1 m[ 25,1,1 48,1,2 77,-1,2 47,1,1 47,1,1 77,1,2 48,-1,2 25,-1,1
m] 159,1,1 159,1,1 m[ 214,1,1 49,1,4 104,-1,2 52,1,1 52,1,1 104,1,2
49,-1,4 214,-1,1 m] 160,1,1 160,1,1 m[ 187,1,1 160,-1,2 47,1,1 22,1,4
104,1,2 25,1,1 25,1,1 104,-1,2 22,-1,4 47,-1,1 160,1,2 24,-1,1 157,1,2 25,1,4
25,1,4 157,-1,2 24,1,1 187,1,1 m] 157,1,1 157,1,1 214,1,1 214,1,1 m[
105,1,1 51,1,4 160,-1,2 49,1,1 49,1,1 160,1,2 51,-1,4 105,-1,1 m] 22,1,1
22,1,1 m[ 104,1,1 78,1,4 182,-1,2 76,1,1 76,1,1 182,1,2 78,-1,4 104,-1,1
m] m[ 213,-1,1 156,1,4 49,-1,2 160,-1,1 160,-1,1 49,1,2 156,-1,4 51,-1,2
21,-1,1 77,1,4 132,-1,2 79,-1,1 79,-1,1 132,1,2 77,-1,4 21,1,1 51,1,2 213,-1,1
23,-1,1 23,-1,1 77,-1,1 132,1,4 182,-1,2 130,-1,1 130,-1,1 182,1,2 132,-1,4 185,-1,2
157,-1,1 106,1,4 209,-1,2 103,-1,1 103,-1,1 209,1,2 106,-1,4 157,1,1 185,1,2 77,-1,1
77,-1,1 77,-1,1 210,-1,1 78,1,4 184,-1,2 79,-1,1 79,-1,1 184,1,2 78,-1,4 183,-1,2
24,-1,1 158,1,4 129,-1,2 160,-1,1 160,-1,1 129,1,2 158,-1,4 24,1,1 183,1,2 210,-1,1
77,-1,1 132,1,4 182,-1,2 130,-1,1 130,-1,1 182,1,2 132,-1,4 185,-1,2 157,-1,1 106,1,4
209,-1,2 103,-1,1 103,-1,1 209,1,2 106,-1,4 157,1,1 185,1,2 77,-1,1 m] 210,1,1
210,1,1 131,1,1 131,1,1 51,1,2 51,1,2 133,1,1 133,1,1 160,1,1 160,1,1 52,1,1
52,1,1 160,1,1 160,1,1 133,1,1 133,1,1 52,1,1 52,1,1 20,1,2 20,1,2 133,1,1
133,1,1 m[ 79,1,1 79,1,1 133,1,2 133,1,2 79,1,1 79,1,1 133,1,2 133,1,2
m] m[ 52,1,1 52,1,1 133,1,2 133,1,2 52,1,1 52,1,1 133,1,2 133,1,2
m] m[ 79,1,1 79,1,1 52,1,1 52,1,1 79,1,1 79,1,1 52,1,1 52,1,1
79,1,1 79,1,1 52,1,1 52,1,1 m] 186,1,1 186,1,1 48,1,1 48,1,1 m[
24,1,1 104,1,2 104,1,2 24,1,1 24,1,1 104,1,2 104,1,2 24,1,1 m] 186,1,1
186,1,1 48,1,1 48,1,1 m[ 51,1,1 51,1,1 24,1,2 24,1,2 51,1,1 51,1,1
24,1,2 24,1,2 m] m[ 214,1,1 214,1,1 132,1,1 132,1,1 214,1,1 214,1,1
132,1,1 132,1,1 214,1,1 214,1,1 132,1,1 132,1,1 m] 105,-1,1 129,-1,1 m[
25,1,1 159,1,2 159,1,2 25,1,1 25,1,1 159,1,2 159,1,2 25,1,1 m] 105,1,1
129,1,1 m[ 20,1,1 20,1,1 186,1,4 158,1,2 182,1,1 182,1,1 158,-1,2 158,-1,2
182,1,1 182,1,1 158,1,2 186,-1,4 156,1,2 156,1,2 20,1,1 20,1,1 156,1,2 156,1,2
m] m[ 156,1,1 156,1,1 185,1,4 128,1,2 186,1,1 186,1,1 128,-1,2 128,-1,2
186,1,1 186,1,1 128,1,2 185,-1,4 129,1,2 129,1,2 156,1,1 156,1,1 129,1,2 129,1,2
m] m[ 186,1,1 186,1,1 77,1,4 128,1,2 78,1,1 78,1,1 128,-1,2 128,-1,2
78,1,1 78,1,1 128,1,2 77,-1,4 131,1,2 131,1,2 186,1,1 186,1,1 131,1,2 131,1,2
m] m[ 24,1,1 186,-1,2 104,1,1 24,1,1 24,1,1 78,1,4 185,1,2 74,1,1
74,1,1 185,-1,2 185,-1,2 74,1,1 74,1,1 185,1,2 78,-1,4 186,1,2 186,1,2 24,1,1
24,1,1 186,1,2 186,1,2 104,-1,1 186,1,2 24,-1,1 m] m[ 130,1,1 48,-1,2
21,1,1 130,1,1 130,1,1 156,1,4 52,1,2 158,1,1 158,1,1 52,-1,2 52,-1,2 158,1,1
158,1,1 52,1,2 156,-1,4 48,1,2 48,1,2 130,1,1 130,1,1 48,1,2 48,1,2 21,-1,1
48,1,2 130,-1,1 m] m[ 183,1,1 130,1,1 130,1,1 155,1,2 25,-1,2 158,1,1
158,1,1 25,1,2 25,1,2 158,1,1 158,1,1 25,-1,2 155,-1,2 21,1,2 21,1,2 130,1,1
130,1,1 21,1,2 21,1,2 183,-1,1 m] 130,1,1 130,1,1 104,1,1 104,1,1 m[
183,1,1 130,1,1 130,1,1 155,1,4 20,1,2 158,1,1 158,1,1 20,-1,2 20,-1,2 158,1,1
158,1,1 20,1,2 155,-1,4 21,1,2 21,1,2 130,1,1 130,1,1 21,1,2 21,1,2 183,-1,1
m] 130,1,1 130,1,1 104,1,1 104,1,1 186,1,1 186,1,1 49,1,1 49,1,1 m[
24,1,1 186,1,1 186,1,1 76,1,4 106,1,2 78,1,1 78,1,1 106,-1,2 106,-1,2 78,1,1
78,1,1 106,1,2 76,-1,4 104,1,2 104,1,2 186,1,1 186,1,1 104,1,2 104,1,2 24,-1,1
m] 49,1,1 49,1,1 186,1,1 186,1,1 22,1,1 22,1,1 22,1,1 22,1,1 129,1,1
129,1,1 104,1,1 104,1,1 m[ 20,1,1 129,1,1 129,1,1 186,1,4 160,1,2 185,1,1
185,1,1 160,-1,2 160,-1,2 185,1,1 185,1,1 160,1,2 186,-1,4 156,1,2 156,1,2 129,1,1
129,1,1 156,1,2 156,1,2 20,-1,1 m] 104,1,1 104,1,1 129,1,1 129,1,1 m[
76,1,2 212,1,1 212,1,1 76,-1,2 212,1,1 212,1,1 130,1,4 212,1,1 212,1,1 76,1,2
212,1,1 212,1,1 76,-1,2 130,-1,4 m].
