MagicCube4D 3 3 1204 {4,3,3} 3
-0.03933846384239253 -0.9045618629549912 -0.4245236405077067 4.467057305445735E-16
5.262332827776573E-17 3.8841903152407077E-16 2.1974410370574357E-16 1.0
0.3450437076424396 0.38642201592954917 -0.8553495574449675 1.9707008371468752E-17
0.9377618701348865 -0.1801273485408006 0.2969121304843935 -4.4627950459918976E-17
*
25,-1,1 114,-1,2 178,-1,1 207,1,2 146,1,4 39,-1,2 4,-1,4 130,1,4 137,-1,1 130,-1,1
6,1,2 154,1,4 116,-1,1 139,-1,4 24,1,1 144,1,1 47,-1,1 156,1,1 38,1,4 88,-1,2
7,-1,2 88,1,1 61,1,2 206,-1,2 140,-1,1 187,-1,1 127,-1,4 57,1,4 99,1,1 162,1,2
118,1,1 33,-1,1 111,-1,1 162,1,2 131,-1,1 178,-1,2 152,-1,2 174,1,1 55,1,4 197,1,2
132,-1,1 21,1,1 51,-1,4 110,-1,2 58,-1,4 120,1,4 m| 184,1,1 184,1,1 22,1,1
184,1,1 184,1,1 m[ 130,1,1 184,-1,1 212,1,1 212,1,1 184,-1,1 212,1,1 212,1,1
184,-1,1 130,-1,1 m] m[ 185,1,1 75,-1,1 214,1,1 214,1,1 75,-1,1 214,1,1
214,1,1 75,-1,1 185,-1,1 m] 22,1,1 155,-1,1 m[ 131,1,1 184,-1,1 23,1,1
23,1,1 184,-1,1 23,1,1 23,1,1 184,-1,1 131,-1,1 m] 132,1,1 132,1,1 130,1,1
130,1,1 78,1,1 78,1,1 m[ 50,1,1 78,-1,1 20,1,1 20,1,1 78,-1,1 20,1,1
20,1,1 78,-1,1 50,-1,1 m] 187,1,1 77,1,1 77,1,1 m[ 102,1,1 77,-1,1
22,1,1 22,1,1 77,-1,1 22,1,1 22,1,1 77,-1,1 102,-1,1 m] 47,1,1 47,1,1
m[ 22,1,1 52,-1,1 155,1,1 155,1,1 52,-1,1 155,1,1 155,1,1 52,-1,1 22,-1,1
m] 52,1,1 52,1,1 m[ 20,1,1 133,-1,1 155,1,1 155,1,1 133,-1,1 155,1,1
155,1,1 133,-1,1 20,-1,1 m] 133,1,1 133,1,1 m[ 20,1,1 133,-1,1 155,1,1
155,1,1 133,-1,1 155,1,1 155,1,1 133,-1,1 20,-1,1 m] 131,1,1 131,1,1 52,1,1
52,1,1 m[ 22,1,1 187,-1,1 74,1,1 74,1,1 187,-1,1 74,1,1 74,1,1 187,-1,1
22,-1,1 m] 101,1,1 101,1,1 101,1,1 101,1,1 155,1,1 101,1,1 101,1,1 m[
214,1,1 101,-1,1 79,1,1 79,1,1 101,-1,1 79,1,1 79,1,1 101,-1,1 214,-1,1 m]
211,1,1 211,1,1 m[ 155,-1,1 133,1,1 133,1,1 155,-1,1 133,1,1 133,1,1 155,-1,1
m] m[ 160,1,1 47,1,1 47,1,1 160,-1,1 47,1,1 47,1,1 160,-1,1 78,1,1
78,1,1 105,-1,1 25,1,1 25,1,1 105,1,1 105,1,1 160,-1,1 47,1,1 47,1,1 160,-1,1
47,1,1 47,1,1 160,-1,1 105,1,1 105,1,1 24,1,1 24,1,1 105,1,1 m] 25,1,2
78,1,2 186,1,1 186,1,1 103,1,1 103,1,1 m[ 77,1,1 210,1,1 48,-1,1 48,-1,1
24,-1,1 24,-1,1 131,-1,1 131,-1,1 210,1,1 131,-1,1 131,-1,1 24,-1,1 24,-1,1 48,-1,1
48,-1,1 210,-1,1 77,-1,1 m] 131,1,1 131,1,1 49,1,1 49,1,1 212,1,1 212,1,1
185,1,1 185,1,1 m[ 129,1,1 23,1,1 158,-1,1 158,-1,1 211,-1,1 211,-1,1 49,-1,1
49,-1,1 23,1,1 49,-1,1 49,-1,1 211,-1,1 211,-1,1 158,-1,1 158,-1,1 23,-1,1 129,-1,1
m] 211,1,2 211,1,2 m[ 48,1,1 48,1,1 75,1,1 75,1,1 129,1,1 129,1,1
209,1,1 209,1,1 49,1,1 209,1,1 209,1,1 129,1,1 129,1,1 75,1,1 75,1,1 49,-1,1
m] 211,1,1 211,1,1 50,1,1 50,1,1 187,1,1 187,1,1 m[ 211,1,1 184,1,2
101,1,1 101,1,1 184,-1,2 211,-1,1 m] 187,1,1 187,1,1 m[ 211,1,1 76,1,2
101,1,1 101,1,1 76,-1,2 211,-1,1 m] 79,1,1 79,1,1 75,1,1 75,1,1 131,1,1
131,1,1 104,1,1 104,1,1 m[ 47,1,1 155,1,2 25,1,1 25,1,1 155,-1,2 47,-1,1
m] m[ 128,1,1 182,-1,2 106,-1,1 51,-1,1 132,1,2 132,1,2 51,1,1 106,1,1
182,1,2 128,-1,1 m] m[ 50,1,1 158,1,2 132,1,1 132,1,1 158,-1,2 50,-1,1
m] 101,1,1 101,1,1 m[ 159,1,1 132,-1,2 75,-1,1 52,1,4 211,-1,2 51,1,1
51,1,1 211,1,2 52,-1,4 75,1,1 132,1,2 185,1,4 128,-1,2 186,1,1 186,1,1 128,1,2
185,-1,4 159,1,1 m] 159,1,1 159,1,1 m[ 79,1,1 133,-1,2 155,-1,1 25,1,4
184,-1,2 21,1,1 21,1,1 184,1,2 25,-1,4 155,1,1 133,1,2 212,1,4 129,-1,2 210,1,1
210,1,1 129,1,2 212,-1,4 79,1,1 m] m[ 155,1,1 128,-1,2 79,-1,1 105,-1,1
158,1,2 158,1,2 105,1,1 79,1,1 128,1,2 155,-1,1 m] m[ 101,1,1 182,-1,2
133,-1,1 210,1,4 75,-1,2 211,1,1 211,1,1 75,1,2 210,-1,4 133,1,1 182,1,2 25,1,4
186,-1,2 22,1,1 22,1,1 186,1,2 25,-1,4 101,1,1 m] 131,1,1 131,1,1 79,1,1
79,1,1 182,1,1 182,1,1 m[ 155,1,1 128,1,2 21,1,1 21,1,1 128,-1,2 155,-1,1
m] 210,1,1 210,1,1 m[ 20,1,1 129,-1,2 214,-1,1 183,1,4 76,-1,2 182,1,1
182,1,1 76,1,2 183,-1,4 214,1,1 129,1,2 50,1,4 131,-1,2 47,1,1 47,1,1 131,1,2
50,-1,4 20,1,1 m] m[ 75,1,1 129,-1,2 159,-1,1 106,-1,1 77,1,2 77,1,2
106,1,1 159,1,1 129,1,2 75,-1,1 m] 209,1,1 209,1,1 m[ 75,1,1 185,1,4
133,-1,2 183,1,1 183,1,1 133,1,2 185,-1,4 75,-1,1 m] 183,1,1 183,1,1 76,1,1
76,1,1 23,1,1 23,1,1 m[ 76,1,1 49,1,2 104,1,1 104,1,1 49,-1,2 76,-1,1
m] m[ 131,1,1 51,-1,2 103,-1,1 182,-1,1 129,1,2 129,1,2 182,1,1 103,1,1
51,1,2 131,-1,1 m] m[ 131,1,1 51,-1,2 103,-1,1 74,1,4 25,-1,2 77,1,1
77,1,1 25,1,2 74,-1,4 103,1,1 51,1,2 156,1,4 52,-1,2 158,1,1 158,1,1 52,1,2
156,-1,4 131,1,1 m] 155,1,1 155,1,1 101,1,1 101,1,1 52,1,1 52,1,1 m[
101,1,1 155,1,2 211,1,2 211,1,2 155,-1,2 101,-1,1 m] 182,1,1 182,1,1 52,1,1
52,1,1 101,1,1 101,1,1 160,1,1 160,1,1 m[ 101,1,1 182,1,2 23,1,1 23,1,1
182,-1,2 101,-1,1 m] m[ 182,1,1 101,-1,2 52,-1,1 213,1,4 158,-1,2 214,1,1
214,1,1 158,1,2 213,-1,4 52,1,1 101,1,2 22,1,4 103,-1,2 25,1,1 25,1,1 103,1,2
22,-1,4 182,1,1 m] 133,1,1 133,1,1 74,1,1 74,1,1 52,1,1 52,1,1 m[
74,1,1 101,1,2 210,1,2 210,1,2 101,-1,2 74,-1,1 m] 129,1,1 129,1,1 m[
132,1,1 214,-1,2 102,-1,1 51,1,4 155,-1,2 50,1,1 50,1,1 155,1,2 51,-1,4 102,1,1
214,1,2 187,1,4 210,-1,2 185,1,1 185,1,1 210,1,2 187,-1,4 132,1,1 m] 49,1,1
49,1,1 m[ 105,1,1 214,1,2 185,1,1 185,1,1 214,-1,2 105,-1,1 m] 133,1,1
133,1,1 50,1,1 50,1,1 186,1,1 186,1,1 m[ 76,1,1 184,1,2 104,1,1 104,1,1
184,-1,2 76,-1,1 m] m[ 76,1,1 49,-1,2 158,-1,1 133,1,4 214,-1,2 130,1,1
130,1,1 214,1,2 133,-1,4 158,1,1 49,1,2 102,1,4 47,-1,2 103,1,1 103,1,1 47,1,2
102,-1,4 76,1,1 m] 101,1,1 101,1,1 m[ 47,1,1 213,1,4 157,-1,2 209,1,1
209,1,1 157,1,2 213,-1,4 47,-1,1 m] 158,1,1 158,1,1 m[ 158,1,1 101,1,2
20,-1,2 104,1,1 104,1,1 20,1,2 101,-1,2 158,-1,1 m] 22,1,1 22,1,1 158,1,1
158,1,1 m[ 50,1,1 158,1,2 102,1,2 102,1,2 158,-1,2 50,-1,1 m] m[
23,1,1 158,-1,2 211,-1,1 78,-1,1 24,1,2 24,1,2 78,1,1 211,1,1 158,1,2 23,-1,1
m] m[ 212,1,1 105,1,2 186,-1,2 106,1,1 106,1,1 186,1,2 105,-1,2 212,-1,1
m] m[ 156,1,1 129,-1,2 78,1,1 182,1,4 23,1,2 186,1,1 186,1,1 23,-1,2
182,-1,4 78,-1,1 129,1,2 185,-1,1 128,1,2 186,1,4 186,1,4 128,-1,2 185,1,1 156,1,1
m] m[ 129,1,1 186,1,4 160,-1,2 185,1,1 185,1,1 160,1,2 186,-1,4 129,-1,1
m] 156,1,1 156,1,1 209,1,1 209,1,1 m[ 129,1,1 186,1,2 160,-1,2 185,1,1
185,1,1 160,1,2 186,-1,2 129,-1,1 m] 102,1,1 102,1,1 104,1,1 104,1,1 m[
156,1,1 184,1,4 106,-1,2 186,1,1 186,1,1 106,1,2 184,-1,4 156,-1,1 m] 25,1,1
25,1,1 m[ 209,1,1 185,1,2 131,-1,2 187,1,1 187,1,1 131,1,2 185,-1,2 209,-1,1
m] 77,1,1 77,1,1 m[ 212,1,1 102,1,4 48,-1,2 106,1,1 106,1,1 48,1,2
102,-1,4 212,-1,1 m] 22,1,1 22,1,1 77,1,1 77,1,1 m[ 77,1,1 106,1,2
209,-1,2 103,1,1 103,1,1 209,1,2 106,-1,2 77,-1,1 m] 23,1,1 23,1,1 m[
50,1,1 104,1,2 155,-1,2 102,1,1 102,1,1 155,1,2 104,-1,2 50,-1,1 m] m[
52,1,1 24,1,2 158,-1,2 20,1,1 20,1,1 158,1,2 24,-1,2 52,-1,1 m] m[
187,1,1 160,-1,2 47,1,1 76,-1,1 186,1,2 186,1,2 76,1,1 47,-1,1 160,1,2 187,-1,1
m] 160,1,1 160,1,1 133,1,1 133,1,1 m[ 52,1,1 24,1,2 158,-1,2 20,1,1
20,1,1 158,1,2 24,-1,2 52,-1,1 m] m[ 212,1,1 77,-1,2 22,1,1 105,1,4
183,1,2 106,1,1 106,1,1 183,-1,2 105,-1,4 22,-1,1 77,1,2 103,-1,1 78,1,2 106,1,4
106,1,4 78,-1,2 103,1,1 212,1,1 m] m[ 210,1,1 48,-1,2 24,-1,1 184,-1,1
209,1,2 209,1,2 184,1,1 24,1,1 48,1,2 210,-1,1 m] m[ 210,1,1 156,1,2
49,-1,2 160,1,1 160,1,1 49,1,2 156,-1,2 210,-1,1 m] 48,1,1 48,1,1 m[
48,1,1 155,1,2 22,-1,2 156,1,1 156,1,1 22,1,2 155,-1,2 48,-1,1 m] 158,1,1
158,1,1 159,1,1 159,1,1 m[ 214,1,1 159,-1,2 20,1,1 50,1,4 131,1,2 52,1,1
52,1,1 131,-1,2 50,-1,4 20,-1,1 159,1,2 51,-1,1 158,1,2 52,1,4 52,1,4 158,-1,2
51,1,1 214,1,1 m] 104,1,1 104,1,1 m[ 213,1,1 78,1,4 184,-1,2 79,1,1
79,1,1 184,1,2 78,-1,4 213,-1,1 m] 186,1,1 186,1,1 m[ 104,1,1 186,-1,2
130,1,1 47,-1,1 105,1,2 105,1,2 47,1,1 130,-1,1 186,1,2 104,-1,1 m] 78,1,1
78,1,1 m[ 25,1,1 49,1,2 103,-1,2 47,1,1 47,1,1 103,1,2 49,-1,2 25,-1,1
m] 104,1,1 104,1,1 210,1,1 210,1,1 104,1,1 104,1,1 23,1,1 23,1,1 104,1,1
104,1,1 158,1,1 158,1,1 184,1,1 184,1,1 212,1,1 212,1,1 50,1,1 50,1,1 m[
50,1,1 50,1,1 23,1,2 23,1,2 50,1,1 50,1,1 23,1,2 23,1,2 m] m[
25,1,1 25,1,1 78,1,1 78,1,1 25,1,1 25,1,1 78,1,1 78,1,1 25,1,1 25,1,1
78,1,1 78,1,1 m] m[ 25,1,1 25,1,1 105,1,1 105,1,1 25,1,1 25,1,1
105,1,1 105,1,1 25,1,1 25,1,1 105,1,1 105,1,1 m] m[ 213,1,1 213,1,1
186,1,1 186,1,1 213,1,1 213,1,1 186,1,1 186,1,1 213,1,1 213,1,1 186,1,1 186,1,1
m] 21,1,1 21,1,1 m[ 104,1,1 51,1,2 51,1,2 104,1,1 104,1,1 51,1,2
51,1,2 104,1,1 m] 21,1,1 21,1,1 m[ 130,1,1 130,1,1 159,1,4 182,1,2
158,1,1 158,1,1 182,-1,2 182,-1,2 158,1,1 158,1,1 182,1,2 159,-1,4 183,1,2 183,1,2
130,1,1 130,1,1 183,1,2 183,1,2 m] m[ 103,1,1 103,1,1 155,1,4 25,1,2
157,1,1 157,1,1 25,-1,2 25,-1,2 157,1,1 157,1,1 25,1,2 155,-1,4 21,1,2 21,1,2
103,1,1 103,1,1 21,1,2 21,1,2 m] 20,-1,1 20,-1,1 m[ 130,1,1 210,1,1
210,1,1 156,1,4 49,1,2 160,1,1 160,1,1 49,-1,2 49,-1,2 160,1,1 160,1,1 49,1,2
156,-1,4 48,1,2 48,1,2 210,1,1 210,1,1 48,1,2 48,1,2 130,-1,1 m] 20,1,1
20,1,1 m[ 210,1,1 48,1,1 48,1,1 158,1,4 128,1,2 156,1,1 156,1,1 128,-1,2
128,-1,2 156,1,1 156,1,1 128,1,2 158,-1,4 130,1,2 130,1,2 48,1,1 48,1,1 130,1,2
130,1,2 210,-1,1 m] 129,1,1 129,1,1 m[ 48,1,1 130,1,1 130,1,1 160,1,4
214,1,2 158,1,1 158,1,1 214,-1,2 214,-1,2 158,1,1 158,1,1 214,1,2 160,-1,4 210,1,2
210,1,2 130,1,1 130,1,1 210,1,2 210,1,2 48,-1,1 m] 129,1,1 129,1,1 212,1,1
212,1,1 m[ 76,1,1 22,1,1 22,1,1 132,1,2 183,-1,2 128,1,1 128,1,1 183,1,2
183,1,2 128,1,1 128,1,1 183,-1,2 132,-1,2 184,1,2 184,1,2 22,1,1 22,1,1 184,1,2
184,1,2 76,-1,1 m] 212,1,1 212,1,1 m[ 212,1,1 212,1,1 104,1,4 156,1,2
106,1,1 106,1,1 156,-1,2 156,-1,2 106,1,1 106,1,1 156,1,2 104,-1,4 158,1,2 158,1,2
212,1,1 212,1,1 158,1,2 158,1,2 m] m[ 158,1,1 158,1,1 105,1,2 187,-1,2
104,1,1 104,1,1 187,1,2 187,1,2 104,1,1 104,1,1 187,-1,2 105,-1,2 185,1,2 185,1,2
158,1,1 158,1,1 185,1,2 185,1,2 m] 212,1,1 212,1,1 24,1,1 24,1,1 m[
185,1,1 212,1,1 212,1,1 104,1,4 156,1,2 106,1,1 106,1,1 156,-1,2 156,-1,2 106,1,1
106,1,1 156,1,2 104,-1,4 158,1,2 158,1,2 212,1,1 212,1,1 158,1,2 158,1,2 185,-1,1
m] 24,1,1 24,1,1 212,1,1 212,1,1 187,1,1 187,1,1 187,1,1 187,1,1 187,1,1
187,1,1 51,1,1 51,1,1 m[ 155,1,1 47,1,1 47,1,1 211,1,4 103,1,2 209,1,1
209,1,1 103,-1,2 103,-1,2 209,1,1 209,1,1 103,1,2 211,-1,4 101,1,2 101,1,2 47,1,1
47,1,1 101,1,2 101,1,2 155,-1,1 m] 51,1,1 51,1,1 187,1,1 187,1,1 m[
52,1,2 79,1,1 79,1,1 52,-1,2 79,1,1 79,1,1 209,-1,2 79,1,1 79,1,1 47,-1,2
79,1,1 79,1,1 47,1,2 209,1,2 m] 159,1,1 159,1,1 78,1,1 78,1,1 101,1,1
101,1,1 m[ 182,1,1 155,1,1 155,1,1 211,1,4 102,1,2 213,1,1 213,1,1 102,-1,2
102,-1,2 213,1,1 213,1,1 102,1,2 211,-1,4 101,1,2 101,1,2 155,1,1 155,1,1 101,1,2
101,1,2 182,-1,1 m] 101,1,1 101,1,1 159,1,1 159,1,1 78,1,1 78,1,1 m[
213,1,1 213,1,1 76,1,4 102,1,2 79,1,1 79,1,1 102,-1,2 102,-1,2 79,1,1 79,1,1
102,1,2 76,-1,4 104,1,2 104,1,2 213,1,1 213,1,1 104,1,2 104,1,2 m] 51,-1,1
183,-1,1 m[ 213,1,1 51,1,1 51,1,1 76,1,2 106,-1,2 75,1,1 75,1,1 106,1,2
106,1,2 75,1,1 75,1,1 106,-1,2 76,-1,2 104,1,2 104,1,2 51,1,1 51,1,1 104,1,2
104,1,2 213,-1,1 m] 51,1,1 183,1,1.
