MagicCube4D 3 2 1089 {4,3,3} 3
3.863558900161111E-16 4.4180792072655046E-16 3.999784638741158E-16 -1.0
0.0016996121799610006 0.8895686808770461 0.45679828515561466 5.763846208150922E-16
0.6272245943116681 -0.35672055949856163 0.6923436651848535 3.6165250337642034E-16
0.7788365808107636 0.28533840336292904 -0.5585656415832372 2.035586397561337E-16
*
157,-1,4 202,1,2 129,1,1 194,-1,1 143,1,4 0,1,4 167,1,4 114,-1,2 60,-1,4 197,1,1
173,-1,2 202,-1,1 187,1,2 103,1,2 27,-1,1 83,1,1 32,-1,2 60,1,2 166,1,4 203,1,2
37,-1,1 145,-1,4 40,-1,2 140,-1,4 129,1,2 200,1,2 175,1,2 25,1,4 157,-1,2 130,1,1
43,1,2 110,-1,4 17,1,2 110,1,4 169,-1,4 74,1,4 19,-1,1 186,1,2 105,-1,1 150,1,4
50,1,1 94,1,2 49,-1,1 209,1,4 169,1,2 137,1,4 m| 214,1,1 130,1,1 130,1,1
m[ 74,1,1 104,-1,1 48,1,1 48,1,1 104,-1,1 48,1,1 48,1,1 104,-1,1 74,-1,1
m] 75,-1,1 133,1,1 133,1,1 m[ 24,1,1 133,-1,1 182,1,1 182,1,1 133,-1,1
182,1,1 182,1,1 133,-1,1 24,-1,1 m] 102,1,1 103,1,1 103,1,1 79,1,1 79,1,1
m[ 23,1,1 79,-1,1 182,1,1 182,1,1 79,-1,1 182,1,1 182,1,1 79,-1,1 23,-1,1
m] 25,1,1 25,1,1 22,1,1 22,1,1 184,1,1 22,1,1 22,1,1 m[ 131,1,1
22,-1,1 50,1,1 50,1,1 22,-1,1 50,1,1 50,1,1 22,-1,1 131,-1,1 m] m[
101,1,1 77,-1,1 184,1,1 184,1,1 77,-1,1 184,1,1 184,1,1 77,-1,1 101,-1,1 m]
76,1,1 76,1,1 75,1,1 77,1,1 77,1,1 212,1,1 212,1,1 50,1,1 212,1,1 212,1,1
m[ 103,1,1 212,-1,1 184,1,1 184,1,1 212,-1,1 184,1,1 184,1,1 212,-1,1 103,-1,1
m] m[ 184,1,1 75,-1,1 25,1,1 25,1,1 75,-1,1 25,1,1 25,1,1 75,-1,1
184,-1,1 m] 132,1,1 132,1,1 78,1,1 78,1,1 m[ 184,1,1 156,-1,1 214,1,1
214,1,1 156,-1,1 214,1,1 214,1,1 156,-1,1 184,-1,1 m] 22,1,1 22,1,1 76,1,1
76,1,1 m[ 49,1,1 78,-1,1 209,1,1 209,1,1 78,-1,1 209,1,1 209,1,1 78,-1,1
49,-1,1 m] 133,1,1 133,1,1 160,1,1 160,1,1 132,1,1 132,1,1 214,1,1 132,1,1
132,1,1 m[ 51,1,1 132,-1,1 20,1,1 20,1,1 132,-1,1 20,1,1 20,1,1 132,-1,1
51,-1,1 m] 106,1,1 106,1,1 78,1,1 78,1,1 m[ 50,1,1 78,-1,1 20,1,1
20,1,1 78,-1,1 20,1,1 20,1,1 78,-1,1 50,-1,1 m] 130,1,1 130,1,1 132,1,1
132,1,1 214,1,1 214,1,1 m[ 20,-1,1 159,1,1 159,1,1 20,-1,1 159,1,1 159,1,1
20,-1,1 m] 76,1,1 76,1,1 211,1,1 211,1,1 m[ 20,-1,1 159,1,1 159,1,1
20,-1,1 159,1,1 159,1,1 20,-1,1 m] 77,1,1 77,1,1 212,1,1 212,1,1 m[
25,1,1 156,1,1 156,1,1 25,-1,1 156,1,1 156,1,1 25,-1,1 210,1,1 210,1,1 103,-1,1
48,1,1 48,1,1 103,1,1 103,1,1 25,-1,1 156,1,1 156,1,1 25,-1,1 156,1,1 156,1,1
25,-1,1 103,1,1 103,1,1 47,1,1 47,1,1 103,1,1 m] 102,1,1 102,1,1 209,1,1
209,1,1 101,1,1 101,1,1 130,1,1 130,1,1 m[ 24,-1,1 24,-1,1 48,1,1 103,-1,1
103,-1,1 186,-1,1 186,-1,1 24,-1,1 24,-1,1 48,1,1 24,-1,1 24,-1,1 186,-1,1 186,-1,1
103,-1,1 103,-1,1 48,-1,1 131,-1,1 131,-1,1 74,-1,1 48,-1,1 48,-1,1 74,1,1 m]
128,1,1 128,1,1 185,1,1 185,1,1 m[ 211,1,1 158,1,1 158,1,1 23,1,1 23,1,1
49,1,1 49,1,1 211,-1,1 49,1,1 49,1,1 23,1,1 23,1,1 158,1,1 158,1,1 211,-1,1
m] 49,1,1 49,1,1 21,1,2 106,1,1 106,1,1 160,1,1 160,1,1 74,1,1 74,1,1
m[ 52,1,1 106,1,2 214,1,1 214,1,1 106,-1,2 52,-1,1 m] m[ 78,1,1
132,-1,2 156,1,1 101,-1,1 77,1,2 77,1,2 101,1,1 156,-1,1 132,1,2 78,-1,1 m]
156,1,1 156,1,1 209,1,1 209,1,1 50,1,1 50,1,1 48,1,1 48,1,1 103,1,1 103,1,1
102,1,1 102,1,1 25,1,1 25,1,1 209,1,1 209,1,1 m[ 78,1,1 132,1,2 186,1,1
186,1,1 132,-1,2 78,-1,1 m] 133,1,1 133,1,1 155,1,1 155,1,1 m[ 101,1,1
47,1,2 23,1,1 23,1,1 47,-1,2 101,-1,1 m] 79,1,1 79,1,1 133,1,1 133,1,1
m[ 131,1,1 213,-1,2 103,-1,1 75,1,4 47,-1,2 77,1,1 77,1,1 47,1,2 75,-1,4
103,1,1 213,1,2 160,1,4 214,-1,2 158,1,1 158,1,1 214,1,2 160,-1,4 131,1,1 m]
105,1,1 105,1,1 159,1,1 159,1,1 m[ 129,1,1 209,1,2 49,1,1 49,1,1 209,-1,2
129,-1,1 m] m[ 20,1,1 129,-1,2 214,-1,1 183,1,4 76,-1,2 182,1,1 182,1,1
76,1,2 183,-1,4 214,1,1 129,1,2 50,1,4 131,-1,2 47,1,1 47,1,1 131,1,2 50,-1,4
20,1,1 m] 160,1,1 160,1,1 129,1,1 129,1,1 103,1,1 103,1,1 m[ 209,1,1
75,1,2 47,1,1 47,1,1 75,-1,2 209,-1,1 m] m[ 25,1,1 78,-1,2 209,-1,1
50,1,4 131,-1,2 47,1,1 47,1,1 131,1,2 50,-1,4 209,1,1 78,1,2 183,1,4 76,-1,2
182,1,1 182,1,1 76,1,2 183,-1,4 25,1,1 m] 132,1,1 132,1,1 m[ 25,1,1
50,1,4 131,-1,2 47,1,1 47,1,1 131,1,2 50,-1,4 25,-1,1 m] m[ 25,1,1
132,1,2 47,1,2 47,1,2 132,-1,2 25,-1,1 m] 132,1,1 132,1,1 m[ 159,1,1
25,1,2 51,1,2 51,1,2 25,-1,2 159,-1,1 m] 78,1,1 78,1,1 m[ 132,1,1
25,1,2 50,1,2 50,1,2 25,-1,2 132,-1,1 m] 49,1,1 49,1,1 211,1,1 211,1,1
101,1,1 101,1,1 m[ 159,1,1 105,1,2 183,1,1 183,1,1 105,-1,2 159,-1,1 m]
209,1,1 209,1,1 m[ 21,1,1 103,-1,2 213,-1,1 156,1,4 50,-1,2 155,1,1 155,1,1
50,1,2 156,-1,4 213,1,1 103,1,2 76,1,4 105,-1,2 74,1,1 74,1,1 105,1,2 76,-1,4
21,1,1 m] 48,1,1 48,1,1 106,1,1 106,1,1 103,1,2 103,1,2 m[ 48,1,1
103,1,2 78,1,1 78,1,1 103,-1,2 48,-1,1 m] m[ 21,1,1 130,-1,2 213,-1,1
159,1,4 184,-1,2 155,1,1 155,1,1 184,1,2 159,-1,4 213,1,1 130,1,2 77,1,4 129,-1,2
74,1,1 74,1,1 129,1,2 77,-1,4 21,1,1 m] m[ 186,1,1 131,-1,2 48,-1,1
74,1,4 22,-1,2 78,1,1 78,1,1 22,1,2 74,-1,4 48,1,1 131,1,2 158,1,4 133,-1,2
159,1,1 159,1,1 133,1,2 158,-1,4 186,1,1 m] 101,1,1 101,1,1 m[ 131,1,1
51,-1,2 103,-1,1 74,1,4 25,-1,2 77,1,1 77,1,1 25,1,2 74,-1,4 103,1,1 51,1,2
156,1,4 52,-1,2 158,1,1 158,1,1 52,1,2 156,-1,4 131,1,1 m] 103,1,1 103,1,1
187,1,1 187,1,1 50,1,1 50,1,1 m[ 213,1,1 51,1,2 155,1,1 155,1,1 51,-1,2
213,-1,1 m] 160,1,1 160,1,1 128,1,1 128,1,1 m[ 74,1,1 182,1,2 210,1,2
210,1,2 182,-1,2 74,-1,1 m] 76,1,1 76,1,1 101,1,1 101,1,1 183,1,1 183,1,1
m[ 101,1,1 74,1,2 23,1,1 23,1,1 74,-1,2 101,-1,1 m] 128,1,1 128,1,1
214,1,1 214,1,1 105,1,1 105,1,1 52,1,1 52,1,1 74,1,1 74,1,1 m[ 182,1,1
128,1,2 20,1,1 20,1,1 128,-1,2 182,-1,1 m] 131,1,1 131,1,1 103,1,1 103,1,1
m[ 51,1,1 131,1,2 75,1,2 75,1,2 131,-1,2 51,-1,1 m] m[ 51,1,1
213,-1,2 183,-1,1 22,-1,1 52,1,2 52,1,2 22,1,1 183,1,1 213,1,2 51,-1,1 m]
51,1,1 51,1,1 m[ 131,1,1 79,1,2 209,-1,2 77,1,1 77,1,1 209,1,2 79,-1,2
131,-1,1 m] 74,1,1 74,1,1 49,1,1 49,1,1 76,1,1 76,1,1 212,1,1 212,1,1
m[ 49,1,1 76,1,2 105,1,1 105,1,1 76,-1,2 49,-1,1 m] 210,1,1 210,1,1
186,1,1 186,1,1 210,1,1 210,1,1 104,1,1 104,1,1 m[ 210,1,1 130,1,2 160,1,2
160,1,2 130,-1,2 210,-1,1 m] 77,1,1 77,1,1 m[ 23,1,1 103,1,2 75,-1,2
101,1,1 101,1,1 75,1,2 103,-1,2 23,-1,1 m] 48,1,1 48,1,1 m[ 185,1,1
77,-1,2 49,-1,1 101,1,4 24,-1,2 105,1,1 105,1,1 24,1,2 101,-1,4 49,1,1 77,1,2
130,1,4 79,-1,2 132,1,1 132,1,1 79,1,2 130,-1,4 185,1,1 m] 209,1,1 209,1,1
158,1,1 158,1,1 m[ 76,1,1 129,1,4 52,-1,2 130,1,1 130,1,1 52,1,2 129,-1,4
76,-1,1 m] 76,1,1 76,1,1 m[ 184,1,1 128,1,2 21,-1,2 132,1,1 132,1,1
21,1,2 128,-1,2 184,-1,1 m] 47,1,1 47,1,1 101,1,1 101,1,1 160,1,1 160,1,1
m[ 47,1,1 101,1,2 209,1,2 209,1,2 101,-1,2 47,-1,1 m] 101,1,1 101,1,1
157,1,1 157,1,1 48,1,2 48,1,2 m[ 74,1,1 128,-1,2 160,1,1 209,1,4 50,1,2
210,1,1 210,1,1 50,-1,2 209,-1,4 160,-1,1 128,1,2 212,-1,1 129,1,2 210,1,4 210,1,4
129,-1,2 212,1,1 74,1,1 m] 47,1,1 47,1,1 m[ 74,1,1 212,1,4 129,-1,2
210,1,1 210,1,1 129,1,2 212,-1,4 74,-1,1 m] m[ 47,1,1 74,-1,2 187,1,1
158,-1,1 48,1,2 48,1,2 158,1,1 187,-1,1 74,1,2 47,-1,1 m] 128,1,1 128,1,1
m[ 47,1,1 210,1,2 77,-1,2 209,1,1 209,1,1 77,1,2 210,-1,2 47,-1,1 m]
23,1,1 23,1,1 m[ 50,1,1 23,-1,2 184,1,1 210,-1,1 47,1,2 47,1,2 210,1,1
184,-1,1 23,1,2 50,-1,1 m] m[ 158,1,1 101,1,2 20,-1,2 104,1,1 104,1,1
20,1,2 101,-1,2 158,-1,1 m] 50,1,2 50,1,2 156,1,1 156,1,1 103,1,1 103,1,1
213,1,1 213,1,1 131,1,1 131,1,1 m[ 21,1,1 21,1,1 103,1,2 103,1,2 21,1,1
21,1,1 103,1,2 103,1,2 m] m[ 49,1,1 49,1,1 211,1,2 211,1,2 49,1,1
49,1,1 211,1,2 211,1,2 m] m[ 157,1,1 157,1,1 49,1,1 49,1,1 157,1,1
157,1,1 49,1,1 49,1,1 157,1,1 157,1,1 49,1,1 49,1,1 m] m[ 212,1,1
212,1,1 104,1,4 156,1,2 106,1,1 106,1,1 156,-1,2 156,-1,2 106,1,1 106,1,1 156,1,2
104,-1,4 158,1,2 158,1,2 212,1,1 212,1,1 158,1,2 158,1,2 m] m[ 78,1,1
78,1,1 214,1,1 214,1,1 78,1,1 78,1,1 214,1,1 214,1,1 78,1,1 78,1,1 214,1,1
214,1,1 m] m[ 102,1,1 102,1,1 186,1,4 155,1,2 184,1,1 184,1,1 155,-1,2
155,-1,2 184,1,1 184,1,1 155,1,2 186,-1,4 156,1,2 156,1,2 102,1,1 102,1,1 156,1,2
156,1,2 m] 75,1,1 75,1,1 159,1,1 159,1,1 m[ 129,1,1 75,1,1 75,1,1
187,1,2 212,-1,2 183,1,1 183,1,1 212,1,2 212,1,2 183,1,1 183,1,1 212,-1,2 187,-1,2
209,1,2 209,1,2 75,1,1 75,1,1 209,1,2 209,1,2 129,-1,1 m] 75,1,1 75,1,1
159,1,1 159,1,1 m[ 20,1,2 159,1,1 159,1,1 20,-1,2 159,1,1 159,1,1 182,1,4
159,1,1 159,1,1 20,1,2 159,1,1 159,1,1 20,-1,2 182,-1,4 m] 155,1,1 155,1,1
m[ 156,1,1 156,1,1 184,1,4 106,1,2 186,1,1 186,1,1 106,-1,2 106,-1,2 186,1,1
186,1,1 106,1,2 184,-1,4 102,1,2 102,1,2 156,1,1 156,1,1 102,1,2 102,1,2 m]
155,1,1 155,1,1 m[ 157,1,1 157,1,1 132,1,4 187,1,2 131,1,1 131,1,1 187,-1,2
187,-1,2 131,1,1 131,1,1 187,1,2 132,-1,4 184,1,2 184,1,2 157,1,1 157,1,1 184,1,2
184,1,2 m] m[ 160,1,1 160,1,1 133,1,1 133,1,1 160,1,1 160,1,1 133,1,1
133,1,1 160,1,1 160,1,1 133,1,1 133,1,1 m] m[ 187,1,2 155,1,1 155,1,1
187,-1,2 155,1,1 155,1,1 25,1,4 155,1,1 155,1,1 187,1,2 155,1,1 155,1,1 187,-1,2
25,-1,4 m] m[ 52,1,1 52,1,1 22,1,4 104,1,2 20,1,1 20,1,1 104,-1,2
104,-1,2 20,1,1 20,1,1 104,1,2 22,-1,4 106,1,2 106,1,2 52,1,1 52,1,1 106,1,2
106,1,2 m] m[ 130,1,1 48,-1,2 21,1,1 130,1,1 130,1,1 156,1,4 52,1,2
158,1,1 158,1,1 52,-1,2 52,-1,2 158,1,1 158,1,1 52,1,2 156,-1,4 48,1,2 48,1,2
130,1,1 130,1,1 48,1,2 48,1,2 21,-1,1 48,1,2 130,-1,1 m] m[ 183,1,1
130,-1,2 21,1,1 183,1,1 183,1,1 158,1,2 128,-1,2 159,1,1 159,1,1 128,1,2 128,1,2
159,1,1 159,1,1 101,1,2 158,-1,2 130,1,2 130,1,2 183,1,1 183,1,1 130,1,2 130,1,2
21,-1,1 130,1,2 183,-1,1 m] m[ 213,1,2 131,1,1 131,1,1 213,-1,2 131,1,1
131,1,1 160,-1,2 131,1,1 131,1,1 210,-1,2 131,1,1 131,1,1 210,1,2 160,1,2 m]
51,1,1 51,1,1 186,1,1 186,1,1 49,1,1 185,-1,1 m[ 157,1,1 49,1,1 49,1,1
133,1,4 210,1,2 129,1,1 129,1,1 210,-1,2 210,-1,2 129,1,1 129,1,1 210,1,2 133,-1,4
211,1,2 211,1,2 49,1,1 49,1,1 211,1,2 211,1,2 157,-1,1 m] 185,-1,1 49,1,1
52,1,2 52,1,2 m[ 22,1,1 22,1,1 131,1,4 156,1,2 128,1,1 128,1,1 156,-1,2
156,-1,2 128,1,1 128,1,1 156,1,2 131,-1,4 157,1,2 157,1,2 22,1,1 22,1,1 157,1,2
157,1,2 m].
