Concurrent Processes: 4
Search Array Gen Depth: 10
Search Time Limit: 30
Stop Length: 20

Files Loaded:
Dist1_09F.dat
Dist2_09F.dat
Dist3_10F.dat
DistP2_08F.dat

Init Time: 0.83

U' L2 B2 R2 D' R L' B D' F' D2 F2 L2 D F R2 L2 D2 L2 D2 [15+5] (20f) 0.19
U' D2 F2 D R L2 U' F L2 D F U2 F U' F2 R' L' B2 R' L [14+6] (20f) 0.06
F L' B' U2 F L B2 L' U R U' D L F' R B2 R2 U2 F2 B2 [15+5] (20f) 0.20
U L' D2 B' D2 B' R2 D2 L D B L2 D' L D' R2 U2 B2 R2 U2 [15+5] (20f) 0.15
F2 D R2 F2 R L U' B' R2 B U F' R F2 R' L F2 R' L' F2 [13+7] (20f) 0.04
R U' L' D F2 R U2 B' U D2 F D' R2 B2 R' U2 L2 F2 R2 D2 [15+5] (20f) 0.08
L2 D F B2 U' F' L2 B R' B2 R U D' F' L2 B2 R2 D2 L2 D2 [14+6] (20f) 0.04
F' B' D' R' L' F' L D F D2 L' B' U F2 R2 U2 L2 D2 R2 [13+6] (19f) 0.06
L U2 F' R U B R D F U D' F2 U D2 F' B L2 F' B' D2 [13+7] (20f) 0.01
R U2 R' D' R' F2 L' U' L2 B L2 F R2 D2 L2 B2 D2 F2 U2 [12+7] (19f) 0.02
R D' B U R2 B' L D' R B D2 B' D F R2 U2 L2 U2 L2 [14+5] (19f) 0.05
D2 L F2 R2 L' U' R L F B2 U B R2 U B R2 U2 R2 D2 R2 [15+5] (20f) 0.18
L' F R F2 R F R2 D2 R2 L F D' L B' R2 D2 F' B' R2 [14+7] (19f) 0.03
L' F L2 D2 R' D L2 U2 F' R2 L B U2 L' F2 R2 F2 B2 R2 D2 [14+6] (20f) 0.03
L' D R F2 D F L' D F D' F' R D2 R2 L2 B2 R2 U2 D2 F2 [12+8] (20f) 0.05
B2 R F L U' L2 F' U' F R2 D2 L2 F D L' U2 F2 B2 [15+3] (18f) 0.12
R B2 U F' L2 F' L2 U D' F2 L2 B' L D F2 R2 D2 F2 D2 B2 [14+6] (20f) 0.08
R B D2 F2 R L B2 D L' D' F' L' B2 D' B' U2 L2 F2 R2 D2 [15+5] (20f) 0.09
L2 U2 R F2 R2 D' R' F' U' L U D2 R2 B' R F' R2 D2 F2 D2 [16+4] (20f) 0.46
L' U2 D R' U' B D' R2 U2 L' B' R' L' B' R2 U2 D2 R2 U2 F2 [14+6] (20f) 0.03
F D B2 L F2 B L2 U' R' B2 U R D' L2 U R2 F2 L2 B2 D2 [15+5] (20f) 0.34
U2 F' D2 F' U B U D2 F R' U B' L' F' R' L2 F2 R2 U2 R2 [15+5] (20f) 0.16
F2 R' D' F' L2 D' R' F' U R2 D2 F' D2 L F' U2 D2 L2 U2 D2 [15+5] (20f) 0.07
L2 U R' L' D2 B2 R F' U' L' B2 U2 B' U' R D2 F2 D2 R2 F2 [15+5] (20f) 0.02
U' D' B L F L2 U2 R U' D' F U' F' L' F2 D2 R2 U2 F2 U2 [14+6] (20f) 0.04
U' L D F' R B' L' U L2 D' L2 F2 D' F' D' F2 U2 R2 D2 L2 [15+5] (20f) 0.07
L D2 L U F' R' B R2 B' U2 D2 B L B' R2 F B' R2 F' B' [14+6] (20f) 0.04
F R' F2 R2 U' F' D2 L2 F L' D B L R2 F2 D2 R2 F2 D2 F2 [13+7] (20f) 0.01
B' U2 L B D F L' D2 F L2 F2 B2 L' F' U2 D2 F2 D2 F2 B2 [14+6] (20f) 0.13
D2 L2 B L' F' B' L2 B2 U' R U L U' R' B F' B R2 F' B' [15+5] (20f) 0.23
U' D2 R' D' B' L2 U' F R' D R D F2 R' B' U D B2 U D' [15+5] (20f) 0.04
F' R' D' L2 B D' R' B' R2 D R2 L2 D B' U2 D R2 U D B2 [15+6] (20f) 0.10
R2 D' L' B D' B' R' B2 U2 D' F B' L U' D2 B2 R2 F2 R2 U2 [14+6] (20f) 0.06
U' L F' U2 R L B R' D' L U B2 R' F R2 F2 R2 L2 U2 D2 [14+6] (20f) 0.01
R U' D2 F' D F' D R' D' B' U' B2 R2 L F D2 B2 L2 U2 R2 [15+5] (20f) 0.10
L D' B D L U' R' B2 L F' U' R' D F B2 U2 D2 L2 F2 D2 [14+6] (20f) 0.06
L' B' D F2 R2 D2 L B' D F' D' R' D2 B U D2 B2 U2 F2 [15+4] (19f) 0.13
L2 D2 B2 D2 L2 D L F L2 F2 L2 U B' R' L' B' D2 B2 U2 L2 [16+4] (20f) 0.45
L2 U2 L D2 F' R F' U2 B U F2 B U R F' [15+0] (15f) 0.08
U' L F2 L' B L2 D' F2 D' L' U' R' F' R' D F B R2 F B' [15+5] (20f) 0.12
F2 R2 B2 U R' U B U2 D' R2 U' B R2 F B' D2 R2 F' B L2 [12+8] (20f) 0.06
F' U F2 R2 D B' R2 B L' F' D F R L' B F' B' D2 F B' [15+5] (20f) 0.14
R' L' U L' B D' F R D F2 D' F' L U' L2 U2 F2 B2 U2 [14+5] (19f) 0.03
U2 F U2 B R' F2 B D R' F D2 B' F2 R L' F2 B2 D2 R' [13+8] (19f) 0.03
F2 R U' F' L B2 U2 B L U B L2 F2 U' F' R L F2 R' L' [15+5] (20f) 0.09
R D2 L' F2 B2 R2 D' R L' F' L' B2 D' R2 B R2 B2 R2 U2 [15+4] (19f) 0.06
U2 B R2 B' L D R' U' F' R' D2 F' B L' B' R2 U2 B2 R2 L2 [15+5] (20f) 0.20
R' U R2 F D2 L' F2 R2 B R U D2 R D B2 R2 F2 U2 B2 [14+5] (19f) 0.06
L' F' D' L D B2 R F2 L' D R2 B U2 D2 L2 B2 U2 F2 D2 [12+7] (19f) 0.02
F R D2 B D L2 B' L U D2 F' L2 F R D2 F2 D2 L2 D2 B2 [14+6] (20f) 0.06
R2 D' R2 L U' D2 L' D2 R D' R B' U R2 L2 U2 L2 U2 B2 L2 [13+7] (20f) 0.00
R L D' F' U B R' L' B' R U2 F D' R U2 R2 U2 R2 F2 L2 [14+6] (20f) 0.01
U2 D' L F2 L' U R2 F' B2 D2 B U' F' D F2 L2 B2 D2 [14+4] (18f) 0.03
R F' L D B2 U' F2 L B' U B D L2 U2 R2 L2 F2 R2 F2 D2 [12+8] (20f) 0.02
R D L F R B2 U' R2 U' R F2 R U' F D' B2 D2 L2 F2 D2 [15+5] (20f) 0.06
D R' F2 R' D B' U' R F' D R L' U' F U' D2 L2 F2 U2 L2 [15+5] (20f) 0.11
D B2 R2 F R B2 R F2 U R' F2 D' B R B2 R2 L2 D2 B2 R2 [14+6] (20f) 0.05
R2 D' L F2 B R F' D B R2 B U2 R' B F2 D2 B2 U2 L2 F2 [14+6] (20f) 0.08
D' F2 L2 D B' L' F L2 D2 B L' U R F2 U2 F2 L2 F2 B2 [13+6] (19f) 0.06
B L2 U2 F' R D' F B2 D R' F' B' R L D2 R L U2 B2 D2 [12+8] (20f) 0.00
L' F2 D F2 U' B' L2 U D2 B' D' R F U2 F B' D2 F B L2 [13+7] (20f) 0.02
L' D' B2 R2 D2 L' B' R2 F' R' L2 D' L' U' B U2 B2 U2 R2 [15+4] (19f) 0.08
U2 D2 B' D' R' F R' L2 D' L' B U R F' L' D2 B2 U2 L2 B2 [15+5] (20f) 0.16
U' B2 R B' U' B2 R2 D2 R F L B U B R2 L2 F2 R2 D2 B2 [14+6] (20f) 0.09
F2 L2 F' R' B' L' D' F' U' F' R D R D' L U2 R2 B2 U2 R2 [15+5] (20f) 0.03
B' D' B' D' L D F' D' F2 R F' L D L' U2 R2 L2 B2 [14+4] (18f) 0.06
B2 L' F' U F B D2 L' F' B D' F2 B D' F2 D2 R2 U2 B2 R2 [14+6] (20f) 0.10
F U' B D2 F2 D2 L D2 F2 L B D B L2 B2 R2 B2 U2 R2 U2 [13+7] (20f) 0.07
F' L U F2 L F L2 D2 R2 D B U D B2 U2 B2 D2 R2 D2 R2 [13+7] (20f) 0.02
F R' U2 D R F2 D R' L2 U2 B L' B D2 B2 R2 D2 R2 D2 L2 [13+7] (20f) 0.05
L D2 L B U' F' L2 U' R B L F R2 L D' F2 U2 L2 B2 D2 [15+5] (20f) 0.22
R L2 U2 B2 D2 B2 R' F U' L' U2 F2 L' D' B' R2 F2 U2 B2 U2 [15+5] (20f) 0.08
D2 L F R F B2 D2 R' B L U D F' L' U2 F2 R2 B2 R2 [14+5] (19f) 0.06
R2 D' F B U' B2 L' U2 D2 B D' B' U' L U2 R2 U2 L2 B2 [14+5] (19f) 0.05
U2 F U F2 D2 R' U2 R' L' F' R2 F R' B2 D R2 B2 U2 B2 D2 [15+5] (20f) 0.25
R2 B' L2 D F2 B' L2 B2 R' B' D' R F B R L2 U2 F2 B2 D2 [15+5] (20f) 0.21
L' F U2 R' U' L' F2 U F2 L' U' D B2 L B R2 U2 D2 F2 [15+4] (19f) 0.14
D' F L U2 F' D2 F U' F L2 F B' R' D U2 F2 D2 B2 D2 F2 [14+6] (20f) 0.06
D' L' U' R2 L' D' F2 R2 U' L' B' R2 F' B R2 U2 B2 L2 U2 F2 [14+6] (20f) 0.07
U' L F2 L F U R' B' R' B' D2 R' D R F2 R2 L2 D2 B2 L2 [14+6] (20f) 0.01
R F' R' F B' U F U B2 U' F2 L2 F2 L' B U D2 F2 L2 [16+3] (19f) 0.73
B2 D2 F2 B2 R2 L' B2 L2 U2 L F' L U' D2 F' B' R2 U2 F B' [13+7] (20f) 0.05
R L' F2 L' F D2 F2 R F' U F2 D L' F B U2 R2 B2 U2 F2 [15+5] (20f) 0.08
R F U B D2 F D L2 F D R' B' D' L' B2 D2 F2 B2 L2 [14+5] (19f) 0.01
R L2 D2 L U L D' F' D2 B2 R L' B' L U R2 F2 B2 L2 D' [14+6] (20f) 0.00
U' D F R' F B R2 F R U L2 B R B' F2 D2 F2 U2 L2 D2 [14+6] (20f) 0.06
R2 D L2 F' U' D' F' L' F B2 L U2 L2 D B2 U2 F2 L2 B2 R2 [14+6] (20f) 0.07
B R U2 D2 R' F U' F' U2 D' R2 B' R' B D2 R2 U2 F2 D2 F2 [14+6] (20f) 0.03
F B D L F2 U F' U R2 U2 D F' R2 U' L' U2 D2 R2 D2 B2 [15+5] (20f) 0.27
D2 L B2 L' D F D' L' U' L' F L R2 U2 R2 F2 R2 F2 D2 [12+7] (19f) 0.01
B2 D B U L U2 R2 B U' B2 R2 F' U D' R L' D2 B2 R L' [14+6] (20f) 0.05
D F' U' R B' U2 R' B' R' B' D B' L' F B D2 F' B' L2 D2 [13+7] (20f) 0.03
L' U R U2 B' L U D2 R U2 F' R' B2 D R' F2 L2 D2 B2 U2 [15+5] (20f) 0.07
L' D' F2 B' L' U F2 R' F2 U2 R F' U' B L2 D2 B2 L2 F2 B2 [14+6] (20f) 0.01
B D' F2 B' U2 D R2 L' F2 R' U F D R' B2 U2 R2 F2 D2 L2 [14+6] (20f) 0.08
F2 R' U R' U2 R B2 D' R2 F D2 R F' R F2 D2 F2 L2 [14+4] (18f) 0.04
F2 L F R F' R2 B' U2 B' L' U' L' B2 U' L2 D2 L2 F2 B2 D2 [14+6] (20f) 0.02
R' B' U R' D2 L' U F D2 B U B2 L U2 B' U2 R2 L2 F2 R2 [15+5] (20f) 0.13
U' B2 D2 R F' R U' D' B U2 F2 B R U2 B F2 L2 D2 B2 U2 [15+5] (20f) 0.18
U B D' L B D2 F2 D F R D' B D B U2 R2 L2 D2 B2 R2 [14+6] (20f) 0.07
R' D' R' D2 F B R' L2 U' L2 B R L' B2 R' L2 F2 U2 F2 U2 [15+5] (20f) 0.19
B2 L' U B2 L2 F' U R' L2 F R' U B' D' F R2 D2 L2 B2 U2 [15+5] (20f) 0.16
R F' D L F U2 F R' U L' F2 U2 B' R B' D2 B2 R2 B2 L2 [15+5] (20f) 0.13
R L2 F2 D L2 U2 L' U2 L F' U F' L' U' D2 F2 L2 B2 R2 B2 [14+6] (20f) 0.03
D' L2 B R2 F B2 U R' U' B2 R2 U' L F2 D U' D' B2 U' D' [15+5] (20f) 0.14
B' L B2 U R F U B R' D F U' R D' L2 F2 R2 U2 L2 U2 [14+6] (20f) 0.02
R' U' D2 B2 U L F2 D2 L' D2 F' U' D F2 R2 L2 B2 U' [12+6] (18f) 0.04
U B2 U R' U2 R F2 U' B R L B2 L B R2 B2 U2 R2 [14+4] (18f) 0.03
B L2 B2 L B' D R D2 L' D R F U2 R2 F2 U2 B2 R2 B2 D2 [12+8] (20f) 0.08
L2 D' L2 D F' U2 F' L B' R B' L U D L2 D2 R2 D2 F2 U2 [14+6] (20f) 0.03
L2 F' U2 F2 R U2 F' R U' D2 L F2 B2 D' B' L2 F2 L2 U2 [15+4] (19f) 0.11
L U2 F2 R2 L D R D L U F' U2 B' L D F2 L2 U2 B2 R2 [15+5] (20f) 0.13
R D B' D' F L' U F D2 R' D' B2 R' F' U' F2 R2 F2 L2 [15+4] (19f) 0.07
F2 D R2 U B2 R' F L2 D F B2 R2 D2 L' D2 R2 F2 U2 F2 D2 [14+6] (20f) 0.06
D L2 U2 R2 L B' D' B2 U' R D' F' D R2 U' R2 F2 R2 L2 F2 [15+5] (20f) 0.21
U' R L2 U2 B R F2 D' L' F2 D2 F' U D' F2 R2 L2 U2 L2 D2 [14+6] (20f) 0.02
R U D R2 F' L F R2 F' B D F' L' D2 F2 R2 D2 B2 L2 D2 [13+7] (20f) 0.04
R' B' L' F' D2 B D' F2 D2 F L U D2 R U' D B2 R2 U D' [14+6] (20f) 0.04
R' L' U F2 D' R D F' R2 L F2 B L' D' F' U2 R2 L2 B2 L2 [15+5] (20f) 0.19
L2 D' R' U2 F2 U2 F2 D B R2 F2 R' F2 B U B2 D2 R2 [15+3] (18f) 0.06
L2 B' L2 U L2 F2 U F2 R B L' F B L F' U2 F2 L2 D2 B2 [15+5] (20f) 0.11
R' B R D L2 B U' B D F R B R' U F2 U2 L2 U2 R2 D2 [14+6] (20f) 0.08
F2 R B' R2 F2 L2 D2 F' L D' R' L2 D F B R2 F' B' D2 B2 [13+7] (20f) 0.03
R2 L2 F2 D' L2 D L' B' U' D' F' R U2 F B' D2 F B R2 B2 [12+8] (20f) 0.07
F L D' L F' D R2 L' U D B' U' L' U R2 B2 R2 B2 L2 U2 [14+6] (20f) 0.06
L B2 L U' F' B L' B R' F2 R D B F2 L2 B2 U2 B2 U2 R2 [13+7] (20f) 0.05
U2 R2 B' U' L2 D' R F2 D' B' U F L' F' D R2 U2 R2 L2 [15+4] (19f) 0.19
R B R2 F U' D' L U D2 R' L B' R2 L2 B' R2 B2 R2 U2 [15+4] (19f) 0.10
D2 R B D' F L U D L' F U2 F2 R' U' F' B' R2 D2 F' B [14+6] (20f) 0.04
F' R2 B U B R' D2 F D2 F R B2 L D2 R2 F' B' L2 F' B' [13+7] (20f) 0.01
B' U D' F B L B R' U' R2 F L D' F' U2 L2 B2 L2 U2 [14+5] (19f) 0.05
L2 D F B' L F' R' L2 U' R' D2 R2 L' D2 F D2 R2 F2 [15+3] (18f) 0.07
F U' B' R' D F' L F D2 R' B2 R' D B' R' U2 D2 F2 D2 [15+4] (19f) 0.34
U D2 R' D2 R2 U' D L' F B' U' R D L2 B2 R2 L2 D2 B2 D2 [13+7] (20f) 0.01
R2 L U' F L2 D' L F' R' D2 B2 U F2 R F2 U2 B2 R2 B2 D2 [14+6] (20f) 0.09
D L F L U2 B' D' L2 D2 B' R2 F' D F2 L' U' D' R2 U D [15+5] (20f) 0.20
D F' R2 D B2 R F2 L2 B' L' B L' B' U2 R' B2 D2 L2 D2 [15+4] (19f) 0.21
D2 R' U2 L2 F' U2 L2 D2 L' D R2 B D F2 L2 B2 L2 B2 D2 B2 [13+7] (20f) 0.01
L' D' L F2 U D2 L' F2 B2 U B2 U2 R2 F L2 F2 R2 L2 U2 D2 [14+6] (20f) 0.07
D2 R U' F' B U' R' F U F2 R2 D2 R L2 D2 B2 R2 F2 R2 [13+6] (19f) 0.06
L2 F' B2 R2 L' F L2 F' D' F B' D2 B2 L U' L2 D2 L2 D2 [15+4] (19f) 0.09
D B' U' R2 F U' F' U2 B2 R2 U2 F L B' L2 U2 L2 F2 U2 F2 [14+6] (20f) 0.04
D R' D R2 D R L' F' B2 L2 D' B L' U2 F2 L2 D2 L2 B2 D2 [13+7] (20f) 0.05
F' U L D F D B D R2 D' F R L' U F L B2 D2 L2 B2 [16+4] (20f) 1.00
U' F2 D' B' D F D2 F U2 D B' R2 L U D R2 D2 R2 L2 [15+4] (19f) 0.19
F' B' L' U2 L' U L2 D' R' D2 L D2 B D F' L2 F2 U2 F2 B2 [15+5] (20f) 0.16
U2 R' D' B' L D L2 U D' L' U' R2 U' R' B2 D2 R2 F2 B2 U2 [14+6] (20f) 0.06
D2 B2 U2 F2 D2 R' F B U B' R' F2 B2 D L2 U2 B2 U2 [14+4] (18f) 0.04
F2 U' R' B D L' F2 R2 D' R' B' R F B' U2 R2 F' B' [12+6] (18f) 0.06
U D2 L' D' B L' U' D' R F2 D2 R' U' B L U2 F2 B2 D2 R' [14+6] (20f) 0.05
R' B R' L' U' R D2 R B R' B D' L2 U R2 L F2 R L' [15+5] (19f) 0.22
L U B2 U2 D' B2 L U B2 D F B2 D R' U2 B2 L2 U2 F2 U2 [14+6] (20f) 0.03
L B2 L F R' B' R2 U' B' U2 B' D F L U2 L2 D2 F2 [14+4] (18f) 0.04
D2 R F U' R F2 L' U2 B2 R F D' L' F2 R F2 R2 D2 R2 [15+4] (19f) 0.14
F' U D R B' U F' L' D' F2 U2 F' R' D' L2 D2 F2 B2 R2 F2 [14+6] (20f) 0.05
U' L D R2 B2 U' F U2 R2 F' L F2 R2 F' R' L' U2 F2 R L [14+6] (20f) 0.06
L2 F D' F L2 U2 F D L2 F' B2 D' B R D L2 B2 L2 U2 R2 [15+5] (20f) 0.10
R F' R' L F2 U' F2 R U B2 R' L2 U2 B' R' F2 U2 L2 D2 F2 [15+5] (20f) 0.09
D' L2 U2 D R2 L F' R2 U2 B2 D' F R L' B2 R2 B2 D2 B2 D2 [14+6] (20f) 0.05
B U L D2 B R' B U2 F B2 U D2 R D' L R2 F2 R2 B2 [15+4] (19f) 0.11
F' D R B2 L U2 F2 L D' F2 B' L' B' R2 F2 R2 D2 F B [13+8] (19f) 0.05
B' U D' R2 F2 B' R' U2 F L' B U F' D' F2 R2 L2 U2 B2 [14+5] (19f) 0.07
D' F D' R' D2 R' L' D' B R B D2 L2 F' L2 D2 B2 U2 [14+4] (18f) 0.06
R L' U R2 U' L2 F' L F' D' R F' U' B2 R' L2 B2 U2 L2 U2 [15+5] (20f) 0.07
B L' B' U' L' U' D' R U2 L D B2 L D2 F2 B2 R2 B2 U2 [13+6] (19f) 0.01
U F U' L B L2 U B' L2 B' R' D U D' R2 U D L2 D2 L2 [12+8] (20f) 0.06
F2 B' R' L2 F2 D' B' R' L F R2 U2 D F2 U' R' B2 L2 F2 U2 [16+4] (20f) 0.67
D2 F R L U' B' D' R' L2 D2 R L' B' D' R2 U2 D2 F2 R2 F2 [14+6] (20f) 0.02
F R' B' U2 L' U2 F' L' F D L' U B' L R2 L2 U2 R2 L2 D2 [14+6] (20f) 0.04
D R' D' R2 F R' L' B R' U L' D L F2 R2 D2 [13+3] (16f) 0.00
U2 F2 D2 R' U2 B L' F' B' U F' B2 U R2 D2 L2 F2 U2 B2 [13+6] (19f) 0.00
F2 L' B L' F B' R U2 D F R2 U' F D B2 U2 D2 R2 B2 [14+5] (19f) 0.06
L F2 B R L2 F2 R' U B' D B' U' D' L' U R2 D2 F2 R2 F2 [15+5] (20f) 0.39
U R' U' D2 L F D' R2 F2 R' U' F B' L F2 U2 D2 R2 F2 D2 [14+6] (20f) 0.02
R' D' R2 B2 L' U L2 U2 R D' F' B U B' R2 F2 U2 R2 [14+4] (18f) 0.06
U2 L' B' D2 F R2 B' R2 L F2 L' D' R L B U2 F2 U2 B2 D2 [15+5] (20f) 0.24
F' D2 F2 L' F' U R' L U2 F2 U F R' F' U2 L2 B2 R2 F2 [14+5] (19f) 0.04
L2 U F' U R' U' F2 D R' D F L' D' F L F B L2 F B [15+5] (20f) 0.06
D R' D L' U D2 F U' R L2 D F U' D2 L F L2 B2 U2 B2 [16+4] (20f) 0.92
F U D' R2 F D F2 L U2 R' F' R2 F' U F' B L2 F B R2 [14+6] (20f) 0.06
R2 L B D F R2 L F R' U F2 D' L' D2 F2 B2 L2 F2 D2 B2 [13+7] (20f) 0.06
B' U' R2 F B2 U L' B U F D2 R D R2 D2 R2 D2 F2 U2 F2 [13+7] (20f) 0.01
F' L2 F' R F' D' B L F' L B' U2 L F R2 F2 D2 R2 F2 R2 [14+6] (20f) 0.02
R D L2 F' R' F2 R2 L' D' F' L2 B R D' R B2 L2 F2 B2 U2 [15+5] (20f) 0.05
D R2 F2 R' L B2 L B2 U' L B' D F' L' B U2 F2 L2 F2 R2 [15+5] (20f) 0.10
L' U2 F B L2 B2 R' L2 B' R' F2 D' L U2 B' R2 U2 R2 F2 L2 [15+5] (20f) 0.10
B2 D' F' D2 F2 L2 U' L' B2 R' B' U2 B' U' R2 B2 R2 B2 R2 D2 [14+6] (20f) 0.07
L2 D2 R B' D' B L' U2 B2 D' L F' U2 L2 F2 D2 R2 B2 D2 L2 [12+8] (20f) 0.03
R F' U R L U' B2 U' D' R U R' L' F' B' R2 D2 F2 B2 L2 [15+5] (20f) 0.08
U2 F2 L2 B U R' F U L F' B L2 U2 B' D U2 L2 F2 D2 R2 [15+5] (20f) 0.20
F2 R' U F' L D2 L' U2 B' U' D2 B U R' U2 R2 L2 U2 R2 [14+5] (19f) 0.01
R' B L2 U' B2 D' B' R B' U L' U F2 R L2 D2 B2 L2 U2 D2 [14+6] (20f) 0.04
R B2 U L' B2 D' B2 R2 B R L B2 R F' L U2 R2 L2 U2 B2 [15+5] (20f) 0.18
F2 R B R B' R2 U2 B U2 F2 U R D' L B' L2 D2 R2 B2 D2 [15+5] (20f) 0.07
F2 R' L B2 R U2 L2 F U' D L2 D' R2 B D L2 U2 B2 L2 [15+4] (19f) 0.07
F' U' B L U D R' F' U' F2 U2 F B2 R F2 R B2 U2 R2 [16+3] (19f) 1.30
D F B2 R F B L2 B2 R F2 L U D' R' B R2 U2 F2 R2 L2 [15+5] (20f) 0.11
U' R2 U2 R' U' B' U R F' B L D F' R B2 R2 D2 B2 D2 L2 [14+6] (20f) 0.04
L2 D F' U B2 U F R2 D L2 F2 R' D' R2 F2 B' U2 F' B R2 [15+6] (20f) 0.10
D' B U D L2 D' L B U' F2 U B2 R2 L' U2 F2 B2 R' L' [13+7] (19f) 0.05
R2 U B2 L F' B' D' F R2 B' D R2 F L2 B2 U2 L2 D2 R2 D2 [13+7] (20f) 0.01
U' B2 L2 B2 L' U F R' F' D2 F2 R' B L' R2 D2 B2 U2 F2 L2 [14+6] (20f) 0.03
D2 L U D L' B U2 L' B' L B2 R D R2 B2 L2 U2 F2 B2 [13+6] (19f) 0.00
F' R U2 B2 U D2 R L D L2 D' F' L' U' D R U2 B2 D2 B2 [16+4] (20f) 0.69
F2 L' U' F D R B R2 D F' L2 D' L' U F2 U D L2 U' D' [14+6] (20f) 0.01
F B2 R' F2 U' L F R' U2 F R L' D R2 U2 F2 L2 U2 R2 [13+6] (19f) 0.01
U L' U' L2 D' F' B2 D L' U D R U L F2 L2 F2 R2 F2 U2 [14+6] (20f) 0.02
B2 U2 F' D2 R F2 D' R2 L' U B D L2 D' F' R2 U2 B2 L2 F2 [15+5] (20f) 0.18
U' D' R' U2 F' D B L' B' U2 F U' F B2 D2 F2 R2 F2 R2 [13+6] (19f) 0.05
B2 L2 U F B L U2 D F R' D' R2 D R2 D2 F2 R2 D2 F2 L2 [13+7] (20f) 0.09
R L2 U' L2 F2 D' R L' F R' U2 R2 F L F2 L2 F2 U2 L2 U2 [14+6] (20f) 0.05
L' B2 R F R' B2 R' F' U' D' R2 B' R D L' B U2 D2 B2 L2 [16+4] (20f) 1.53
B' R U' F' R L' D R2 D2 R D R2 U2 L2 F R2 U2 B2 U2 B2 [15+5] (20f) 0.26
R' L B' D' R F2 R' U F2 L' F2 D2 B2 U L2 F B' D2 F' B [14+6] (20f) 0.08
R U' L F2 L B2 R' F2 L2 D' F R' B' D2 L' U' F2 D2 F2 L2 [16+4] (20f) 0.39
F D' F2 D2 R' B' D' L2 D L' U' L' F L B D2 F2 D2 F2 L2 [15+5] (20f) 0.27
D' R U F2 D2 B D2 B' U2 L2 U R L B2 D' F' R2 L2 B2 [16+3] (19f) 1.55
F' B2 L' U2 F2 L D' B' R2 F2 U' D' B' L' U F2 B2 D2 L2 F2 [15+5] (20f) 0.11
L' U L2 U2 D' L' F D' R2 U' F R2 B' U R' F2 B2 U2 R2 B2 [15+5] (20f) 0.12
B' L2 D' F L' U2 F B2 L' U' B R' F B2 D2 B2 D2 L2 D2 R2 [13+7] (20f) 0.06
R' U2 R2 L2 B L2 U' L2 U' F D2 L D' R' B F2 R2 U2 D2 B2 [15+5] (20f) 0.19
R2 U2 R' L B2 U R D2 B2 R U2 R' U2 F R2 D2 L2 B2 R2 L2 [14+6] (20f) 0.09
F U2 L F R' U2 F D R2 F' L2 U' R2 D2 B2 U2 B2 R2 B2 R2 [12+8] (20f) 0.05
B U' D' R2 F2 L' F' L2 D F' R' B' R2 L' D2 B2 R L' B2 U2 [13+8] (20f) 0.03
R2 L' F R2 B' D2 R2 F' D2 F' D' B R' L B2 R L D2 R2 [12+7] (19f) 0.04
D B2 D' F' D2 R' L2 F2 D' F2 L' U' R2 B R F2 D2 B2 L2 D2 [15+5] (20f) 0.13
R D F' D F D2 F2 R2 L2 U' D R' D F' U2 B2 U2 L2 B2 D2 [14+6] (20f) 0.06
F2 L' B2 U D2 B2 D B2 R2 B2 U' R F D' L2 U2 F2 R2 F2 U2 [14+6] (20f) 0.08
F' U2 B2 R D2 R B2 U' L D2 F R F' D R2 B2 L2 D2 B2 [14+5] (19f) 0.05
F' D' R2 U' R L D2 B' U2 D2 L2 B' D' F R2 L2 B2 R2 D2 F2 [14+6] (20f) 0.06
U' B2 R2 F R' U2 F D' R2 D' L2 F D2 B U' L2 B2 R2 U2 R2 [15+5] (20f) 0.19
L2 F' L D' B2 D' B R' L' U2 F2 L' D' B U D B2 U' D' B2 [14+6] (20f) 0.08
F2 U F' U' L' D2 F R' B2 D' R' L B' D B' R2 D2 B2 D2 F2 [15+5] (20f) 0.10
L2 D' L2 U F' R2 B' L B U2 F R2 U2 L' U' L2 D2 R2 F2 L2 [15+5] (20f) 0.10
U2 F B U D L' B' L' B2 U2 F' D' L B' D2 F' B U2 R2 [14+7] (19f) 0.06
R L B2 R F U2 L' D' R' D2 R U2 B D' L U2 F2 L2 U2 B2 [15+5] (20f) 0.06
U2 R' F' B D B2 L2 B D2 L' U' R' L' D R L B2 R' L' D2 [14+6] (20f) 0.04
L' D' R B' L2 D' L' F L2 B R U L F' R2 B2 L2 U2 R2 D2 [14+6] (20f) 0.04
L' D' R U' B D2 B' D2 R B R' D' B' L' F' B2 D2 F2 R2 [15+4] (19f) 0.21
L2 B' U' R D2 R2 F' D' R' D F' U D' B U2 R2 F2 R2 U2 R2 [14+6] (20f) 0.06
R2 L D R2 U L2 B R' B R2 L F2 R2 F2 D R' L' B2 R L' [15+5] (20f) 0.25
U' B' L2 F2 L' F' R2 B' D2 R D' B U' L' B2 R2 L2 D2 F2 U2 [14+6] (20f) 0.04
R' U' B R F' B' R B' L' U F' L' F2 D' R' F2 D2 F2 R2 F2 [15+5] (20f) 0.17
U' R U F' D F L2 D' B' U' L' F' D2 B U' L2 F2 R2 B2 U2 [15+5] (20f) 0.05
D2 L F' U' B' D L' D' L2 F' R2 B D' R2 L2 F2 R2 U2 F2 B2 [13+7] (20f) 0.04
R D2 F B2 D B2 R' L2 D' B D' L' F2 U' R2 B2 R2 L2 U2 [14+5] (19f) 0.01
L2 U' B' L U' B' R' U L2 D' B R D2 B F2 R2 B2 L2 [14+4] (18f) 0.00
F2 U R2 F' B2 L' U' B' L D R F B2 D F' B L2 F' B [14+5] (19f) 0.01
D F2 D' F2 U2 R2 B L2 D2 F' U' R' U' R' U L2 F2 R2 L2 F2 [15+5] (20f) 0.17
U' R2 F' R' F' B2 U F B L U2 F' D2 F R2 U2 R2 L2 B2 [14+5] (19f) 0.01
R2 D2 L' F R B' U' D' R2 B' U B R' F2 L' D2 R2 D2 L2 B2 [15+5] (20f) 0.14
L2 F' B L' U2 R U' R L D2 F R2 D' R D' B F2 R2 B2 [16+3] (19f) 0.65
L' F' D2 R U2 F' U' D' B L2 B R L F B D2 B2 R2 U2 B2 [15+5] (20f) 0.11
U' R U2 D R F2 U D2 B2 R B' R' F B U' R F2 B2 U2 F2 [16+4] (20f) 0.25
D L2 F U' R' B D' F' U L' B R U B2 U2 D B2 U D L2 [15+6] (20f) 0.10
R' U F B2 U2 D F2 L' B2 R2 F B2 L2 D L R2 D2 F2 D2 R2 [15+5] (20f) 0.20
L D R2 U2 B' L2 U' D' B D' F' U B D2 R2 B2 R2 B2 U2 F2 [13+7] (20f) 0.09
L' F B D' R2 U2 D' F2 B2 R' L2 B U2 L' D' U2 L2 B2 U2 B2 [15+5] (20f) 0.12
D2 B U2 B U B' D' F U2 R F' R B' F2 U' D F2 U D R2 [13+7] (20f) 0.04
F' L F2 U B U2 L' F' L' D L' B2 R F D2 R2 F2 L2 B2 R2 [14+6] (20f) 0.04
R B2 R U' F' U2 L D' R2 U2 L2 B' L2 B F2 U2 B2 D2 R2 U2 [14+6] (20f) 0.06
U R L U2 L' D R2 F D' F D L' U2 B D2 F2 U2 F2 R2 U2 [14+6] (20f) 0.02
R' L2 D B L B L' U2 B2 D L U' B L D U2 B2 U2 R2 B2 [15+5] (20f) 0.13
R2 L2 B U F2 L2 F B R' U2 R2 L U B F2 R2 B2 U2 L2 [14+5] (19f) 0.02
R L F B' R D L F' L D2 B2 D2 R2 D2 B U L2 F2 U2 [16+3] (19f) 0.36
F2 B2 R2 U F2 U B2 D' R B' L U' F2 B U' R D2 L2 B2 R2 [16+4] (20f) 1.16
U' R' U' B' R' B U D' R2 F' L2 B' L' F2 R2 B2 U2 B2 D2 [13+6] (19f) 0.01
U' R B L' F' U F2 D2 R F R' U R U L' F2 D2 L2 F2 L2 [15+5] (20f) 0.08
U' F2 D' B2 L' U2 B2 U' B' U R2 F' D F2 R2 L2 U2 L2 F2 L2 [13+7] (20f) 0.04
R U L' B U2 F' U' F' L' F2 B2 L2 U L2 U R L' B2 R L [15+5] (20f) 0.06
L F U F U L F' L2 U' F2 U2 L' B R' F2 L2 U2 F2 R2 D2 [14+6] (20f) 0.07
R2 L2 F2 U' R' F U' B2 L2 U' B' R2 B2 D' R2 F2 B2 U2 F2 B2 [14+6] (20f) 0.07
F2 R F2 B' U F' L' U' R' U D2 L B R' L2 B2 [14+2] (16f) 0.01
R D' B D2 L U' B' D2 R L D F' B D' R' F2 D2 R2 D2 [15+4] (19f) 0.11
U' R B R2 D F L' B' U F' R F U2 R' B L D2 R2 F2 R2 [16+4] (20f) 0.22
B R2 U' B2 U' B L' F2 U L U B R B R2 B2 D2 B2 L2 B2 [14+6] (20f) 0.06
F2 U2 D2 F D2 L U2 R' B' R' U' F' U2 R F2 U2 D2 R2 D2 [14+5] (19f) 0.04
F2 B' U' R2 D2 R2 F' B L' F L' B' L U2 F2 D2 R2 D2 F2 [13+6] (19f) 0.03
L F' U2 R' U B' D' R U B R' F' B' R U2 F2 U2 F2 B2 U2 [14+6] (20f) 0.07
L2 D' R' U D R' F2 L U R' U2 F D B2 R2 F2 L2 D2 R2 [13+6] (19f) 0.01
F2 L B2 U R' L F U' L' B2 D B' U2 L2 D B2 D2 R2 B2 [15+4] (19f) 0.07
R B' R' D' F R2 L U2 D B R B2 R2 D' B' F2 L2 D2 L2 D2 [15+5] (20f) 0.15
R2 U R' L2 D F' B' U' R' U B' D F' L' F2 R2 D2 L2 B2 U2 [14+6] (20f) 0.05
R U' F B R2 F2 R2 L' F2 U F2 L D L' D2 F2 D2 L2 U2 R2 [14+6] (20f) 0.06
B U' L2 U F2 U2 R B D2 L2 D F2 D F' B2 L2 U2 R2 D2 F2 [14+6] (20f) 0.05
R2 L2 U' R B2 R F' D R2 D2 B' U2 D' B F B' L2 F B' R2 [14+6] (20f) 0.06
D B2 L D B' U' D2 L2 D2 F R L B' R' D R2 B2 U2 F2 R2 [15+5] (20f) 0.07
R2 D' F R B' U' D L' D F2 B2 R F2 D' F L' F2 L2 B2 [16+3] (19f) 0.89
B D2 F U' D' R' F U L' F R2 U' D B R' U2 L2 U2 L2 B2 [15+5] (20f) 0.24
B U' D' F R2 D' B2 L2 U R D L2 U' R U' B2 R2 F2 L2 [15+4] (19f) 0.18
U' B' U F2 R F2 L' B2 U' R2 U2 D' F D' R2 U2 D2 F2 D2 F2 [14+6] (20f) 0.06
U2 B2 D R2 F2 B R' F B2 R' U D R2 D2 L2 F B U2 F B [12+8] (20f) 0.04
L' D2 F2 R B' U2 L U B2 L' D' B' L2 D2 B2 R2 U2 D2 [12+6] (18f) 0.05
U2 B2 D' F' D' R' D R' F2 D R' D' R F2 L2 F2 L2 U2 R2 F2 [13+7] (20f) 0.06
L2 F2 R' F2 R' F2 L' D2 L2 B' L2 U R B2 R L' U2 D2 R L [13+7] (20f) 0.03
R2 B2 U2 F2 D' L B U D B D R B2 D' L R2 F2 L2 U2 L2 [15+5] (20f) 0.40
D2 L2 U2 L U2 F2 L B' L U' F2 D' R' B D2 R2 B2 D2 B2 L2 [14+6] (20f) 0.04
R F' L2 U2 B R' D2 F D L D L2 U' B R B2 R2 U2 [15+3] (18f) 0.04
F2 R B' D2 L2 B D R L' D' R' D F' U2 F' B' L2 F B D2 [13+7] (20f) 0.05
L2 U B2 L' F U R' D R' U L B2 U' R F D2 R2 B2 U2 F2 [15+5] (20f) 0.04
R B L' F U' F2 D' B D L B' L F' U2 R2 F2 U2 D2 L2 U2 [13+7] (20f) 0.06
D2 F' R B U L2 B' U F' D2 L2 B' D B R2 D2 L2 F2 B2 U2 [14+6] (20f) 0.03
U L2 F2 U' F2 R2 D' F' L U2 L F' U B2 D2 F2 R2 F2 L2 [13+6] (19f) 0.06
R' F' B D' F' U L D L2 U2 D F' L R' L' F2 U2 R L' F2 [13+7] (20f) 0.02
U R F R' B2 L B L B' U2 D2 L U' F B2 D2 F2 D2 R2 F2 [14+6] (20f) 0.06
B D' R B2 D F U' B2 L B D' F' U2 L2 D2 R L2 B2 L2 [16+3] (19f) 1.62
F' L F R F D F R F2 B2 U F D F' B' U D2 L2 U2 R2 [16+4] (20f) 0.70
U F B2 L' D F2 B' R' B' U' F2 U' L2 F R2 L2 U2 F2 L2 U2 [14+6] (20f) 0.04
U F' B2 U' B2 L' U R U F2 D' R B2 L D2 L2 F2 L2 [14+4] (18f) 0.08
D' F U' L2 F R F U2 F B' D B2 R D' F' B' L2 F B' L2 [14+6] (20f) 0.09
F U2 D' L U2 R D L' F' U F' L' U' D L2 U D' L2 B2 [12+7] (19f) 0.04
R2 B D' B2 R L U2 D L2 B' U L' F' D U2 D2 L2 U2 F2 D2 [14+6] (20f) 0.05
L2 B' R B2 U2 L' B R U' L' F' R U F2 U D' F2 U D [13+6] (19f) 0.01
U' L2 F' L D2 B2 L2 B' U' F' L D' R2 B D U2 B2 D2 F2 D2 [15+5] (20f) 0.09
F' R B2 U' D' F2 R U L2 B' R' B D' F2 D' F2 U2 L2 U2 D2 [15+5] (20f) 0.15
L' F2 B2 D2 L' B' D L F U2 R U2 F L' F U2 D2 F2 R2 F2 [15+5] (20f) 0.17
D2 L' U L2 D' B2 D2 B U2 R' F D2 F R U2 B2 L2 B2 U2 L2 [14+6] (20f) 0.06
D F' U R' D F' L' U F' R U2 L' U B D2 R2 B2 D2 [14+4] (18f) 0.01
D2 F R U2 D2 F' L' B' U2 D' L' B2 U' F2 R2 U2 R2 D2 F2 D2 [13+7] (20f) 0.07
D R' D R2 F D' F' U2 B' L2 B' U' L D2 R F2 B2 R2 B2 D2 [15+5] (20f) 0.13
F2 L D R B2 D2 F2 R2 F U2 D' R' D' R' L' U' R2 B2 R2 [16+3] (19f) 0.35
B2 U2 B R' B' D F2 B R U2 D' L2 B' D' R2 F2 D2 F2 U2 B2 [14+6] (20f) 0.07
U' R' D B U' R2 L' D2 B U F B2 U B L U2 R2 F2 U2 L2 [15+5] (20f) 0.07
U' R' B L' U' R' B' D' R2 D2 R L U' L' R2 U2 D2 F2 L2 B2 [14+6] (20f) 0.01
B' R U F' D2 R2 B' D' F' R U' F2 U B' L2 B2 U2 B2 U2 R2 [14+6] (20f) 0.06
L U2 D2 B' D' R' F2 D R' U2 B2 L U2 B2 L2 B2 D2 R2 U2 R2 [12+8] (20f) 0.09
D F' U F2 L' D' F R L' F U' B' R' B L' F2 R2 F2 L2 D2 [15+5] (20f) 0.14
L U' R B' L' D2 F D2 R2 D2 L' D L F' R2 B2 R2 F2 D2 L2 [14+6] (20f) 0.08
R' B' R2 B' R U2 L' D' R' L' U R2 U' L2 B' L2 D2 F2 U2 F2 [15+5] (20f) 0.12
F' U R F2 R F D L U' F' L2 F' R F' R L2 F2 R2 [15+3] (18f) 0.11
U2 R2 B U B' L' D' R F2 B R B D' R L2 U2 F2 R2 L2 D2 [14+6] (20f) 0.05
F' R2 U2 F2 R U R' L2 U R' F' U D2 B' R2 L' B2 R' L U2 [15+6] (20f) 0.12
U' F' U L' U2 B2 U D2 R F' D' L' B' R B' U2 D2 L2 F2 B2 [15+5] (20f) 0.11
R2 U' R' D' L F U L2 U2 R' F2 B2 D2 R D F2 D2 B2 R2 U2 [15+5] (20f) 0.24
U2 L D2 F2 R2 L' F D2 L' F B2 U' R F' L2 U2 F2 U2 F2 [14+5] (19f) 0.07
F' U L2 D' F' B D R' F R' B' R D U2 F2 L2 F2 R2 D2 L2 [13+7] (20f) 0.04
R2 F B' U2 L' U' R' D2 F2 D B' R L U F2 R2 L2 F2 R2 D2 [14+6] (20f) 0.07
F2 R U' F2 D' R F R2 U F U B L2 B R' D2 B2 R2 U2 B2 [15+5] (20f) 0.05
D2 B2 U2 B2 D2 R2 F' U2 R B' D2 F' R2 U' D2 F' B' D2 F' B [14+6] (20f) 0.03
F R' L' D2 B D' R L2 U B2 R B' R2 L' D' U2 F2 R2 F2 L2 [15+5] (20f) 0.23
L' F U F2 R B' U2 F' R' L2 D R2 U' R U2 L U2 L2 [16+2] (18f) 0.82
F2 D' F2 B2 L2 D B D' B R D' B' R D F U2 F2 B2 R2 D2 [15+5] (20f) 0.11
R B D' R D2 B R2 U2 F2 U' R' L2 B' U2 R' F2 D2 L2 B2 D2 [15+5] (20f) 0.11
F' R2 D' F U R' F R' U2 D2 F' L D2 L' D' F2 L2 D2 F2 D2 [15+5] (20f) 0.10
L' U B' L2 F' L2 F D' L' F2 L' F U L D' U2 F2 L2 U2 B2 [15+5] (20f) 0.12
F' R' F2 B2 U' R U2 F L' F D2 L2 D2 B' U' R2 L2 F2 [15+3] (18f) 0.14
F2 U D F' D L' F2 U L U2 F' R F' B D' B R2 B2 R2 U2 [16+4] (20f) 0.87
D R' U F' U2 D B D' F2 R U' L' B' R U L U2 L2 F2 [16+3] (19f) 0.82
R2 B2 R2 L2 F L' D F' L2 F2 R' B D F2 R2 U2 F2 L2 D2 [13+6] (19f) 0.06
D2 L' D2 L F2 U L' F D2 R D2 F2 D2 F' R2 F2 B2 D2 R2 [14+5] (19f) 0.06
B2 D R B2 D L' B U' R L2 B U D' R2 U' R L' B2 R' L [15+5] (20f) 0.23
F' R B U2 L D2 B' R B2 U F2 R' L2 B U2 R2 F2 D2 B2 L2 [14+6] (20f) 0.02
R D2 L' D2 F D R L F2 L' D2 B L F' R2 F2 D2 R2 B2 [14+5] (19f) 0.06
L2 U' R' B2 U' B2 D2 R2 D R2 F U' D2 B U2 R2 D2 F2 L2 D2 [14+6] (20f) 0.08
L2 U2 L2 B' R' D' R' U F' L U D F L2 U' R2 U2 L2 U2 B2 [15+5] (20f) 0.07
B' U B' L' F' L' B' R2 F2 U2 R2 L U' B U2 R' L' D2 R L' [14+6] (20f) 0.04
F2 R2 U' R' F' U' R' F' U' D B D' L' F' U2 R2 U2 B2 R2 L2 [14+6] (20f) 0.05
R2 B R2 U' B2 U' R U' F2 B' L F2 B2 D R2 L2 B2 R2 U2 F2 [14+6] (20f) 0.03
R B R U D L' U' L U R' B' L D R2 F D2 R2 L2 F2 [15+4] (19f) 0.08
U R U' R' F' L2 B D2 R' F U F' U F2 D2 R L B2 R L [13+7] (20f) 0.02
F U' B' U L B2 U2 L' U F L U2 D' L U' D' B2 U D R2 [14+6] (20f) 0.06
D' B U' L F B2 D2 F D R2 L F' R2 D F2 U2 B2 R2 F2 R2 [14+6] (20f) 0.04
U' F' U F2 L2 U2 L D R' B' R2 D R F D U2 F2 R2 L2 D2 [15+5] (20f) 0.05
R L2 U2 D2 F2 B U L B D2 R2 U' R' B' R' L2 F2 B2 D2 B2 [15+5] (20f) 0.04
L' D' F2 R2 U2 D' B L2 B2 L' U B L B2 R F' L2 U2 F2 D2 [16+4] (20f) 1.15
U' L' B2 D' R F' B' L' F U F B U F L U R2 B2 U2 L2 [16+4] (20f) 1.08
R U' F U2 B L' F2 R D' B U' R' U2 B' R2 D L2 F2 L2 F2 [16+4] (20f) 0.50
R2 D' L2 B' R F2 D F D R F D2 B2 U' R2 F2 R2 F2 B2 [14+5] (19f) 0.12
F2 R2 F R2 F2 D2 R2 U L' U2 D' L F R' F' D2 R2 F2 U2 [15+4] (19f) 0.10
L' U2 D2 L2 F2 R' F R F L' F' B U R' U2 R2 D2 F2 L2 F2 [14+6] (20f) 0.06
U F' D2 R' D' R' L D2 L' F D2 F2 U L D2 F2 R2 D2 L2 U2 [14+6] (20f) 0.05
L2 F' B2 L' B L U' R L2 F2 U' F' R U2 L2 D2 F2 B2 R2 B2 [13+7] (20f) 0.01
U' R2 F2 L F' R U2 F' B2 D' B' R' U B L F2 U2 B2 [15+3] (18f) 0.06
F2 U B L2 U2 F B2 R D L D' F' R F' L2 D2 L2 U2 D2 [14+5] (19f) 0.05
B2 L' D2 F B U' B' D F L U' R' U B U2 L2 F2 D2 R2 B2 [14+6] (20f) 0.07
D R2 D2 B R L' F U' L2 D' L F' B2 R' U2 B2 D2 F2 U2 [14+5] (19f) 0.01
R D B' L F2 U' B' L F2 B' U2 D' F2 U B' D F2 R2 D2 [16+3] (19f) 0.51
F2 U' L F2 D' L B U L2 U' R' L D' F' R2 U2 D2 [14+3] (17f) 0.03
F2 U R' F' D R' U2 B' U2 B D R U2 F' L' R2 D2 B2 R2 U2 [15+5] (20f) 0.06
L2 D2 R' L' F2 D' B R L2 F2 B R' B2 L' B2 U2 R L B2 U2 [14+8] (20f) 0.04
F2 B2 D' B D F' R' B2 L D' F R L2 U' L2 F2 R2 D2 F2 U2 [14+6] (20f) 0.04
L' D2 L B2 R D' R2 F' R D L' F R2 B R D2 L2 D2 R2 F2 [15+5] (20f) 0.06
L' D' L B2 D' B2 D R' B' L B2 L2 U F' L' U D2 B2 R2 L2 [16+4] (20f) 1.11
R' U' L U' R' U' L U' F L' U2 L' B D' F2 U2 L2 U2 B2 R2 [14+6] (20f) 0.05
D L2 U F L2 D2 F' R F' D' L2 D2 R2 F' U R D2 R2 F2 D2 [16+4] (20f) 1.13
D2 B2 U F D F' R' F2 D2 L F U' R2 B R2 U2 D2 R2 F2 D2 [14+6] (20f) 0.10
U2 R B2 U F' U' F2 D' L B D R' L2 U' L2 F2 R2 D2 L2 [14+5] (19f) 0.02
R F2 L U' B' L U2 D F' U2 D R' D' L' D' F2 R2 L2 D2 F2 [15+5] (20f) 0.10
R L2 U2 B R' L' U2 D F' L' B' L' D' B D2 B2 D2 L2 F2 B2 [14+6] (20f) 0.01
L2 D B L B' L2 F R2 F2 R2 D R2 L' D F2 R2 F2 B2 D2 F2 [14+6] (20f) 0.06
U L D R' F' L2 F' D' R2 U F2 U F' D' R2 L2 D2 R2 D2 F2 [14+6] (20f) 0.06
F2 R U' F' U B' L2 D2 L F' D' R' B' L D B2 U2 F2 U2 L2 [15+5] (20f) 0.07
R U2 L' U' L' D R' D F R B' U2 B' L B U2 L2 B2 D2 L2 [15+5] (20f) 0.06
U L F2 R2 D' B U2 F' D L' U' F' R U R2 F2 D2 F2 [14+4] (18f) 0.05
R D2 L2 F' R' U2 D B' R D2 L' F U' B D' R' U2 R2 L2 D2 [16+4] (20f) 0.51
L2 U2 L' D2 L U B' D F2 R' L B L U D' L2 B2 U' D F2 [13+7] (20f) 0.06
R2 B' L2 D' B2 D2 B' U F2 D F' R B2 R B2 R2 U2 R2 L2 F2 [14+6] (20f) 0.03
F2 L' U' R' F2 B L2 F' U' R B D2 B2 D R2 B L2 B2 U2 B2 [16+4] (20f) 0.36
F2 U R' D' F' L2 U' L' B' D F U L' D2 F L D2 B2 L2 B2 [16+4] (20f) 0.44
U2 F' B2 D' F' U2 D2 F' D' R' U2 D2 L U2 B2 D2 B2 L2 F2 B2 [13+7] (20f) 0.03
U2 F' B U2 F' R D F' B L F2 L2 U L' F' B' U2 F B L2 [14+6] (20f) 0.04
B2 R' F' R' B' R F D L F' B' D2 R B D R2 U2 B2 L2 U2 [15+5] (20f) 0.27
D2 L2 B' R2 D2 L' U F' D' F' R F2 R2 F U R2 U2 L2 B2 [15+4] (19f) 0.11
U L' D' L' U2 F' L' B2 R' F2 U' D F' U D2 R2 L2 F2 D2 B2 [14+6] (20f) 0.01
B' D' R L2 B' D' F2 U2 R' D' F' R' U2 R' U2 F2 U2 F2 R2 D2 [14+6] (20f) 0.07
U R2 D2 B2 R' F' R D' B' D' F2 B' D L' U' D' B2 U' D B2 [14+6] (20f) 0.06
R' D2 F' U F' B U2 D L2 U' D L2 F' L B2 U2 B2 U2 [14+4] (18f) 0.05
L2 U' F2 D2 L2 D' B U' B' R F U' R' L F R2 U2 D2 B2 D2 [15+5] (20f) 0.03
D B' L2 F U F L' F U' D2 L B' D2 F' R2 F2 R2 F2 R2 U2 [14+6] (20f) 0.07
L2 F R F R' L2 U' B' U2 D B' L U B2 D2 F2 U2 R2 F2 R2 [13+7] (20f) 0.03
D L2 D' B2 R' U' L' D2 F' B2 D' F2 R' L2 F R2 F2 D2 L2 F2 [15+5] (20f) 0.11
R F B U2 R D' R2 U' F2 D' R B2 R F U' F B' D2 F' B' [15+5] (20f) 0.10
U2 R2 D2 F' U D F R F2 U2 R F2 B D B' R L U2 R' L [15+5] (20f) 0.26
B U' F' D2 L2 F' R L' B2 D2 B' R D L2 D' F2 U2 D2 L2 U2 [15+5] (20f) 0.12
U' R2 F' U F2 L B' R2 U2 D L' F U R F R' L2 F2 R2 L2 [16+4] (20f) 0.47
L D2 B L2 U2 B' R B' R' U' F U2 R D2 L2 F2 L2 F2 U2 B2 [13+7] (20f) 0.04
U' B' U F' B' L' F' U2 R' B2 D F D2 B' F2 U D L2 U' D' [14+6] (20f) 0.06
L' D2 B D2 B R' B R2 F2 B' L' F' R' U' B L2 U2 R2 F2 [15+4] (19f) 0.10
D F U L2 U2 D' F2 U' L F' U L U' F R L F2 R L' B2 [14+6] (20f) 0.03
L2 F B U' L' B' L D2 R' B' U' F L D' L2 U2 D2 B2 U2 R2 [14+6] (20f) 0.09
F L2 U B' D2 R L2 F' R F U D2 L U' L2 U2 L2 U2 B2 [14+5] (19f) 0.06
R2 B U F L D R2 B U2 L' B' D R2 D2 B2 D2 R2 F2 R2 F2 [12+8] (20f) 0.02
R D' R' U D2 L' B L U2 F B2 R' F2 L R2 U2 F2 R2 L2 U2 [14+6] (20f) 0.00
B' R' D R2 L F2 D2 F L2 D' F' U B' R U2 F2 U2 F2 [14+4] (18f) 0.05
L U2 F R' F B' U2 R' U' L B' R' D2 B D' R2 F2 L2 [15+3] (18f) 0.24
D R D2 F' R F R2 L2 F2 B' U L B L B2 D L2 F2 R2 L2 [16+4] (20f) 0.90
L2 B2 R F' D F' R2 D' B L' D' F' U' L D2 R2 F2 R2 F2 R2 [14+6] (20f) 0.05
D F' B2 R L F U' F' L' U' L F' R2 U' R' L2 D2 F2 L2 B2 [15+5] (20f) 0.14
L F D' R2 D B' R2 U' F B2 R F R L' B2 D2 R2 F2 R2 F2 [14+6] (20f) 0.05
L' D2 R F' B' D' F' R' F U F2 U F L' B' D2 L2 B2 R2 B2 [15+5] (20f) 0.16
U L2 U2 D' L' F2 D' F' R' B L' U' D B2 R U2 R2 D2 F2 R2 [15+5] (20f) 0.10
R B U' R' B' U F L' D' R B U' D F' U2 F2 U2 R2 U2 R2 [14+6] (20f) 0.01
L2 D F' L2 F' R' L2 U' F' D F2 D L' U' F D F2 B2 D2 F2 [16+4] (20f) 0.44
U B' U2 F L D2 L B2 U' B' D' F' U D2 R' B2 L2 [15+2] (17f) 0.18
L F' R B R' D2 L2 D' R2 U' L U' R' F2 U2 R2 F2 B2 D2 F2 [13+7] (20f) 0.07
B D F' L U' D2 B L2 D F2 R2 L' U' L' F B2 R2 U2 R2 L2 [15+5] (20f) 0.17
D F U' L B2 R' U2 D' F' D R2 L' B U F R2 F2 B2 R2 F2 [15+5] (20f) 0.15
R2 L2 F' B2 L F' D L' B2 U' F' L' D' L2 F U2 R2 B2 L2 B2 [15+5] (20f) 0.08
F2 R2 U' D2 R' U' L U2 F' L2 D' R L R2 U' D' B2 U' D' B2 [13+7] (20f) 0.06
F' B U R' D' B2 R' L2 B' U F' U2 R F2 R2 D2 R2 B2 D2 [13+6] (19f) 0.01
R' F2 D F' U2 F' R F R' F' U2 L2 F U' D' R2 B2 U2 B2 U2 [15+5] (20f) 0.37
B L2 B R D' L' B' U R L2 D' L2 U R F R2 U2 B2 U2 R2 [15+5] (20f) 0.15
L F' R2 D2 F2 L2 F' U' L2 D F' U2 B2 U L U2 R2 D2 F2 [15+4] (19f) 0.42
L' F D' L U B R2 F D2 L F B2 D' F U' B2 R2 B2 D2 B2 [15+5] (20f) 0.11
U D2 R2 F' U' D2 L U2 L D R2 D F' L B F2 L2 F2 D2 B2 [15+5] (20f) 0.20
R F D' R F D2 R' B' R L' B U2 D' R' L2 F' B L2 F' B' [14+6] (20f) 0.06
B D2 L' U2 L2 U2 F2 D2 L' F' B' D' F2 L' D2 L2 U2 D2 B2 [14+5] (19f) 0.08
R' F' D' R2 U' F' L F2 U' R U' F' D L' F' B' U2 F B' D2 [14+6] (20f) 0.02
L2 F2 U R2 F L B R F2 D R2 U2 R' B' D2 R2 F2 L2 F2 [14+5] (19f) 0.06
D R F' B2 R2 B' U2 R2 U L' B' R' F R' D B2 L2 D2 L2 [15+4] (19f) 0.13
F2 R2 L F' D R B2 D' L2 D' R B2 U L R L F2 R L D2 [14+6] (20f) 0.05
R U2 B2 L U B2 L' D2 B L' D2 F B' U D2 F2 L2 U2 D2 [14+5] (19f) 0.02
U2 R2 F2 B2 L F' D L' B' R' U L F R2 B' R2 F2 D2 B2 R2 [15+5] (20f) 0.21
D R2 L' F L2 F2 D2 L F L' D' B2 D' B' D R2 U2 L2 D2 R2 [15+5] (20f) 0.14
L' U B2 D2 L' B U2 B R2 B D2 R F D R D2 L2 B2 R2 F2 [15+5] (20f) 0.12
B2 R2 U D R' U' F D2 R B U' D2 L F B R2 U2 F B R2 [13+7] (20f) 0.03
L2 B L2 U B' D R L' U' L2 B R2 L' U2 L' D2 F2 D2 L2 F2 [15+5] (20f) 0.07
U' D B' D L' U D B L D' F' D F' B' L2 F U2 F2 [16+2] (18f) 0.82
R D2 F2 B R B' L U F2 B2 R' F' L2 B L2 B2 R2 F2 D2 [14+5] (19f) 0.06
F' L F' U2 R2 D F B' R2 F U F' B2 U' R B2 R2 L2 U2 [15+4] (19f) 0.11
U F2 B2 U' B L U' B L' D L B2 R' D B F2 B2 U2 F2 R2 [15+5] (20f) 0.16
B D R' U' B R' D L2 B' L' U F L2 B' U2 F' B R2 D2 [14+7] (19f) 0.03
D' L2 U' R D' F L' U' R' F D2 B2 R' F' U2 F2 U2 B2 L2 B2 [14+6] (20f) 0.02
B U L B U B' D B U' B' U B F2 L2 D2 R2 L2 F2 D2 F2 [12+8] (20f) 0.07
L2 U2 F2 L D2 L' U' B R2 U2 R F2 D B' R2 D' R2 U2 D2 L2 [16+4] (20f) 0.30
F D2 F D2 R2 D' B2 R F U2 F' B2 R2 B D2 L2 D2 L2 B2 L2 [14+6] (20f) 0.07
L2 D R U L F B2 L U B2 R F' L F' D R2 F2 U2 L2 [15+4] (19f) 0.11
L' D2 B L' F' B2 R2 F2 L D B' U2 R' L2 B L R2 F2 U2 F2 [16+4] (20f) 1.61
B U' R2 L2 B R2 U2 L U2 B' U' B D' R' F U2 F2 B2 [15+3] (18f) 0.18
D' B2 L2 B L B L' D' L' B D R F B2 U2 B2 D2 R2 F2 [13+6] (19f) 0.02
B' D' B2 U2 R2 F' U B' D R D L' B' U2 F B2 D2 L2 B2 [15+4] (19f) 0.28
R' D2 B2 R U L B2 U' B' D R U B2 R B R2 U2 R2 L2 D2 [15+5] (20f) 0.21
L2 F' U' R L2 F R' F' L F2 D' F L2 B L2 B2 L2 D2 B2 [14+5] (19f) 0.01
R2 D F' R D' R F D' R' D' B D' F' R2 U' D L2 U' D L2 [13+7] (20f) 0.07
U2 R' U' B' U' F' D2 F2 D R U' F U2 F B2 D2 R2 D2 L2 [14+5] (19f) 0.06
F' R L D R' D' F B D' B D2 L B D R2 B2 U2 R2 F2 L2 [14+6] (20f) 0.06
R2 D L F' R' B2 D' B U' F2 B2 R2 F' L U2 D B2 U' D' B2 [15+6] (20f) 0.16
U' R2 L2 D' B' R2 D R D' L2 U2 L U2 B' R' U2 F2 U2 [15+3] (18f) 0.05
F' R' B2 U2 B' L' U2 D' B2 D F L' D R' L F D2 R2 D2 F2 [16+4] (20f) 1.09
U R U B L2 D' B R2 F' U D F2 B U B' R2 L2 B2 R2 F2 [15+5] (20f) 0.10
R' U B U' L2 D B D' B D R' L' D' L' F2 B2 U2 L2 B2 R2 [14+6] (20f) 0.06
U' L' D L' B' D L2 U' B R' F' R U' B2 U' B2 U2 R2 L2 F2 [15+5] (20f) 0.08
D R2 B2 R2 F U2 L B' D L2 B R' B' F2 D2 F2 R2 U2 D2 F2 [13+7] (20f) 0.10
D B2 D B' L B2 R2 F R D' F' U L U R2 L2 F2 L2 F2 B2 [14+6] (20f) 0.06
L2 D' F' U2 D L2 B2 R' B' D F2 B D U' D L2 U D L2 [13+6] (19f) 0.02
U' F2 U2 R D F2 D2 F' B2 U L2 U' F2 U R' D2 B2 D2 L2 [15+4] (19f) 0.14
R U' D' F' B D' B U2 R' F2 D' L2 D2 R U' R2 D2 B2 R2 B2 [15+5] (20f) 0.06
R U' D L' U F U2 B U' D' L' U' D' B R' B2 D2 R2 B2 D2 [15+5] (20f) 0.08
R U2 D2 R' F2 U D R' B2 U2 F2 R F' L' U2 F' B' L2 F B' [14+6] (20f) 0.09
L F L' D2 B2 L2 F D2 B L U L2 F' B L D2 B2 L2 U2 F2 [15+5] (20f) 0.23
F2 D2 F' B' L' U2 F D2 L2 F R2 U' L2 B' R' F2 U2 D2 F2 U2 [15+5] (20f) 0.25
U' R' L' D' B U2 B' L' U L U R' B' L2 B D2 L2 B2 D2 F2 [15+5] (20f) 0.06
F2 B U L' B2 L2 F' B2 U' F' R2 F L' F' B' U2 R2 L2 F' B' [13+7] (20f) 0.05
L B' U2 B' L D2 L U2 R2 U2 D L2 U R B L2 B2 R2 D2 R2 [15+5] (20f) 0.22
U' D F' R' B2 D R' L' D' B D2 F U' F B' L2 U2 L2 D2 B2 [15+5] (20f) 0.12
F' U2 L B' D B2 L B R' D2 F R2 D' F2 U' R2 U2 D2 R2 F2 [15+5] (20f) 0.12
B L2 B U F R' D R' B' L' U2 R' L2 U B R L' U2 R L' [15+5] (20f) 0.24
R L B R U F2 U F' L2 B2 U' D' R' L2 B' R' U2 R2 U2 R2 [16+4] (20f) 0.23
L2 D R D' F L2 U2 L2 U' L F2 L B L2 B' D' U2 L2 F2 B2 [16+4] (20f) 0.29
L U' R U L2 U D B U F2 R2 D2 L' B U L2 U2 L2 U2 D2 [15+5] (20f) 0.35
D' B2 D L' U F' R U B' U2 R' U L U' D2 F2 R2 U2 D2 R2 [14+6] (20f) 0.05
U2 R' B R D2 R' F R2 L2 U R' B2 U2 B2 U B2 L2 F2 L2 D2 [15+5] (20f) 0.20
R' B R' D2 R U D2 B D2 R' F D' R L2 U D L2 B2 U D [13+7] (20f) 0.02
U' R2 F D2 R F U2 B L2 B2 L' U' B L' U' D2 L2 U2 F2 R2 [15+5] (20f) 0.06
F' L B R2 U' D B U' R' U2 F D L D' F U2 L2 B2 R2 [15+4] (19f) 0.09
L' B U' R' D L2 B D' L' U' R U' L' U2 R' U' R2 F2 L2 [16+3] (19f) 0.89
D2 F' B' L' U2 D' R' B L2 B' U' L B2 R F2 U2 F2 U2 L2 D2 [14+6] (20f) 0.08
R' D' R2 F2 B2 L' U' R2 D L' F' D B' L R2 U2 B2 R2 F2 R2 [14+6] (20f) 0.07
U2 D' F' B2 L' B' D' F B U' R F2 R' B L2 D2 F2 B2 L2 B2 [14+6] (20f) 0.02
L' B' D2 R2 F R U' F R U L' D B' D2 F2 R2 L2 U2 R2 F2 [13+7] (20f) 0.05
F' R2 L U D F' U R L B' R U L U' B2 R2 L2 U2 R2 U2 [14+6] (20f) 0.05
F' R D2 F U2 B U' L B2 D L2 U L' U2 B2 R' F2 R2 U2 D2 [16+4] (20f) 1.36
R B2 U2 F2 B2 U L F2 B D' B U' R F2 D2 B2 D2 F2 L2 U2 [13+7] (20f) 0.01
F2 R' D2 R' L' F' R B D2 B2 L U D2 R D' F2 L2 D2 F2 B2 [15+5] (20f) 0.07
R2 L' B U F U' B R2 U' L' F2 B U' L2 D F2 D2 F2 R2 D2 [15+5] (20f) 0.10
D' L2 U2 B2 R' B' L' U2 F' B2 U2 F2 U' R F2 R2 U2 D2 R2 F2 [14+6] (20f) 0.05
R B2 L' B2 U2 B D R2 F R B2 U2 R F2 D R2 L2 B2 U2 L2 [15+5] (20f) 0.13
U R' F2 U2 R2 F' L2 B L U2 R2 D' R U' D2 L2 B2 U2 B2 U2 [14+6] (20f) 0.03
L2 F2 L D2 F' L2 B L' B L2 D R' B2 U F B D2 L2 F' B [14+6] (20f) 0.01
F' U R F2 B D' F R B D' B2 U' R2 F B' U2 F2 U2 R2 U2 [15+5] (20f) 0.16
D B2 L D R' B D' L F' R' D2 B' R' U' D' F2 R2 U D' [13+6] (19f) 0.02
L2 U L' F2 L2 F L U B' R2 D R2 U' R2 B2 R2 L2 D2 L2 B2 [13+7] (20f) 0.08
R2 U2 R U' L2 B' U F R L D2 B U L B' R' L2 U2 D2 B2 [16+4] (20f) 1.24
B U2 R' F' R L' B2 L2 B' R2 U R' D F' R2 U' D' L2 U' D [14+6] (20f) 0.05
D R F' B' R' B2 R' U' L D2 F' L U F2 B U2 R2 F B [14+6] (19f) 0.04
R L U D' R U B2 D2 R D R2 B L2 F2 R2 U2 F2 U2 B2 D2 [12+8] (20f) 0.04
U' R' L' D' L U F R2 F' U R' D2 R2 L' B2 R' L' B2 U2 B2 [13+8] (20f) 0.02
U L F2 B L2 B2 U L' D2 R F B' U' D' L2 U2 F2 L2 F2 R2 [14+6] (20f) 0.04
U' D L2 D' R' L F' U' R U' D B2 U' F L U2 B2 L2 F2 R2 [15+5] (20f) 0.07
F2 U' D2 B D' L2 U D2 R' F2 B D2 L B' U2 R2 F2 U2 L2 [14+5] (19f) 0.07
D' B2 R D' L D2 L2 F D F2 U2 F D2 B U D' L2 U D' [14+5] (19f) 0.08
F2 L U F2 B' R U B2 L2 F' U2 R2 U B2 L' B2 D2 F2 [15+3] (18f) 0.07
U' F2 R F B' U2 R2 F2 B L' F' L2 F' U D2 F2 L2 U2 D2 F2 [14+6] (20f) 0.05
F' U R U F' R L2 U2 R F' U D L' B U R' F2 R2 D2 R2 [16+4] (20f) 0.97
R D2 F U2 F2 U2 L' U' B U2 L' U R2 B L R2 U2 B2 L2 U2 [15+5] (20f) 0.09
R D2 R' L' U2 R' U R' B R' D F2 B' L U F' B2 L2 B2 D2 [16+4] (20f) 0.56
U' R' B' L' F R2 D R' D R2 U' B' D B' U2 R2 B2 U2 L2 U2 [14+6] (20f) 0.04
L D' F' L2 B' D2 B2 D B' D2 R' U2 R2 U' R2 B2 U2 R2 [14+4] (18f) 0.06
U R' U2 L2 U' D R' B2 R' B' L B' U L2 U2 F2 B2 R2 U2 B2 [13+7] (20f) 0.05
U2 L' D' R' L' D' F R' F' R2 B' U2 R' F U2 R2 U2 B2 R2 U2 [14+6] (20f) 0.05
F' U B2 R D2 R B2 R2 U' R2 F D L U2 F2 U2 L2 F2 L2 [13+6] (19f) 0.05
L U2 B' D2 L' B' D' L2 U2 B' L U L U' F2 B2 L2 D2 B2 [14+5] (19f) 0.06
F' L B L' U L' D F2 R' F' B2 D' B D B' F2 U2 F2 D2 L2 [15+5] (20f) 0.06
R L' B D' L2 D L2 U R' L B' L D' R' B L' B2 R2 B2 U2 [16+4] (20f) 0.44
L F' B R F2 B L B2 D' B R2 L2 U B U2 R2 D2 F2 B2 L2 [14+6] (20f) 0.06
L2 U B2 U' R L' D2 R L B U F' R' B2 L U' R2 B2 D2 R2 [16+4] (20f) 0.33
F2 D2 L' D R' F U D2 F2 L B' R L' B F2 U2 R2 U2 D2 [14+5] (19f) 0.02
F' D2 F B2 U2 L B L F2 B U' R2 B L' U B2 L2 F2 B2 [15+4] (19f) 0.12
U' L2 F2 U2 L2 U2 B' L' F2 U' R D' F2 D2 R F2 L2 U2 D2 [15+4] (19f) 0.08
F B' D B2 U R' F U' L F' L2 B D' B' R2 B2 L2 U2 R2 U2 [14+6] (20f) 0.03
L' F2 R D2 B' D2 L' B D B R U2 R2 D L D' R2 D2 F2 U2 [16+4] (20f) 0.93
F R B L' D F' B' U' L' U2 R2 U R' B F2 U2 R2 B2 D2 R2 [14+6] (20f) 0.06
R' L2 U B2 L2 F2 U2 B D' F U2 R U B' R F2 D2 R2 L2 F2 [15+5] (20f) 0.16
R U2 F2 D R' L' D L2 F' R B D F2 L D' R' D2 F2 R2 B2 [16+4] (20f) 0.55
F' B' D' B U2 L U2 R2 F U2 F2 L D U2 L2 U2 D2 F2 U2 D2 [13+7] (20f) 0.06
R2 U2 D2 L' B D2 L U' B' U2 B2 D R2 U' F2 D2 L2 B2 U2 B2 [14+6] (20f) 0.06
B L2 B' U L2 D L B' D F U' L D2 F U L D2 L2 U2 F2 [16+4] (20f) 1.85
L' U B L2 U2 F U B2 L D L2 U2 B U R U F2 R2 D2 [16+3] (19f) 0.43
R L' F U2 L2 B U L' F R U R F B R' F2 B2 R2 B2 U2 [15+5] (20f) 0.06
F2 R2 L2 B2 R2 U' R D' B U2 R F U D2 R B2 D2 B2 D2 L2 [15+5] (20f) 0.06
U2 D2 L B' L F' D R U' L2 D2 F B2 R' D' R2 L2 F2 R2 [15+4] (19f) 0.20
B L2 U F2 D R2 F' L' F2 U' B2 L' B U' F2 L2 D2 F2 R2 D2 [14+6] (20f) 0.06
B U B R' F2 U2 F L' D2 L2 B2 R B2 U D2 F2 R2 D2 R2 [14+5] (19f) 0.03
U2 F' U R L2 F' D R B L2 B' D' B' F2 L2 F2 L2 U2 R2 U2 [13+7] (20f) 0.03
F2 U2 F R' U L2 B' U F R F' L2 B' D U2 D2 F2 B2 R2 U2 [14+6] (20f) 0.05
R' B' U F U2 L' D F' U F R2 D B2 D' U2 R2 D2 L2 B2 L2 [14+6] (20f) 0.12
U' R2 L B R' F' L' D R L2 F D' B' R2 F R L2 U2 D2 F2 [16+4] (20f) 0.61
D' F' R2 F2 R' B' D B U2 R' U R2 U L2 D2 F2 L2 B2 L2 F2 [13+7] (20f) 0.04
L' F B2 L B' R' B2 L' U2 L2 U L F D' L B2 U2 R2 U2 D2 [15+5] (20f) 0.08
F2 L2 U' L2 F' R F2 U L U' B L' F L' U F2 B2 U2 L2 [15+4] (19f) 0.06
F2 L' U2 D' R F U2 L2 D' F R2 L F L' F2 R2 B2 U2 L2 D2 [14+6] (20f) 0.04
F2 L U2 D L2 U2 D2 L D L D2 B' D B2 R2 U2 B2 L2 D2 R2 [13+7] (20f) 0.05
U' R B R U F' B2 R D R L U2 L2 U R2 F' L2 F2 U2 [16+3] (19f) 0.26
D' L' F R' L' U2 B' R B2 L2 B2 U D2 B' R U2 B2 R2 F2 B2 [15+5] (20f) 0.37
D F' R' B2 R' L B2 R D' B U' F L D' R2 B2 D2 R2 [14+4] (18f) 0.06
U R' D' R2 D2 L F' L2 D B L' U' B R L R' L' F2 R L [15+5] (20f) 0.10
F' B2 D2 R B R D' B R U B D' B2 U' R2 L2 B2 L2 D2 F2 [14+6] (20f) 0.02
F2 D2 F2 D L2 D L2 F' U B R F U2 D2 L B2 U2 D2 L2 F2 [15+5] (20f) 0.11
U' L D2 F2 R' U D2 R' B U' B2 D' F' U' D2 B2 R2 L2 D2 L2 [14+6] (20f) 0.01
L2 U2 B L' U' B' D F' D' L' F' B R' U L2 B2 R2 U2 D2 F2 [14+6] (20f) 0.00
U' F B2 L D F' D' F D2 F' R F' L2 F' D R2 D2 F2 D2 L2 [15+5] (20f) 0.12
D B' R2 B2 L D2 F' U D B2 L B R2 B F2 R2 U2 B2 R2 [14+5] (19f) 0.07
D' B D' B2 L F' L B U' B R' D' F' R U2 L2 U2 B2 L2 [14+5] (19f) 0.04
L2 U' F' R' L' B' D F2 D F2 D2 F D2 L R' L U2 R' L' U2 [14+6] (20f) 0.02
L2 U' F2 U' F' U' R2 B D L2 F' L B U R2 F B L2 F' B [14+6] (20f) 0.05
R' F2 L2 F D' F2 D2 R' U' B D F L2 F R2 U2 L2 D2 R2 [14+5] (19f) 0.04
B2 L2 B' U' L B' D L2 F2 R2 F' R' D B' R2 L2 B2 R2 F2 D2 [14+6] (20f) 0.09
L' B' L' D2 R' F D L B U2 F' D R F2 L' B2 L2 D2 B2 R2 [15+5] (20f) 0.22
F2 U' D R L' F L D2 L D2 R2 B' D R2 L2 D2 R2 F2 B2 D2 [13+7] (20f) 0.02
L' U' L2 F D2 B2 R2 L' D' R D F R D2 F2 U2 R2 F2 L2 U2 [13+7] (20f) 0.01
B' D' R2 L D' B D' L U' R2 F R' U D B2 L2 F2 R2 U2 D2 [14+6] (20f) 0.07
R U' F2 U2 B' R' D' B' U B' D R' D2 L B U' L2 D2 F2 L2 [16+4] (20f) 0.62
B R2 U F R' B U' R L U2 R U R U' D' L' D2 L2 B2 R2 [16+4] (20f) 1.07
R' U2 L D2 F' D2 F2 L2 B D L' F' B2 L2 B2 D2 F2 B2 R2 D2 [12+8] (20f) 0.06
D B2 L F D2 B2 U' L2 D2 L' F2 B' D2 L' D U2 L2 D2 L2 B2 [15+5] (20f) 0.20
B' L D' R' F2 B' D' B2 L F L' U R2 U F' B U2 R2 F B' [14+6] (20f) 0.06
D L' D2 F2 R2 U' R' F2 R' B' D2 F U R B' D2 F2 R2 B2 L2 [15+5] (20f) 0.12
R D' R B2 L B' R2 B2 R' D L2 F' L' B' R' L F2 U2 R L [14+6] (20f) 0.03
U' D' R2 D2 L U' F R' D' F' L2 U' R' F' U2 R2 B2 L2 U2 B2 [14+6] (20f) 0.07
L2 F' B2 U2 L' B' R B' U2 D2 B U' B D L B2 R' L U2 [15+6] (19f) 0.10
U D2 B L F B' R2 L F' R B' U' R2 F2 U' B2 R2 L2 U2 R2 [15+5] (20f) 0.20
D' R B' U' R D' L2 D' R' D' L' D2 R2 U R F2 L2 B2 U2 L2 [15+5] (20f) 0.33
F2 D2 F B2 R' B' L' B U' F' R' F' U B2 U F' L2 U2 F2 [16+3] (19f) 0.68
F2 D' F2 L' B2 R2 F' L' F R F2 U R U D2 R2 F2 D2 R2 F2 [14+6] (20f) 0.05
U R' D2 F2 U R F B D L' F2 R U R' D L2 D2 L2 F2 [15+4] (19f) 0.21
L D' L2 U R' U2 R' F B L2 B2 R' F2 L B U2 B2 U2 R2 F2 [15+5] (20f) 0.17
L' U' F2 U2 R B L2 U2 B' L U' D2 L B2 L2 B2 U2 R2 U2 [13+6] (19f) 0.03
F2 L2 U2 B' D L2 F2 U L2 F2 R' F R2 F' U' D2 R2 F2 U2 R2 [15+5] (20f) 0.07
L' U R B2 R' B2 R' D2 R' U2 B' L2 D F2 U D R2 F2 U D' [13+7] (20f) 0.06
B' U R' B2 D L' D F B D' F2 U B D' F2 D2 R2 F2 R2 [14+5] (19f) 0.09
R U' B' D' L' D2 F2 U L2 D2 L B' R U F2 R L U2 R L' [14+6] (20f) 0.05
F2 B2 R B R F' R L2 U R U2 D R' U2 F2 B' D2 R2 F B [15+6] (20f) 0.06
D2 F' B' L2 F2 U' B' L' D' L2 F2 D L' F' R F2 L2 F2 [15+3] (18f) 0.18
L' U' B2 D' L' F' U2 L F L2 B L' B U2 L' F2 L2 U2 L2 B2 [15+5] (20f) 0.23
B2 L B2 D R2 D2 F U' D' F' L2 U L2 U2 B2 R2 L2 U2 D2 [12+7] (19f) 0.06
L2 B' L2 F D2 B2 D B2 L' F' B U2 D L' F2 U2 B2 U2 F2 L2 [14+6] (20f) 0.06
F2 U2 F B L' U' B D F U' F' R2 B' D2 R U2 D2 F2 U2 B2 [15+5] (20f) 0.05
B D B2 L' F2 R D2 R' U' F2 D' R' U2 D' F' R2 B2 L2 [15+3] (18f) 0.29
U R F2 R2 L B2 R' B R U F2 R' U2 R' D B2 D2 R2 B2 D2 [15+5] (20f) 0.18
R L D B D' B' U R' L2 U' B' L B L F' D F2 D2 R2 U2 [16+4] (20f) 0.20
F2 D L D2 F B' R2 U2 R2 L' U L2 D R B2 D' L2 B2 L2 B2 [16+4] (20f) 0.54
D2 F' D2 F' R F U L2 F B2 R F' B2 D' B2 R2 F2 B2 U2 B2 [14+6] (20f) 0.07
D2 R' B2 R2 L F2 D F L' F2 D' L2 F' L' D2 B' U2 F2 R2 D2 [16+4] (20f) 1.56
B R2 D' R B' R' F R2 F' B' L2 F D' R' U B2 U2 R2 B2 D2 [15+5] (20f) 0.18
F' U2 L' D2 R' U' F D F2 U L2 F B L' U2 F2 U2 B2 L2 [14+5] (19f) 0.06
B2 U2 B' L2 B2 R' B U' R L2 D' B D' F' D2 F2 D2 B2 L2 [14+5] (19f) 0.08
L2 F U2 R2 D' F2 B' R B' R D2 R2 F' R' B2 U2 B2 R2 F2 U2 [14+6] (20f) 0.03
L' D' F2 B D2 B' R B' R F2 U' L' U' D2 F R2 D2 L2 D2 R2 [15+5] (20f) 0.16
U2 D2 L2 U2 F' D' F2 R B D F2 R2 B' R' L F2 B2 D2 F2 B2 [15+5] (20f) 0.21
R U2 F' U F' B2 D' R B L F2 D R' B' D2 F2 L2 B2 R2 U2 [14+6] (20f) 0.05
L2 B D B U2 L2 F R2 F' R D' F B2 R L B D2 F2 D2 L2 [16+4] (20f) 0.81
R L' U' L B L' D2 B L D L2 B' D2 R' D2 F D2 L2 B2 [16+3] (19f) 0.22
U R' D L F' L' F R' F B R2 F2 R' U F2 U2 D2 L2 B2 [14+5] (19f) 0.02
F' R F' D2 F' B2 L D2 R D' L2 F' D' B U2 L2 U2 L2 B2 D2 [14+6] (20f) 0.02
R B' R' L' D' R F B D2 F' B D' B R' U2 R2 F2 U2 F2 L2 [14+6] (20f) 0.04
D2 B2 L2 U D2 F2 B2 R F2 D R F B2 U2 R2 U2 R2 F2 U2 F2 [12+8] (20f) 0.06
U2 R2 L F' U' L' U R U F L U' L F U' L2 D2 L2 F2 R2 [15+5] (20f) 0.20
L2 B2 D2 F2 U' L' U2 R' D B D' L2 U L2 U L2 F2 U2 B2 U2 [15+5] (20f) 0.15
L2 D R B2 R2 B' L U' F L2 U' L U2 F2 L' B2 D2 L2 D2 R2 [15+5] (20f) 0.07
F' D2 B2 L' F R U F' D L2 D2 L D L2 U2 R2 F2 L2 B2 R2 [13+7] (20f) 0.03
L2 B' L' B2 R D' L F' D2 B' L' D' F D2 B R' B2 R2 L2 D2 [16+4] (20f) 1.00
D2 F2 L U R2 D2 B L2 D' L F U2 D2 B L' B2 U2 F2 B2 [15+4] (19f) 0.21
R D2 B2 R' L' D2 B D2 F2 B2 D B' L2 U' B2 L2 B2 L2 [14+4] (18f) 0.04
L' U2 L' U2 F' B2 U D F U' F' L' F B R2 U2 F2 U2 D2 R2 [14+6] (20f) 0.06
B2 R2 B' D' B2 L U2 R F B' R' D B' D2 B' F2 L2 F2 L2 U2 [15+5] (20f) 0.24
U' L' F' L D2 B U2 F L' D' L2 F2 D2 B' U2 R2 D2 [14+3] (17f) 0.02
D R2 U2 D' F' R' D2 F2 D' F R' U D' B' D B2 U2 R2 F2 D2 [15+5] (20f) 0.12
L' U F U L2 B' R2 B2 R' U' D2 R' L' U' L R2 F2 U2 L2 F2 [15+5] (20f) 0.05
R' U2 D F B' L' B' D' R' U' R2 L2 F2 U D2 F' B L2 F B' [14+6] (20f) 0.03
B D F U R' B2 L' U2 R B2 R' D R' L2 F' U2 R2 F2 L2 [15+4] (19f) 0.14
B' L D' L U' R D' L2 U' R' F R' B' F2 U D' B2 U' D' F2 [13+7] (20f) 0.08
F2 B R2 B2 U' L2 F L2 F R2 F R2 D' R' F2 L2 B2 U2 B2 [14+5] (19f) 0.02
R2 B' D L D' B2 L B2 R' F' B U' B L B2 D2 R2 D2 R' L' [14+8] (20f) 0.04
F2 R L' B' D2 L2 U R2 L' D' R F2 R' B2 U R2 B2 L2 [15+3] (18f) 0.06
L2 U D' R D F D' B D F D B2 R' B2 D' F B L2 F' B' [15+5] (20f) 0.04
D' R D' R U2 L' D2 B R2 U R B R D B2 R2 F2 R2 [14+4] (18f) 0.04
U' R B2 D' F L' F B2 U2 D' R B' R U' L2 U D' F2 U D' [14+6] (20f) 0.05
B U2 R2 F R' F' R2 F2 D' F L' D R D2 B2 L2 U2 R2 [13+5] (18f) 0.02
D R U' R2 F' R' L F D' B2 L2 D L U F2 R2 L2 D2 R2 D2 [14+6] (20f) 0.06
U' R2 L' U2 D F R' B2 D2 R' B' L' U' R2 B' D2 F2 R2 F2 B2 [15+5] (20f) 0.07
D' R F R D2 L2 B D B R2 L' U2 D' R D2 R2 B2 L2 F2 D2 [14+6] (20f) 0.06
L2 D' R2 F2 D R2 B2 R' L F' R2 D' F' R2 U' B2 D2 F2 U2 L2 [15+5] (20f) 0.07
U' D2 F L' U' B U' R' U2 R L2 F D' L' D2 L2 D2 L2 B2 R2 [14+6] (20f) 0.03
L2 U' F2 L2 F' U2 R D' B U L2 F2 U L B F2 R2 B2 D2 L2 [15+5] (20f) 0.06
L D L D2 B2 U' R' D R' F2 D L' F' R2 U2 R2 U2 R2 F2 B2 [13+7] (20f) 0.06
B U' R2 F2 R F' R' U2 B2 R2 D L U' F' D R2 F2 B2 L2 U2 [15+5] (20f) 0.19
L2 B2 R D2 B R F L' U F' U F2 R B' R2 L2 B2 R2 B2 U2 [14+6] (20f) 0.03
R U B2 R F2 B R2 F2 L2 D R' L' U' F2 L2 F2 U2 R2 B2 D2 [13+7] (20f) 0.06
L' U F R2 B U2 R' B' D' L' F U2 L2 D B F2 L2 D2 F2 R2 [15+5] (20f) 0.08
F' L D2 B' D2 B D L2 B' R2 F2 R' D R2 U L2 U2 F2 D2 [15+4] (19f) 0.19
R' B R' D F2 U2 F2 D B D' F2 B2 R' F2 U2 F2 B2 U2 L2 B2 [13+7] (20f) 0.03
L2 B L F2 R B' L2 U' L' B' R2 D2 R2 D B' R2 L2 B2 R2 U2 [15+5] (20f) 0.11
F B2 L2 F L' D' R' F2 U L' D R2 D U2 R2 U2 L2 F2 R2 L2 [13+7] (20f) 0.02
U2 R2 B2 R' F' D2 R2 F' B' R' U D L B R2 F B' D2 F B [14+6] (20f) 0.02
U' B' D2 R2 F L' U2 B D L2 F' U' B' R' U2 L2 D2 F2 B2 L2 [14+6] (20f) 0.04
R F U' L2 B2 U' R2 F' R2 U L' F R2 U' F2 R2 B2 L2 U2 [14+5] (19f) 0.02
F' U F2 B U2 R U2 L F' U' L D F' L F2 B2 L2 U2 [14+4] (18f) 0.05
R2 U' R2 F2 U' F' U' F2 D' R U F' R' B L' R2 F2 U2 D2 B2 [15+5] (20f) 0.19
F2 B' R' U R' F' B2 R' L F' U2 R B L' D F2 D2 R2 F2 R2 [15+5] (20f) 0.11
F2 L U B2 L2 F' D' L' D' B' L F2 U2 D' F U2 B2 L2 U2 R2 [15+5] (20f) 0.09
F2 R2 B R L2 F B' D B2 U' B' L2 U L F' R2 F2 R2 D2 [15+4] (19f) 0.09
U' R' L' B2 D L U R D' F' L2 B2 U' D R B U2 F2 L2 B2 [16+4] (20f) 0.30
R' B' L' U D2 R D' F' U' L U' F' B2 D' F2 R2 D2 R2 U2 [14+5] (19f) 0.05
D2 F2 R2 F' D' R2 D2 R F U B2 D2 R' L2 B R2 U2 F2 L2 U2 [15+5] (20f) 0.23
U' L2 U2 R D' R L B' U L2 U2 R F D' R2 U' D F2 R2 [14+7] (19f) 0.07
F D' L2 U B' L' U' L' D' B R' D' L D' F2 L2 B2 L2 D2 [14+5] (19f) 0.09
U R' F2 L2 F2 R' F' R U' B D R2 B R2 U B2 R2 F2 B2 U2 [15+5] (20f) 0.17
D2 B2 R' D L' F' U L' F2 R L' U' F U R2 L2 U2 F2 R2 D2 [14+6] (20f) 0.03
L' D L2 U' L B2 U D2 F2 R F L U2 R' U' B' F2 L2 D2 R2 [16+4] (20f) 0.82
U D' B2 L U' R' F D' L2 B2 U D' R' U2 F2 L2 D2 F2 L2 D2 [13+7] (20f) 0.07
R F' R2 D' B' L2 F2 U' B2 U L U R' F L2 B2 R2 B2 U2 R2 [14+6] (20f) 0.05
U' F' D' F' D2 L' U R' F R2 L' U' L2 D' L' B2 U2 L2 U2 D2 [15+5] (20f) 0.09
U' R' U2 F' D L U B' L2 B L' D2 L B' L' U2 B2 R' L [15+6] (19f) 0.08
D2 R2 B2 L F2 D2 F' D2 R F2 U B D R' B2 L' R2 U2 R2 B2 [16+4] (20f) 1.33
R L2 D L2 B' U' R' F L' B' D2 B2 L' U D F2 U' D F2 B2 [13+7] (20f) 0.07
F2 R2 U L2 D' R D' B U' L' U2 B2 U' F B' U D2 R2 U2 L2 [16+4] (20f) 0.42
U2 R2 D' B2 U F L D2 B D2 F' U' B2 R' B2 R2 U2 D2 F2 [14+5] (19f) 0.06
F L2 D R U2 F U R2 F' L D R' B' U' L' F2 U2 D2 F2 [15+4] (19f) 0.27
L' B' L' U' R' F2 D' B' U D' F2 D2 R F U' R2 D2 B2 R2 F2 [15+5] (20f) 0.08
D2 F L' U' F L' F2 D2 L F' U F' R B2 D U2 R2 L2 B2 R2 [15+5] (20f) 0.25
L2 U F' U2 F' R L' F2 U R B2 U F2 D F2 D2 F2 B2 R2 U2 [14+6] (20f) 0.04
U F D L' B L2 U B' R L' D' F2 B2 D R2 D2 B2 R2 U2 F2 [14+6] (20f) 0.07
R F R' D' R D2 L' U2 R2 L F' R2 U2 L' U L2 B2 D2 L2 U2 [15+5] (20f) 0.09
L' U' F2 U' L U R B2 L F' D2 F2 R D' B' U2 R2 B2 R2 F2 [15+5] (20f) 0.05
U' D R2 F2 B L U2 B U' R B U2 B R U F B D2 F' B [15+5] (20f) 0.13
L2 U' F2 R' L B' U' L B R2 D2 R2 B2 D B' L2 F2 B2 D2 L2 [15+5] (20f) 0.08
F2 D2 B' U2 D' R D2 R' B' L2 U' B' L2 U' F2 D2 F2 B2 L2 [14+5] (19f) 0.02
F' R U' D2 L2 D' B' D' L2 F D' B2 R L F' R2 L2 U2 L2 [15+4] (19f) 0.10
L2 U2 L' F' U D' R2 U2 D2 L U' F D2 B' L D2 R L F2 D2 [15+7] (20f) 0.04
U' B R F' U2 L' F' B' U F' R D2 R U' L B2 L2 F2 U2 F2 [15+5] (20f) 0.06
L2 F2 R2 F' U2 F2 L F D R' U B' U2 D F' R F2 U2 L2 B2 [16+4] (20f) 0.33
R2 D B D2 R D2 L B2 R2 F' D' B' U B' F2 L2 B2 R2 U2 F2 [14+6] (20f) 0.02
R F2 L' U' L2 F L D F U2 B D' R2 F' L R2 L2 F2 B2 D2 [15+5] (20f) 0.18
U' F B2 R' L F2 R' D' B' R' B2 U' B D' F D2 R2 D2 F2 U2 [15+5] (20f) 0.07
D' F U' D' B2 R F D2 L' F' U F' D R' U2 B2 D2 B2 R2 F2 [14+6] (20f) 0.05
U2 L' U' F D2 F' B D F R' D2 F U L D' B2 U2 D2 R2 B2 [15+5] (20f) 0.16
R U2 D' R F' R B' D2 B' R' B2 U F B' L2 F D2 L2 F2 R2 [16+4] (20f) 0.46
U' L2 F' U D L2 D B' R2 L2 B' R L F D' F2 R2 U2 R2 L2 [15+5] (20f) 0.06
F2 B L2 F' U2 D' B2 D' F' L' D2 F B U R U2 L2 U2 L2 B2 [15+5] (20f) 0.12
R' U' F' B D2 R U' R2 U F' D2 R2 F D2 R2 D2 L2 B2 R2 F2 [13+7] (20f) 0.05
D F2 B' R B D2 F2 B U2 B2 L2 D' L U2 B U2 B2 L2 D2 B2 [15+5] (20f) 0.15
B' D' L' F R' L2 F R L2 U' R L2 F' D' B F2 D2 B2 U2 R2 [15+5] (20f) 0.44
R L' D' B2 R2 D2 F' B2 L B L2 B D' B' R U2 B2 D2 R2 B2 [15+5] (20f) 0.06
B2 D' L U D2 L2 F B U2 B2 U L' F2 B R' U2 D2 B2 D2 B2 [15+5] (20f) 0.20
U' L F B L2 U' B' L B' L F' D2 L' F' L' D' L2 F2 L2 [16+3] (19f) 0.42
R F2 L2 D F B2 L2 B' D R2 F' R2 L F2 R' U' B2 D2 F2 R2 [16+4] (20f) 0.96
U D2 B R2 U L D R B' L2 U' F L F' R' U2 L2 U2 L2 [15+4] (19f) 0.14
U D L U2 D' F2 U2 F' U R2 F R U2 F2 U2 F2 D2 B2 U B2 [13+8] (20f) 0.04
R2 U' D2 F2 B' L B' L2 F2 U' L2 U L D' F B2 D2 R2 D2 [15+4] (19f) 0.15
U' L2 B' R U' F2 R' L' F R2 F2 D B L F U2 L2 F2 D2 F2 [15+5] (20f) 0.07
D R' F' U L' B2 U2 D F B2 D L2 F2 R' U' F2 U2 B2 L2 B2 [15+5] (20f) 0.10
U' R' L' U2 B U' B' U2 B2 D F' B L2 D2 F' L F2 U2 D2 L2 [16+4] (20f) 0.34
L' F L U2 R' L2 B2 U D' R' F2 U2 F L D' B2 U2 L2 U2 D2 [15+5] (20f) 0.12
R' U R' D' F2 R B2 D R2 D2 R' B U D R2 U D' R2 U2 [12+7] (19f) 0.01
R U' L' F2 U' R L2 D' L2 B U' D L F' B2 R2 F2 U2 B2 [14+5] (19f) 0.01
F L2 U' F U' L2 D R' F B U F D' B2 U2 B2 U2 R2 F2 R2 [13+7] (20f) 0.05
D' R2 D' F' R L' D B' R' U F2 D' F2 R' F' U2 R2 B2 R2 [15+4] (19f) 0.18
U' R U2 B D R D F U D2 L' D2 L B2 D B R2 L2 U2 R2 [16+4] (20f) 0.34
B' U' F2 B2 R U D' R2 F U' F' U' R2 F U2 F2 D2 F2 U2 F2 [14+6] (20f) 0.12
R2 L B U R' U R2 F' L2 D' F B2 L F2 L2 F2 U2 F2 B2 L2 [13+7] (20f) 0.06
U R' L2 D' F' L D2 L' U2 B R' B U' L U2 F2 R2 L2 U2 F2 [14+6] (20f) 0.06
U F' D2 L F' L D F L F B L B R2 L2 B2 D2 R2 U2 R2 [13+7] (20f) 0.06
R2 F' B' U2 D2 R' B L' U' F' U2 D2 R U' F U2 L2 U2 L2 D2 [15+5] (20f) 0.15
R L2 U L' F R2 L' B' L2 U F' L' D2 L' F2 D U2 R2 B2 R2 [16+4] (20f) 0.30
U' F2 U R' F' U' R U L B2 R' D2 B R' B D2 R2 U2 L2 F2 [15+5] (20f) 0.10
L2 D L' D2 L U L' B R2 U2 F' B U B2 R F' R2 D2 B2 L2 [16+4] (20f) 0.37
D R' D2 L' B2 U' F2 L B' R D' B L' F D F2 U2 F2 B2 L2 [15+5] (20f) 0.24
U' F B2 R F L' F' D2 B' R2 U2 D2 R' U' R2 F2 R2 D2 R2 F2 [14+6] (20f) 0.07
R2 L' B2 D2 R' F U2 B2 R' U2 F L' B U F' R2 B2 D2 R2 F2 [15+5] (20f) 0.13
L2 F L2 F U F B' R' L2 U2 D B2 D2 R' D' L2 D2 R2 U2 F2 [15+5] (20f) 0.06
U2 L2 D' F' R2 B L F D' B2 R F' L U R2 F2 D2 L2 [14+4] (18f) 0.05
R2 D' F2 U2 B' U L F R' D R L' F L B2 [14+1] (15f) 0.04
L2 U2 D' R2 U2 F' R' U' F2 U B2 U' R L B2 U D L2 U' D [14+6] (20f) 0.04
U' F' U R U F' U F R D L2 U2 L D F2 D2 B2 R2 B2 [14+5] (19f) 0.04
L U B' U' F B2 D F B2 L B R D' L' R2 F2 R2 L2 D2 B2 [14+6] (20f) 0.04
U2 L' U' R2 U' R L2 B' U' R U2 R' U2 F' U2 B2 L2 D2 F2 U2 [14+6] (20f) 0.06
U' L F2 B2 U L U2 D B R' U' R2 L2 D L2 F2 D2 L2 U2 D2 [14+6] (20f) 0.02
U R B2 D R' D F2 U' B' R' U2 F' D' F U2 B2 U2 B2 R2 D2 [14+6] (20f) 0.07
R2 B U L2 D B R' F U R' U R L2 F L2 F' B' R2 F' B [14+6] (20f) 0.07
D B2 U' D B R U' R2 L' F2 B L2 D' F R2 B2 D2 R2 U2 [14+5] (19f) 0.07
D F2 R U2 F' D' R2 B D F2 U' D' B' D' L2 F2 R2 L2 D2 [14+5] (19f) 0.07
R U D2 R L D' B2 D' B' D F' L2 B' D2 F2 L B2 R2 U2 R2 [16+4] (20f) 0.43
B2 D' R' F U' L F' L2 U D' L2 F U' D' B' R2 L2 D2 B2 U2 [15+5] (20f) 0.18
B2 L' U2 R F U R' B' R2 B' R2 D B2 L' B2 R2 [14+2] (16f) 0.05
L2 U F2 B L2 U D L' F' D' B2 R' D F' U2 D2 F2 L2 D2 B2 [14+6] (20f) 0.05
U R F2 U' D2 R' L U' F' R B D' L D' B2 U2 F2 D2 L2 B2 [14+6] (20f) 0.02
B L2 F' B U2 F U L' F R' B D2 L2 F R2 B2 L2 B2 R2 D2 [14+6] (20f) 0.06
R' D' R2 L F' R' B2 D2 L' D2 B' D F R2 U' R2 B2 D2 R2 D2 [15+5] (20f) 0.10
F U' L2 B' U' F U2 R2 F2 L B2 U L' U' D2 F2 U2 F2 L2 B2 [14+6] (20f) 0.08
U2 B2 L' U2 B L2 B2 R' L D2 L' B2 U B R' L' F2 R' L' F2 [14+6] (20f) 0.13
D' L2 B' D L' F R' L' B' D R U2 F2 D U2 R2 B2 D2 B2 R2 [14+6] (20f) 0.08
R D' B' L2 D R2 D' R' L D' F' B' R2 L' B' U2 L2 F2 U2 F2 [15+5] (20f) 0.05
L2 F R F B' L F' U' D' R' F2 U R2 F' R2 B L2 B2 R2 L2 [16+4] (20f) 0.42
D' R' F U B' U R2 L' F' L2 F2 R' F' B2 U R F2 U2 R2 F2 [16+4] (20f) 1.36
U' B U' B' D' B' L' U' D' R2 B' D2 R B L2 U2 R2 D2 B2 L2 [14+6] (20f) 0.04
F2 R' D F2 D F2 R' U2 D2 F' U2 B D F U2 L2 U2 F2 L2 F2 [14+6] (20f) 0.06
F U2 D' R' F' B' L B2 U' D' R' D R' F' U2 L2 D2 R2 D2 B2 [14+6] (20f) 0.07
F' D R' B' D2 R D L U L2 U2 F' U' B' L' F2 R2 B2 U2 B2 [15+5] (20f) 0.10
D' R B' R' D' F U B' L' U' D F2 L' U2 F2 R' L' U2 D2 [13+8] (19f) 0.04
L B R2 U B2 U2 D2 F' D L B R U L' F2 R' L' F2 D2 F2 [14+8] (20f) 0.05
L2 F' B2 D' F2 R2 L2 F' D' F U R L2 B2 R' U' D' R2 U D [15+5] (20f) 0.12
D L' D R' F B2 R B D F D L B2 R2 U2 L2 D2 F2 D2 [12+7] (19f) 0.06
L2 F U L U' B D' L F U2 D2 R' L2 U' F2 R L2 U2 [16+2] (18f) 0.39
L2 D B2 R2 L B' R U' L' F2 B2 U' B L B2 R L B2 D2 [14+7] (19f) 0.07
L' D F R2 L' F' L2 U2 B2 R2 U' R F2 B D2 R2 F' B' D2 R2 [13+8] (20f) 0.07
R B L2 D L' F D' B R L2 U2 D' R' U2 B2 R2 B2 R2 D2 F2 [13+7] (20f) 0.03
B' U2 L2 D' F' U' L' B' R2 D B U' R2 B F2 D2 L2 D2 L2 [14+5] (19f) 0.15
B2 R' B D' B' R' B2 R2 D F2 B' D' L U' F' R2 B2 R2 U2 R2 [15+5] (20f) 0.27
U' L2 U B U F' B R U2 L F' U' R' U R2 L2 D2 B2 R2 B2 [14+6] (20f) 0.03
B' U2 F' L B U2 L2 F2 B' R' L2 B U2 B2 R2 L2 D2 F2 B2 [12+7] (19f) 0.05
U F B R U B' R F' L' B2 D' R D L' F B' U2 F B' D2 [14+6] (20f) 0.07
L' D' R' D' R' D R F2 L U' F B L2 D2 L F2 R2 B2 L2 F2 [15+5] (20f) 0.13
R2 D' R' F R2 D R U2 D B L' B U2 R L' B2 U2 F2 U2 L2 [15+5] (20f) 0.29
R2 U R2 U' F U' R2 F' B' U F' D2 R' U B2 R' U2 F2 U2 D2 [16+4] (20f) 1.08
U B' R' L2 U2 R2 U L U' B2 R' D F U L2 U2 F2 D2 F2 U2 [14+6] (20f) 0.05
R' L B' U' L2 U' F' U2 B' L B R2 L' D B L2 F2 B2 U2 F2 [15+5] (20f) 0.33
R L2 D2 L' D L' F' U' L' F2 L' B2 L2 U R L' U2 R' L' [14+5] (19f) 0.06
R2 L' U L' U R' L B U F2 D2 B2 D' L2 F U2 R2 B2 R2 F2 [15+5] (20f) 0.11
U' R D2 R B' R' F' R U L2 B2 D2 F2 R' F U2 B2 D2 R2 U2 [15+5] (20f) 0.08
F2 L' D2 L2 B' L' B2 L' U R' L' B' D F B U2 B2 R2 D2 L2 [15+5] (20f) 0.07
F2 U R2 F' D2 R' B2 R' U R' D' R2 B' U' F' U2 R2 B2 L2 B2 [15+5] (20f) 0.08
D R L F2 R' U2 F' R U2 B U R' F U D2 L2 B2 L2 B2 [14+5] (19f) 0.02
F R F2 R2 B2 U' L' D' B2 U D' L B' U D2 F2 D2 L2 U2 R2 [14+6] (20f) 0.08
U2 F' R B U' B2 L2 U B' L F' L D R2 B2 U2 L2 U2 R2 F2 [13+7] (20f) 0.01
F2 D' B U2 R' U2 L2 B D F2 D2 L' U2 L U' B' L2 B2 U2 R2 [16+4] (20f) 1.14
F2 D2 R2 F' D' F' D2 L' F R U2 D' F' L U2 B2 D2 L2 B2 R2 [14+6] (20f) 0.03
D B D2 R2 B U L' B2 R2 F R U' L F2 U' D2 B2 R2 F2 B2 [15+5] (20f) 0.11
R D2 R2 D' L B D2 B2 U F' D' L' F U D' U2 F2 L2 D2 L2 [15+5] (20f) 0.13
F2 L D F L F R2 B D2 L U' F2 L' F U' D2 F2 U2 R2 D2 [15+5] (20f) 0.05
D2 F2 L2 B2 R' F2 U B L' B U B R' L2 B' R2 U2 B2 R2 F2 [15+5] (20f) 0.47
D2 R F B2 L2 B2 U' R' U2 F2 D B U D' R F U2 R2 B2 L2 [16+4] (20f) 1.84
R' D L F U' B U R D' R' U2 L U' F2 D2 L2 U2 F2 U2 F2 [13+7] (20f) 0.08
D L2 U' L' U2 F2 U B' R2 U' L' B2 U F D U2 F2 U2 F2 [15+4] (19f) 0.10
B R D F' D R' L' U2 F L' F2 B' U' L' U' B2 D2 F2 R2 F2 [15+5] (20f) 0.32
F2 L B' U R' U2 F R F2 U' D B' L U' L' B2 D2 R2 U2 L2 [15+5] (20f) 0.07
U R D2 B L' D B U F' R2 F' D2 B' U' R' L2 B2 R2 F2 D2 [15+5] (20f) 0.14
D2 R U2 D2 R B2 L' D' F' B U2 L U' B D' R2 L2 F2 R2 D2 [15+5] (20f) 0.15
D B2 D' B' U L' B2 R2 D2 F R L' U B2 U2 L2 B2 D2 R2 D2 [13+7] (20f) 0.06
B R L D' L U F B D' R F B' D2 B2 R2 U2 D2 F2 [12+6] (18f) 0.06
F2 U2 F R B' R' U' F' D' L2 B2 L' F L' D' R' B2 R2 L2 U2 [16+4] (20f) 0.68
L D' L2 D F2 R L B' L F B U' L' U2 B' L' U2 R2 B2 D2 [16+4] (20f) 3.22
U' D2 F U2 L B2 D2 L' B R B D2 F' U L U2 R2 B2 U2 L2 [15+5] (20f) 0.07
U' D F R D R F2 U B' D2 R' D F' U R' U2 R2 U2 F2 B2 [15+5] (20f) 0.04
R B U F' U R2 U R2 F U2 B D2 L B2 L2 U2 L2 U2 F2 L2 [13+7] (20f) 0.04
U' D' L' U2 B2 U2 B2 R F' L' B2 D' B L R L' F2 B2 R' L' [14+6] (20f) 0.02
R U R F' U2 F2 U B' D L' F2 B' U2 L B' L' B2 L2 D2 B2 [16+4] (20f) 0.37
D2 F R2 D R' L D' F R' B' D' F2 L2 F R2 L2 D2 F2 L2 U2 [14+6] (20f) 0.06
F U' L2 B' U' R D' L' B' D2 F' L' B2 U D' B2 R2 D2 [15+3] (18f) 0.20
L' U R2 U' R2 L' F B R F2 D F B R U2 F2 R2 U2 L2 U2 [14+6] (20f) 0.06
F R2 B' U R2 L2 U B2 L2 U L B' D F U2 F2 U2 L2 F2 [14+5] (19f) 0.04
L D R L2 B2 U F' U L B R U R2 L D' F2 U2 F2 U2 F2 [15+5] (20f) 0.21
R F' B' L' U2 R U2 D' F' L2 F2 B' L B R2 F2 R2 D2 R2 U2 [14+6] (20f) 0.04
B' L2 B U' F' B' U R F2 B L' F B R2 U' F2 R2 D2 F2 B2 [15+5] (20f) 0.24
F R F2 U' L2 F2 R2 U R' B' L U' D' F' R' F2 D2 F2 U2 L2 [15+5] (20f) 0.29
L2 D2 L F D2 B R U2 F' U2 R B2 D' R2 U R2 F2 L2 B2 L2 [15+5] (20f) 0.11
U' F2 B' D2 R F' B' U2 F R' U' B U F R2 B2 R2 L2 D2 R2 [14+6] (20f) 0.04
L' B' U' F2 R' D2 L2 B' D' B' L D F' U2 B2 U2 F2 U2 L2 B2 [13+7] (20f) 0.07
L2 D2 R2 B' L' B' D2 F R' D' R B2 L' D B R2 U2 R2 F2 [15+4] (19f) 0.05
R2 D2 R2 D' R2 L' F' U' R L D2 B2 R' B U R2 B2 L2 F2 D2 [15+5] (20f) 0.15
F D2 F U2 R2 D B2 R' B2 L' U' B U' D' B L2 B2 L2 U2 B2 [15+5] (20f) 0.31
U' F' D2 F D B L' F D' F2 L' U F' U' R L U2 D2 R L' [14+6] (20f) 0.05
D2 R F L' U B' R L U2 F2 L2 F' D F' B2 D2 F2 U2 L2 B2 [14+6] (20f) 0.07
F' U' R' U B2 D F' B2 U R B' D2 R' D L2 U' D' B2 R2 F2 [14+8] (20f) 0.05
D2 B R B2 U R2 B' U R' F2 U2 B R L R2 D2 B2 D2 L2 B2 [14+6] (20f) 0.08
F' L2 U R2 B D2 R2 D' F' U F' B R' D2 R2 U2 R2 B2 R2 F2 [13+7] (20f) 0.05
L U L2 F' R' B' L' B' R' B2 U D2 B' U D2 F2 U2 F2 R2 F2 [14+6] (20f) 0.06
R' B2 R2 L B' U L' D F2 R2 F2 D' B' R2 L2 B2 R2 U2 D2 F2 [13+7] (20f) 0.06
F' R' U' R2 L' D2 L' D2 B' R2 F' D R2 B' L2 D2 R2 U2 F B' [14+8] (20f) 0.08
R L2 B2 L2 D' F U' F' D F B R F B2 L R2 U2 R2 L2 U2 [15+5] (20f) 0.06
U' B' U2 F' D' L F2 B' R F U2 R' F L' U D2 R2 U2 L2 F2 [15+5] (20f) 0.16
L2 F' R2 L' F' R2 B' D' F' L D2 R2 U R' B F2 L2 D2 F2 L2 [15+5] (20f) 0.08
F2 L B2 U R D L2 U' L2 F' R' L U R' B2 R2 U2 D2 B2 D2 [14+6] (20f) 0.03
U F R' U' L B' D F B' L2 F2 D L2 U' F' U2 R2 U2 D2 F2 [15+5] (20f) 0.14
U' B2 R' D' R2 U' F L' F' U R2 U2 F' U B2 D2 B2 U2 L2 U2 [14+6] (20f) 0.07
U' F U L' D' L F2 U2 R L' U L' D F D R2 B2 R2 F2 B2 [15+5] (20f) 0.11
R2 D' F' L2 U' R B2 R D' R2 B L' U' F R' D' F2 B2 R2 U2 [16+4] (20f) 0.89
U' L' F L' U F2 U' B R' D' F' D L' F' B' R2 D2 F' B' L2 [13+7] (20f) 0.04
B2 U' L2 D' L D L' B' L U' D2 B' L' F' D2 R L F2 R L [14+6] (20f) 0.07
F2 R2 B' D' L' F R' U D R' L2 B2 R U F R' L' F2 R' L [15+5] (20f) 0.07
R U2 D L F' B2 U2 R' L' B U' F U2 R F2 U2 R2 D2 L2 [14+5] (19f) 0.07
F' U' B2 D L D2 R L B' D2 L B' L' U D L2 U D' R2 L2 [13+7] (20f) 0.06
L2 U2 B' U2 L' U' F' L U' F2 U L B2 U2 L' U2 L2 D2 F2 D2 [15+5] (20f) 0.10
R D2 B' U L2 U' D' F U2 L' B R2 B U R2 L2 F2 D2 R2 L2 [14+6] (20f) 0.02
R' F2 U2 R2 F D R D2 F2 L' B2 D U2 B2 D2 R2 B2 U2 R2 [12+7] (19f) 0.06
R D' R2 F' U2 B2 R' U' B R F' B' L2 D F' D2 F2 B2 R2 D2 [15+5] (20f) 0.12
R D2 B U' F2 R' U' R L2 U' B' U F' R2 F' B2 L2 D2 F2 [15+4] (19f) 0.07
F' L U2 F' B2 R' L U R L2 B' R2 L' D F' L2 F2 U2 L2 U2 [15+5] (20f) 0.16
D B R2 D L' U B' D2 F' U' F' R B R F2 D2 L2 D2 B2 [14+5] (19f) 0.07
L2 U2 L' U' L2 U B U' F' D2 R F U' B2 U L2 B2 R2 D2 L2 [15+5] (20f) 0.10
F' D2 R' U' R2 U' F L' B' U' F' R' L F R2 U2 R2 D2 R2 F2 [14+6] (20f) 0.05
D B2 D2 F U2 R D L D' L' F' L2 F2 B' L U2 D2 B2 L2 [15+4] (19f) 0.18
R2 U D2 B U2 L' B2 L U2 L D' F B' U' F2 L2 U2 F2 R2 U2 [14+6] (20f) 0.02
U L U' D' F B2 D' F B U' R2 F B' L' F D2 L2 B2 D2 L2 [15+5] (20f) 0.13
L D R2 U F' U B U L' D2 B' R2 F' D' R2 F2 B2 L2 B2 U2 [14+6] (20f) 0.07
U' R F B R' L D R2 D2 F R B2 D' R2 D2 B2 R2 L2 U2 B2 [13+7] (20f) 0.07
R L U2 D' F' D' F' L B U F2 L2 F2 U' R' F2 B2 U2 R2 L2 [15+5] (20f) 0.07
R L D' B L2 F2 R2 B2 L' F2 R B2 D' L' F' L2 F2 D2 L2 [15+4] (19f) 0.05
R B' R' U2 F' B U L F2 U D' F' R2 U2 D F B2 L2 U2 D2 [16+4] (20f) 0.67
L D L' B L2 B U R' L' F D F2 U' L2 D2 L2 B2 L2 F2 D2 [13+7] (20f) 0.09
R L' F' R' F' U' L U2 R2 F U2 F U' B' D' F B' R2 F B [15+5] (20f) 0.05
U L2 U R2 U' F' R' B R2 F2 R2 U' L' U2 R2 B L2 D2 B2 U2 [16+4] (20f) 1.83
R U R2 U F' L' F' U' L' D L U' R' F2 R2 F2 D2 F2 D2 R2 [13+7] (20f) 0.03
R U R' L D2 F' R2 F2 U2 F R2 D R L B' D U2 F2 L2 U2 [16+4] (20f) 0.45
D' R D' F2 B L B' D F' U' B' D B L U2 F2 U2 B2 R2 B2 [14+6] (20f) 0.04
D R U' L' B R2 B R2 B U2 D' L2 U L F R2 U2 L2 F2 D2 [15+5] (20f) 0.08
F2 U F U2 D2 L2 B' L' F' U D' R2 U2 D2 B U2 D2 B2 U2 [15+4] (19f) 0.12
F' D R' F' L' U' R2 F2 L D2 B U2 L2 D' R2 L2 B2 R2 U2 B2 [14+6] (20f) 0.04
F2 U' R' F' B L2 D F2 L U' D2 L' B L2 F' U' D' L2 U D [15+5] (20f) 0.10
B R B U2 L2 U' D L U2 D' B' D2 F' U2 R2 F2 B2 U2 R2 F2 [13+7] (20f) 0.10
L2 F' R2 F2 U' B D' F2 L U' B L U R' U R2 L2 F2 U2 R2 [15+5] (20f) 0.10
R U2 F D2 L' D2 L2 D2 F2 U' B' L2 F' R2 L2 D2 L2 U2 B2 U2 [13+7] (20f) 0.07
U' B' D' F U2 D L' D2 R' L D2 F D2 R D' R L' F2 R' L [15+5] (20f) 0.22
B2 R D B' D2 L' D2 F' U' B' U2 B' R2 U B2 U2 B2 R2 [14+4] (18f) 0.03
L' B D' L U2 R2 D' R2 F L' F U' R2 D' F2 B2 R2 B2 U' D' [14+8] (20f) 0.09
U R' U F R2 L' D2 R F2 L U D' R' F2 L' U2 F2 R2 U2 D2 [15+5] (20f) 0.19
D2 B' U L' F' R2 U' B2 U F U' B2 R' B' F2 L2 U2 F2 D2 F2 [14+6] (20f) 0.06
U R' F R' B' R2 B' U2 D2 R2 F U' R D2 B L2 F2 R2 B2 D2 [15+5] (20f) 0.11
R' D' B D' F2 U R' L2 B' D' B2 L' F B2 D2 R2 L2 B2 U2 L2 [13+7] (20f) 0.06
U' B' L2 B L' U' B2 U L2 D B' L R2 F2 R2 F2 D2 R2 U2 B2 [12+8] (20f) 0.06
U F2 U B' L' F R2 U2 R U2 L2 U F D' F2 R2 B2 R2 B2 D2 [14+6] (20f) 0.08
U' R B D F' D2 R' U R' L' B2 R F' U B2 D2 B2 R2 F2 R2 [14+6] (20f) 0.03
U B L' B2 U' B' L B U R' L2 D R' U2 R2 D2 R2 U2 F2 D2 [13+7] (20f) 0.06
L U2 R D' L F2 B' U2 L' F U L' D R' B U D' F2 U D' [15+5] (20f) 0.30
R B2 D R2 U2 D' B' U L U' D2 F R2 L U' R2 D2 [15+2] (17f) 0.11
L2 F D' R D2 L' B' D' L2 B U R U' R' B2 D2 F2 L2 F2 R2 [14+6] (20f) 0.07
R D' B R D2 R2 U' R D' L D L U' B D2 L2 F2 U2 L2 [14+5] (19f) 0.07
U R U' R2 F U D' R D2 L B' L' F2 R' B L2 B2 D2 B2 [15+4] (19f) 0.14
B2 L B' L' U' F2 R U L F R' U' L' U' F2 B2 R2 D2 F2 D2 [14+6] (20f) 0.07
U' L' B' D2 F' B2 R' U R F2 L' D' L' B2 D L' R2 F2 U2 L2 [16+4] (20f) 0.60
U D' F' U' L' D2 L2 B L' U' F L' U' R F U2 L2 U2 F2 R2 [15+5] (20f) 0.17
D F' U' R' B' U F D L2 U B R' L' F R L D2 R L F2 [14+6] (20f) 0.05
R' L D B U2 L' U2 R2 L' D2 L' D2 F D U2 F2 L2 D2 L2 [14+5] (19f) 0.04
D F' B2 U' L' D B' U B U B R2 F' L2 U2 L2 U2 B2 D2 [13+6] (19f) 0.03
L' D2 R' D B2 R2 D' R2 F U R' D' R' F' U2 L2 U2 D2 F2 U2 [14+6] (20f) 0.06
D F D2 L2 F' L B2 L' D F' B2 D' R F U' D' B2 U D F' [13+7] (20f) 0.05
L2 F R2 F2 D2 L U R' L' U L D L2 U R2 F2 B2 L2 D2 [14+5] (19f) 0.05
D2 L2 U B' R U' L B R2 F' U' R2 L U' D2 B2 R2 F2 B2 U2 [14+6] (20f) 0.06
F' L' B2 U' D2 B2 D2 L' D' R' F2 U' F' U' F L2 B2 D2 [15+3] (18f) 0.17
L B' D F L2 B' D L' F' R' D2 B2 U L' D2 F2 R2 L2 D2 F2 [14+6] (20f) 0.08
R B U2 R' D L U' R' D' F2 L' B D2 F2 R D2 F2 R2 L2 U2 [15+5] (20f) 0.09
B D' R L2 B2 L2 U2 F' D2 B' D R L' D2 B D2 L2 D2 B2 [15+4] (19f) 0.15
U L' D' R L2 U' L' D' F2 B L2 D F' U F2 D2 R2 F2 [14+4] (18f) 0.06
D' F2 B R L' F' R2 U F' L' D2 R2 L D' L R' L' B2 R L' [15+5] (20f) 0.18
R2 L U2 D' B' U' D B' U' D' L' U F2 U' F U D F2 U' D' [15+5] (20f) 0.11
D L2 U2 F' L F L' U' B2 R' L' F B2 L U2 L2 F2 D2 L2 [14+5] (19f) 0.09
F D B R' F' L' B2 D' R2 B' R U' B2 L' B D2 B2 R2 D2 B2 [15+5] (20f) 0.12
D2 F D' F2 U' F2 B' R2 U' R' U' B' U' D L2 F2 B2 U2 R2 B2 [14+6] (20f) 0.09
D R L' D R2 F D' L F2 U F2 B D F U2 R2 B2 R2 B2 D2 [14+6] (20f) 0.06
L' F2 U' D2 B' U F2 L2 F2 D R' L2 B R' D L2 U2 R2 F2 R2 [15+5] (20f) 0.13
U' D L' D L' B L' B2 U R2 F R2 D' R U' L2 B2 U2 F2 D2 [15+5] (20f) 0.09
D' L U' R2 U' R' U' B R2 F U F' U' F B' L2 B2 R2 F B [13+7] (20f) 0.05
D' R' L2 U2 L F' D F2 L2 U2 L B R2 D' R L F2 B2 R' L' [14+6] (20f) 0.01
B L F2 U L2 U' F U B' L D F R B' U2 L2 F' B' [14+6] (18f) 0.05
F2 L D R B U R2 F L' D' R2 D2 R D' L' D' R2 F2 U2 D2 [16+4] (20f) 0.44
U' F2 R2 F' R L2 F U' D2 L F' L F2 B' D R2 F2 R2 D2 L2 [15+5] (20f) 0.06
U2 F B L2 D R' B D' B D2 L' D' B' U2 F2 D2 R2 D2 L2 F2 [13+7] (20f) 0.09
U2 F R2 F D2 F U L' B' D2 L' U' L2 D B2 R2 F2 U2 F2 [14+5] (19f) 0.07
U2 D F' L U' D' R' U L2 F' L2 F' R2 B L2 U2 F2 B2 D2 F2 [14+6] (20f) 0.06
L2 D R2 L U F2 L2 U2 L' U' B' D2 L' F' U2 R2 F2 U2 B2 U2 [14+6] (20f) 0.02
R' F B' D' R' D F2 B R' L2 U' B' R2 B2 R L2 B2 R2 B2 [15+4] (19f) 0.36
U' L F' R D2 R2 L2 D' B U' R' D F' U2 R D R2 U2 D2 L2 [16+4] (20f) 0.36
U' R F U R' U' B2 L D' L U B2 L' B2 R L U2 F2 [13+7] (18f) 0.04
R2 U' R F B D2 R F R' D2 R D R L U2 D2 F2 R2 F2 R2 [14+6] (20f) 0.04
F B L2 F' R B2 U B R U' R2 D' L B' R2 F2 R2 L2 D2 L2 [14+6] (20f) 0.08
F' D R' D2 F' U2 R2 B2 U L U' B L' B U2 R2 U2 L2 F2 U2 [14+6] (20f) 0.06
D2 F2 R' D2 B2 U B' R' F2 R' F L' B U L' R2 F2 D2 R2 L2 [15+5] (20f) 0.18
D2 F2 U' D B' L' D2 L B2 D' B' D2 R' U2 F2 R2 D2 L2 U2 F2 [13+7] (20f) 0.05
L' B2 D B' L U2 L2 U R' F' B' U' D2 L F' R2 B2 D2 F2 [15+4] (19f) 0.20
D' R' U' F2 R2 F2 B D' L2 U2 B L' D R2 F2 U2 D2 F2 D2 [13+6] (19f) 0.03
U2 L' U' L2 U2 L F R2 F R' L' D L U' D' R2 L2 B2 U' D [13+7] (20f) 0.02
U F2 B' D2 R2 L2 F' L2 F D L U L2 U L2 D2 B2 R2 D2 F2 [14+6] (20f) 0.07
D2 L' U D L' B L F2 L' U2 D2 B' D' R' F B2 L2 U2 L2 [15+4] (19f) 0.16
U' B2 U2 B2 R' F' L2 B' U B' U' F2 L D U2 B2 U2 F2 R2 [14+5] (19f) 0.09
B U' D F2 D2 L F D R2 F' D F R' B2 L R2 B2 R2 U2 R2 [15+5] (20f) 0.18
L B' R2 B R2 F R D R' D2 R' B U' D F2 D2 R2 U2 F2 L2 [14+6] (20f) 0.07
L D2 F D' L2 U B2 R D R U F D2 L' B2 L2 D2 F2 U2 B2 [14+6] (20f) 0.06
L' B' L2 F' U2 D' F' U2 L F' B2 U2 D' L' B F B L2 F B [15+5] (20f) 0.16
D' L2 U2 D L B' R2 B L2 U' F2 R' B2 D' F2 D2 F2 D2 L2 U2 [14+6] (20f) 0.08
F2 D2 B' L' D2 R D' B D2 F R' U F L2 F' D2 L2 F2 B2 U2 [15+5] (20f) 0.08
D' R' U2 L2 B R L' U D L B2 L2 F L U D F2 U' D' F2 [14+6] (20f) 0.06
L2 D' R U2 R L' U' R2 F' D' R' D2 R' F' R2 D2 L2 F2 U2 R2 [14+6] (20f) 0.13
B' L' D' F' R2 L2 U' B R U2 R B' U' R2 F B U2 F' B U2 [13+7] (20f) 0.07
L' B2 U' R2 D' B' D' R' D' R2 U R' B2 R U2 D2 B2 U2 B2 [14+5] (19f) 0.06
R L2 U' L' B' U L' D R' L' D R' F U' B2 D2 F2 B2 R2 [14+5] (19f) 0.04
R' U' F2 R' D2 B R2 L2 U' R U B F B L2 D2 L2 F B' [12+7] (19f) 0.02
U L' B2 D2 F' D R' D2 R' U' B D' L D2 R U' D' F2 U D [15+5] (20f) 0.14
F U2 B' D' R2 D' F' L2 D2 B D2 B U2 R F2 U2 R2 U2 R2 F2 [14+6] (20f) 0.08
D R F2 B2 U R2 L D2 L' F U F U' R2 D2 F B U2 F B [13+7] (20f) 0.07
F2 U2 D L B2 D' B' R' F2 U' F' U' F B' R' D U2 F2 U2 L2 [16+4] (20f) 0.57
D2 R' B L F2 B' L2 U' F2 U2 R' F' B2 D' F2 B2 R2 D2 [14+4] (18f) 0.07
U' D2 B D2 B2 R F' L' U' B R2 L D' B D2 F2 D2 L2 U2 B2 [14+6] (20f) 0.01
D L' F' R U' R2 B R' U2 F' R F' L B' L' F' B' R2 F' B' [15+5] (20f) 0.10
B2 R' F2 B2 R2 D R2 F' D2 F U L B F2 D2 F2 D2 F2 R2 D2 [13+7] (20f) 0.05
U' R B' D2 B R' F U' D F' D' F' R B' R2 D2 F2 B2 R2 U2 [14+6] (20f) 0.05
F2 U' R B R2 U D' R' B' R2 L' B' D B2 U' B2 R2 B2 R2 [15+4] (19f) 0.07
R F' B' R U2 R2 L B R' F' R L U D2 L' F2 L2 U2 R2 [15+4] (19f) 0.14
L F' U' R B' L' B' R2 B2 L2 U L' F' L B2 R2 F2 D2 R' L' [14+8] (20f) 0.05
D2 B2 L B' D' B2 D' R U' L' U2 F B' U R2 F2 D2 F2 R2 F2 [14+6] (20f) 0.06
R D F U' R L' F' L F2 D2 F2 B2 R2 F U' R' F2 L2 U2 R2 [16+4] (20f) 0.72
R U' B' U F2 U2 D R2 F U2 F U R D2 B R2 B2 U2 D2 [15+4] (19f) 0.09
U F R B2 L B R' F2 R' L F' U' L2 D' B' F2 D2 B2 L2 F2 [15+5] (20f) 0.15
R F2 U2 R' F U' L' D R2 F' B' R L2 D L2 F' B D2 F' B [14+6] (20f) 0.03
F R2 B2 L' F D' F' L D2 B2 U L2 F' R' L' U2 B2 R' L D2 [13+7] (20f) 0.05
U2 F' L' B D' R' D B2 U' F2 R U2 L R2 B2 R' L D2 R' L' [13+7] (20f) 0.08
U2 F B2 U2 D F' U' D' F U2 B L' F D F2 L2 D2 R2 U2 F2 [14+6] (20f) 0.04
L2 U2 L U R L2 D F' R2 U F' B' D F2 R F2 R2 B2 R2 D2 [15+5] (20f) 0.07
R2 U' F2 D R' B' R' L' B R2 U B D2 B R B2 R2 U2 B2 U2 [15+5] (20f) 0.13
F' D L U F L2 D2 L F L' F B' R2 L F2 U2 B2 U2 R L' [13+8] (20f) 0.03
U2 F2 U' R' D R U2 F2 B' R F U' D2 B U2 R2 U2 R2 B2 [14+5] (19f) 0.01
R L' B2 R' U2 R U2 F R' U R2 B2 D R B' U2 B2 R2 U2 [15+4] (19f) 0.05
U D' F' R D L2 F R' U L2 D2 L2 B2 L2 U R' D2 R2 F2 [16+3] (19f) 1.04
D2 R' U' D' R2 L2 F R' F2 U' R U' D F' D2 L2 U2 R2 B2 [14+5] (19f) 0.03
F' L2 F' R2 D' F2 R F2 B' U' L2 F' D2 R B L' D2 B2 D2 R2 [16+4] (20f) 0.82
L2 D' R B2 L D L F L' D2 R D F2 D2 R2 B2 D2 F2 U2 [12+7] (19f) 0.06
R B' L' F' U2 F2 B' L2 F2 R' U L D' R F L2 D2 F2 L2 B2 [15+5] (20f) 0.13
R' L' U' D F U B U2 B' R F L' B' R D U2 R2 U2 D2 B2 [15+5] (20f) 0.14
D2 B' R U' F' U' R' U2 L' B2 L' D' L' U2 F B' D2 R2 F B [13+7] (20f) 0.04
R' U' L' F' L' B U R' B' R U' B' D F U2 B2 U2 R2 U2 D2 [14+6] (20f) 0.09
B' D' R L' F' B2 R' D2 B2 L2 B' D' B' D F2 R2 F2 R2 U2 [14+5] (19f) 0.10
R2 L2 U' F' B' R F D B U2 R' D L2 F2 U2 B2 U2 L2 B2 R2 [12+8] (20f) 0.05

Total Time: 155.18

