Concurrent Processes: 8
Search Array Gen Depth: 9
Search Time Limit: 30
Stop Length: 20

Files Loaded:
Dist1_09F.dat
Dist2_09F.dat
DistP2_08F.dat

Init Time: 0.76

U' L2 B2 R2 D' R L' B D' F' D2 F2 L2 D F R2 L2 D2 L2 D2 [15+5] (20f) 0.31
U' D2 F2 D R L2 U' F L2 D F U2 F U' F2 R' L' B2 R' L [14+6] (20f) 0.10
F L' B' U2 F L B2 L' U R U' D L F' R B2 R2 U2 F2 B2 [15+5] (20f) 0.17
U L' D2 B' D2 B' R2 D2 L D B L2 D' L D' R2 U2 B2 R2 U2 [15+5] (20f) 0.34
F2 D R2 F2 R L U' B' R2 B U F' R F2 R' L F2 R' L' F2 [13+7] (20f) 0.05
R U' L' D F2 R U2 B' U D2 F D' R2 B2 R' U2 L2 F2 R2 D2 [15+5] (20f) 0.16
L2 D F B2 U' F' L2 B R' B2 R U D' F' L2 B2 R2 D2 L2 D2 [14+6] (20f) 0.07
F' B' D' R' L' F' L D F D2 L' B' U F2 R2 U2 L2 D2 R2 [13+6] (19f) 0.06
L U2 F' R U B R D F U D' F2 U D2 F' B L2 F' B' D2 [13+7] (20f) 0.03
R U2 R' D' R' F2 L' U' L2 B L2 F R2 D2 L2 B2 D2 F2 U2 [12+7] (19f) 0.03
R D' B U R2 B' L D' R B D2 B' D F R2 U2 L2 U2 L2 [14+5] (19f) 0.08
D2 L F2 R2 L' U' R L F B2 U B R2 U B R2 U2 R2 D2 R2 [15+5] (20f) 0.19
L' F R F2 R F R2 D2 R2 L F D' L B' R2 D2 F' B' R2 [14+7] (19f) 0.06
R' D' R' L2 B2 U R F2 D2 F R' U2 D2 R U2 R2 F2 R2 B2 R2 [14+6] (20f) 0.06
L' D R F2 D F L' D F D' F' R D2 R2 L2 B2 R2 U2 D2 F2 [12+8] (20f) 0.06
B2 R F L U' L2 F' U' F R2 D2 L2 F D L' U2 F2 B2 [15+3] (18f) 0.25
D2 L D' R' L' U' F' R2 B' U' F' B D' R F B2 U2 R2 U2 D2 [15+5] (20f) 0.15
R' D' B2 U R' L2 U B' L2 B U2 L' U F' B U' D B2 U' D [15+5] (20f) 0.25
L2 U2 R F2 R2 D' R' F' U' L U D2 R2 B' R F' R2 D2 F2 D2 [16+4] (20f) 0.97
L' U2 D R' U' B D' R2 U2 L' B' R' L' B' R2 U2 D2 R2 U2 F2 [14+6] (20f) 0.08
F D B2 L F2 B L2 U' R' B2 U R D' L2 U R2 F2 L2 B2 D2 [15+5] (20f) 0.39
U2 F' D2 F' U B U D2 F R' U B' L' F' R' L2 F2 R2 U2 R2 [15+5] (20f) 0.61
R L F L2 F' L' B U L2 F B2 U2 D' R2 U' F2 R2 F2 U2 B2 [15+5] (20f) 0.19
L2 U R' L' D2 B2 R F' U' L' B2 U2 B' U' R D2 F2 D2 R2 F2 [15+5] (20f) 0.04
U' D' B L F L2 U2 R U' D' F U' F' L' F2 D2 R2 U2 F2 U2 [14+6] (20f) 0.05
U' L D F' R B' L' U L2 D' L2 F2 D' F' D' F2 U2 R2 D2 L2 [15+5] (20f) 0.26
U2 F L2 B' R2 B2 U2 F R2 L B L2 D' F2 L2 U2 L2 D2 B2 [13+6] (19f) 0.04
F R' F2 R2 U' F' D2 L2 F L' D B L R2 F2 D2 R2 F2 D2 F2 [13+7] (20f) 0.01
B' U2 L B D F L' D2 F L2 F2 B2 L' F' U2 D2 F2 D2 F2 B2 [14+6] (20f) 0.23
D2 L2 B L' F' B' L2 B2 U' R U L U' R' B F' B R2 F' B' [15+5] (20f) 0.19
U' D2 R' D' B' L2 U' F R' D R D F2 R' B' U D B2 U D' [15+5] (20f) 0.17
D' R2 B' U D' L' B' R2 B' D2 B' R' U2 R' F R2 B2 L2 F2 [15+4] (19f) 0.51
R2 D' L' B D' B' R' B2 U2 D' F B' L U' D2 B2 R2 F2 R2 U2 [14+6] (20f) 0.10
U' L F' U2 R L B R' D' L U B2 R' F R2 F2 R2 L2 U2 D2 [14+6] (20f) 0.01
R U' D2 F' D F' D R' D' B' U' B2 R2 L F D2 B2 L2 U2 R2 [15+5] (20f) 0.26
L D' B D L U' R' B2 L F' U' R' D F B2 U2 D2 L2 F2 D2 [14+6] (20f) 0.05
L' B' D F2 R2 D2 L B' D F' D' R' D2 B U D2 B2 U2 F2 [15+4] (19f) 0.59
L2 D2 B2 D2 L2 D L F L2 F2 L2 U B' R' L' B' D2 B2 U2 L2 [16+4] (20f) 1.76
L2 U2 L D2 F' R F' U2 B U F2 B U R F' [15+0] (15f) 0.21
R' L' F' L F2 L' B R' D2 F' D' R' D F2 D' U2 F2 L2 D2 F2 [15+5] (20f) 0.20
F2 R2 B2 U R' U B U2 D' R2 U' B R2 F B' D2 R2 F' B L2 [12+8] (20f) 0.08
B U' D' F' U' L2 F2 L' F' B L2 B' U L U L2 U2 R2 U2 D2 [15+5] (20f) 0.36
R' L' U L' B D' F R D F2 D' F' L U' L2 U2 F2 B2 U2 [14+5] (19f) 0.16
U2 F U2 B R' F2 B D R' F D2 B' F2 R L' F2 B2 D2 R' [13+8] (19f) 0.05
F2 R U' F' L B2 U2 B L U B L2 F2 U' F' R L F2 R' L' [15+5] (20f) 0.56
R D2 L' F2 B2 R2 D' R L' F' L' B2 D' R2 B R2 B2 R2 U2 [15+4] (19f) 0.33
U2 B R2 B' L D R' U' F' R' D2 F' B L' B' R2 U2 B2 R2 L2 [15+5] (20f) 0.60
R' U R2 F D2 L' F2 R2 B R U D2 R D B2 R2 F2 U2 B2 [14+5] (19f) 0.03
L' F' D' L D B2 R F2 L' D R2 B U2 D2 L2 B2 U2 F2 D2 [12+7] (19f) 0.02
F R D2 B D L2 B' L U D2 F' L2 F R D2 F2 D2 L2 D2 B2 [14+6] (20f) 0.01
R2 D' R2 L U' D2 L' D2 R D' R B' U R2 L2 U2 L2 U2 B2 L2 [13+7] (20f) 0.02
R L D' F' U B R' L' B' R U2 F D' R U2 R2 U2 R2 F2 L2 [14+6] (20f) 0.07
U2 D' L F2 L' U R2 F' B2 D2 B U' F' D F2 L2 B2 D2 [14+4] (18f) 0.06
R F' L D B2 U' F2 L B' U B D L2 U2 R2 L2 F2 R2 F2 D2 [12+8] (20f) 0.06
R D L F R B2 U' R2 U' R F2 R U' F D' B2 D2 L2 F2 D2 [15+5] (20f) 0.20
U R U R2 B2 R' B U R2 D' B2 R' F' B2 D' R2 F2 D2 L2 B2 [15+5] (20f) 0.07
D B2 R2 F R B2 R F2 U R' F2 D' B R B2 R2 L2 D2 B2 R2 [14+6] (20f) 0.08
R2 D' L F2 B R F' D B R2 B U2 R' B F2 D2 B2 U2 L2 F2 [14+6] (20f) 0.12
D' F2 L2 D B' L' F L2 D2 B L' U R F2 U2 F2 L2 F2 B2 [13+6] (19f) 0.11
B L2 U2 F' R D' F B2 D R' F' B' R L D2 R L U2 B2 D2 [12+8] (20f) 0.02
L' F2 D F2 U' B' L2 U D2 B' D' R F U2 F B' D2 F B L2 [13+7] (20f) 0.02
L' D' B2 R2 D2 L' B' R2 F' R' L2 D' L' U' B U2 B2 U2 R2 [15+4] (19f) 0.55
U2 D2 B' D' R' F R' L2 D' L' B U R F' L' D2 B2 U2 L2 B2 [15+5] (20f) 0.53
U' B2 R B' U' B2 R2 D2 R F L B U B R2 L2 F2 R2 D2 B2 [14+6] (20f) 0.16
D2 F' D' F' D2 B L F R' F2 U' F2 D L F' D2 L2 F2 B2 [15+4] (19f) 0.31
B' D' B' D' L D F' D' F2 R F' L D L' U2 R2 L2 B2 [14+4] (18f) 0.11
B2 L' F' U F B D2 L' F' B D' F2 B D' F2 D2 R2 U2 B2 R2 [14+6] (20f) 0.10
F U' B D2 F2 D2 L D2 F2 L B D B L2 B2 R2 B2 U2 R2 U2 [13+7] (20f) 0.03
F' L U F2 L F L2 D2 R2 D B U D B2 U2 B2 D2 R2 D2 R2 [13+7] (20f) 0.04
U R2 F' B2 U2 B R L D' B D2 L B2 D B2 R2 D2 L2 U2 [14+5] (19f) 0.01
L D2 L B U' F' L2 U' R B L F R2 L D' F2 U2 L2 B2 D2 [15+5] (20f) 0.47
F U2 L' D F2 U2 F' D2 B' L' B' R2 U2 L' U2 R' L D2 F2 U2 [14+8] (20f) 0.10
D2 L F R F B2 D2 R' B L U D F' L' U2 F2 R2 B2 R2 [14+5] (19f) 0.01
B2 D2 F2 L2 U2 F' D' R D L B R' L2 B D2 R2 L2 B2 R2 D2 [14+6] (20f) 0.10
U2 F U F2 D2 R' U2 R' L' F' R2 F R' B2 D R2 B2 U2 B2 D2 [15+5] (20f) 0.54
L F2 L D' F' B U2 F' U' B U2 D2 R2 F' L R2 B2 D2 L2 U2 [15+5] (20f) 0.71
D2 L U2 R L' D R2 B2 D' R B' R2 U' R2 U' F2 D2 R2 L2 F2 [15+5] (20f) 0.24
D' F L U2 F' D2 F U' F L2 F B' R' D U2 F2 D2 B2 D2 F2 [14+6] (20f) 0.04
D' L' U' R2 L' D' F2 R2 U' L' B' R2 F' B R2 U2 B2 L2 U2 F2 [14+6] (20f) 0.10
U' L F2 L F U R' B' R' B' D2 R' D R F2 R2 L2 D2 B2 L2 [14+6] (20f) 0.07
R F' R' F B' U F U B2 U' F2 L2 F2 L' B U D2 F2 L2 [16+3] (19f) 3.20
B2 D2 F2 B2 R2 L' B2 L2 U2 L F' L U' D2 F' B' R2 U2 F B' [13+7] (20f) 0.14
R L' F2 L' F D2 F2 R F' U F2 D L' F B U2 R2 B2 U2 F2 [15+5] (20f) 0.15
R F U B D2 F D L2 F D R' B' D' L' B2 D2 F2 B2 L2 [14+5] (19f) 0.02
R L2 D2 L U L D' F' D2 B2 R L' B' L U R2 F2 B2 L2 D' [14+6] (20f) 0.01
U' D F R' F B R2 F R U L2 B R B' F2 D2 F2 U2 L2 D2 [14+6] (20f) 0.04
R' F2 R2 B2 R D L U2 F2 R F R2 B2 D' R2 F2 L2 F2 L2 D2 [14+6] (20f) 0.07
B R U2 D2 R' F U' F' U2 D' R2 B' R' B D2 R2 U2 F2 D2 F2 [14+6] (20f) 0.03
F B D L F2 U F' U R2 U2 D F' R2 U' L' U2 D2 R2 D2 B2 [15+5] (20f) 0.42
D2 L B2 L' D F D' L' U' L' F L R2 U2 R2 F2 R2 F2 D2 [12+7] (19f) 0.01
B2 D B U L U2 R2 B U' B2 R2 F' U D' R L' D2 B2 R L' [14+6] (20f) 0.13
D F' U' R B' U2 R' B' R' B' D B' L' F B D2 F' B' L2 D2 [13+7] (20f) 0.06
L' U R U2 B' L U D2 R U2 F' R' B2 D R' F2 L2 D2 B2 U2 [15+5] (20f) 0.31
L' D' F2 B' L' U F2 R' F2 U2 R F' U' B L2 D2 B2 L2 F2 B2 [14+6] (20f) 0.08
B D' F2 B' U2 D R2 L' F2 R' U F D R' B2 U2 R2 F2 D2 L2 [14+6] (20f) 0.21
F2 R' U R' U2 R B2 D' R2 F D2 R F' R F2 D2 F2 L2 [14+4] (18f) 0.09
F2 L F R F' R2 B' U2 B' L' U' L' B2 U' L2 D2 L2 F2 B2 D2 [14+6] (20f) 0.11
F L' F L' D F U R D F2 R' F B' L' F2 R L' F2 U2 R2 [14+8] (20f) 0.10
D2 F2 R' U2 B' U D R2 U' B D' R' U2 F D U2 F2 L2 [15+3] (18f) 0.38
U B D' L B D2 F2 D F R D' B D B U2 R2 L2 D2 B2 R2 [14+6] (20f) 0.08
R' D' R' D2 F B R' L2 U' L2 B R L' B2 R' L2 F2 U2 F2 U2 [15+5] (20f) 0.16
B2 L' U B2 L2 F' U R' L2 F R' U B' D' F R2 D2 L2 B2 U2 [15+5] (20f) 0.33
R F' D L F U2 F R' U L' F2 U2 B' R B' D2 B2 R2 B2 L2 [15+5] (20f) 0.41
R L2 F2 D L2 U2 L' U2 L F' U F' L' U' D2 F2 L2 B2 R2 B2 [14+6] (20f) 0.07
D' L2 B R2 F B2 U R' U' B2 R2 U' L F2 D U' D' B2 U' D' [15+5] (20f) 0.34
B' L B2 U R F U B R' D F U' R D' L2 F2 R2 U2 L2 U2 [14+6] (20f) 0.08
R' U' D2 B2 U L F2 D2 L' D2 F' U' D F2 R2 L2 B2 U' [12+6] (18f) 0.06
U B2 U R' U2 R F2 U' B R L B2 L B R2 B2 U2 R2 [14+4] (18f) 0.03
B L2 B2 L B' D R D2 L' D R F U2 R2 F2 U2 B2 R2 B2 D2 [12+8] (20f) 0.12
L2 D' L2 D F' U2 F' L B' R B' L U D L2 D2 R2 D2 F2 U2 [14+6] (20f) 0.04
L2 F' U2 F2 R U2 F' R U' D2 L F2 B2 D' B' L2 F2 L2 U2 [15+4] (19f) 0.32
L U2 F2 R2 L D R D L U F' U2 B' L D F2 L2 U2 B2 R2 [15+5] (20f) 0.38
F R F' U R L U2 D R B' D' R2 L D B D2 F2 D2 B2 L2 [15+5] (20f) 0.11
F2 D R2 U B2 R' F L2 D F B2 R2 D2 L' D2 R2 F2 U2 F2 D2 [14+6] (20f) 0.11
D L2 U2 R2 L B' D' B2 U' R D' F' D R2 U' R2 F2 R2 L2 F2 [15+5] (20f) 0.54
U' R L2 U2 B R F2 D' L' F2 D2 F' U D' F2 R2 L2 U2 L2 D2 [14+6] (20f) 0.03
R U D R2 F' L F R2 F' B D F' L' D2 F2 R2 D2 B2 L2 D2 [13+7] (20f) 0.09
R' B' L' F' D2 B D' F2 D2 F L U D2 R U' D B2 R2 U D' [14+6] (20f) 0.06
R' L' U F2 D' R D F' R2 L F2 B L' D' F' U2 R2 L2 B2 L2 [15+5] (20f) 0.12
L2 D' R' U2 F2 U2 F2 D B R2 F2 R' F2 B U B2 D2 R2 [15+3] (18f) 0.16
L2 B' L2 U L2 F2 U F2 R B L' F B L F' U2 F2 L2 D2 B2 [15+5] (20f) 0.29
R' B R D L2 B U' B D F R B R' U F2 U2 L2 U2 R2 D2 [14+6] (20f) 0.04
F2 R B' R2 F2 L2 D2 F' L D' R' L2 D F B R2 F' B' D2 B2 [13+7] (20f) 0.02
R2 L2 F2 D' L2 D L' B' U' D' F' R U2 F B' D2 F B R2 B2 [12+8] (20f) 0.11
F L D' L F' D R2 L' U D B' U' L' U R2 B2 R2 B2 L2 U2 [14+6] (20f) 0.05
L B2 L U' F' B L' B R' F2 R D B F2 L2 B2 U2 B2 U2 R2 [13+7] (20f) 0.07
R' D2 B' U2 L2 U' L2 F' R2 U L' D' L B2 R B2 R2 D2 L2 [15+4] (19f) 0.27
F L' B R' D' L2 D2 L' F2 R' F2 U' F U D R L' U2 R L' [15+5] (20f) 0.21
D2 R B D' F L U D L' F U2 F2 R' U' F' B' R2 D2 F' B [14+6] (20f) 0.07
L2 D' B L' F D' R' D' B R' L2 F2 U' B L2 D2 L2 B2 R2 B2 [14+6] (20f) 0.04
B' U D' F B L B R' U' R2 F L D' F' U2 L2 B2 L2 U2 [14+5] (19f) 0.11
L2 D F B' L F' R' L2 U' R' D2 R2 L' D2 F D2 R2 F2 [15+3] (18f) 0.13
F U' B' R' D F' L F D2 R' B2 R' D B' R' U2 D2 F2 D2 [15+4] (19f) 0.36
U D2 R' D2 R2 U' D L' F B' U' R D L2 B2 R2 L2 D2 B2 D2 [13+7] (20f) 0.02
R2 L U' F L2 D' L F' R' D2 B2 U F2 R F2 U2 B2 R2 B2 D2 [14+6] (20f) 0.18
D2 L2 D' F' R U F' L2 U L2 F R' U2 B' R' L2 F2 L2 U2 F2 [15+5] (20f) 0.25
F R U' D L' U L D' R2 U L2 F' U2 F U' B2 R2 B2 U2 [15+4] (19f) 0.27
U' D2 B U2 D' B' U' D' B R2 L' F' U2 F L2 B2 L2 U2 F2 [14+5] (19f) 0.03
R' L D' R' D2 F2 D2 R U' B2 R U' L2 B L2 U2 F2 B2 D2 F2 [14+6] (20f) 0.01
D2 R U' F' B U' R' F U F2 R2 D2 R L2 D2 B2 R2 F2 R2 [13+6] (19f) 0.00
L2 F' B2 R2 L' F L2 F' D' F B' D2 B2 L U' L2 D2 L2 D2 [15+4] (19f) 0.35
D B' U' R2 F U' F' U2 B2 R2 U2 F L B' L2 U2 L2 F2 U2 F2 [14+6] (20f) 0.13
B U' F U' R F B2 L B' R2 D' B L' U F2 R2 B2 L2 B2 U2 [14+6] (20f) 0.05
D2 R' U R' L2 D B' U2 R' D2 L' F' R' F2 B' R' B2 L2 F2 [16+3] (19f) 1.10
U D' L2 U2 F U R U2 R2 F2 L' F R2 D F' U2 R2 B2 R2 L2 [15+5] (20f) 0.34
R' B2 D' L2 F2 R2 B2 L D R D' B' U2 D' L' R2 D2 F2 U2 D2 [15+5] (20f) 0.46
U2 R' D' B' L D L2 U D' L' U' R2 U' R' B2 D2 R2 F2 B2 U2 [14+6] (20f) 0.12
D2 B2 U2 F2 D2 R' F B U B' R' F2 B2 D L2 U2 B2 U2 [14+4] (18f) 0.06
F2 U' R' B D L' F2 R2 D' R' B' R F B' U2 R2 F' B' [12+6] (18f) 0.07
U D2 L' D' B L' U' D' R F2 D2 R' U' B L U2 F2 B2 D2 R' [14+6] (20f) 0.07
R' B R' L' U' R D2 R B R' B D' L2 U R2 L F2 R L' [15+5] (19f) 0.32
L U B2 U2 D' B2 L U B2 D F B2 D R' U2 B2 L2 U2 F2 U2 [14+6] (20f) 0.04
L B2 L F R' B' R2 U' B' U2 B' D F L U2 L2 D2 F2 [14+4] (18f) 0.16
D2 R F U' R F2 L' U2 B2 R F D' L' F2 R F2 R2 D2 R2 [15+4] (19f) 0.09
F' U D R B' U F' L' D' F2 U2 F' R' D' L2 D2 F2 B2 R2 F2 [14+6] (20f) 0.11
B U D' R U2 R2 D R' U F' L U' D R D2 L2 F2 L2 B2 [14+5] (19f) 0.07
L2 F D' F L2 U2 F D L2 F' B2 D' B R D L2 B2 L2 U2 R2 [15+5] (20f) 0.34
R F' R' L F2 U' F2 R U B2 R' L2 U2 B' R' F2 U2 L2 D2 F2 [15+5] (20f) 0.30
D' L2 U2 D R2 L F' R2 U2 B2 D' F R L' B2 R2 B2 D2 B2 D2 [14+6] (20f) 0.11
B U L D2 B R' B U2 F B2 U D2 R D' L R2 F2 R2 B2 [15+4] (19f) 0.26
U' D' B2 D2 B' R D2 F2 U' L' U R D R2 D2 R2 F2 B2 D2 L2 [13+7] (20f) 0.01
B' U D' R2 F2 B' R' U2 F L' B U F' D' F2 R2 L2 U2 B2 [14+5] (19f) 0.10
D' F D' R' D2 R' L' D' B R B D2 L2 F' L2 D2 B2 U2 [14+4] (18f) 0.15
R L' U R2 U' L2 F' L F' D' R F' U' B2 R' L2 B2 U2 L2 U2 [15+5] (20f) 0.14
B L' B' U' L' U' D' R U2 L D B2 L D2 F2 B2 R2 B2 U2 [13+6] (19f) 0.01
U F U' L B L2 U B' L2 B' R' D U D' R2 U D L2 D2 L2 [12+8] (20f) 0.09
D2 R' U' F' L F2 B U2 B2 U D2 B2 L B' D L' B2 L2 B2 [16+3] (19f) 1.28
D2 F R L U' B' D' R' L2 D2 R L' B' D' R2 U2 D2 F2 R2 F2 [14+6] (20f) 0.03
F R' B' U2 L' U2 F' L' F D L' U B' L R2 L2 U2 R2 L2 D2 [14+6] (20f) 0.02
D R' D' R2 F R' L' B R' U L' D L F2 R2 D2 [13+3] (16f) 0.00
U2 F2 D2 R' U2 B L' F' B' U F' B2 U R2 D2 L2 F2 U2 B2 [13+6] (19f) 0.01
F U2 R' D2 F' D' B' R2 L F L2 U' B R' L' D2 R' L' F2 D2 [13+7] (20f) 0.15
L F2 B R L2 F2 R' U B' D B' U' D' L' U R2 D2 F2 R2 F2 [15+5] (20f) 0.72
U R' U' D2 L F D' R2 F2 R' U' F B' L F2 U2 D2 R2 F2 D2 [14+6] (20f) 0.02
R' D' R2 B2 L' U L2 U2 R D' F' B U B' R2 F2 U2 R2 [14+4] (18f) 0.07
F R U2 F2 U R D2 R2 F U' D2 R' L' D' L R' L D2 R' L [15+5] (20f) 0.09
F' D2 F2 L' F' U R' L U2 F2 U F R' F' U2 L2 B2 R2 F2 [14+5] (19f) 0.15
L2 U F' U R' U' F2 D R' D F L' D' F L F B L2 F B [15+5] (20f) 0.09
D R' D L' U D2 F U' R L2 D F U' D2 L F L2 B2 U2 B2 [16+4] (20f) 4.38
F U D' R2 F D F2 L U2 R' F' R2 F' U F' B L2 F B R2 [14+6] (20f) 0.06
R2 L B D F R2 L F R' U F2 D' L' D2 F2 B2 L2 F2 D2 B2 [13+7] (20f) 0.12
B' U' R2 F B2 U L' B U F D2 R D R2 D2 R2 D2 F2 U2 F2 [13+7] (20f) 0.05
R' U' R' B U2 R U' F2 B' L2 D' F B2 L' B2 R2 B2 U2 L2 D2 [14+6] (20f) 0.03
R D L2 F' R' F2 R2 L' D' F' L2 B R D' R B2 L2 F2 B2 U2 [15+5] (20f) 0.24
D R2 F2 R' L B2 L B2 U' L B' D F' L' B U2 F2 L2 F2 R2 [15+5] (20f) 0.33
L' U2 F B L2 B2 R' L2 B' R' F2 D' L U2 B' R2 U2 R2 F2 L2 [15+5] (20f) 0.39
B2 D' F' D2 F2 L2 U' L' B2 R' B' U2 B' U' R2 B2 R2 B2 R2 D2 [14+6] (20f) 0.09
L2 D2 R B' D' B L' U2 B2 D' L F' U2 L2 F2 D2 R2 B2 D2 L2 [12+8] (20f) 0.06
F L D2 F' R2 U2 R2 U' B2 L U B' L2 U F2 U2 R2 B2 L2 U2 [14+6] (20f) 0.18
F U' L' D2 R' B L' F' R' U F D R' F' U B2 D2 L2 B2 R2 [15+5] (20f) 0.23
D' R U2 D' L' U2 L' F' U2 R' L U' R2 B' F2 D2 R2 L2 B2 U2 [14+6] (20f) 0.08
R' B L2 U' B2 D' B' R B' U L' U F2 R L2 D2 B2 L2 U2 D2 [14+6] (20f) 0.04
U D B D2 B' D' R2 B2 R2 U2 R D B' U F' R2 L2 U2 R2 L2 [15+5] (20f) 0.31
F2 R B R B' R2 U2 B U2 F2 U R D' L B' L2 D2 R2 B2 D2 [15+5] (20f) 0.51
D2 L U R F L2 U2 F' R F2 B L2 U' L2 U R2 D2 B2 U2 F2 [15+5] (20f) 0.22
L2 F2 U B2 U2 R2 U F U2 B' L' D F B' R D' L2 U D B2 [16+6] (20f) 2.52
F R L2 B2 R2 B L' U R D' L' U2 R' F B' F2 L2 F2 R2 D2 [15+5] (20f) 0.16
U' R2 U2 R' U' B' U R F' B L D F' R B2 R2 D2 B2 D2 L2 [14+6] (20f) 0.05
L2 D F' U B2 U F R2 D L2 F2 R' D' R2 F2 B' U2 F' B R2 [15+6] (20f) 0.27
D' B U D L2 D' L B U' F2 U B2 R2 L' U2 F2 B2 R' L' [13+7] (19f) 0.06
R2 U B2 L F' B' D' F R2 B' D R2 F L2 B2 U2 L2 D2 R2 D2 [13+7] (20f) 0.03
U' B2 L2 B2 L' U F R' F' D2 F2 R' B L' R2 D2 B2 U2 F2 L2 [14+6] (20f) 0.09
D2 L U D L' B U2 L' B' L B2 R D R2 B2 L2 U2 F2 B2 [13+6] (19f) 0.00
R' U B L' F2 L D R U D2 R' L D' F B' U' F2 B2 L2 B2 [16+4] (20f) 1.52
F2 L' U' F D R B R2 D F' L2 D' L' U F2 U D L2 U' D' [14+6] (20f) 0.04
F B2 R' F2 U' L F R' U2 F R L' D R2 U2 F2 L2 U2 R2 [13+6] (19f) 0.01
R' B' L2 B2 L' U L' F' U2 B R F2 U F' D2 B2 D2 R2 U2 L2 [14+6] (20f) 0.08
B2 U2 F' D2 R F2 D' R2 L' U B D L2 D' F' R2 U2 B2 L2 F2 [15+5] (20f) 0.48
U' D' R' U2 F' D B L' B' U2 F U' F B2 D2 F2 R2 F2 R2 [13+6] (19f) 0.02
B2 L2 U F B L U2 D F R' D' R2 D R2 D2 F2 R2 D2 F2 L2 [13+7] (20f) 0.19
R' L U' F' L F' D R B U2 F R B' R' D2 R2 D2 F2 U2 B2 [14+6] (20f) 0.06
U D R2 U' L U F2 U' R' U2 B' R' D F D' F' D2 L2 U2 L2 [16+4] (20f) 2.33
B' R U' F' R L' D R2 D2 R D R2 U2 L2 F R2 U2 B2 U2 B2 [15+5] (20f) 0.80
R' L B' D' R F2 R' U F2 L' F2 D2 B2 U L2 F B' D2 F' B [14+6] (20f) 0.15
R' U' R U2 B D2 R U' B L2 B D2 L2 F' L U L2 B2 U2 D2 [16+4] (20f) 1.36
D' F2 B R' B L' U2 D B2 R2 F D B' D' F2 R2 B2 L2 U D [14+8] (20f) 0.13
D' R U F2 D2 B D2 B' U2 L2 U R L B2 D' F' R2 L2 B2 [16+3] (19f) 3.10
U' R2 F' U R B L2 U' L2 D F' B2 D2 R2 L D' L2 U2 B2 D2 [16+4] (20f) 0.79
L' U L2 U2 D' L' F D' R2 U' F R2 B' U R' F2 B2 U2 R2 B2 [15+5] (20f) 0.40
D2 R' L2 F' R' F D' B' U2 L' D' R2 B R U2 F2 D2 L2 U2 L2 [14+6] (20f) 0.05
R' U2 R2 L2 B L2 U' L2 U' F D2 L D' R' B F2 R2 U2 D2 B2 [15+5] (20f) 0.17
L U B2 R U B L B D2 L2 F B2 U2 L' F2 L2 D2 L2 [14+4] (18f) 0.10
F U2 L F R' U2 F D R2 F' L2 U' R2 D2 B2 U2 B2 R2 B2 R2 [12+8] (20f) 0.06
B U' D' R2 F2 L' F' L2 D F' R' B' R2 L' D2 B2 R L' B2 U2 [13+8] (20f) 0.03
R2 L' F R2 B' D2 R2 F' D2 F' D' B R' L B2 R L D2 R2 [12+7] (19f) 0.06
D B2 D' F' D2 R' L2 F2 D' F2 L' U' R2 B R F2 D2 B2 L2 D2 [15+5] (20f) 0.63
R D F' D F D2 F2 R2 L2 U' D R' D F' U2 B2 U2 L2 B2 D2 [14+6] (20f) 0.08
R' F2 U2 L U B2 D' B2 U' B' R2 D L D' U2 F' B R2 F B' [14+6] (20f) 0.11
U F D L F2 B2 L' U2 B2 R' D R' L' F2 D2 B2 U2 F2 R2 B2 [13+7] (20f) 0.09
F' D' R2 U' R L D2 B' U2 D2 L2 B' D' F R2 L2 B2 R2 D2 F2 [14+6] (20f) 0.10
F U' L D2 F' U2 D F2 R2 F R U' D F L U2 B2 L2 F2 R2 [15+5] (20f) 0.36
F D2 B2 L' B' U R L B' U' B R2 D2 R U2 F2 L2 B2 U2 R2 [14+6] (20f) 0.16
R' F2 U2 R L D' B U2 F' L' U2 F2 R F' R' F2 D2 R2 B2 [15+4] (19f) 0.34
L2 D' L2 U F' R2 B' L B U2 F R2 U2 L' U' L2 D2 R2 F2 L2 [15+5] (20f) 0.30
U2 F B U D L' B' L' B2 U2 F' D' L B' D2 F' B U2 R2 [14+7] (19f) 0.13
R L B2 R F U2 L' D' R' D2 R U2 B D' L U2 F2 L2 U2 B2 [15+5] (20f) 0.11
U2 R' F' B D B2 L2 B D2 L' U' R' L' D R L B2 R' L' D2 [14+6] (20f) 0.07
L' D' R B' L2 D' L' F L2 B R U L F' R2 B2 L2 U2 R2 D2 [14+6] (20f) 0.07
B2 R2 B2 L' F2 B' U2 L2 B U R D' L F' D R2 F2 R2 F2 U2 [15+5] (20f) 0.74
L2 B' U' R D2 R2 F' D' R' D F' U D' B U2 R2 F2 R2 U2 R2 [14+6] (20f) 0.08
R2 L D R2 U L2 B R' B R2 L F2 R2 F2 D R' L' B2 R L' [15+5] (20f) 0.72
U' B' L2 F2 L' F' R2 B' D2 R D' B U' L' B2 R2 L2 D2 F2 U2 [14+6] (20f) 0.06
R' U' B R F' B' R B' L' U F' L' F2 D' R' F2 D2 F2 R2 F2 [15+5] (20f) 0.28
U' R U F' D F L2 D' B' U' L' F' D2 B U' L2 F2 R2 B2 U2 [15+5] (20f) 0.11
D2 L F' U' B' D L' D' L2 F' R2 B D' R2 L2 F2 R2 U2 F2 B2 [13+7] (20f) 0.11
R D2 F B2 D B2 R' L2 D' B D' L' F2 U' R2 B2 R2 L2 U2 [14+5] (19f) 0.07
L2 U' B' L U' B' R' U L2 D' B R D2 B F2 R2 B2 L2 [14+4] (18f) 0.01
R2 D B U' B' R L' F' B' L' D' L2 U' B L2 F2 U2 R2 D2 F2 [14+6] (20f) 0.11
D2 B R2 B' L2 D2 R2 B2 R2 B' U R' U2 R' D R2 D2 B2 U2 R2 [15+5] (20f) 0.38
U' R2 F' R' F' B2 U F B L U2 F' D2 F R2 U2 R2 L2 B2 [14+5] (19f) 0.06
R2 D2 L' F R B' U' D' R2 B' U B R' F2 L' D2 R2 D2 L2 B2 [15+5] (20f) 0.64
L2 F' B L' U2 R U' R L D2 F R2 D' R D' B F2 R2 B2 [16+3] (19f) 2.71
L' F' D2 R U2 F' U' D' B L2 B R L F B D2 B2 R2 U2 B2 [15+5] (20f) 0.56
U' R U2 D R F2 U D2 B2 R B' R' F B U' R F2 B2 U2 F2 [16+4] (20f) 0.62
D L2 F U' R' B D' F' U L' B R U B2 U2 D B2 U D L2 [15+6] (20f) 0.43
B R F' L2 U2 B D' R2 B' D L B D2 F2 U F2 B2 L2 F2 [15+4] (19f) 0.17
R2 L U' D F' U B D L2 B U R2 U2 F B2 U' D F2 U' D' [14+6] (20f) 0.09
L' F B D' R2 U2 D' F2 B2 R' L2 B U2 L' D' U2 L2 B2 U2 B2 [15+5] (20f) 0.46
D2 B U2 B U B' D' F U2 R F' R B' F2 U' D F2 U D R2 [13+7] (20f) 0.10
F' L F2 U B U2 L' F' L' D L' B2 R F D2 R2 F2 L2 B2 R2 [14+6] (20f) 0.11
B' R2 U L' U F D2 B' R' B D F2 R2 U' F2 D2 F2 L2 F2 B2 [14+6] (20f) 0.11
U R L U2 L' D R2 F D' F D L' U2 B D2 F2 U2 F2 R2 U2 [14+6] (20f) 0.01
R' L2 D B L B L' U2 B2 D L U' B L D U2 B2 U2 R2 B2 [15+5] (20f) 0.10
R2 L2 B U F2 L2 F B R' U2 R2 L U B F2 R2 B2 U2 L2 [14+5] (19f) 0.06
R L F B' R D L F' L D2 B2 D2 R2 D2 B U L2 F2 U2 [16+3] (19f) 1.05
U D2 F R' D R' F2 D2 L2 F U R U' F R' F' B2 D2 L2 U2 [16+4] (20f) 3.08
U' R' U' B' R' B U D' R2 F' L2 B' L' F2 R2 B2 U2 B2 D2 [13+6] (19f) 0.02
U' R B L' F' U F2 D2 R F R' U R U L' F2 D2 L2 F2 L2 [15+5] (20f) 0.09
U' F2 D' B2 L' U2 B2 U' B' U R2 F' D F2 R2 L2 U2 L2 F2 L2 [13+7] (20f) 0.06
R U L' B U2 F' U' F' L' F2 B2 L2 U L2 U R L' B2 R L [15+5] (20f) 0.19
L F U F U L F' L2 U' F2 U2 L' B R' F2 L2 U2 F2 R2 D2 [14+6] (20f) 0.10
R2 L2 F2 U' R' F U' B2 L2 U' B' R2 B2 D' R2 F2 B2 U2 F2 B2 [14+6] (20f) 0.12
L U D F2 B' D2 R' B D' F' R B2 D' R B2 L2 U2 R2 U2 B2 [14+6] (20f) 0.07
R D' B D2 L U' B' D2 R L D F' B D' R' F2 D2 R2 D2 [15+4] (19f) 0.37
U' R B R2 D F L' B' U F' R F U2 R' B L D2 R2 F2 R2 [16+4] (20f) 0.76
B R2 U' B2 U' B L' F2 U L U B R B R2 B2 D2 B2 L2 B2 [14+6] (20f) 0.03
F2 U2 D2 F D2 L U2 R' B' R' U' F' U2 R F2 U2 D2 R2 D2 [14+5] (19f) 0.09
B D' R D' R B R' B' R2 F2 L2 F2 D U2 F2 R2 D2 R2 D2 B2 [13+7] (20f) 0.07
L F' U2 R' U B' D' R U B R' F' B' R U2 F2 U2 F2 B2 U2 [14+6] (20f) 0.11
L2 D' R' U D R' F2 L U R' U2 F D B2 R2 F2 L2 D2 R2 [13+6] (19f) 0.03
R U2 F' B' L U2 D L U2 R F2 U R' U2 R2 L' F2 R' L D2 [15+6] (20f) 0.32
R B' R' D' F R2 L U2 D B R B2 R2 D' B' F2 L2 D2 L2 D2 [15+5] (20f) 0.51
F L D B2 D' L D' R D F' U' L2 D' L' B2 R L' F2 D2 [14+7] (19f) 0.07
R U' F B R2 F2 R2 L' F2 U F2 L D L' D2 F2 D2 L2 U2 R2 [14+6] (20f) 0.15
B U' L2 U F2 U2 R B D2 L2 D F2 D F' B2 L2 U2 R2 D2 F2 [14+6] (20f) 0.17
U' R D' B' R B2 R F2 R' B2 U2 R U R' F2 D2 F2 L2 F2 R2 [14+6] (20f) 0.08
D B2 L D B' U' D2 L2 D2 F R L B' R' D R2 B2 U2 F2 R2 [15+5] (20f) 0.41
D' L' U2 B' R' B2 L' F L' U' F2 U D L2 F' L R2 L2 B2 L2 [16+4] (20f) 4.68
B D2 F U' D' R' F U L' F R2 U' D B R' U2 L2 U2 L2 B2 [15+5] (20f) 0.52
B U' D' F R2 D' B2 L2 U R D L2 U' R U' B2 R2 F2 L2 [15+4] (19f) 0.36
U' B' U F2 R F2 L' B2 U' R2 U2 D' F D' R2 U2 D2 F2 D2 F2 [14+6] (20f) 0.09
U2 B2 D R2 F2 B R' F B2 R' U D R2 D2 L2 F B U2 F B [12+8] (20f) 0.06
L' D2 F2 R B' U2 L U B2 L' D' B' L2 D2 B2 R2 U2 D2 [12+6] (18f) 0.07
U2 B2 D' F' D' R' D R' F2 D R' D' R F2 L2 F2 L2 U2 R2 F2 [13+7] (20f) 0.07
L2 F2 R' F2 R' F2 L' D2 L2 B' L2 U R B2 R L' U2 D2 R L [13+7] (20f) 0.04
R2 B2 U2 F2 D' L B U D B D R B2 D' L R2 F2 L2 U2 L2 [15+5] (20f) 1.15
D2 L2 U2 L U2 F2 L B' L U' F2 D' R' B D2 R2 B2 D2 B2 L2 [14+6] (20f) 0.05
R F' L2 U2 B R' D2 F D L D L2 U' B R B2 R2 U2 [15+3] (18f) 0.23
F2 R B' D2 L2 B D R L' D' R' D F' U2 F' B' L2 F B D2 [13+7] (20f) 0.14
L2 U B2 L' F U R' D R' U L B2 U' R F D2 R2 B2 U2 F2 [15+5] (20f) 0.08
R' L' F B2 D2 F U' F' R' F' U' R' F' D' B2 U2 L2 D2 R2 D2 [14+6] (20f) 0.08
D2 F' R B U L2 B' U F' D2 L2 B' D B R2 D2 L2 F2 B2 U2 [14+6] (20f) 0.04
U L2 F2 U' F2 R2 D' F' L U2 L F' U B2 D2 F2 R2 F2 L2 [13+6] (19f) 0.07
R' F' B D' F' U L D L2 U2 D F' L R' L' F2 U2 R L' F2 [13+7] (20f) 0.06
U R F R' B2 L B L B' U2 D2 L U' F B2 D2 F2 D2 R2 F2 [14+6] (20f) 0.01
R L2 F L B2 R' F' U F2 R F U L2 U D2 B' R2 F B [16+5] (19f) 0.97
L' B' D L B L' B U2 F' L2 F' L B D F L' D2 R2 D2 R2 [16+4] (20f) 7.26
U F B2 L' D F2 B' R' B' U' F2 U' L2 F R2 L2 U2 F2 L2 U2 [14+6] (20f) 0.06
U F' B2 U' B2 L' U R U F2 D' R B2 L D2 L2 F2 L2 [14+4] (18f) 0.20
D' F U' L2 F R F U2 F B' D B2 R D' F' B' L2 F B' L2 [14+6] (20f) 0.09
F U2 D' L U2 R D L' F' U F' L' U' D L2 U D' L2 B2 [12+7] (19f) 0.09
R2 B D' B2 R L U2 D L2 B' U L' F' D U2 D2 L2 U2 F2 D2 [14+6] (20f) 0.10
L2 B' R B2 U2 L' B R U' L' F' R U F2 U D' F2 U D [13+6] (19f) 0.01
U' L2 F' L D2 B2 L2 B' U' F' L D' R2 B D U2 B2 D2 F2 D2 [15+5] (20f) 0.23
R2 B' U2 L' D' R F2 R' D' L' B' L' U' D2 R B2 D2 L2 U2 L2 [15+5] (20f) 0.72
L' F2 B2 D2 L' B' D L F U2 R U2 F L' F U2 D2 F2 R2 F2 [15+5] (20f) 0.72
D2 L' U L2 D' B2 D2 B U2 R' F D2 F R U2 B2 L2 B2 U2 L2 [14+6] (20f) 0.07
D F' U R' D F' L' U F' R U2 L' U B D2 R2 B2 D2 [14+4] (18f) 0.08
D2 F R U2 D2 F' L' B' U2 D' L' B2 U' F2 R2 U2 R2 D2 F2 D2 [13+7] (20f) 0.12
R' L F2 L2 B' D2 R F2 B' D' B2 U L D2 B U2 R2 U2 R2 U2 [15+5] (20f) 0.14
F L2 F2 L' U R D2 F2 U B L' U F2 D L2 U' R2 U2 D2 F2 [16+4] (20f) 2.10
B2 U2 B R' B' D F2 B R U2 D' L2 B' D' R2 F2 D2 F2 U2 B2 [14+6] (20f) 0.10
U' R' D B U' R2 L' D2 B U F B2 U B L U2 R2 F2 U2 L2 [15+5] (20f) 0.12
U' R' B L' U' R' B' D' R2 D2 R L U' L' R2 U2 D2 F2 L2 B2 [14+6] (20f) 0.01
F R D2 R' U R2 L' F L' B R' F2 D F2 L' U2 R2 L2 F2 U2 [15+5] (20f) 0.13
L U2 D2 B' D' R' F2 D R' U2 B2 L U2 B2 L2 B2 D2 R2 U2 R2 [12+8] (20f) 0.14
D2 R2 F' U' L' B' U2 D' F' U2 L U' L F2 R F2 D2 B2 L2 B2 [15+5] (20f) 0.23
L U' R B' L' D2 F D2 R2 D2 L' D L F' R2 B2 R2 F2 D2 L2 [14+6] (20f) 0.10
R' B' R2 B' R U2 L' D' R' L' U R2 U' L2 B' L2 D2 F2 U2 F2 [15+5] (20f) 0.24
F' U R F2 R F D L U' F' L2 F' R F' R L2 F2 R2 [15+3] (18f) 0.82
U2 R2 B U B' L' D' R F2 B R B D' R L2 U2 F2 R2 L2 D2 [14+6] (20f) 0.11
U2 D2 R D' R B2 R D' R' B L D F B' R' B2 R2 U2 F2 U2 [15+5] (20f) 0.77
F R2 D R B2 R' L' F2 U2 D L F R' U2 F2 B D2 F B L2 [15+6] (20f) 0.13
D2 L' D' F2 D' B2 L U B U2 R2 L' B2 D L U2 R2 F2 R2 F2 [15+5] (20f) 0.35
B2 R' F B2 R' U' R' F' L B' U2 R D2 R' D2 L2 B2 D2 F2 B2 [14+6] (20f) 0.10
F' U L2 D' F' B D R' F R' B' R D U2 F2 L2 F2 R2 D2 L2 [13+7] (20f) 0.05
R2 F B' U2 L' U' R' D2 F2 D B' R L U F2 R2 L2 F2 R2 D2 [14+6] (20f) 0.22
D2 L F' U D2 B2 D R2 L F U R' F' L' U D2 F2 U2 B2 [15+4] (19f) 0.24
D2 B2 U2 B2 D2 R2 F' U2 R B' D2 F' R2 U' D2 F' B' D2 F' B [14+6] (20f) 0.07
F R' L' D2 B D' R L2 U B2 R B' R2 L' D' U2 F2 R2 F2 L2 [15+5] (20f) 0.22
B R2 D2 F' D B2 R' U2 F B2 L B' D B2 U2 R L2 D2 R2 L2 [16+4] (20f) 1.00
F2 D' F2 B2 L2 D B D' B R D' B' R D F U2 F2 B2 R2 D2 [15+5] (20f) 0.76
D2 R F D F D R F' R2 L F' L' B R' D' L2 F2 U2 F2 B2 [15+5] (20f) 0.25
F' R2 D' F U R' F R' U2 D2 F' L D2 L' D' F2 L2 D2 F2 D2 [15+5] (20f) 0.68
L' U B' L2 F' L2 F D' L' F2 L' F U L D' U2 F2 L2 U2 B2 [15+5] (20f) 0.46
D2 F' D F2 R' B' U' F L2 D2 L' B R' B L' B2 D2 R L' U2 [15+7] (20f) 0.28
U R' F2 L' D' R2 D F L' F D F2 L2 F2 R U B2 L2 D2 L2 [16+4] (20f) 1.60
U L2 U2 B2 U L2 F' U' F' D B' L' B R' U' B' F2 R2 D2 R2 [16+4] (20f) 2.36
R2 B2 R2 L2 F L' D F' L2 F2 R' B D F2 R2 U2 F2 L2 D2 [13+6] (19f) 0.09
D2 L' D2 L F2 U L' F D2 R D2 F2 D2 F' R2 F2 B2 D2 R2 [14+5] (19f) 0.10
B2 D R B2 D L' B U' R L2 B U D' R2 U' R L' B2 R' L [15+5] (20f) 0.59
B2 U2 R U' R F B2 U2 B2 U' B' L' B' R L2 U2 R2 U2 D2 R2 [14+6] (20f) 0.11
R D2 L' D2 F D R L F2 L' D2 B L F' R2 F2 D2 R2 B2 [14+5] (19f) 0.16
L2 U' R' B2 U' B2 D2 R2 D R2 F U' D2 B U2 R2 D2 F2 L2 D2 [14+6] (20f) 0.13
L2 U2 L2 B' R' D' R' U F' L U D F L2 U' R2 U2 L2 U2 B2 [15+5] (20f) 0.11
R' F L2 D' F' U' B' R D2 L F' L B' U' F2 D2 B2 L2 U2 R2 [14+6] (20f) 0.05
F2 R2 U' R' F' U' R' F' U' D B D' L' F' U2 R2 U2 B2 R2 L2 [14+6] (20f) 0.08
R2 B R2 U' B2 U' R U' F2 B' L F2 B2 D R2 L2 B2 R2 U2 F2 [14+6] (20f) 0.07
U B R2 U F' L2 D' R U L2 U R2 F D2 F U D' R2 U D' [15+5] (20f) 0.30
U R U' R' F' L2 B D2 R' F U F' U F2 D2 R L B2 R L [13+7] (20f) 0.04
F U' B' U L B2 U2 L' U F L U2 D' L U' D' B2 U D R2 [14+6] (20f) 0.07
U R' B U B2 D' L' B D2 R' F' R2 U2 B R2 L2 F2 D2 B2 [14+5] (19f) 0.04
U' F' U F2 L2 U2 L D R' B' R2 D R F D U2 F2 R2 L2 D2 [15+5] (20f) 0.26
L2 U B U2 B' D' R U2 B2 U' R2 D2 R B R' L2 F2 L2 B2 [15+4] (19f) 0.10
B L' U' F' U F2 U2 B U' F' R2 F2 R F D' R' U2 L2 D2 F2 [16+4] (20f) 1.81
U' L' B2 D' R F' B' L' F U F B U F L U R2 B2 U2 L2 [16+4] (20f) 3.03
F L2 F2 R' B2 R F U F D' R L B U' L2 F R2 D2 L2 [16+3] (19f) 1.67
B' D2 F U' R2 U D B D' R2 L2 F2 R F' U2 R2 D2 F2 R2 B2 [14+6] (20f) 0.19
R' L' U' L B2 R U D2 B' L U2 F L' D L D2 F2 B2 R L' [15+7] (20f) 0.12
L F' B2 R L2 U' B2 D L D' F R2 L' B' D2 R2 B2 U2 L2 F2 [14+6] (20f) 0.10
U F' D2 R' D' R' L D2 L' F D2 F2 U L D2 F2 R2 D2 L2 U2 [14+6] (20f) 0.08
L2 F' B2 L' B L U' R L2 F2 U' F' R U2 L2 D2 F2 B2 R2 B2 [13+7] (20f) 0.07
U' R2 F2 L F' R U2 F' B2 D' B' R' U B L F2 U2 B2 [15+3] (18f) 0.12
F2 U B L2 U2 F B2 R D L D' F' R F' L2 D2 L2 U2 D2 [14+5] (19f) 0.10
B2 L' D2 F B U' B' D F L U' R' U B U2 L2 F2 D2 R2 B2 [14+6] (20f) 0.10
D R2 D2 B R L' F U' L2 D' L F' B2 R' U2 B2 D2 F2 U2 [14+5] (19f) 0.09
B R' U D R B U D2 B2 R F' D' R2 D2 F B R2 L2 F2 D2 [16+4] (20f) 1.69
F2 U' L F2 D' L B U L2 U' R' L D' F' R2 U2 D2 [14+3] (17f) 0.10
F2 U R' F' D R' U2 B' U2 B D R U2 F' L' R2 D2 B2 R2 U2 [15+5] (20f) 0.53
L2 D2 R' L' F2 D' B R L2 F2 B R' B2 L' B2 U2 R L B2 U2 [14+8] (20f) 0.06
F2 B2 D' B D F' R' B2 L D' F R L2 U' L2 F2 R2 D2 F2 U2 [14+6] (20f) 0.10
L' D2 L B2 R D' R2 F' R D L' F R2 B R D2 L2 D2 R2 F2 [15+5] (20f) 0.37
D2 F' R U' F2 U D L' F' B U B2 L' U' L2 U' L2 U2 B2 R2 [16+4] (20f) 2.73
R' U' L U' R' U' L U' F L' U2 L' B D' F2 U2 L2 U2 B2 R2 [14+6] (20f) 0.07
B U B2 L' F U B2 D' R D2 F2 L D R D F' B2 D2 R2 D2 [16+4] (20f) 3.05
D2 B2 U F D F' R' F2 D2 L F U' R2 B R2 U2 D2 R2 F2 D2 [14+6] (20f) 0.19
U2 R B2 U F' U' F2 D' L B D R' L2 U' L2 F2 R2 D2 L2 [14+5] (19f) 0.16
R F2 L U' B' L U2 D F' U2 D R' D' L' D' F2 R2 L2 D2 F2 [15+5] (20f) 0.29
R L2 U2 B R' L' U2 D F' L' B' L' D' B D2 B2 D2 L2 F2 B2 [14+6] (20f) 0.04
L2 D B L B' L2 F R2 F2 R2 D R2 L' D F2 R2 F2 B2 D2 F2 [14+6] (20f) 0.07
U L D R' F' L2 F' D' R2 U F2 U F' D' R2 L2 D2 R2 D2 F2 [14+6] (20f) 0.07
F2 R U' F' U B' L2 D2 L F' D' R' B' L D B2 U2 F2 U2 L2 [15+5] (20f) 0.38
R U2 L' U' L' D R' D F R B' U2 B' L B U2 L2 B2 D2 L2 [15+5] (20f) 0.17
U L F2 R2 D' B U2 F' D L' U' F' R U R2 F2 D2 F2 [14+4] (18f) 0.07
R D2 L2 F' R' U2 D B' R D2 L' F U' B D' R' U2 R2 L2 D2 [16+4] (20f) 2.46
L2 U2 L' D2 L U B' D F2 R' L B L U D' L2 B2 U' D F2 [13+7] (20f) 0.06
R2 B' L2 D' B2 D2 B' U F2 D F' R B2 R B2 R2 U2 R2 L2 F2 [14+6] (20f) 0.08
R' D' R2 D B' L D B R2 B2 R' F B R2 L D' L2 B2 D2 R2 [16+4] (20f) 2.93
D2 F2 U' R' F B D' L U' D2 L B2 R' U2 L' B R2 F2 B2 [16+3] (19f) 2.33
U2 F' B2 D' F' U2 D2 F' D' R' U2 D2 L U2 B2 D2 B2 L2 F2 B2 [13+7] (20f) 0.05
U2 F' B U2 F' R D F' B L F2 L2 U L' F' B' U2 F B L2 [14+6] (20f) 0.12
R' B2 D L F2 R U2 R F' B L U2 B2 R2 U' F2 L2 U2 L2 B2 [15+5] (20f) 0.52
D2 L2 B' R2 D2 L' U F' D' F' R F2 R2 F U R2 U2 L2 B2 [15+4] (19f) 0.12
U L' D' L' U2 F' L' B2 R' F2 U' D F' U D2 R2 L2 F2 D2 B2 [14+6] (20f) 0.02
B' D' R L2 B' D' F2 U2 R' D' F' R' U2 R' U2 F2 U2 F2 R2 D2 [14+6] (20f) 0.10
U R2 D2 B2 R' F' R D' B' D' F2 B' D L' U' D' B2 U' D B2 [14+6] (20f) 0.07
R' D2 F' U F' B U2 D L2 U' D L2 F' L B2 U2 B2 U2 [14+4] (18f) 0.05
L2 U' F2 D2 L2 D' B U' B' R F U' R' L F R2 U2 D2 B2 D2 [15+5] (20f) 0.11
D B' L2 F U F L' F U' D2 L B' D2 F' R2 F2 R2 F2 R2 U2 [14+6] (20f) 0.14
L2 F R F R' L2 U' B' U2 D B' L U B2 D2 F2 U2 R2 F2 R2 [13+7] (20f) 0.05
B R L U' R' L2 U' D2 L2 U' L2 F R U' L U2 L2 U2 B2 R2 [15+5] (20f) 0.18
R F B U2 R D' R2 U' F2 D' R B2 R F U' F B' D2 F' B' [15+5] (20f) 0.36
U2 R2 D2 F' U D F R F2 U2 R F2 B D B' R L U2 R' L [15+5] (20f) 0.39
B U' F' D2 L2 F' R L' B2 D2 B' R D L2 D' F2 U2 D2 L2 U2 [15+5] (20f) 0.24
U' R2 F' U F2 L B' R2 U2 D L' F U R F R' L2 F2 R2 L2 [16+4] (20f) 1.40
L D2 B L2 U2 B' R B' R' U' F U2 R D2 L2 F2 L2 F2 U2 B2 [13+7] (20f) 0.04
U' B' U F' B' L' F' U2 R' B2 D F D2 B' F2 U D L2 U' D' [14+6] (20f) 0.09
L' D2 B D2 B R' B R2 F2 B' L' F' R' U' B L2 U2 R2 F2 [15+4] (19f) 0.35
D F U L2 U2 D' F2 U' L F' U L U' F R L F2 R L' B2 [14+6] (20f) 0.08
L2 F B U' L' B' L D2 R' B' U' F L D' L2 U2 D2 B2 U2 R2 [14+6] (20f) 0.19
F L2 U B' D2 R L2 F' R F U D2 L U' L2 U2 L2 U2 B2 [14+5] (19f) 0.06
R2 B U F L D R2 B U2 L' B' D R2 D2 B2 D2 R2 F2 R2 F2 [12+8] (20f) 0.04
R D' R' U D2 L' B L U2 F B2 R' F2 L R2 U2 F2 R2 L2 U2 [14+6] (20f) 0.02
B' R' D R2 L F2 D2 F L2 D' F' U B' R U2 F2 U2 F2 [14+4] (18f) 0.10
L U2 F R' F B' U2 R' U' L B' R' D2 B D' R2 F2 L2 [15+3] (18f) 0.45
U B2 D2 R' U2 F' B2 U B' R B2 U L D B L' D2 B2 U2 D2 [16+4] (20f) 4.69
L2 B2 R F' D F' R2 D' B L' D' F' U' L D2 R2 F2 R2 F2 R2 [14+6] (20f) 0.07
F D L F' L2 B2 U L2 F D F U' D B2 L F2 L2 D2 R2 L2 [15+5] (20f) 0.38
L F D' R2 D B' R2 U' F B2 R F R L' B2 D2 R2 F2 R2 F2 [14+6] (20f) 0.07
L' D2 R F' B' D' F' R' F U F2 U F L' B' D2 L2 B2 R2 B2 [15+5] (20f) 0.53
U L2 U2 D' L' F2 D' F' R' B L' U' D B2 R U2 R2 D2 F2 R2 [15+5] (20f) 0.13
R B U' R' B' U F L' D' R B U' D F' U2 F2 U2 R2 U2 R2 [14+6] (20f) 0.10
B R2 U R' U' L2 U L2 F' R' D B2 R D B' U' F2 U2 F2 B2 [16+4] (20f) 0.99
U B' U2 F L D2 L B2 U' B' D' F' U D2 R' B2 L2 [15+2] (17f) 0.38
L F' R B R' D2 L2 D' R2 U' L U' R' F2 U2 R2 F2 B2 D2 F2 [13+7] (20f) 0.10
B U B' D' R2 L' D2 B R F2 L U' B2 R B' R2 D2 F' B' L2 [15+7] (20f) 0.20
D F U' L B2 R' U2 D' F' D R2 L' B U F R2 F2 B2 R2 F2 [15+5] (20f) 0.69
R2 L2 F' B2 L F' D L' B2 U' F' L' D' L2 F U2 R2 B2 L2 B2 [15+5] (20f) 0.38
F2 R2 U' D2 R' U' L U2 F' L2 D' R L R2 U' D' B2 U' D' B2 [13+7] (20f) 0.03
F' B U R' D' B2 R' L2 B' U F' U2 R F2 R2 D2 R2 B2 D2 [13+6] (19f) 0.02
R' F2 D F' U2 F' R F R' F' U2 L2 F U' D' R2 B2 U2 B2 U2 [15+5] (20f) 0.53
B L2 B R D' L' B' U R L2 D' L2 U R F R2 U2 B2 U2 R2 [15+5] (20f) 0.20
L F' R2 D2 F2 L2 F' U' L2 D F' U2 B2 U L U2 R2 D2 F2 [15+4] (19f) 0.90
L' F D' L U B R2 F D2 L F B2 D' F U' B2 R2 B2 D2 B2 [15+5] (20f) 0.49
U D2 R2 F' U' D2 L U2 L D R2 D F' L B F2 L2 F2 D2 B2 [15+5] (20f) 0.27
R F D' R F D2 R' B' R L' B U2 D' R' L2 F' B L2 F' B' [14+6] (20f) 0.10
B D2 L' U2 L2 U2 F2 D2 L' F' B' D' F2 L' D2 L2 U2 D2 B2 [14+5] (19f) 0.19
R' F' D' R2 U' F' L F2 U' R U' F' D L' F' B' U2 F B' D2 [14+6] (20f) 0.04
L2 F2 U R2 F L B R F2 D R2 U2 R' B' D2 R2 F2 L2 F2 [14+5] (19f) 0.05
D R F' B2 R2 B' U2 R2 U L' B' R' F R' D B2 L2 D2 L2 [15+4] (19f) 0.43
F2 R2 L F' D R B2 D' L2 D' R B2 U L R L F2 R L D2 [14+6] (20f) 0.10
R U2 B2 L U B2 L' D2 B L' D2 F B' U D2 F2 L2 U2 D2 [14+5] (19f) 0.01
B' U L' F U2 D2 F2 U' L' F L' D F2 L U2 R L' F2 D2 B2 [14+8] (20f) 0.14
D R2 L' F L2 F2 D2 L F L' D' B2 D' B' D R2 U2 L2 D2 R2 [15+5] (20f) 0.50
L' U B2 D2 L' B U2 B R2 B D2 R F D R D2 L2 B2 R2 F2 [15+5] (20f) 0.32
B2 R2 U D R' U' F D2 R B U' D2 L F B R2 U2 F B R2 [13+7] (20f) 0.08
L2 B L2 U B' D R L' U' L2 B R2 L' U2 L' D2 F2 D2 L2 F2 [15+5] (20f) 0.23
D2 L' U D L U2 F' D F D2 B' R' L F R D L2 U2 F2 L2 [16+4] (20f) 2.59
R D2 F2 B R B' L U F2 B2 R' F' L2 B L2 B2 R2 F2 D2 [14+5] (19f) 0.04
B L' D R2 B U2 B2 R2 L' D L B U' F R F2 D2 R2 F2 U2 [15+5] (20f) 0.22
B L U' B' R2 L U2 R' U' L2 F U D L U F2 U2 F2 L2 U2 [15+5] (20f) 0.21
F L F D' F L B2 R B' U B2 R U D' L2 U2 R2 D2 F2 L2 [14+6] (20f) 0.03
D' L2 U' R D' F L' U' R' F D2 B2 R' F' U2 F2 U2 B2 L2 B2 [14+6] (20f) 0.04
B U L B U B' D B U' B' U B F2 L2 D2 R2 L2 F2 D2 F2 [12+8] (20f) 0.12
L2 U2 F2 L D2 L' U' B R2 U2 R F2 D B' R2 D' R2 U2 D2 L2 [16+4] (20f) 1.20
F D2 F D2 R2 D' B2 R F U2 F' B2 R2 B D2 L2 D2 L2 B2 L2 [14+6] (20f) 0.13
L2 D R U L F B2 L U B2 R F' L F' D R2 F2 U2 L2 [15+4] (19f) 0.23
F U' L F' B' R' F' D L B2 D' F2 L' B2 R2 U L2 U2 D2 B2 [16+4] (20f) 4.26
B U' R2 L2 B R2 U2 L U2 B' U' B D' R' F U2 F2 B2 [15+3] (18f) 0.21
D' B2 L2 B L B L' D' L' B D R F B2 U2 B2 D2 R2 F2 [13+6] (19f) 0.04
B' D' B2 U2 R2 F' U B' D R D L' B' U2 F B2 D2 L2 B2 [15+4] (19f) 0.90
R' D2 B2 R U L B2 U' B' D R U B2 R B R2 U2 R2 L2 D2 [15+5] (20f) 0.29
L2 F' U' R L2 F R' F' L F2 D' F L2 B L2 B2 L2 D2 B2 [14+5] (19f) 0.02
R2 D F' R D' R F D' R' D' B D' F' R2 U' D L2 U' D L2 [13+7] (20f) 0.10
U2 R' U' B' U' F' D2 F2 D R U' F U2 F B2 D2 R2 D2 L2 [14+5] (19f) 0.11
F U2 R' B' D2 B R2 D' R2 U F D' B2 D R L' F2 U2 R L' [14+6] (20f) 0.17
R' U' B' R' F R' U F2 R' D2 B2 L' U L U' R2 D2 F2 R2 D2 [15+5] (20f) 0.28
U' R2 L2 D' B' R2 D R D' L2 U2 L U2 B' R' U2 F2 U2 [15+3] (18f) 0.13
R' D L' D' R B2 R2 D' L' B L2 U R' U' D2 B L2 F2 R2 F2 [16+4] (20f) 1.96
U R U B L2 D' B R2 F' U D F2 B U B' R2 L2 B2 R2 F2 [15+5] (20f) 0.10
R' U B U' L2 D B D' B D R' L' D' L' F2 B2 U2 L2 B2 R2 [14+6] (20f) 0.06
B' R F' B R2 U L2 B L U' F2 U R B F2 D2 F2 R2 D2 L2 [14+6] (20f) 0.16
D R2 B2 R2 F U2 L B' D L2 B R' B' F2 D2 F2 R2 U2 D2 F2 [13+7] (20f) 0.13
D B2 D B' L B2 R2 F R D' F' U L U R2 L2 F2 L2 F2 B2 [14+6] (20f) 0.08
L2 D' F' U2 D L2 B2 R' B' D F2 B D U' D L2 U D L2 [13+6] (19f) 0.02
U' F2 U2 R D F2 D2 F' B2 U L2 U' F2 U R' D2 B2 D2 L2 [15+4] (19f) 0.47
R U' D' F' B D' B U2 R' F2 D' L2 D2 R U' R2 D2 B2 R2 B2 [15+5] (20f) 0.23
R U' D L' U F U2 B U' D' L' U' D' B R' B2 D2 R2 B2 D2 [15+5] (20f) 0.19
U D' B D2 F B L U' F' D2 R2 B2 L' D' B2 U2 L2 D2 L2 [14+5] (19f) 0.06
F D2 R2 L B' R' B' L2 U' L' U' F' L D B R2 U2 B2 R2 D2 [15+5] (20f) 0.49
U R2 F' L B D' F2 B' L B R' B D2 F R' U2 F2 L2 U2 D2 [15+5] (20f) 0.21
U' R' L' D' B U2 B' L' U L U R' B' L2 B D2 L2 B2 D2 F2 [15+5] (20f) 0.16
F2 B U L' B2 L2 F' B2 U' F' R2 F L' F' B' U2 R2 L2 F' B' [13+7] (20f) 0.11
F L' U2 R2 U F' U2 R2 B' L2 F2 B' R U' L' B2 D2 L2 [15+3] (18f) 0.26
D2 L' U2 B L' U2 B D' F U D L D F2 U' B2 L2 F2 L2 D2 [15+5] (20f) 0.20
F' U2 L B' D B2 L B R' D2 F R2 D' F2 U' R2 U2 D2 R2 F2 [15+5] (20f) 0.83
B L2 B U F R' D R' B' L' U2 R' L2 U B R L' U2 R L' [15+5] (20f) 0.25
R L B R U F2 U F' L2 B2 U' D' R' L2 B' R' U2 R2 U2 R2 [16+4] (20f) 0.71
L2 D R D' F L2 U2 L2 U' L F2 L B L2 B' D' U2 L2 F2 B2 [16+4] (20f) 1.29
L U' R U L2 U D B U F2 R2 D2 L' B U L2 U2 L2 U2 D2 [15+5] (20f) 0.72
D' B2 D L' U F' R U B' U2 R' U L U' D2 F2 R2 U2 D2 R2 [14+6] (20f) 0.10
R' D R B' R' B' U2 D' B R2 D' L2 D R' B R L U2 R L' [15+5] (20f) 0.19
R' B R' D2 R U D2 B D2 R' F D' R L2 U D L2 B2 U D [13+7] (20f) 0.04
U' R2 F D2 R F U2 B L2 B2 L' U' B L' U' D2 L2 U2 F2 R2 [15+5] (20f) 0.16
F U R2 U' B' R F L D2 R D2 B' L2 U F' B2 L2 F2 U2 [15+4] (19f) 0.21
B R2 L' F B' U F D R2 F' L2 F R' U2 R' B' F2 L2 F2 U2 [16+4] (20f) 1.12
D2 F' B' L' U2 D' R' B L2 B' U' L B2 R F2 U2 F2 U2 L2 D2 [14+6] (20f) 0.16
R' D' R2 F2 B2 L' U' R2 D L' F' D B' L R2 U2 B2 R2 F2 R2 [14+6] (20f) 0.07
U2 D' F' B2 L' B' D' F B U' R F2 R' B L2 D2 F2 B2 L2 B2 [14+6] (20f) 0.03
L' B' D2 R2 F R U' F R U L' D B' D2 F2 R2 L2 U2 R2 F2 [13+7] (20f) 0.08
F' R2 L U D F' U R L B' R U L U' B2 R2 L2 U2 R2 U2 [14+6] (20f) 0.09
F R2 F2 U' B R U B' R2 F2 B U2 L2 D B U F2 L2 U2 D2 [16+4] (20f) 1.69
R B2 U2 F2 B2 U L F2 B D' B U' R F2 D2 B2 D2 F2 L2 U2 [13+7] (20f) 0.04
U R' F' R2 D' R' L2 D B' L F' R F' L2 U R2 U2 L2 B2 R2 [15+5] (20f) 0.24
R2 L' B U F U' B R2 U' L' F2 B U' L2 D F2 D2 F2 R2 D2 [15+5] (20f) 0.37
D' L2 U2 B2 R' B' L' U2 F' B2 U2 F2 U' R F2 R2 U2 D2 R2 F2 [14+6] (20f) 0.08
D2 L U' R2 F B2 R U B' R2 L' D2 L' B R L2 D2 F2 U2 [15+4] (19f) 0.26
U R' F2 U2 R2 F' L2 B L U2 R2 D' R U' D2 L2 B2 U2 B2 U2 [14+6] (20f) 0.05
L2 F2 L D2 F' L2 B L' B L2 D R' B2 U F B D2 L2 F' B [14+6] (20f) 0.03
F' U R F2 B D' F R B D' B2 U' R2 F B' U2 F2 U2 R2 U2 [15+5] (20f) 0.99
D B2 L D R' B D' L F' R' D2 B' R' U' D' F2 R2 U D' [13+6] (19f) 0.03
L2 U L' F2 L2 F L U B' R2 D R2 U' R2 B2 R2 L2 D2 L2 B2 [13+7] (20f) 0.10
U F D' R2 U R D2 R2 L2 U' F' U2 D R2 F R' D2 R2 F2 [16+3] (19f) 3.52
R' U' D' L2 B2 U L' U F U B D F U2 D' R2 L2 U D' R2 [14+7] (20f) 0.04
D R F' B' R' B2 R' U' L D2 F' L U F2 B U2 R2 F B [14+6] (19f) 0.06
R L U D' R U B2 D2 R D R2 B L2 F2 R2 U2 F2 U2 B2 D2 [12+8] (20f) 0.09
U' R' L' D' L U F R2 F' U R' D2 R2 L' B2 R' L' B2 U2 B2 [13+8] (20f) 0.03
U L F2 B L2 B2 U L' D2 R F B' U' D' L2 U2 F2 L2 F2 R2 [14+6] (20f) 0.07
U' D L2 D' R' L F' U' R U' D B2 U' F L U2 B2 L2 F2 R2 [15+5] (20f) 0.18
B U' F D2 R2 B2 U B' R2 F' U F D' R U2 B2 L2 F2 L2 U2 [14+6] (20f) 0.08
D' B2 R D' L D2 L2 F D F2 U2 F D2 B U D' L2 U D' [14+5] (19f) 0.13
F2 L U F2 B' R U B2 L2 F' U2 R2 U B2 L' B2 D2 F2 [15+3] (18f) 0.32
F R U2 L' B' U' D' L F' L F' L' B' L U2 B2 R2 F2 U2 L2 [14+6] (20f) 0.04
D2 F2 D B U' L2 D' F' R' L' U B' L2 B U L' U2 L2 U2 [16+3] (19f) 2.32
R D2 F U2 F2 U2 L' U' B U2 L' U R2 B L R2 U2 B2 L2 U2 [15+5] (20f) 0.26
R D2 R' L' U2 R' U R' B R' D F2 B' L U F' B2 L2 B2 D2 [16+4] (20f) 2.69
U' R' B' L' F R2 D R' D R2 U' B' D B' U2 R2 B2 U2 L2 U2 [14+6] (20f) 0.04
L D' F' L2 B' D2 B2 D B' D2 R' U2 R2 U' R2 B2 U2 R2 [14+4] (18f) 0.11
U R' U2 L2 U' D R' B2 R' B' L B' U L2 U2 F2 B2 R2 U2 B2 [13+7] (20f) 0.08
U2 L' D' R' L' D' F R' F' R2 B' U2 R' F U2 R2 U2 B2 R2 U2 [14+6] (20f) 0.10
F' U B2 R D2 R B2 R2 U' R2 F D L U2 F2 U2 L2 F2 L2 [13+6] (19f) 0.05
L U2 B' D2 L' B' D' L2 U2 B' L U L U' F2 B2 L2 D2 B2 [14+5] (19f) 0.07
F' L B L' U L' D F2 R' F' B2 D' B D B' F2 U2 F2 D2 L2 [15+5] (20f) 0.64
R L' B D' L2 D L2 U R' L B' L D' R' B L' B2 R2 B2 U2 [16+4] (20f) 1.34
L F' B R F2 B L B2 D' B R2 L2 U B U2 R2 D2 F2 B2 L2 [14+6] (20f) 0.09
L2 U B2 U' R L' D2 R L B U F' R' B2 L U' R2 B2 D2 R2 [16+4] (20f) 1.13
F2 D2 L' D R' F U D2 F2 L B' R L' B F2 U2 R2 U2 D2 [14+5] (19f) 0.09
L B U2 B R L D' B D R U' R U D' R' D2 L2 F2 B2 [15+4] (19f) 0.67
U' L2 F2 U2 L2 U2 B' L' F2 U' R D' F2 D2 R F2 L2 U2 D2 [15+4] (19f) 0.25
F B' D B2 U R' F U' L F' L2 B D' B' R2 B2 L2 U2 R2 U2 [14+6] (20f) 0.09
U' F' U2 F2 U' F' L' B L' D2 L B U2 B R2 D R2 F2 U2 R2 [16+4] (20f) 3.97
B2 L F' D2 R2 B' U' R U' R L' B' D' F B L2 F' B R2 F2 [13+7] (20f) 0.14
R' L2 U B2 L2 F2 U2 B D' F U2 R U B' R F2 D2 R2 L2 F2 [15+5] (20f) 0.10
R U2 F2 D R' L' D L2 F' R B D F2 L D' R' D2 F2 R2 B2 [16+4] (20f) 2.34
F' B' D' B U2 L U2 R2 F U2 F2 L D U2 L2 U2 D2 F2 U2 D2 [13+7] (20f) 0.10
R2 U2 D2 L' B D2 L U' B' U2 B2 D R2 U' F2 D2 L2 B2 U2 B2 [14+6] (20f) 0.15
B L2 B' U L2 D L B' D F U' L D2 F U L D2 L2 U2 F2 [16+4] (20f) 2.20
L' U B L2 U2 F U B2 L D L2 U2 B U R U F2 R2 D2 [16+3] (19f) 2.86
R L' F U2 L2 B U L' F R U R F B R' F2 B2 R2 B2 U2 [15+5] (20f) 0.15
B U L' B R L F2 U2 L F2 D' R F' U' L' F2 R' L B2 U2 [15+7] (20f) 0.28
L F' B R2 L F2 D B2 L D' R2 D' B2 L F B2 D2 R2 D2 [15+4] (19f) 0.52
B L2 U F2 D R2 F' L' F2 U' B2 L' B U' F2 L2 D2 F2 R2 D2 [14+6] (20f) 0.09
B U B R' F2 U2 F L' D2 L2 B2 R B2 U D2 F2 R2 D2 R2 [14+5] (19f) 0.06
U2 F' U R L2 F' D R B L2 B' D' B' F2 L2 F2 L2 U2 R2 U2 [13+7] (20f) 0.06
F2 U2 F R' U L2 B' U F R F' L2 B' D U2 D2 F2 B2 R2 U2 [14+6] (20f) 0.08
R' B' U F U2 L' D F' U F R2 D B2 D' U2 R2 D2 L2 B2 L2 [14+6] (20f) 0.21
U' R2 L B R' F' L' D R L2 F D' B' R2 F R L2 U2 D2 F2 [16+4] (20f) 1.19
D' F' R2 F2 R' B' D B U2 R' U R2 U L2 D2 F2 L2 B2 L2 F2 [13+7] (20f) 0.05
L' F B2 L B' R' B2 L' U2 L2 U L F D' L B2 U2 R2 U2 D2 [15+5] (20f) 0.41
U R' U D L' B L' D' F2 B2 U' R' D' F' U F2 R2 B2 D2 L2 [15+5] (20f) 0.18
F2 L' U2 D' R F U2 L2 D' F R2 L F L' F2 R2 B2 U2 L2 D2 [14+6] (20f) 0.08
F2 L U2 D L2 U2 D2 L D L D2 B' D B2 R2 U2 B2 L2 D2 R2 [13+7] (20f) 0.09
U' R B R U F' B2 R D R L U2 L2 U R2 F' L2 F2 U2 [16+3] (19f) 0.78
D' L' F R' L' U2 B' R B2 L2 B2 U D2 B' R U2 B2 R2 F2 B2 [15+5] (20f) 0.48
D F' R' B2 R' L B2 R D' B U' F L D' R2 B2 D2 R2 [14+4] (18f) 0.10
U R' D' R2 D2 L F' L2 D B L' U' B R L R' L' F2 R L [15+5] (20f) 0.07
F' B2 D2 R B R D' B R U B D' B2 U' R2 L2 B2 L2 D2 F2 [14+6] (20f) 0.11
U' L' F2 L2 B' D' B' L F L U L2 B U D R2 U2 D2 F2 U2 [15+5] (20f) 0.35
U L F' R F' D R' U2 B' D F' U' B' D2 R2 U2 R2 F2 B2 [13+6] (19f) 0.04
L2 U2 B L' U' B' D F' D' L' F' B R' U L2 B2 R2 U2 D2 F2 [14+6] (20f) 0.01
U' F B2 L D F' D' F D2 F' R F' L2 F' D R2 D2 F2 D2 L2 [15+5] (20f) 0.35
D B' R2 B2 L D2 F' U D B2 L B R2 B F2 R2 U2 B2 R2 [14+5] (19f) 0.13
D' B D' B2 L F' L B U' B R' D' F' R U2 L2 U2 B2 L2 [14+5] (19f) 0.10
L2 U' F' R' L' B' D F2 D F2 D2 F D2 L R' L U2 R' L' U2 [14+6] (20f) 0.03
L2 U' F2 U' F' U' R2 B D L2 F' L B U R2 F B L2 F' B [14+6] (20f) 0.09
R' F2 L2 F D' F2 D2 R' U' B D F L2 F R2 U2 L2 D2 R2 [14+5] (19f) 0.09
B2 L2 B' U' L B' D L2 F2 R2 F' R' D B' R2 L2 B2 R2 F2 D2 [14+6] (20f) 0.11
D2 R2 B' R' D B D' F D' R B R F' D2 B' D2 R2 D2 R2 B2 [15+5] (20f) 0.23
F2 U' D R L' F L D2 L D2 R2 B' D R2 L2 D2 R2 F2 B2 D2 [13+7] (20f) 0.04
L' U' L2 F D2 B2 R2 L' D' R D F R D2 F2 U2 R2 F2 L2 U2 [13+7] (20f) 0.07
B' D' R2 L D' B D' L U' R2 F R' U D B2 L2 F2 R2 U2 D2 [14+6] (20f) 0.24
U L B' R' U2 R2 L' F2 R D B L' F R B' D' R2 L2 F2 R2 [16+4] (20f) 2.07
B R2 U F R' B U' R L U2 R U R U' D' L' D2 L2 B2 R2 [16+4] (20f) 0.96
R' U2 L D2 F' D2 F2 L2 B D L' F' B2 L2 B2 D2 F2 B2 R2 D2 [12+8] (20f) 0.09
D B2 L F D2 B2 U' L2 D2 L' F2 B' D2 L' D U2 L2 D2 L2 B2 [15+5] (20f) 0.86
B' L D' R' F2 B' D' B2 L F L' U R2 U F' B U2 R2 F B' [14+6] (20f) 0.10
D L' D2 F2 R2 U' R' F2 R' B' D2 F U R B' D2 F2 R2 B2 L2 [15+5] (20f) 0.55
R D' R B2 L B' R2 B2 R' D L2 F' L' B' R' L F2 U2 R L [14+6] (20f) 0.09
U' D' R2 D2 L U' F R' D' F' L2 U' R' F' U2 R2 B2 L2 U2 B2 [14+6] (20f) 0.09
R' D F D R' U' D R' L2 U' D2 F R' B2 D' B2 U2 D2 R2 B2 [15+5] (20f) 0.30
F L F' D' B2 U B D B' R2 F' D L D' R' L2 B2 R2 D2 B2 [15+5] (20f) 0.24
D' R B' U' R D' L2 D' R' D' L' D2 R2 U R F2 L2 B2 U2 L2 [15+5] (20f) 0.37
D2 R2 U' R' U' B L U2 D B R L' D B R2 D' B2 D2 R2 L2 [16+4] (20f) 0.93
F2 D' F2 L' B2 R2 F' L' F R F2 U R U D2 R2 F2 D2 R2 F2 [14+6] (20f) 0.13
U R' D2 F2 U R F B D L' F2 R U R' D L2 D2 L2 F2 [15+4] (19f) 0.34
L D' L2 U R' U2 R' F B L2 B2 R' F2 L B U2 B2 U2 R2 F2 [15+5] (20f) 0.41
L' U' F2 U2 R B L2 U2 B' L U' D2 L B2 L2 B2 U2 R2 U2 [13+6] (19f) 0.04
F2 L2 U2 B' D L2 F2 U L2 F2 R' F R2 F' U' D2 R2 F2 U2 R2 [15+5] (20f) 0.57
L' U R B2 R' B2 R' D2 R' U2 B' L2 D F2 U D R2 F2 U D' [13+7] (20f) 0.05
B' U R' B2 D L' D F B D' F2 U B D' F2 D2 R2 F2 R2 [14+5] (19f) 0.20
R U' B' D' L' D2 F2 U L2 D2 L B' R U F2 R L U2 R L' [14+6] (20f) 0.06
R' D' R2 U L B' U F2 R U2 D2 R2 B' L D' F2 U2 R2 L2 F2 [15+5] (20f) 0.25
B U D2 R2 F U' B' L2 U2 L' D' R' L' U2 L F2 B2 L2 F2 U2 [15+5] (20f) 0.30
L' U' B2 D' L' F' U2 L F L2 B L' B U2 L' F2 L2 U2 L2 B2 [15+5] (20f) 0.72
B2 L B2 D R2 D2 F U' D' F' L2 U L2 U2 B2 R2 L2 U2 D2 [12+7] (19f) 0.09
B' R2 L' F D F2 D' L U F2 R' U2 L' F U2 R' L D2 R L [14+6] (20f) 0.11
F2 U2 F B L' U' B D F U' F' R2 B' D2 R U2 D2 F2 U2 B2 [15+5] (20f) 0.50
B D B2 L' F2 R D2 R' U' F2 D' R' U2 D' F' R2 B2 L2 [15+3] (18f) 0.44
U R F2 R2 L B2 R' B R U F2 R' U2 R' D B2 D2 R2 B2 D2 [15+5] (20f) 0.16
R' L D' F' L2 U' F' L2 D' R' U' B2 U' L U' F R2 L2 F2 D2 [16+4] (20f) 0.55
F U2 D F2 U2 B' R' F' R U' L B D B' R' F U2 R2 F2 [16+3] (19f) 2.88
D2 F' D2 F' R F U L2 F B2 R F' B2 D' B2 R2 F2 B2 U2 B2 [14+6] (20f) 0.10
D2 R' B2 R2 L F2 D F L' F2 D' L2 F' L' D2 B' U2 F2 R2 D2 [16+4] (20f) 1.56
B R2 D' R B' R' F R2 F' B' L2 F D' R' U B2 U2 R2 B2 D2 [15+5] (20f) 0.22
F U2 R2 L2 B2 R L2 B D2 B' D L F D B2 R2 D2 B2 D2 R2 [14+6] (20f) 0.15
B2 U2 B' L2 B2 R' B U' R L2 D' B D' F' D2 F2 D2 B2 L2 [14+5] (19f) 0.13
L2 F U2 R2 D' F2 B' R B' R D2 R2 F' R' B2 U2 B2 R2 F2 U2 [14+6] (20f) 0.07
L U2 F' R B' L' U R2 B2 L2 F' U D' L' F U2 L2 D2 B2 [15+4] (19f) 0.51
U2 D2 L2 U2 F' D' F2 R B D F2 R2 B' R' L F2 B2 D2 F2 B2 [15+5] (20f) 0.53
R U2 F' U F' B2 D' R B L F2 D R' B' D2 F2 L2 B2 R2 U2 [14+6] (20f) 0.09
B L B' R2 D B2 R' U' F' U' D2 F2 R D2 R' B' F2 D2 L2 D2 [16+4] (20f) 2.27
B' R' L' B2 U D2 L' D B' U' D B' U2 B' U' R2 U2 B2 U2 R2 [15+5] (20f) 0.78
U R' D L F' L' F R' F B R2 F2 R' U F2 U2 D2 L2 B2 [14+5] (19f) 0.03
B R2 U' L F' B2 U D B2 D L F' B R' D' R2 L2 F2 R2 B2 [15+5] (20f) 0.17
R B' R' L' D' R F B D2 F' B D' B R' U2 R2 F2 U2 F2 L2 [14+6] (20f) 0.12
D2 B2 L2 U D2 F2 B2 R F2 D R F B2 U2 R2 U2 R2 F2 U2 F2 [12+8] (20f) 0.11
U2 R2 L F' U' L' U R U F L U' L F U' L2 D2 L2 F2 R2 [15+5] (20f) 0.39
D2 R' U D' F2 D' B' U' D2 L D2 L2 D' R D' L2 U2 B2 L2 U2 [15+5] (20f) 0.18
D2 L2 D L U2 R' U2 F L2 U F' B R2 B' L' F2 L2 B2 U2 R2 [15+5] (20f) 0.13
R2 F R2 U2 F2 R D F' R L' F2 D2 L2 U' L2 F' B' U2 F B' [14+6] (20f) 0.12
B' U' L' F B U2 L' D2 F U2 B2 D2 B U F2 B' R2 L2 F' B' [15+6] (20f) 0.81
D2 F2 L U R2 D2 B L2 D' L F U2 D2 B L' B2 U2 F2 B2 [15+4] (19f) 0.22
R D2 B2 R' L' D2 B D2 F2 B2 D B' L2 U' B2 L2 B2 L2 [14+4] (18f) 0.12
R' F2 D F2 B2 D' B2 L2 D F B R' U R L2 D2 L2 B2 L2 B2 [14+6] (20f) 0.10
B2 R2 B' D' B2 L U2 R F B' R' D B' D2 B' F2 L2 F2 L2 U2 [15+5] (20f) 0.32
U' L' F' L D2 B U2 F L' D' L2 F2 D2 B' U2 R2 D2 [14+3] (17f) 0.04
D R2 U2 D' F' R' D2 F2 D' F R' U D' B' D B2 U2 R2 F2 D2 [15+5] (20f) 0.58
F U' R2 F' U2 F2 U' L2 U' F R' U2 B' R' B2 R2 L2 U2 L2 F2 [14+6] (20f) 0.06
R' U2 D F B' L' B' D' R' U' R2 L2 F2 U D2 F' B L2 F B' [14+6] (20f) 0.04
B D F U R' B2 L' U2 R B2 R' D R' L2 F' U2 R2 F2 L2 [15+4] (19f) 0.38
B' L D' L U' R D' L2 U' R' F R' B' F2 U D' B2 U' D' F2 [13+7] (20f) 0.21
L D2 R' B2 R' F R2 L F L' U' F D' L B2 R' L F2 R' L [14+6] (20f) 0.04
F R' B2 R2 U2 D' R' B D L' B R B' D U' D' B2 R2 U' D' [14+6] (20f) 0.07
F2 R L' B' D2 L2 U R2 L' D' R F2 R' B2 U R2 B2 L2 [15+3] (18f) 0.41
L2 U D' R D F D' B D F D B2 R' B2 D' F B L2 F' B' [15+5] (20f) 0.09
D' R D' R U2 L' D2 B R2 U R B R D B2 R2 F2 R2 [14+4] (18f) 0.04
U' R B2 D' F L' F B2 U2 D' R B' R U' L2 U D' F2 U D' [14+6] (20f) 0.07
B U2 R2 F R' F' R2 F2 D' F L' D R D2 B2 L2 U2 R2 [13+5] (18f) 0.05
D R U' R2 F' R' L F D' B2 L2 D L U F2 R2 L2 D2 R2 D2 [14+6] (20f) 0.06
U' R2 L' U2 D F R' B2 D2 R' B' L' U' R2 B' D2 F2 R2 F2 B2 [15+5] (20f) 0.09
D' R F R D2 L2 B D B R2 L' U2 D' R D2 R2 B2 L2 F2 D2 [14+6] (20f) 0.06
L2 D' R2 F2 D R2 B2 R' L F' R2 D' F' R2 U' B2 D2 F2 U2 L2 [15+5] (20f) 0.20
L2 U' D2 F2 D2 R' U2 R2 F2 R' B U L' B R2 U D' R2 U' D' [14+6] (20f) 0.05
L2 U' F2 L2 F' U2 R D' B U L2 F2 U L B F2 R2 B2 D2 L2 [15+5] (20f) 0.13
U L2 D' L2 F2 U' L2 U2 B L' B L' U2 B U2 R L D2 R L' [14+6] (20f) 0.09
B U' R2 F2 R F' R' U2 B2 R2 D L U' F' D R2 F2 B2 L2 U2 [15+5] (20f) 0.23
L2 B2 R D2 B R F L' U F' U F2 R B' R2 L2 B2 R2 B2 U2 [14+6] (20f) 0.06
R U B2 R F2 B R2 F2 L2 D R' L' U' F2 L2 F2 U2 R2 B2 D2 [13+7] (20f) 0.12
L' U F R2 B U2 R' B' D' L' F U2 L2 D B F2 L2 D2 F2 R2 [15+5] (20f) 0.30
L2 U' L' U2 L B U' L2 B' D F2 R2 U' F B' R L2 U2 F2 D2 [16+4] (20f) 1.43
R' B R' D F2 U2 F2 D B D' F2 B2 R' F2 U2 F2 B2 U2 L2 B2 [13+7] (20f) 0.07
L2 B L F2 R B' L2 U' L' B' R2 D2 R2 D B' R2 L2 B2 R2 U2 [15+5] (20f) 0.35
F' R2 F R' U' L' F2 D R' U L2 U' L2 D2 L2 U2 F2 D2 B2 U2 [12+8] (20f) 0.09
U2 R2 B2 R' F' D2 R2 F' B' R' U D L B R2 F B' D2 F B [14+6] (20f) 0.05
U' B' D2 R2 F L' U2 B D L2 F' U' B' R' U2 L2 D2 F2 B2 L2 [14+6] (20f) 0.06
R F U' L2 B2 U' R2 F' R2 U L' F R2 U' F2 R2 B2 L2 U2 [14+5] (19f) 0.06
F' U F2 B U2 R U2 L F' U' L D F' L F2 B2 L2 U2 [14+4] (18f) 0.12
R2 U' R2 F2 U' F' U' F2 D' R U F' R' B L' R2 F2 U2 D2 B2 [15+5] (20f) 0.71
L2 F' D2 R F' R' B D' B' U D' B' R' B2 L' F2 U2 F2 L2 D2 [15+5] (20f) 0.41
F2 L U B2 L2 F' D' L' D' B' L F2 U2 D' F U2 B2 L2 U2 R2 [15+5] (20f) 0.69
R' F U F' B' L' F' L D2 L2 F' U F U D2 F2 R2 L2 B2 [14+5] (19f) 0.12
U' R' L' B2 D L U R D' F' L2 B2 U' D R B U2 F2 L2 B2 [16+4] (20f) 0.92
R' B' L' U D2 R D' F' U' L U' F' B2 D' F2 R2 D2 R2 U2 [14+5] (19f) 0.06
D2 F2 R2 F' D' R2 D2 R F U B2 D2 R' L2 B R2 U2 F2 L2 U2 [15+5] (20f) 0.24
U' L2 U2 R D' R L B' U L2 U2 R F D' R2 U' D F2 R2 [14+7] (19f) 0.08
F D' L2 U B' L' U' L' D' B R' D' L D' F2 L2 B2 L2 D2 [14+5] (19f) 0.10
R' D F2 U' B' D' F B2 L U2 D' F L U' L' D2 B2 R2 U2 D2 [15+5] (20f) 0.21
D2 B2 R' D L' F' U L' F2 R L' U' F U R2 L2 U2 F2 R2 D2 [14+6] (20f) 0.05
F D' B2 U2 D2 R L2 F2 L D2 L2 U2 F' R2 D' F B2 L2 F2 L2 [16+4] (20f) 4.23
U D' B2 L U' R' F D' L2 B2 U D' R' U2 F2 L2 D2 F2 L2 D2 [13+7] (20f) 0.06
R F' R2 D' B' L2 F2 U' B2 U L U R' F L2 B2 R2 B2 U2 R2 [14+6] (20f) 0.08
U' F' D' F' D2 L' U R' F R2 L' U' L2 D' L' B2 U2 L2 U2 D2 [15+5] (20f) 0.22
U' R' U2 F' D L U B' L2 B L' D2 L B' L' U2 B2 R' L [15+6] (19f) 0.22
D2 R2 B2 L F2 D2 F' D2 R F2 U B D R' B2 L' R2 U2 R2 B2 [16+4] (20f) 1.06
R L2 D L2 B' U' R' F L' B' D2 B2 L' U D F2 U' D F2 B2 [13+7] (20f) 0.13
B D2 R D' B L F U D R B2 R' F B2 R' D U2 B2 U2 L2 [16+4] (20f) 3.12
U F D' F2 R D R B R' U D' R2 L' B' L2 U2 R2 U2 F' B' [14+8] (20f) 0.16
F L2 D R U2 F U R2 F' L D R' B' U' L' F2 U2 D2 F2 [15+4] (19f) 0.22
U F' D L' B R B' U2 F' L F' U B' U B' U2 R2 B2 L2 B2 [15+5] (20f) 0.39
R' L U' L F R D2 F2 L' B2 R2 U2 R2 F L' U2 D2 F2 U2 [15+4] (19f) 0.08
L2 U F' U2 F' R L' F2 U R B2 U F2 D F2 D2 F2 B2 R2 U2 [14+6] (20f) 0.07
U F D L' B L2 U B' R L' D' F2 B2 D R2 D2 B2 R2 U2 F2 [14+6] (20f) 0.08
B U2 R2 D2 F L' B D2 L D2 B' U' B D' L' D2 L2 B2 R2 [15+4] (19f) 0.19
L' U' F2 U' L U R B2 L F' D2 F2 R D' B' U2 R2 B2 R2 F2 [15+5] (20f) 0.27
U' D R2 F2 B L U2 B U' R B U2 B R U F B D2 F' B [15+5] (20f) 0.31
L2 U' F2 R' L B' U' L B R2 D2 R2 B2 D B' L2 F2 B2 D2 L2 [15+5] (20f) 0.14
R2 L2 D' R' L2 D' R B' R2 D R' B U' B' R L D2 R L' B2 [14+6] (20f) 0.05
R2 U2 R2 L' D2 F' B' R2 L U R2 B' R L U L2 B2 R2 B2 U2 [15+5] (20f) 0.46
L2 U2 L' F' U D' R2 U2 D2 L U' F D2 B' L D2 R L F2 D2 [15+7] (20f) 0.09
U D2 R' F' R F' R' U2 R D F D L' U B L2 F2 D2 R2 L2 [15+5] (20f) 0.22
L2 F2 R2 F' U2 F2 L F D R' U B' U2 D F' R F2 U2 L2 B2 [16+4] (20f) 1.90
R2 D B D2 R D2 L B2 R2 F' D' B' U B' F2 L2 B2 R2 U2 F2 [14+6] (20f) 0.04
D2 B2 L D L D2 R U' R F2 D B' R L U B2 U2 D2 L2 B2 [15+5] (20f) 0.47
F R U L D B U' R' U2 R' B R2 B2 L' U F' B' D2 F' B' [15+5] (20f) 0.21
D' F U' D' B2 R F D2 L' F' U F' D R' U2 B2 D2 B2 R2 F2 [14+6] (20f) 0.14
U2 L' U' F D2 F' B D F R' D2 F U L D' B2 U2 D2 R2 B2 [15+5] (20f) 0.51
R U2 D' R F' R B' D2 B' R' B2 U F B' L2 F D2 L2 F2 R2 [16+4] (20f) 2.00
U' L2 F' U D L2 D B' R2 L2 B' R L F D' F2 R2 U2 R2 L2 [15+5] (20f) 0.23
L D2 F' D' R F L F2 R2 B' U2 F U D2 L B2 R2 L2 [15+3] (18f) 0.63
R' U' F' B D2 R U' R2 U F' D2 R2 F D2 R2 D2 L2 B2 R2 F2 [13+7] (20f) 0.14
B D2 R' F2 B' R' U' D R' B' R' L2 U' D' B R2 B2 U2 B2 R2 [15+5] (20f) 0.42
B' D' L' F R' L2 F R L2 U' R L2 F' D' B F2 D2 B2 U2 R2 [15+5] (20f) 1.09
R L' D' B2 R2 D2 F' B2 L B L2 B D' B' R U2 B2 D2 R2 B2 [15+5] (20f) 0.17
B2 D' L U D2 L2 F B U2 B2 U L' F2 B R' U2 D2 B2 D2 B2 [15+5] (20f) 0.45
U' L F B L2 U' B' L B' L F' D2 L' F' L' D' L2 F2 L2 [16+3] (19f) 1.89
F L2 U R' D2 R2 D2 F B D' L' U2 B' D R' B F2 [16+1] (17f) 2.04
U D2 B R2 U L D R B' L2 U' F L F' R' U2 L2 U2 L2 [15+4] (19f) 0.19
U D L U2 D' F2 U2 F' U R2 F R U2 F2 U2 F2 D2 B2 U B2 [13+8] (20f) 0.09
F R2 D L D2 R F2 R' D' L' B R2 F U' B L2 U2 B2 [15+3] (18f) 0.25
B2 D' R2 D2 B L D' R' L2 D F' B2 U D R L' U2 F2 R L' [14+6] (20f) 0.19
R' U F2 B' L' B2 U2 R B R2 U' R' F2 D B L2 D2 L2 F2 B2 [15+5] (20f) 0.11
U' R' L' U2 B U' B' U2 B2 D F' B L2 D2 F' L F2 U2 D2 L2 [16+4] (20f) 1.07
F B' U2 F' D' F' U L B L2 F' U D2 F D R2 U2 F2 B2 U2 [15+5] (20f) 0.37
R' U R' D' F2 R B2 D R2 D2 R' B U D R2 U D' R2 U2 [12+7] (19f) 0.05
R U' L' F2 U' R L2 D' L2 B U' D L F' B2 R2 F2 U2 B2 [14+5] (19f) 0.07
F L2 U' F U' L2 D R' F B U F D' B2 U2 B2 U2 R2 F2 R2 [13+7] (20f) 0.10
D' R2 D' F' R L' D B' R' U F2 D' F2 R' F' U2 R2 B2 R2 [15+4] (19f) 0.45
U' R U2 B D R D F U D2 L' D2 L B2 D B R2 L2 U2 R2 [16+4] (20f) 0.82
R' L' D F2 L' U D R' F2 R2 L' U' R F' R' U2 L2 U2 R2 D2 [15+5] (20f) 0.26
U L F2 L F' L' F R2 B2 L' U B' D L' F2 U2 R' L [14+6] (18f) 0.07
U R' L2 D' F' L D2 L' U2 B R' B U' L U2 F2 R2 L2 U2 F2 [14+6] (20f) 0.07
U F' D2 L F' L D F L F B L B R2 L2 B2 D2 R2 U2 R2 [13+7] (20f) 0.05
B D2 L' U' D2 B' D R B' D2 B' U' F D' F B2 R2 B2 D2 R2 [15+5] (20f) 0.32
R' L B2 U R' B' D2 R' F' D' R' F2 B' U' D' L' F2 R2 F2 D2 [16+4] (20f) 0.79
U' F2 U R' F' U' R U L B2 R' D2 B R' B D2 R2 U2 L2 F2 [15+5] (20f) 0.30
U R2 U R' U' R D' L' D' B' L2 D' F' L U2 F D2 R2 L2 [16+3] (19f) 1.05
D2 F2 D' L' D2 F' L2 F U2 R B2 R U' R2 F' B2 U2 R2 U2 R2 [15+5] (20f) 0.28
U' F B2 R F L' F' D2 B' R2 U2 D2 R' U' R2 F2 R2 D2 R2 F2 [14+6] (20f) 0.08
R2 L' B2 D2 R' F U2 B2 R' U2 F L' B U F' R2 B2 D2 R2 F2 [15+5] (20f) 0.46
L2 F L2 F U F B' R' L2 U2 D B2 D2 R' D' L2 D2 R2 U2 F2 [15+5] (20f) 0.23
U2 L2 D' F' R2 B L F D' B2 R F' L U R2 F2 D2 L2 [14+4] (18f) 0.08
R2 D' F2 U2 B' U L F R' D R L' F L B2 [14+1] (15f) 0.06
L2 U2 D' R2 U2 F' R' U' F2 U B2 U' R L B2 U D L2 U' D [14+6] (20f) 0.09
U' F' U R U F' U F R D L2 U2 L D F2 D2 B2 R2 B2 [14+5] (19f) 0.06
L U B' U' F B2 D F B2 L B R D' L' R2 F2 R2 L2 D2 B2 [14+6] (20f) 0.06
U' R U2 F' D' B2 U2 B' D B' D L B2 D' L F2 R2 B2 D2 B2 [15+5] (20f) 0.14
U' L F2 B2 U L U2 D B R' U' R2 L2 D L2 F2 D2 L2 U2 D2 [14+6] (20f) 0.06
U R B2 D R' D F2 U' B' R' U2 F' D' F U2 B2 U2 B2 R2 D2 [14+6] (20f) 0.07
R2 B U L2 D B R' F U R' U R L2 F L2 F' B' R2 F' B [14+6] (20f) 0.10
D B2 U' D B R U' R2 L' F2 B L2 D' F R2 B2 D2 R2 U2 [14+5] (19f) 0.14
R' F2 U' R' U2 D' R2 D L2 B2 D' R2 B U' D2 R2 B2 L2 B2 U2 [14+6] (20f) 0.05
R U D2 R L D' B2 D' B' D F' L2 B' D2 F2 L B2 R2 U2 R2 [16+4] (20f) 1.61
B2 D' R' F U' L F' L2 U D' L2 F U' D' B' R2 L2 D2 B2 U2 [15+5] (20f) 0.40
R F' D' R D' B2 D2 R2 L B' U' R2 F2 L R' L' U2 F2 R' L' [14+6] (20f) 0.11
L2 U F2 B L2 U D L' F' D' B2 R' D F' U2 D2 F2 L2 D2 B2 [14+6] (20f) 0.07
U R F2 U' D2 R' L U' F' R B D' L D' B2 U2 F2 D2 L2 B2 [14+6] (20f) 0.03
D2 R U L' F' L' U D2 L B2 D L' D' F R' U2 R2 B2 L2 U2 [15+5] (20f) 0.10
R' D' R2 L F' R' B2 D2 L' D2 B' D F R2 U' R2 B2 D2 R2 D2 [15+5] (20f) 0.29
F U' L2 B' U' F U2 R2 F2 L B2 U L' U' D2 F2 U2 F2 L2 B2 [14+6] (20f) 0.07
U2 B2 L' U2 B L2 B2 R' L D2 L' B2 U B R' L' F2 R' L' F2 [14+6] (20f) 0.24
D' L2 B' D L' F R' L' B' D R U2 F2 D U2 R2 B2 D2 B2 R2 [14+6] (20f) 0.17
D2 L2 U L2 U' R2 D F U R U' L B' D2 L' F2 L2 F2 D2 L2 [15+5] (20f) 0.17
L2 F R F B' L F' U' D' R' F2 U R2 F' R2 B L2 B2 R2 L2 [16+4] (20f) 1.93
D' R' F U B' U R2 L' F' L2 F2 R' F' B2 U R F2 U2 R2 F2 [16+4] (20f) 3.26
U' B U' B' D' B' L' U' D' R2 B' D2 R B L2 U2 R2 D2 B2 L2 [14+6] (20f) 0.07
F2 R' D F2 D F2 R' U2 D2 F' U2 B D F U2 L2 U2 F2 L2 F2 [14+6] (20f) 0.10
F U2 D' R' F' B' L B2 U' D' R' D R' F' U2 L2 D2 R2 D2 B2 [14+6] (20f) 0.09
F' D R' B' D2 R D L U L2 U2 F' U' B' L' F2 R2 B2 U2 B2 [15+5] (20f) 0.62
D' R B' R' D' F U B' L' U' D F2 L' U2 F2 R' L' U2 D2 [13+8] (19f) 0.05
L B R2 U B2 U2 D2 F' D L B R U L' F2 R' L' F2 D2 F2 [14+8] (20f) 0.09
L2 F' B2 D' F2 R2 L2 F' D' F U R L2 B2 R' U' D' R2 U D [15+5] (20f) 0.40
D L' D R' F B2 R B D F D L B2 R2 U2 L2 D2 F2 D2 [12+7] (19f) 0.08
B R' L D2 L B L U D2 R' D' R2 B2 L2 B D' B2 D2 R2 B2 [16+4] (20f) 1.35
L2 D B2 R2 L B' R U' L' F2 B2 U' B L B2 R L B2 D2 [14+7] (19f) 0.07
L' D F R2 L' F' L2 U2 B2 R2 U' R F2 B D2 R2 F' B' D2 R2 [13+8] (20f) 0.10
R B L2 D L' F D' B R L2 U2 D' R' U2 B2 R2 B2 R2 D2 F2 [13+7] (20f) 0.06
B' U2 L2 D' F' U' L' B' R2 D B U' R2 B F2 D2 L2 D2 L2 [14+5] (19f) 0.16
B2 R' B D' B' R' B2 R2 D F2 B' D' L U' F' R2 B2 R2 U2 R2 [15+5] (20f) 0.57
U' L2 U B U F' B R U2 L F' U' R' U R2 L2 D2 B2 R2 B2 [14+6] (20f) 0.09
B' U2 F' L B U2 L2 F2 B' R' L2 B U2 B2 R2 L2 D2 F2 B2 [12+7] (19f) 0.07
U F B R U B' R F' L' B2 D' R D L' F B' U2 F B' D2 [14+6] (20f) 0.08
L' D' R' D' R' D R F2 L U' F B L2 D2 L F2 R2 B2 L2 F2 [15+5] (20f) 0.58
D' R F R' F R' F2 B U2 F B U' R U' L' U2 L2 B2 L2 B2 [15+5] (20f) 0.49
B R U F R U R U2 D F2 B2 L' F2 D' F2 L R2 F2 U2 F2 [16+4] (20f) 0.73
U B' R' L2 U2 R2 U L U' B2 R' D F U L2 U2 F2 D2 F2 U2 [14+6] (20f) 0.03
R' L B' U' L2 U' F' U2 B' L B R2 L' D B L2 F2 B2 U2 F2 [15+5] (20f) 0.15
R L2 D2 L' D L' F' U' L' F2 L' B2 L2 U R L' U2 R' L' [14+5] (19f) 0.08
D2 F U B D F' L2 U2 R' U' F2 B2 D' R B U2 R2 B2 U2 F2 [15+5] (20f) 0.17
U' R D2 R B' R' F' R U L2 B2 D2 F2 R' F U2 B2 D2 R2 U2 [15+5] (20f) 0.12
R2 U L B D' B' U2 R' F R D2 R U' D' R' L' F2 R L' B2 [14+6] (20f) 0.16
D' F U' L D' F2 U2 L' D' R F' L2 U' R B D2 R2 [15+2] (17f) 0.59
D R L F2 R' U2 F' R U2 B U R' F U D2 L2 B2 L2 B2 [14+5] (19f) 0.06
F R F2 R2 B2 U' L' D' B2 U D' L B' U D2 F2 D2 L2 U2 R2 [14+6] (20f) 0.04
U2 F' R B U' B2 L2 U B' L F' L D R2 B2 U2 L2 U2 R2 F2 [13+7] (20f) 0.09
B U2 L U' F2 U2 D B' D' R F' R B' U' B' D' L2 F2 U2 D2 [16+4] (20f) 3.64
F2 D2 R2 F' D' F' D2 L' F R U2 D' F' L U2 B2 D2 L2 B2 R2 [14+6] (20f) 0.10
D B D2 R2 B U L' B2 R2 F R U' L F2 U' D2 B2 R2 F2 B2 [15+5] (20f) 0.51
R D2 R2 D' L B D2 B2 U F' D' L' F U D' U2 F2 L2 D2 L2 [15+5] (20f) 0.39
F2 L D F L F R2 B D2 L U' F2 L' F U' D2 F2 U2 R2 D2 [15+5] (20f) 0.39
D2 F2 L2 B2 R' F2 U B L' B U B R' L2 B' R2 U2 B2 R2 F2 [15+5] (20f) 0.26
D2 R F B2 L2 B2 U' R' U2 F2 D B U D' R F U2 R2 B2 L2 [16+4] (20f) 0.86
R' D L F U' B U R D' R' U2 L U' F2 D2 L2 U2 F2 U2 F2 [13+7] (20f) 0.13
D L2 U' L' U2 F2 U B' R2 U' L' B2 U F D U2 F2 U2 F2 [15+4] (19f) 0.45
B R D F' D R' L' U2 F L' F2 B' U' L' U' B2 D2 F2 R2 F2 [15+5] (20f) 0.12
R F' R F2 R2 D' F U' R F2 L F R L U' D2 B2 R2 U2 [15+4] (19f) 0.32
U R D2 B L' D B U F' R2 F' D2 B' U' R' L2 B2 R2 F2 D2 [15+5] (20f) 0.22
D2 R U2 D2 R B2 L' D' F' B U2 L U' B D' R2 L2 F2 R2 D2 [15+5] (20f) 0.08
D B2 D' B' U L' B2 R2 D2 F R L' U B2 U2 L2 B2 D2 R2 D2 [13+7] (20f) 0.10
B R L D' L U F B D' R F B' D2 B2 R2 U2 D2 F2 [12+6] (18f) 0.09
U R' F' U' L' U2 B2 L D L' B' D2 R2 L' U L' U2 B2 L2 B2 [16+4] (20f) 1.39
L D' L2 D F2 R L B' L F B U' L' U2 B' L' U2 R2 B2 D2 [16+4] (20f) 6.65
U' D2 F U2 L B2 D2 L' B R B D2 F' U L U2 R2 B2 U2 L2 [15+5] (20f) 0.21
U' D F R D R F2 U B' D2 R' D F' U R' U2 R2 U2 F2 B2 [15+5] (20f) 0.15
R B U F' U R2 U R2 F U2 B D2 L B2 L2 U2 L2 U2 F2 L2 [13+7] (20f) 0.04
U' D' L' U2 B2 U2 B2 R F' L' B2 D' B L R L' F2 B2 R' L' [14+6] (20f) 0.06
D' F2 D F2 D2 F' B U B2 D' L' B' R2 F' B' L2 F2 R2 D2 R2 [15+5] (20f) 0.59
D2 F R2 D R' L D' F R' B' D' F2 L2 F R2 L2 D2 F2 L2 U2 [14+6] (20f) 0.08
F U' L2 B' U' R D' L' B' D2 F' L' B2 U D' B2 R2 D2 [15+3] (18f) 0.30
L' U R2 U' R2 L' F B R F2 D F B R U2 F2 R2 U2 L2 U2 [14+6] (20f) 0.08
F R2 B' U R2 L2 U B2 L2 U L B' D F U2 F2 U2 L2 F2 [14+5] (19f) 0.06
F L B L D2 L2 D B' L2 D2 L D' F2 U L' B2 R2 D2 B2 D2 [15+5] (20f) 0.31
R F' B' L' U2 R U2 D' F' L2 F2 B' L B R2 F2 R2 D2 R2 U2 [14+6] (20f) 0.07
B' L2 B U' F' B' U R F2 B L' F B R2 U' F2 R2 D2 F2 B2 [15+5] (20f) 0.57
F R F2 U' L2 F2 R2 U R' B' L U' D' F' R' F2 D2 F2 U2 L2 [15+5] (20f) 0.08
L2 D2 L F D2 B R U2 F' U2 R B2 D' R2 U R2 F2 L2 B2 L2 [15+5] (20f) 0.29
U' F2 B' D2 R F' B' U2 F R' U' B U F R2 B2 R2 L2 D2 R2 [14+6] (20f) 0.04
L' B' U' F2 R' D2 L2 B' D' B' L D F' U2 B2 U2 F2 U2 L2 B2 [13+7] (20f) 0.14
L2 D2 R2 B' L' B' D2 F R' D' R B2 L' D B R2 U2 R2 F2 [15+4] (19f) 0.17
D2 B' U R D F' L F2 B' U2 L D2 B' R' L F2 D2 R2 U2 B2 [15+5] (20f) 0.46
F D2 F U2 R2 D B2 R' B2 L' U' B U' D' B L2 B2 L2 U2 B2 [15+5] (20f) 0.45
U' F' D2 F D B L' F D' F2 L' U F' U' R L U2 D2 R L' [14+6] (20f) 0.09
D2 R F L' U B' R L U2 F2 L2 F' D F' B2 D2 F2 U2 L2 B2 [14+6] (20f) 0.08
F' U' R' U B2 D F' B2 U R B' D2 R' D L2 U' D' B2 R2 F2 [14+8] (20f) 0.15
D2 B R B2 U R2 B' U R' F2 U2 B R L R2 D2 B2 D2 L2 B2 [14+6] (20f) 0.11
F' L2 U R2 B D2 R2 D' F' U F' B R' D2 R2 U2 R2 B2 R2 F2 [13+7] (20f) 0.11
L U L2 F' R' B' L' B' R' B2 U D2 B' U D2 F2 U2 F2 R2 F2 [14+6] (20f) 0.11
R' B2 R2 L B' U L' D F2 R2 F2 D' B' R2 L2 B2 R2 U2 D2 F2 [13+7] (20f) 0.09
U R D2 L F' B2 R' F2 U R2 F2 R L U2 F' R L' B2 R L' [15+5] (20f) 0.16
R L2 B2 L2 D' F U' F' D F B R F B2 L R2 U2 R2 L2 U2 [15+5] (20f) 0.14
U F' L U R F R U' B L' U D F L2 B' R2 D2 R2 D2 L2 [15+5] (20f) 0.39
D' B R' U F U' F2 U R' F R B2 U' L' D2 R' L' U2 F2 R2 [14+8] (20f) 0.07
F2 L B2 U R D L2 U' L2 F' R' L U R' B2 R2 U2 D2 B2 D2 [14+6] (20f) 0.12
U F R' U' L B' D F B' L2 F2 D L2 U' F' U2 R2 U2 D2 F2 [15+5] (20f) 0.20
U F2 L F' L' D2 F2 L U' F' D F' R U2 B2 R L' B2 R' L' [13+7] (20f) 0.07
U' F U L' D' L F2 U2 R L' U L' D F D R2 B2 R2 F2 B2 [15+5] (20f) 0.38
B2 U2 F L F2 R2 L' D F' U B2 R' L2 B D' L U2 B2 R2 F2 [16+4] (20f) 4.72
U' L' F L' U F2 U' B R' D' F' D L' F' B' R2 D2 F' B' L2 [13+7] (20f) 0.06
B2 U' L2 D' L D L' B' L U' D2 B' L' F' D2 R L F2 R L [14+6] (20f) 0.16
F U' B U2 B' D' L' U R' F' R L U2 R' U' B2 R2 L2 D2 R2 [15+5] (20f) 0.25
R U2 D L F' B2 U2 R' L' B U' F U2 R F2 U2 R2 D2 L2 [14+5] (19f) 0.17
F' U' B2 D L D2 R L B' D2 L B' L' U D L2 U D' R2 L2 [13+7] (20f) 0.08
D2 R2 D' B2 R' F2 R2 F' D R' U R2 F B L R2 D2 L2 D2 R2 [15+5] (20f) 0.13
R D2 B' U L2 U' D' F U2 L' B R2 B U R2 L2 F2 D2 R2 L2 [14+6] (20f) 0.06
R' F2 U2 R2 F D R D2 F2 L' B2 D U2 B2 D2 R2 B2 U2 R2 [12+7] (19f) 0.04
U R D R' L2 F U' F2 R' U2 F' B' R F2 R F B' D2 F' B' [15+5] (20f) 0.18
R D2 B U' F2 R' U' R L2 U' B' U F' R2 F' B2 L2 D2 F2 [15+4] (19f) 0.19
F' L U2 F' B2 R' L U R L2 B' R2 L' D F' L2 F2 U2 L2 U2 [15+5] (20f) 1.02
D B R2 D L' U B' D2 F' U' F' R B R F2 D2 L2 D2 B2 [14+5] (19f) 0.06
L2 U2 L' U' L2 U B U' F' D2 R F U' B2 U L2 B2 R2 D2 L2 [15+5] (20f) 0.19
L U' R' U2 L2 F2 U' B2 U2 D R' L2 U B D2 F2 U2 B2 L2 [14+5] (19f) 0.15
L F U2 L' D2 B' D B' R' D' B' D' R2 U R B2 R2 U2 [15+3] (18f) 0.43
R2 U D2 B U2 L' B2 L U2 L D' F B' U' F2 L2 U2 F2 R2 U2 [14+6] (20f) 0.05
U L U' D' F B2 D' F B U' R2 F B' L' F D2 L2 B2 D2 L2 [15+5] (20f) 0.16
F U D L2 U L U D' L' U' B' D2 R' F2 D2 B2 D2 B2 L2 F2 [13+7] (20f) 0.10
U' R F B R' L D R2 D2 F R B2 D' R2 D2 B2 R2 L2 U2 B2 [13+7] (20f) 0.16
R L U2 D' F' D' F' L B U F2 L2 F2 U' R' F2 B2 U2 R2 L2 [15+5] (20f) 0.09
R L D' B L2 F2 R2 B2 L' F2 R B2 D' L' F' L2 F2 D2 L2 [15+4] (19f) 0.09
F U R2 B2 L U' D L F2 R F' B' L2 U' L' U' F2 U2 R2 F2 [16+4] (20f) 2.57
L D L' B L2 B U R' L' F D F2 U' L2 D2 L2 B2 L2 F2 D2 [13+7] (20f) 0.10
L2 B2 R2 F R2 L' F2 B U' D2 R' B2 D L2 U D B2 U D F2 [13+7] (20f) 0.05
U L2 U R2 U' F' R' B R2 F2 R2 U' L' U2 R2 B L2 D2 B2 U2 [16+4] (20f) 2.03
R U R2 U F' L' F' U' L' D L U' R' F2 R2 F2 D2 F2 D2 R2 [13+7] (20f) 0.07
R U R' L D2 F' R2 F2 U2 F R2 D R L B' D U2 F2 L2 U2 [16+4] (20f) 1.43
D' R D' F2 B L B' D F' U' B' D B L U2 F2 U2 B2 R2 B2 [14+6] (20f) 0.08
D R U' L' B R2 B R2 B U2 D' L2 U L F R2 U2 L2 F2 D2 [15+5] (20f) 0.27
B D' L D2 F L' F' D' F2 B2 U2 R' U2 D B' R' L D2 R L [15+5] (20f) 0.42
F' D R' F' L' U' R2 F2 L D2 B U2 L2 D' R2 L2 B2 R2 U2 B2 [14+6] (20f) 0.13
R' L B' U L' B' L D' F' R F' U2 B L' U R2 L2 U2 D2 B2 [15+5] (20f) 0.09
R' U' B2 R2 D2 L D B' D' R' U2 R' U2 F B2 R2 D2 F2 U2 F2 [14+6] (20f) 0.08
R' D L F2 L2 F2 U L' D2 L' F D F D B D2 R2 U2 L2 B2 [15+5] (20f) 0.28
U2 D' L2 F2 U B' U2 D2 R F R2 U2 D2 F' U2 R2 F2 D2 L2 U2 [14+6] (20f) 0.12
U' B' D' F U2 D L' D2 R' L D2 F D2 R D' R L' F2 R' L [15+5] (20f) 0.67
B2 R D B' D2 L' D2 F' U' B' U2 B' R2 U B2 U2 B2 R2 [14+4] (18f) 0.06
R' B' L2 D2 B' L' B2 R B2 D' R2 B U2 L U2 R L F2 U2 F2 [14+8] (20f) 0.08
U R' U F R2 L' D2 R F2 L U D' R' F2 L' U2 F2 R2 U2 D2 [15+5] (20f) 0.21
D2 B' U L' F' R2 U' B2 U F U' B2 R' B' F2 L2 U2 F2 D2 F2 [14+6] (20f) 0.08
U R' F R' B' R2 B' U2 D2 R2 F U' R D2 B L2 F2 R2 B2 D2 [15+5] (20f) 0.16
R' D' B D' F2 U R' L2 B' D' B2 L' F B2 D2 R2 L2 B2 U2 L2 [13+7] (20f) 0.08
F L' D2 F L F' U R' B D F' R2 B D2 B2 R2 B2 L2 D2 [13+6] (19f) 0.05
U F2 U B' L' F R2 U2 R U2 L2 U F D' F2 R2 B2 R2 B2 D2 [14+6] (20f) 0.09
U' R B D F' D2 R' U R' L' B2 R F' U B2 D2 B2 R2 F2 R2 [14+6] (20f) 0.06
B R2 B2 U B L' D R' U' L B D2 B' L' F2 L2 [14+2] (16f) 0.08
L U2 R D' L F2 B' U2 L' F U L' D R' B U D' F2 U D' [15+5] (20f) 0.52
B L2 D B' R B' R' F' B2 U' F' R' F2 D' F' U2 B2 L2 B2 U2 [15+5] (20f) 0.29
L2 F D' R D2 L' B' D' L2 B U R U' R' B2 D2 F2 L2 F2 R2 [14+6] (20f) 0.18
R D' B R D2 R2 U' R D' L D L U' B D2 L2 F2 U2 L2 [14+5] (19f) 0.08
U R U' R2 F U D' R D2 L B' L' F2 R' B L2 B2 D2 B2 [15+4] (19f) 0.08
B2 L B' L' U' F2 R U L F R' U' L' U' F2 B2 R2 D2 F2 D2 [14+6] (20f) 0.11
B R F2 U' D2 F R' F2 B2 U2 B' L B2 U R' F' L2 F2 D2 [16+3] (19f) 1.13
U D' F' U' L' D2 L2 B L' U' F L' U' R F U2 L2 U2 F2 R2 [15+5] (20f) 0.29
D F' U' R' B' U F D L2 U B R' L' F R L D2 R L F2 [14+6] (20f) 0.08
R' L D B U2 L' U2 R2 L' D2 L' D2 F D U2 F2 L2 D2 L2 [14+5] (19f) 0.04
D F' B2 U' L' D B' U B U B R2 F' L2 U2 L2 U2 B2 D2 [13+6] (19f) 0.07
L' D2 R' D B2 R2 D' R2 F U R' D' R' F' U2 L2 U2 D2 F2 U2 [14+6] (20f) 0.09
D F D2 L2 F' L B2 L' D F' B2 D' R F U' D' B2 U D F' [13+7] (20f) 0.04
F R2 F B2 R2 F' U L2 U' R' D L U L2 F2 L2 D2 L2 F2 [13+6] (19f) 0.00
D2 L2 U B' R U' L B R2 F' U' R2 L U' D2 B2 R2 F2 B2 U2 [14+6] (20f) 0.10
R' U D' L D' R B U' R B2 D' F' U L' B U2 R2 U2 R2 D2 [15+5] (20f) 0.26
U' R L' U R D' R U F2 U2 B' R' U F D' B2 R2 U2 D2 R2 [15+5] (20f) 0.09
R B U2 R' D L U' R' D' F2 L' B D2 F2 R D2 F2 R2 L2 U2 [15+5] (20f) 0.27
B D' R L2 B2 L2 U2 F' D2 B' D R L' D2 B D2 L2 D2 B2 [15+4] (19f) 0.33
U L' D' R L2 U' L' D' F2 B L2 D F' U F2 D2 R2 F2 [14+4] (18f) 0.15
D' F2 B R L' F' R2 U F' L' D2 R2 L D' L R' L' B2 R L' [15+5] (20f) 0.42
R2 L U2 D' B' U' D B' U' D' L' U F2 U' F U D F2 U' D' [15+5] (20f) 0.31
D L2 U2 F' L F L' U' B2 R' L' F B2 L U2 L2 F2 D2 L2 [14+5] (19f) 0.23
F D B R' F' L' B2 D' R2 B' R U' B2 L' B D2 B2 R2 D2 B2 [15+5] (20f) 0.17
U D R' D R L' U' B' U2 L F' B' R2 U' F2 R2 D2 B2 D2 B2 [14+6] (20f) 0.11
D R L' D R2 F D' L F2 U F2 B D F U2 R2 B2 R2 B2 D2 [14+6] (20f) 0.12
L U2 D' F' B U' B R' U2 D F2 D L D2 B' U2 R2 D2 L2 [15+4] (19f) 0.40
U' D L' D L' B L' B2 U R2 F R2 D' R U' L2 B2 U2 F2 D2 [15+5] (20f) 0.28
D' L U' R2 U' R' U' B R2 F U F' U' F B' L2 B2 R2 F B [13+7] (20f) 0.10
D' R' L2 U2 L F' D F2 L2 U2 L B R2 D' R L F2 B2 R' L' [14+6] (20f) 0.07
B L F2 U L2 U' F U B' L D F R B' U2 L2 F' B' [14+6] (18f) 0.08
D2 R L B D L' D2 L' B U F' L2 U2 F' U R' U2 F2 U2 R2 [16+4] (20f) 0.59
U' F2 R2 F' R L2 F U' D2 L F' L F2 B' D R2 F2 R2 D2 L2 [15+5] (20f) 0.16
U2 F B L2 D R' B D' B D2 L' D' B' U2 F2 D2 R2 D2 L2 F2 [13+7] (20f) 0.17
U2 F R2 F D2 F U L' B' D2 L' U' L2 D B2 R2 F2 U2 F2 [14+5] (19f) 0.14
U2 D F' L U' D' R' U L2 F' L2 F' R2 B L2 U2 F2 B2 D2 F2 [14+6] (20f) 0.11
L2 D R2 L U F2 L2 U2 L' U' B' D2 L' F' U2 R2 F2 U2 B2 U2 [14+6] (20f) 0.08
D2 R D R U' R F2 B2 U' B D2 L D F B U2 R2 B2 R2 L2 [15+5] (20f) 0.15
U' L F' R D2 R2 L2 D' B U' R' D F' U2 R D R2 U2 D2 L2 [16+4] (20f) 1.52
U' R F U R' U' B2 L D' L U B2 L' B2 R L U2 F2 [13+7] (18f) 0.07
R2 U' R F B D2 R F R' D2 R D R L U2 D2 F2 R2 F2 R2 [14+6] (20f) 0.06
F B L2 F' R B2 U B R U' R2 D' L B' R2 F2 R2 L2 D2 L2 [14+6] (20f) 0.13
F' D R' D2 F' U2 R2 B2 U L U' B L' B U2 R2 U2 L2 F2 U2 [14+6] (20f) 0.13
D2 F2 R' D2 B2 U B' R' F2 R' F L' B U L' R2 F2 D2 R2 L2 [15+5] (20f) 0.32
D2 F2 U' D B' L' D2 L B2 D' B' D2 R' U2 F2 R2 D2 L2 U2 F2 [13+7] (20f) 0.07
F U2 L D' L' U L B2 R' D' B' U2 F2 U' F' B2 D2 L2 U2 L2 [15+5] (20f) 0.25
D' R' U' F2 R2 F2 B D' L2 U2 B L' D R2 F2 U2 D2 F2 D2 [13+6] (19f) 0.08
U2 L' U' L2 U2 L F R2 F R' L' D L U' D' R2 L2 B2 U' D [13+7] (20f) 0.04
U F2 B' D2 R2 L2 F' L2 F D L U L2 U L2 D2 B2 R2 D2 F2 [14+6] (20f) 0.10
D2 L' U D L' B L F2 L' U2 D2 B' D' R' F B2 L2 U2 L2 [15+4] (19f) 0.16
U' B2 U2 B2 R' F' L2 B' U B' U' F2 L D U2 B2 U2 F2 R2 [14+5] (19f) 0.16
B U' D F2 D2 L F D R2 F' D F R' B2 L R2 B2 R2 U2 R2 [15+5] (20f) 0.31
L B' R2 B R2 F R D R' D2 R' B U' D F2 D2 R2 U2 F2 L2 [14+6] (20f) 0.14
D' R' D2 L2 D F' B' L2 U2 B' R' D' B R' U2 R2 U2 B2 R2 D2 [14+6] (20f) 0.08
U R2 D2 L2 D' L B2 R2 L U L U' B D' F' D2 L2 B2 R2 [15+4] (19f) 0.15
D' L2 U2 D L B' R2 B L2 U' F2 R' B2 D' F2 D2 F2 D2 L2 U2 [14+6] (20f) 0.16
U F D2 R U' D R' D2 R' D B2 D' B' L' F' D2 B2 U2 F2 L2 [15+5] (20f) 0.20
D' R' U2 L2 B R L' U D L B2 L2 F L U D F2 U' D' F2 [14+6] (20f) 0.09
F U D' F D L U' B L2 U' B' U2 F' U' B2 L2 U2 D2 B2 R2 [14+6] (20f) 0.12
R' B R2 B2 L U' F U2 F2 R' B U' F' R' F2 R2 D2 F2 D2 F2 [14+6] (20f) 0.09
L' B2 U' R2 D' B' D' R' D' R2 U R' B2 R U2 D2 B2 U2 B2 [14+5] (19f) 0.12
R L2 U' L' B' U L' D R' L' D R' F U' B2 D2 F2 B2 R2 [14+5] (19f) 0.06
R' U' F2 R' D2 B R2 L2 U' R U B F B L2 D2 L2 F B' [12+7] (19f) 0.01
U L' B2 D2 F' D R' D2 R' U' B D' L D2 R U' D' F2 U D [15+5] (20f) 0.22
F U2 B' D' R2 D' F' L2 D2 B D2 B U2 R F2 U2 R2 U2 R2 F2 [14+6] (20f) 0.11
D R F2 B2 U R2 L D2 L' F U F U' R2 D2 F B U2 F B [13+7] (20f) 0.13
D2 B U R U2 B D F' R' F D2 R U' R L2 D' L2 F2 R2 [16+3] (19f) 2.88
D2 R' B L F2 B' L2 U' F2 U2 R' F' B2 D' F2 B2 R2 D2 [14+4] (18f) 0.11
U' D2 B D2 B2 R F' L' U' B R2 L D' B D2 F2 D2 L2 U2 B2 [14+6] (20f) 0.11
D L' F' R U' R2 B R' U2 F' R F' L B' L' F' B' R2 F' B' [15+5] (20f) 0.51
B2 R' F2 B2 R2 D R2 F' D2 F U L B F2 D2 F2 D2 F2 R2 D2 [13+7] (20f) 0.10
U' R B' D2 B R' F U' D F' D' F' R B' R2 D2 F2 B2 R2 U2 [14+6] (20f) 0.09
L U' R B2 U L2 F2 B' L' F U F' L' U' F2 D2 B2 D2 R2 D2 [14+6] (20f) 0.10
R F' B' R U2 R2 L B R' F' R L U D2 L' F2 L2 U2 R2 [15+4] (19f) 0.43
L F' U' R B' L' B' R2 B2 L2 U L' F' L B2 R2 F2 D2 R' L' [14+8] (20f) 0.11
D2 B2 L B' D' B2 D' R U' L' U2 F B' U R2 F2 D2 F2 R2 F2 [14+6] (20f) 0.10
R' D R2 U2 D R B' U2 D L U2 D2 L' B D B R2 F2 B2 R2 [16+4] (20f) 1.95
R U' B' U F2 U2 D R2 F U2 F U R D2 B R2 B2 U2 D2 [15+4] (19f) 0.28
U F R B2 L B R' F2 R' L F' U' L2 D' B' F2 D2 B2 L2 F2 [15+5] (20f) 0.20
B R L D' L' U' F2 U2 B L B R2 F D' B' U2 R2 U2 L2 [15+4] (19f) 0.09
F R2 B2 L' F D' F' L D2 B2 U L2 F' R' L' U2 B2 R' L D2 [13+7] (20f) 0.06
U2 F' L' B D' R' D B2 U' F2 R U2 L R2 B2 R' L D2 R' L' [13+7] (20f) 0.14
U2 F B2 U2 D F' U' D' F U2 B L' F D F2 L2 D2 R2 U2 F2 [14+6] (20f) 0.09
L2 U2 L U R L2 D F' R2 U F' B' D F2 R F2 R2 B2 R2 D2 [15+5] (20f) 0.13
R2 U' F2 D R' B' R' L' B R2 U B D2 B R B2 R2 U2 B2 U2 [15+5] (20f) 0.53
F' D L U F L2 D2 L F L' F B' R2 L F2 U2 B2 U2 R L' [13+8] (20f) 0.05
U2 F2 U' R' D R U2 F2 B' R F U' D2 B U2 R2 U2 R2 B2 [14+5] (19f) 0.07
R L' B2 R' U2 R U2 F R' U R2 B2 D R B' U2 B2 R2 U2 [15+4] (19f) 0.13
U D' F' R D L2 F R' U L2 D2 L2 B2 L2 U R' D2 R2 F2 [16+3] (19f) 2.39
D2 R' U' D' R2 L2 F R' F2 U' R U' D F' D2 L2 U2 R2 B2 [14+5] (19f) 0.09
D' L2 F2 U D' B R U F' L' B U2 B2 R U D R2 U2 L2 B2 [16+4] (20f) 4.68
L2 D' R B2 L D L F L' D2 R D F2 D2 R2 B2 D2 F2 U2 [12+7] (19f) 0.09
U F D F B2 D2 R' L2 U L D2 B U F U' D2 L2 B2 R2 F2 [15+5] (20f) 0.44
R' L' U' D F U B U2 B' R F L' B' R D U2 R2 U2 D2 B2 [15+5] (20f) 0.09
F2 L' U2 B' D F' B2 R D L2 U R L U2 D B2 R2 U' D F2 [14+7] (20f) 0.06
R' U' L' F' L' B U R' B' R U' B' D F U2 B2 U2 R2 U2 D2 [14+6] (20f) 0.13
B' D' R L' F' B2 R' D2 B2 L2 B' D' B' D F2 R2 F2 R2 U2 [14+5] (19f) 0.14
R2 L2 U' F' B' R F D B U2 R' D L2 F2 U2 B2 U2 L2 B2 R2 [12+8] (20f) 0.09

Total Time: 370.49

