Concurrent Processes: 8
Search Array Gen Depth: 9
Search Time Limit: 30
Stop Length: 20

Files Loaded:
Dist1_09F.dat
Dist2_09F.dat
DistP2_08F.dat

Init Time: 0.75

L' U2 R B2 R2 U2 R B2 L R2 F2 R2 U2 D2 B2 D2 B2 [9+8] (17f) 0.12
B R2 U2 F2 D2 B' L2 B2 D2 B L2 D2 R U2 F2 B2 D2 L [10+8] (18f) 0.15
B R2 D2 F2 D2 F D2 B2 L2 B F2 R2 U2 L2 D2 R2 U2 [10+7] (17f) 0.09
B R2 D2 F2 U2 F U2 F2 L2 F' R2 U2 L2 U2 L2 D2 B2 [10+7] (17f) 0.16
L' U2 R2 F2 R F2 R2 F2 U2 L R2 U' D R2 U' D' F2 [10+7] (17f) 0.50
R U2 R2 F2 L F2 L2 F2 D2 R U2 R2 U2 B2 D2 R2 F2 [10+7] (17f) 0.54
U R2 U2 F2 D' F2 D2 F2 L2 U D2 L2 U2 L2 F2 R2 U2 B2 [10+8] (18f) 0.23
U R2 U2 F2 U' F2 U2 B2 L2 D' U2 L2 U2 R2 B2 R2 D2 B2 [10+8] (18f) 0.22
R U2 R2 B2 R' U2 R2 D2 F2 L' D2 L2 U2 B2 D2 F2 R2 B2 [10+8] (18f) 0.53
R U2 R2 B2 L' D2 R2 U2 F2 R B2 U2 F R2 U2 D2 L2 B [10+8] (18f) 0.53
R U2 R2 B2 R' U2 R2 D2 F2 L' D2 L2 U2 F2 U2 B2 R2 B2 [10+8] (18f) 0.51
B R2 U2 F2 D2 B' L2 B2 D2 B L2 U2 L F2 U2 D2 B2 R [10+8] (18f) 0.11
B R2 U2 F2 D2 F L2 F2 D2 F' D2 F2 U2 L2 D2 L2 F2 R2 [10+8] (18f) 0.14
B R2 U2 F2 D2 B D2 F2 R2 B' R L B2 R2 F2 R' L' D2 [10+8] (18f) 0.08
B R2 D2 F2 D2 B' D2 F2 L2 F R L F2 L2 B2 R' L' U2 [10+8] (18f) 0.08
R U2 R2 F2 L F2 R2 F2 D2 L' F2 R2 B2 D2 B2 L2 U2 L2 [10+8] (18f) 0.52
U R2 U2 F2 U' F2 U2 F2 R2 U F' B R2 U2 F' B' R2 D2 [10+8] (18f) 0.19
B R2 U2 F2 U2 F R2 F2 U2 B' U2 F2 U2 R2 D2 L2 F2 R2 [10+8] (18f) 0.14
B R2 D2 F2 U2 B' U2 B2 L2 B R2 U2 R2 U2 L2 F2 B2 D2 [10+8] (18f) 0.10
B R2 U2 F2 U2 F' U2 F2 R2 B R2 U2 R2 U2 L2 U2 [10+6] (16f) 0.08
B R2 D2 F2 U2 F' L2 F2 U2 F U2 B2 U2 R2 D2 L2 F2 L2 [10+8] (18f) 0.14
B R2 U2 F2 U2 F' U2 B2 L2 B R2 U2 R2 U2 R2 F2 B2 U2 [10+8] (18f) 0.09
B R2 D2 F2 U2 F U2 F2 L2 F' R2 U2 L2 U2 L2 D2 [10+6] (16f) 0.09
B R2 D2 F2 U2 F' L2 F2 U2 F U2 B2 U2 L2 D2 R2 F2 L2 [10+8] (18f) 0.13
B R2 U2 F2 U2 F' U2 F2 R2 B R2 U2 L2 D2 R2 D2 [10+6] (16f) 0.08
B R2 U2 F2 U2 F R2 F2 U2 B' D2 F2 D2 L2 D2 L2 B2 L2 [10+8] (18f) 0.14
B R2 U2 F2 U2 B' R2 F2 D2 F R2 U2 R F2 U2 D2 B2 L [10+8] (18f) 0.09
B R2 D2 F2 U2 F' L2 F2 U2 F D2 F2 D2 R2 D2 L2 B2 L2 [10+8] (18f) 0.14
B R2 U2 F2 U2 B U2 B2 R2 F' R2 U D B2 U2 F2 U D [10+8] (18f) 0.09
B R2 D2 F2 U2 F' L2 F2 U2 F U2 F2 U2 L2 D2 L2 F2 R2 [10+8] (18f) 0.13
B R2 U2 F2 U2 F' U2 F2 R2 B R L F2 L2 B2 R' L' D2 [10+8] (18f) 0.07
B R2 U2 F2 U2 F R2 F2 U2 B' D2 F2 D2 L2 D2 R2 F2 R2 [10+8] (18f) 0.14
B R2 U2 F2 U2 F R2 F2 U2 B' U2 B2 U2 L2 D2 L2 F2 L2 [10+8] (18f) 0.13
B R2 D2 F2 U2 F' L2 F2 U2 F D2 F2 D2 L2 D2 R2 B2 L2 [10+8] (18f) 0.15
B R2 D2 F2 U2 F U2 B2 R2 F' L2 U D B2 U2 F2 U' D' [10+8] (18f) 0.10
B R2 D2 F2 U2 F' L2 F2 U2 F D2 B2 D2 L2 D2 R2 F2 L2 [10+8] (18f) 0.14
B R2 D2 F2 U2 F U2 B2 R2 F' D2 F2 U2 R2 U2 B2 R2 B2 [10+8] (18f) 0.14
B R2 U2 F2 D2 F' D2 F2 L2 F D2 R L F2 R L' B2 [10+7] (17f) 0.08
B R2 U2 F2 D2 F' D2 F2 L2 F L2 F2 R2 U2 L2 F2 D2 F2 [10+8] (18f) 0.11
B R2 U2 F2 U2 F' U2 B2 L2 B D2 F2 R' L U2 R L D2 [10+8] (18f) 0.14
B R2 U2 F2 U2 F' U2 F2 R2 B' F2 R2 F2 L2 U2 L2 B2 D2 [10+8] (18f) 0.15
B R2 U2 F2 U2 F' U2 F2 R2 B L2 F2 R2 D2 R2 F2 D2 [10+7] (17f) 0.09
R U2 R2 F2 L D2 R2 D2 F2 L' U2 R2 F2 U2 L2 F2 D2 L2 [10+8] (18f) 0.54
R U2 R2 F2 L D2 R2 U2 B2 R D2 R2 F2 U2 R2 F2 D2 L2 [10+8] (18f) 0.53
U R2 U2 F2 D' L2 U2 L2 F2 D' L2 D2 L2 B2 R2 B2 U2 B2 [10+8] (18f) 0.16
U R2 U2 F2 U' R2 U2 R2 F2 U R2 D2 R2 F2 L2 F2 D2 B2 [10+8] (18f) 0.14
U R2 U2 F2 U' R2 U2 R2 F2 U R U2 F2 B2 D2 L F2 R2 [10+8] (18f) 0.13
U R2 U2 F2 D' L2 U2 L2 F2 D' R2 U2 R2 B2 R2 F2 U2 F2 [10+8] (18f) 0.14
U R2 U2 F2 D' L2 U2 L2 F2 D' L2 D2 L2 B2 R2 F2 D2 F2 [10+8] (18f) 0.18
U R2 U2 B2 D L2 U2 L2 B2 D L2 D2 L2 B2 R2 B2 D2 B2 [10+8] (18f) 0.16
U R2 U2 B2 U R2 U2 R2 B2 U' L2 U2 L2 F2 L2 B2 U2 F2 [10+8] (18f) 0.16
U R2 U2 B2 D L2 U2 R2 F2 U' R2 U2 R2 F2 L2 F2 U2 F2 [10+8] (18f) 0.14
U R2 U2 B2 D L2 U2 L2 B2 D R2 U2 R2 B2 R2 F2 D2 F2 [10+8] (18f) 0.14
U R2 U2 F2 U' F2 D2 F2 R2 D R2 F2 L2 B2 R2 F2 D2 [10+7] (17f) 0.13
U R2 U2 B2 U R2 U2 L2 F2 D L2 D2 L2 B2 R2 F2 D2 B2 [10+8] (18f) 0.16
U R2 U2 B2 U R2 U2 L2 F2 D R2 U2 R2 B2 R2 B2 D2 F2 [10+8] (18f) 0.14
U R2 U2 F2 U' F2 U2 B2 L2 D R2 F2 L2 F2 L2 F2 U2 [10+7] (17f) 0.14
U R2 U2 F2 U' R2 U2 R2 F2 U R F2 U2 D2 B2 L F2 R2 [10+8] (18f) 0.14
U R2 U2 F2 D' L2 U2 L2 F2 D' R2 U2 R2 F2 L2 B2 D2 F2 [10+8] (18f) 0.14
B R2 D2 F2 D2 F D2 F2 R2 B' R2 U2 L2 D2 F2 B2 L2 D2 [10+8] (18f) 0.10
U R2 U R2 U2 B2 U B2 U L2 U2 F2 R2 B2 R2 B2 [9+7] (16f) 0.04
L' U2 R U2 R2 F2 L D2 R L2 U2 F2 B2 R2 U2 D2 F2 [9+8] (17f) 0.07
R U2 R2 B2 R' U2 R2 D2 F2 L' D2 L2 U2 B2 D2 F2 R2 F2 [10+8] (18f) 0.52
R U2 R2 F2 L F2 R2 F2 D2 L R2 U2 F2 U2 B2 U2 B2 R2 [10+8] (18f) 0.50
R U2 R2 B2 R' U2 R2 U2 B2 R D2 L2 U2 F2 U2 B2 R2 B2 [10+8] (18f) 0.51
R U2 R2 B2 L' D2 R2 D2 B2 L' U2 L2 D2 B2 D2 F2 L2 B2 [10+8] (18f) 0.52
U R2 U2 B2 D L2 U2 L2 B2 D L2 U2 R2 F2 L2 F2 U2 B2 [10+8] (18f) 0.18
U R2 U2 B2 U R2 U2 R2 B2 U' R2 D2 L2 B2 R2 B2 U2 B2 [10+8] (18f) 0.14
U R2 U2 B2 D L2 U2 R2 F2 U' R2 U2 L2 B2 R2 B2 U2 F2 [10+8] (18f) 0.14
U R2 U2 B2 U R2 U2 R2 B2 U' F2 R2 B U2 R2 L2 D2 F [10+8] (18f) 0.19
U R2 U2 B2 D L2 U2 R2 F2 U' R2 D2 L2 B2 R2 B2 D2 F2 [10+8] (18f) 0.18
U R2 U2 B2 U R2 U2 R2 B2 U' R2 U2 L2 B2 R2 B2 D2 B2 [10+8] (18f) 0.17
U R2 U2 B2 D L2 U2 L2 B2 D L2 D2 R2 F2 L2 F2 D2 B2 [10+8] (18f) 0.17
U R2 U2 B2 D L2 U2 L2 B2 D L2 U2 R2 F2 L2 B2 D2 F2 [10+8] (18f) 0.16
U R2 U2 B2 U R2 U2 R2 B2 U' R2 D2 L2 B2 R2 F2 D2 F2 [10+8] (18f) 0.14
U R2 U2 B2 D L2 U2 R2 F2 U' R2 D2 L2 B2 R2 F2 U2 B2 [10+8] (18f) 0.17
U R2 U2 F2 D' L2 U2 R2 B2 U R2 U2 R2 F2 L2 B2 D2 F2 [10+8] (18f) 0.14

Total Time: 15.69

