Concurrent Processes: 8
Search Array Gen Depth: 9
Search Time Limit: 30
Stop Length: 20

Files Loaded:
Dist1_09F.dat
Dist2_09F.dat
DistP2_08F.dat

Init Time: 0.70

U' L2 B2 R2 D' R L' B D' F' D2 F2 L2 D F R2 L2 D2 L2 D2 [15+5] (20f) 0.24
U' D2 F2 D R L2 U' F L2 D F U2 F U' F2 R' L' B2 R' L [14+6] (20f) 0.06
F L' B' U2 F L B2 L' U R U' D L F' R B2 R2 U2 F2 B2 [15+5] (20f) 0.15
U L' D2 B' D2 B' R2 D2 L D B L2 D' L D' R2 U2 B2 R2 U2 [15+5] (20f) 0.21
F2 D R2 F2 R L U' B' R2 B U F' R F2 R' L F2 R' L' F2 [13+7] (20f) 0.03
R U' L' D F2 R U2 B' U D2 F D' R2 B2 R' U2 L2 F2 R2 D2 [15+5] (20f) 0.16
L2 D F B2 U' F' L2 B R' B2 R U D' F' L2 B2 R2 D2 L2 D2 [14+6] (20f) 0.04
F' B' D' R' L' F' L D F D2 L' B' U F2 R2 U2 L2 D2 R2 [13+6] (19f) 0.01
L2 D F L' U' D R2 L2 B R' U R F D' R2 F2 U2 F2 R2 [14+5] (19f) 0.04
R U2 R' D' R' F2 L' U' L2 B L2 F R2 D2 L2 B2 D2 F2 U2 [12+7] (19f) 0.05
R D' B U R2 B' L D' R B D2 B' D F R2 U2 L2 U2 L2 [14+5] (19f) 0.04
D2 L F2 R2 L' U' R L F B2 U B R2 U B R2 U2 R2 D2 R2 [15+5] (20f) 0.15
U2 B' D R' U2 L2 D2 B' R2 U2 D' B L' F' R2 F2 U2 F2 B2 [14+5] (19f) 0.07
R' D' R' L2 B2 U R F2 D2 F R' U2 D2 R U2 R2 F2 R2 B2 R2 [14+6] (20f) 0.03
L' D R F2 D F L' D F D' F' R D2 R2 L2 B2 R2 U2 D2 F2 [12+8] (20f) 0.05
B2 R F L U' L2 F' U' F R2 D2 L2 F D L' U2 F2 B2 [15+3] (18f) 0.21
R B2 U F' L2 F' L2 U D' F2 L2 B' L D F2 R2 D2 F2 D2 B2 [14+6] (20f) 0.03
R' D' B2 U R' L2 U B' L2 B U2 L' U F' B U' D B2 U' D [15+5] (20f) 0.20
L2 U2 R F2 R2 D' R' F' U' L U D2 R2 B' R F' R2 D2 F2 D2 [16+4] (20f) 0.89
L' U2 D R' U' B D' R2 U2 L' B' R' L' B' R2 U2 D2 R2 U2 F2 [14+6] (20f) 0.03
F D B2 L F2 B L2 U' R' B2 U R D' L2 U R2 F2 L2 B2 D2 [15+5] (20f) 0.37
U2 F' D2 F' U B U D2 F R' U B' L' F' R' L2 F2 R2 U2 R2 [15+5] (20f) 0.54
R L F L2 F' L' B U L2 F B2 U2 D' R2 U' F2 R2 F2 U2 B2 [15+5] (20f) 0.08
L2 U R' L' D2 B2 R F' U' L' B2 U2 B' U' R D2 F2 D2 R2 F2 [15+5] (20f) 0.04
U' D' B L F L2 U2 R U' D' F U' F' L' F2 D2 R2 U2 F2 U2 [14+6] (20f) 0.03
U' L D F' R B' L' U L2 D' L2 F2 D' F' D' F2 U2 R2 D2 L2 [15+5] (20f) 0.16
U2 F L2 B' R2 B2 U2 F R2 L B L2 D' F2 L2 U2 L2 D2 B2 [13+6] (19f) 0.02
F R' F2 R2 U' F' D2 L2 F L' D B L R2 F2 D2 R2 F2 D2 F2 [13+7] (20f) 0.02
B' U2 L B D F L' D2 F L2 F2 B2 L' F' U2 D2 F2 D2 F2 B2 [14+6] (20f) 0.10
D2 L2 B L' F' B' L2 B2 U' R U L U' R' B F' B R2 F' B' [15+5] (20f) 0.19
U' D2 R' D' B' L2 U' F R' D R D F2 R' B' U D B2 U D' [15+5] (20f) 0.12
D' R2 B' U D' L' B' R2 B' D2 B' R' U2 R' F R2 B2 L2 F2 [15+4] (19f) 0.37
R2 D' L' B D' B' R' B2 U2 D' F B' L U' D2 B2 R2 F2 R2 U2 [14+6] (20f) 0.10
U' L F' U2 R L B R' D' L U B2 R' F R2 F2 R2 L2 U2 D2 [14+6] (20f) 0.01
R U' D2 F' D F' D R' D' B' U' B2 R2 L F D2 B2 L2 U2 R2 [15+5] (20f) 0.18
L D' B D L U' R' B2 L F' U' R' D F B2 U2 D2 L2 F2 D2 [14+6] (20f) 0.05
L' B' D F2 R2 D2 L B' D F' D' R' D2 B U D2 B2 U2 F2 [15+4] (19f) 0.49
L2 D2 B2 D2 L2 D L F L2 F2 L2 U B' R' L' B' D2 B2 U2 L2 [16+4] (20f) 1.72
L2 U2 L D2 F' R F' U2 B U F2 B U R F' [15+0] (15f) 0.13
R' L' F' L F2 L' B R' D2 F' D' R' D F2 D' U2 F2 L2 D2 F2 [15+5] (20f) 0.17
F2 R2 B2 U R' U B U2 D' R2 U' B R2 F B' D2 R2 F' B L2 [12+8] (20f) 0.04
B U' D' F' U' L2 F2 L' F' B L2 B' U L U L2 U2 R2 U2 D2 [15+5] (20f) 0.29
R' L' U L' B D' F R D F2 D' F' L U' L2 U2 F2 B2 U2 [14+5] (19f) 0.01
R2 L' B2 U' R2 F2 U2 B2 U2 R U B' L F R2 F2 U2 D2 F2 R2 [14+6] (20f) 0.03
F2 R U' F' L B2 U2 B L U B L2 F2 U' F' R L F2 R' L' [15+5] (20f) 0.43
R D2 L' F2 B2 R2 D' R L' F' L' B2 D' R2 B R2 B2 R2 U2 [15+4] (19f) 0.22
U2 B R2 B' L D R' U' F' R' D2 F' B L' B' R2 U2 B2 R2 L2 [15+5] (20f) 0.59
R' U R2 F D2 L' F2 R2 B R U D2 R D B2 R2 F2 U2 B2 [14+5] (19f) 0.01
L' F' D' L D B2 R F2 L' D R2 B U2 D2 L2 B2 U2 F2 D2 [12+7] (19f) 0.02
F R D2 B D L2 B' L U D2 F' L2 F R D2 F2 D2 L2 D2 B2 [14+6] (20f) 0.01
R2 D' R2 L U' D2 L' D2 R D' R B' U R2 L2 U2 L2 U2 B2 L2 [13+7] (20f) 0.01
R L D' F' U B R' L' B' R U2 F D' R U2 R2 U2 R2 F2 L2 [14+6] (20f) 0.01
U2 D' L F2 L' U R2 F' B2 D2 B U' F' D F2 L2 B2 D2 [14+4] (18f) 0.05
R F' L D B2 U' F2 L B' U B D L2 U2 R2 L2 F2 R2 F2 D2 [12+8] (20f) 0.05
R D L F R B2 U' R2 U' R F2 R U' F D' B2 D2 L2 F2 D2 [15+5] (20f) 0.17
U R U R2 B2 R' B U R2 D' B2 R' F' B2 D' R2 F2 D2 L2 B2 [15+5] (20f) 0.06
D B2 R2 F R B2 R F2 U R' F2 D' B R B2 R2 L2 D2 B2 R2 [14+6] (20f) 0.06
R2 D' L F2 B R F' D B R2 B U2 R' B F2 D2 B2 U2 L2 F2 [14+6] (20f) 0.06
D' F2 L2 D B' L' F L2 D2 B L' U R F2 U2 F2 L2 F2 B2 [13+6] (19f) 0.01
B L2 U2 F' R D' F B2 D R' F' B' R L D2 R L U2 B2 D2 [12+8] (20f) 0.00
L' F2 D F2 U' B' L2 U D2 B' D' R F U2 F B' D2 F B L2 [13+7] (20f) 0.02
L' D' B2 R2 D2 L' B' R2 F' R' L2 D' L' U' B U2 B2 U2 R2 [15+4] (19f) 0.45
U2 D2 B' D' R' F R' L2 D' L' B U R F' L' D2 B2 U2 L2 B2 [15+5] (20f) 0.45
U' B2 R B' U' B2 R2 D2 R F L B U B R2 L2 F2 R2 D2 B2 [14+6] (20f) 0.02
D2 F' D' F' D2 B L F R' F2 U' F2 D L F' D2 L2 F2 B2 [15+4] (19f) 0.19
R2 L' U' L' U B2 U2 L B R' D F2 D2 L' D2 L2 F2 D2 R2 B2 [14+6] (20f) 0.04
B2 L' F' U F B D2 L' F' B D' F2 B D' F2 D2 R2 U2 B2 R2 [14+6] (20f) 0.07
F U' B D2 F2 D2 L D2 F2 L B D B L2 B2 R2 B2 U2 R2 U2 [13+7] (20f) 0.01
L2 F2 L D2 B U' D F2 R2 U' R F' D R U2 L2 F2 R2 L2 F2 [14+6] (20f) 0.04
U R2 F' B2 U2 B R L D' B D2 L B2 D B2 R2 D2 L2 U2 [14+5] (19f) 0.02
L D2 L B U' F' L2 U' R B L F R2 L D' F2 U2 L2 B2 D2 [15+5] (20f) 0.44
R L2 U2 B2 D2 B2 R' F U' L' U2 F2 L' D' B' R2 F2 U2 B2 U2 [15+5] (20f) 0.08
D2 L F R F B2 D2 R' B L U D F' L' U2 F2 R2 B2 R2 [14+5] (19f) 0.01
R2 D' F B U' B2 L' U2 D2 B D' B' U' L U2 R2 U2 L2 B2 [14+5] (19f) 0.06
U2 F U F2 D2 R' U2 R' L' F' R2 F R' B2 D R2 B2 U2 B2 D2 [15+5] (20f) 0.54
L F2 L D' F' B U2 F' U' B U2 D2 R2 F' L R2 B2 D2 L2 U2 [15+5] (20f) 0.62
D2 L U2 R L' D R2 B2 D' R B' R2 U' R2 U' F2 D2 R2 L2 F2 [15+5] (20f) 0.12
D' F L U2 F' D2 F U' F L2 F B' R' D U2 F2 D2 B2 D2 F2 [14+6] (20f) 0.03
D' L' U' R2 L' D' F2 R2 U' L' B' R2 F' B R2 U2 B2 L2 U2 F2 [14+6] (20f) 0.05
U L U2 L' F2 R D B' U F2 U2 D B' R U2 B2 U2 B2 D2 L2 [14+6] (20f) 0.02
R F' R' F B' U F U B2 U' F2 L2 F2 L' B U D2 F2 L2 [16+3] (19f) 3.19
B2 D2 F2 B2 R2 L' B2 L2 U2 L F' L U' D2 F' B' R2 U2 F B' [13+7] (20f) 0.03
R L' F2 L' F D2 F2 R F' U F2 D L' F B U2 R2 B2 U2 F2 [15+5] (20f) 0.12
R F U B D2 F D L2 F D R' B' D' L' B2 D2 F2 B2 L2 [14+5] (19f) 0.02
R L2 D2 L U L D' F' D2 B2 R L' B' L U R2 F2 B2 L2 D' [14+6] (20f) 0.01
U' D F R' F B R2 F R U L2 B R B' F2 D2 F2 U2 L2 D2 [14+6] (20f) 0.02
R' F2 R2 B2 R D L U2 F2 R F R2 B2 D' R2 F2 L2 F2 L2 D2 [14+6] (20f) 0.02
B R U2 D2 R' F U' F' U2 D' R2 B' R' B D2 R2 U2 F2 D2 F2 [14+6] (20f) 0.01
F B D L F2 U F' U R2 U2 D F' R2 U' L' U2 D2 R2 D2 B2 [15+5] (20f) 0.42
D2 L B2 L' D F D' L' U' L' F L R2 U2 R2 F2 R2 F2 D2 [12+7] (19f) 0.01
B2 D B U L U2 R2 B U' B2 R2 F' U D' R L' D2 B2 R L' [14+6] (20f) 0.05
D F' U' R B' U2 R' B' R' B' D B' L' F B D2 F' B' L2 D2 [13+7] (20f) 0.03
L' U R U2 B' L U D2 R U2 F' R' B2 D R' F2 L2 D2 B2 U2 [15+5] (20f) 0.30
L' D' F2 B' L' U F2 R' F2 U2 R F' U' B L2 D2 B2 L2 F2 B2 [14+6] (20f) 0.03
B D' F2 B' U2 D R2 L' F2 R' U F D R' B2 U2 R2 F2 D2 L2 [14+6] (20f) 0.05
F2 R' U R' U2 R B2 D' R2 F D2 R F' R F2 D2 F2 L2 [14+4] (18f) 0.04
F2 L F R F' R2 B' U2 B' L' U' L' B2 U' L2 D2 L2 F2 B2 D2 [14+6] (20f) 0.05
U R2 L' D' B' R2 D R' F2 U F R' B2 R U' R2 U2 L2 U2 [15+4] (19f) 0.08
D2 F2 R' U2 B' U D R2 U' B D' R' U2 F D U2 F2 L2 [15+3] (18f) 0.29
U B D' L B D2 F2 D F R D' B D B U2 R2 L2 D2 B2 R2 [14+6] (20f) 0.03
F R2 B D F2 D2 F D' B' U2 B2 L' U2 R' F' R2 U2 D2 L2 F2 [15+5] (20f) 0.14
B2 L' U B2 L2 F' U R' L2 F R' U B' D' F R2 D2 L2 B2 U2 [15+5] (20f) 0.29
R F' D L F U2 F R' U L' F2 U2 B' R B' D2 B2 R2 B2 L2 [15+5] (20f) 0.33
R L2 F2 D L2 U2 L' U2 L F' U F' L' U' D2 F2 L2 B2 R2 B2 [14+6] (20f) 0.02
D' L2 B R2 F B2 U R' U' B2 R2 U' L F2 D U' D' B2 U' D' [15+5] (20f) 0.26
B' L B2 U R F U B R' D F U' R D' L2 F2 R2 U2 L2 U2 [14+6] (20f) 0.04
R' U' D2 B2 U L F2 D2 L' D2 F' U' D F2 R2 L2 B2 U' [12+6] (18f) 0.01
U B2 U R' U2 R F2 U' B R L B2 L B R2 B2 U2 R2 [14+4] (18f) 0.03
B L2 B2 L B' D R D2 L' D R F U2 R2 F2 U2 B2 R2 B2 D2 [12+8] (20f) 0.09
L2 D' L2 D F' U2 F' L B' R B' L U D L2 D2 R2 D2 F2 U2 [14+6] (20f) 0.02
L2 F' U2 F2 R U2 F' R U' D2 L F2 B2 D' B' L2 F2 L2 U2 [15+4] (19f) 0.23
L U2 F2 R2 L D R D L U F' U2 B' L D F2 L2 U2 B2 R2 [15+5] (20f) 0.27
F R F' U R L U2 D R B' D' R2 L D B D2 F2 D2 B2 L2 [15+5] (20f) 0.11
F2 D R2 U B2 R' F L2 D F B2 R2 D2 L' D2 R2 F2 U2 F2 D2 [14+6] (20f) 0.09
D L2 U2 R2 L B' D' B2 U' R D' F' D R2 U' R2 F2 R2 L2 F2 [15+5] (20f) 0.50
U' R L2 U2 B R F2 D' L' F2 D2 F' U D' F2 R2 L2 U2 L2 D2 [14+6] (20f) 0.01
R U D R2 F' L F R2 F' B D F' L' D2 F2 R2 D2 B2 L2 D2 [13+7] (20f) 0.03
R' B' L' F' D2 B D' F2 D2 F L U D2 R U' D B2 R2 U D' [14+6] (20f) 0.04
R' L' U F2 D' R D F' R2 L F2 B L' D' F' U2 R2 L2 B2 L2 [15+5] (20f) 0.09
L2 D' R' U2 F2 U2 F2 D B R2 F2 R' F2 B U B2 D2 R2 [15+3] (18f) 0.12
L2 B' L2 U L2 F2 U F2 R B L' F B L F' U2 F2 L2 D2 B2 [15+5] (20f) 0.26
R' B R D L2 B U' B D F R B R' U F2 U2 L2 U2 R2 D2 [14+6] (20f) 0.02
F2 R B' R2 F2 L2 D2 F' L D' R' L2 D F B R2 F' B' D2 B2 [13+7] (20f) 0.03
R2 L2 F2 D' L2 D L' B' U' D' F' R U2 F B' D2 F B R2 B2 [12+8] (20f) 0.08
F L D' L F' D R2 L' U D B' U' L' U R2 B2 R2 B2 L2 U2 [14+6] (20f) 0.03
L B2 L U' F' B L' B R' F2 R D B F2 L2 B2 U2 B2 U2 R2 [13+7] (20f) 0.02
R' D2 B' U2 L2 U' L2 F' R2 U L' D' L B2 R B2 R2 D2 L2 [15+4] (19f) 0.26
F L' B R' D' L2 D2 L' F2 R' F2 U' F U D R L' U2 R L' [15+5] (20f) 0.17
R L2 B' U2 R2 D B' R' D2 L2 U' D' B' R D2 F2 L2 D2 L2 B2 [14+6] (20f) 0.01
F' R2 B U B R' D2 F D2 F R B2 L D2 R2 F' B' L2 F' B' [13+7] (20f) 0.03
B' U D' F B L B R' U' R2 F L D' F' U2 L2 B2 L2 U2 [14+5] (19f) 0.06
L2 D F B' L F' R' L2 U' R' D2 R2 L' D2 F D2 R2 F2 [15+3] (18f) 0.09
F U' B' R' D F' L F D2 R' B2 R' D B' R' U2 D2 F2 D2 [15+4] (19f) 0.29
U D2 R' D2 R2 U' D L' F B' U' R D L2 B2 R2 L2 D2 B2 D2 [13+7] (20f) 0.01
R2 L U' F L2 D' L F' R' D2 B2 U F2 R F2 U2 B2 R2 B2 D2 [14+6] (20f) 0.04
D2 L2 D' F' R U F' L2 U L2 F R' U2 B' R' L2 F2 L2 U2 F2 [15+5] (20f) 0.18
F R U' D L' U L D' R2 U L2 F' U2 F U' B2 R2 B2 U2 [15+4] (19f) 0.18
D2 R' U2 L2 F' U2 L2 D2 L' D R2 B D F2 L2 B2 L2 B2 D2 B2 [13+7] (20f) 0.03
R' L D' R' D2 F2 D2 R U' B2 R U' L2 B L2 U2 F2 B2 D2 F2 [14+6] (20f) 0.01
D2 R U' F' B U' R' F U F2 R2 D2 R L2 D2 B2 R2 F2 R2 [13+6] (19f) 0.01
L2 F' B2 R2 L' F L2 F' D' F B' D2 B2 L U' L2 D2 L2 D2 [15+4] (19f) 0.26
D B' U' R2 F U' F' U2 B2 R2 U2 F L B' L2 U2 L2 F2 U2 F2 [14+6] (20f) 0.06
D R' D R2 D R L' F' B2 L2 D' B L' U2 F2 L2 D2 L2 B2 D2 [13+7] (20f) 0.02
D2 R' U R' L2 D B' U2 R' D2 L' F' R' F2 B' R' B2 L2 F2 [16+3] (19f) 1.06
U D' L2 U2 F U R U2 R2 F2 L' F R2 D F' U2 R2 B2 R2 L2 [15+5] (20f) 0.35
R' B2 D' L2 F2 R2 B2 L D R D' B' U2 D' L' R2 D2 F2 U2 D2 [15+5] (20f) 0.39
U2 R' D' B' L D L2 U D' L' U' R2 U' R' B2 D2 R2 F2 B2 U2 [14+6] (20f) 0.04
D2 B2 U2 F2 D2 R' F B U B' R' F2 B2 D L2 U2 B2 U2 [14+4] (18f) 0.02
F2 U' R' B D L' F2 R2 D' R' B' R F B' U2 R2 F' B' [12+6] (18f) 0.01
U D2 L' D' B L' U' D' R F2 D2 R' U' B L U2 F2 B2 D2 R' [14+6] (20f) 0.03
R' B R' L' U' R D2 R B R' B D' L2 U R2 L F2 R L' [15+5] (19f) 0.31
L U B2 U2 D' B2 L U B2 D F B2 D R' U2 B2 L2 U2 F2 U2 [14+6] (20f) 0.03
L B2 L F R' B' R2 U' B' U2 B' D F L U2 L2 D2 F2 [14+4] (18f) 0.05
D2 R F U' R F2 L' U2 B2 R F D' L' F2 R F2 R2 D2 R2 [15+4] (19f) 0.06
F' U D R B' U F' L' D' F2 U2 F' R' D' L2 D2 F2 B2 R2 F2 [14+6] (20f) 0.10
U' L D R2 B2 U' F U2 R2 F' L F2 R2 F' R' L' U2 F2 R L [14+6] (20f) 0.02
L2 F D' F L2 U2 F D L2 F' B2 D' B R D L2 B2 L2 U2 R2 [15+5] (20f) 0.31
R F' R' L F2 U' F2 R U B2 R' L2 U2 B' R' F2 U2 L2 D2 F2 [15+5] (20f) 0.24
D' L2 U2 D R2 L F' R2 U2 B2 D' F R L' B2 R2 B2 D2 B2 D2 [14+6] (20f) 0.04
B U L D2 B R' B U2 F B2 U D2 R D' L R2 F2 R2 B2 [15+4] (19f) 0.18
U' D' B2 D2 B' R D2 F2 U' L' U R D R2 D2 R2 F2 B2 D2 L2 [13+7] (20f) 0.01
B' U D' R2 F2 B' R' U2 F L' B U F' D' F2 R2 L2 U2 B2 [14+5] (19f) 0.09
D' F D' R' D2 R' L' D' B R B D2 L2 F' L2 D2 B2 U2 [14+4] (18f) 0.06
R L' U R2 U' L2 F' L F' D' R F' U' B2 R' L2 B2 U2 L2 U2 [15+5] (20f) 0.13
B L' B' U' L' U' D' R U2 L D B2 L D2 F2 B2 R2 B2 U2 [13+6] (19f) 0.02
U F U' L B L2 U B' L2 B' R' D U D' R2 U D L2 D2 L2 [12+8] (20f) 0.04
D2 R' U' F' L F2 B U2 B2 U D2 B2 L B' D L' B2 L2 B2 [16+3] (19f) 1.17
D2 F R L U' B' D' R' L2 D2 R L' B' D' R2 U2 D2 F2 R2 F2 [14+6] (20f) 0.01
F R' B' U2 L' U2 F' L' F D L' U B' L R2 L2 U2 R2 L2 D2 [14+6] (20f) 0.02
D R' D' R2 F R' L' B R' U L' D L F2 R2 D2 [13+3] (16f) 0.00
U2 F2 D2 R' U2 B L' F' B' U F' B2 U R2 D2 L2 F2 U2 B2 [13+6] (19f) 0.01
F U2 R' D2 F' D' B' R2 L F L2 U' B R' L' D2 R' L' F2 D2 [13+7] (20f) 0.01
L F2 B R L2 F2 R' U B' D B' U' D' L' U R2 D2 F2 R2 F2 [15+5] (20f) 0.62
U R' U' D2 L F D' R2 F2 R' U' F B' L F2 U2 D2 R2 F2 D2 [14+6] (20f) 0.01
R' D' R2 B2 L' U L2 U2 R D' F' B U B' R2 F2 U2 R2 [14+4] (18f) 0.03
F R U2 F2 U R D2 R2 F U' D2 R' L' D' L R' L D2 R' L [15+5] (20f) 0.09
F' D2 F2 L' F' U R' L U2 F2 U F R' F' U2 L2 B2 R2 F2 [14+5] (19f) 0.09
L2 U F' U R' U' F2 D R' D F L' D' F L F B L2 F B [15+5] (20f) 0.05
D R' D L' U D2 F U' R L2 D F U' D2 L F L2 B2 U2 B2 [16+4] (20f) 4.32
F U D' R2 F D F2 L U2 R' F' R2 F' U F' B L2 F B R2 [14+6] (20f) 0.06
R2 L B D F R2 L F R' U F2 D' L' D2 F2 B2 L2 F2 D2 B2 [13+7] (20f) 0.02
B' U' R2 F B2 U L' B U F D2 R D R2 D2 R2 D2 F2 U2 F2 [13+7] (20f) 0.01
R' U' R' B U2 R U' F2 B' L2 D' F B2 L' B2 R2 B2 U2 L2 D2 [14+6] (20f) 0.02
U L2 F2 B' U' F2 R' U2 D2 F B U' F2 D' R D2 R2 D2 L2 F2 [15+5] (20f) 0.18
D R2 F2 R' L B2 L B2 U' L B' D F' L' B U2 F2 L2 F2 R2 [15+5] (20f) 0.30
L' U2 F B L2 B2 R' L2 B' R' F2 D' L U2 B' R2 U2 R2 F2 L2 [15+5] (20f) 0.28
B2 D' F' D2 F2 L2 U' L' B2 R' B' U2 B' U' R2 B2 R2 B2 R2 D2 [14+6] (20f) 0.04
L2 D2 R B' D' B L' U2 B2 D' L F' U2 L2 F2 D2 R2 B2 D2 L2 [12+8] (20f) 0.04
F L D2 F' R2 U2 R2 U' B2 L U B' L2 U F2 U2 R2 B2 L2 U2 [14+6] (20f) 0.03
F U' L' D2 R' B L' F' R' U F D R' F' U B2 D2 L2 B2 R2 [15+5] (20f) 0.21
D' R U2 D' L' U2 L' F' U2 R' L U' R2 B' F2 D2 R2 L2 B2 U2 [14+6] (20f) 0.03
R' B L2 U' B2 D' B' R B' U L' U F2 R L2 D2 B2 L2 U2 D2 [14+6] (20f) 0.03
U D B D2 B' D' R2 B2 R2 U2 R D B' U F' R2 L2 U2 R2 L2 [15+5] (20f) 0.31
F2 R B R B' R2 U2 B U2 F2 U R D' L B' L2 D2 R2 B2 D2 [15+5] (20f) 0.36
D2 L U R F L2 U2 F' R F2 B L2 U' L2 U R2 D2 B2 U2 F2 [15+5] (20f) 0.14
B2 U R2 D L' F D' F B2 U' R2 D2 F U2 B' L' F2 D2 R2 F2 [16+4] (20f) 5.47
F R L2 B2 R2 B L' U R D' L' U2 R' F B' F2 L2 F2 R2 D2 [15+5] (20f) 0.07
U' R2 U2 R' U' B' U R F' B L D F' R B2 R2 D2 B2 D2 L2 [14+6] (20f) 0.02
D2 L B2 D F U L2 F' R B2 R' B2 U' D' F' L' R2 U2 L2 D2 [16+4] (20f) 1.88
D' B U D L2 D' L B U' F2 U B2 R2 L' U2 F2 B2 R' L' [13+7] (19f) 0.02
R2 U B2 L F' B' D' F R2 B' D R2 F L2 B2 U2 L2 D2 R2 D2 [13+7] (20f) 0.01
B U2 B' D2 B' R D2 B2 U L2 U' L F' L' B2 L2 B2 D2 L2 D2 [14+6] (20f) 0.04
D2 L U D L' B U2 L' B' L B2 R D R2 B2 L2 U2 F2 B2 [13+6] (19f) 0.02
R' U B L' F2 L D R U D2 R' L D' F B' U' F2 B2 L2 B2 [16+4] (20f) 1.40
F2 L' U' F D R B R2 D F' L2 D' L' U F2 U D L2 U' D' [14+6] (20f) 0.03
F B2 R' F2 U' L F R' U2 F R L' D R2 U2 F2 L2 U2 R2 [13+6] (19f) 0.01
R' B' L2 B2 L' U L' F' U2 B R F2 U F' D2 B2 D2 R2 U2 L2 [14+6] (20f) 0.03
B2 U2 F' D2 R F2 D' R2 L' U B D L2 D' F' R2 U2 B2 L2 F2 [15+5] (20f) 0.45
U' D' R' U2 F' D B L' B' U2 F U' F B2 D2 F2 R2 F2 R2 [13+6] (19f) 0.02
B2 L2 U F B L U2 D F R' D' R2 D R2 D2 F2 R2 D2 F2 L2 [13+7] (20f) 0.01
R L2 U' L2 F2 D' R L' F R' U2 R2 F L F2 L2 F2 U2 L2 U2 [14+6] (20f) 0.02
U D R2 U' L U F2 U' R' U2 B' R' D F D' F' D2 L2 U2 L2 [16+4] (20f) 2.30
B' R U' F' R L' D R2 D2 R D R2 U2 L2 F R2 U2 B2 U2 B2 [15+5] (20f) 0.73
R' L B' D' R F2 R' U F2 L' F2 D2 B2 U L2 F B' D2 F' B [14+6] (20f) 0.01
R' U' R U2 B D2 R U' B L2 B D2 L2 F' L U L2 B2 U2 D2 [16+4] (20f) 1.35
F D' F2 D2 R' B' D' L2 D L' U' L' F L B D2 F2 D2 F2 L2 [15+5] (20f) 0.29
D' R U F2 D2 B D2 B' U2 L2 U R L B2 D' F' R2 L2 B2 [16+3] (19f) 3.02
F' B2 L' U2 F2 L D' B' R2 F2 U' D' B' L' U F2 B2 D2 L2 F2 [15+5] (20f) 0.79
L' U L2 U2 D' L' F D' R2 U' F R2 B' U R' F2 B2 U2 R2 B2 [15+5] (20f) 0.40
D2 R' L2 F' R' F D' B' U2 L' D' R2 B R U2 F2 D2 L2 U2 L2 [14+6] (20f) 0.03
R' U2 R2 L2 B L2 U' L2 U' F D2 L D' R' B F2 R2 U2 D2 B2 [15+5] (20f) 0.12
R2 U2 R' L B2 U R D2 B2 R U2 R' U2 F R2 D2 L2 B2 R2 L2 [14+6] (20f) 0.05
F U2 L F R' U2 F D R2 F' L2 U' R2 D2 B2 U2 B2 R2 B2 R2 [12+8] (20f) 0.04
R' U D' R2 B U B R' B2 D B' U' B' R' F2 R2 L2 D2 F2 U2 [14+6] (20f) 0.02
R2 L' F R2 B' D2 R2 F' D2 F' D' B R' L B2 R L D2 R2 [12+7] (19f) 0.04
D B2 D' F' D2 R' L2 F2 D' F2 L' U' R2 B R F2 D2 B2 L2 D2 [15+5] (20f) 0.48
R D F' D F D2 F2 R2 L2 U' D R' D F' U2 B2 U2 L2 B2 D2 [14+6] (20f) 0.03
R' F2 U2 L U B2 D' B2 U' B' R2 D L D' U2 F' B R2 F B' [14+6] (20f) 0.06
U F D L F2 B2 L' U2 B2 R' D R' L' F2 D2 B2 U2 F2 R2 B2 [13+7] (20f) 0.02
F' D' R2 U' R L D2 B' U2 D2 L2 B' D' F R2 L2 B2 R2 D2 F2 [14+6] (20f) 0.06
F U' L D2 F' U2 D F2 R2 F R U' D F L U2 B2 L2 F2 R2 [15+5] (20f) 0.24
L2 F' L D' B2 D' B R' L' U2 F2 L' D' B U D B2 U' D' B2 [14+6] (20f) 0.02
R' F2 U2 R L D' B U2 F' L' U2 F2 R F' R' F2 D2 R2 B2 [15+4] (19f) 0.29
L2 D' L2 U F' R2 B' L B U2 F R2 U2 L' U' L2 D2 R2 F2 L2 [15+5] (20f) 0.16
B U' D' R D2 L2 B2 U R2 U' B R' L B L U2 L2 U2 D2 B2 [15+5] (20f) 0.43
R L B2 R F U2 L' D' R' D2 R U2 B D' L U2 F2 L2 U2 B2 [15+5] (20f) 0.07
U2 R' F' B D B2 L2 B D2 L' U' R' L' D R L B2 R' L' D2 [14+6] (20f) 0.03
L' D' R B' L2 D' L' F L2 B R U L F' R2 B2 L2 U2 R2 D2 [14+6] (20f) 0.04
L' D' R U' B D2 B' D2 R B R' D' B' L' F' B2 D2 F2 R2 [15+4] (19f) 0.67
L2 B' U' R D2 R2 F' D' R' D F' U D' B U2 R2 F2 R2 U2 R2 [14+6] (20f) 0.04
R2 L D R2 U L2 B R' B R2 L F2 R2 F2 D R' L' B2 R L' [15+5] (20f) 0.66
U' B' L2 F2 L' F' R2 B' D2 R D' B U' L' B2 R2 L2 D2 F2 U2 [14+6] (20f) 0.04
R' U' B R F' B' R B' L' U F' L' F2 D' R' F2 D2 F2 R2 F2 [15+5] (20f) 0.15
U' R U F' D F L2 D' B' U' L' F' D2 B U' L2 F2 R2 B2 U2 [15+5] (20f) 0.07
D2 L F' U' B' D L' D' L2 F' R2 B D' R2 L2 F2 R2 U2 F2 B2 [13+7] (20f) 0.01
R D2 F B2 D B2 R' L2 D' B D' L' F2 U' R2 B2 R2 L2 U2 [14+5] (19f) 0.02
L2 U' B' L U' B' R' U L2 D' B R D2 B F2 R2 B2 L2 [14+4] (18f) 0.02
F2 U R2 F' B2 L' U' B' L D R F B2 D F' B L2 F' B [14+5] (19f) 0.05
D2 B R2 B' L2 D2 R2 B2 R2 B' U R' U2 R' D R2 D2 B2 U2 R2 [15+5] (20f) 0.34
U' R2 F' R' F' B2 U F B L U2 F' D2 F R2 U2 R2 L2 B2 [14+5] (19f) 0.02
R2 D2 L' F R B' U' D' R2 B' U B R' F2 L' D2 R2 D2 L2 B2 [15+5] (20f) 0.57
L2 F' B L' U2 R U' R L D2 F R2 D' R D' B F2 R2 B2 [16+3] (19f) 2.66
L' F' D2 R U2 F' U' D' B L2 B R L F B D2 B2 R2 U2 B2 [15+5] (20f) 0.50
U' R U2 D R F2 U D2 B2 R B' R' F B U' R F2 B2 U2 F2 [16+4] (20f) 0.53
D L2 F U' R' B D' F' U L' B R D L2 D U2 L2 U2 L2 [15+4] (19f) 0.41
B R F' L2 U2 B D' R2 B' D L B D2 F2 U F2 B2 L2 F2 [15+4] (19f) 0.09
L D R2 U2 B' L2 U' D' B D' F' U B D2 R2 B2 R2 B2 U2 F2 [13+7] (20f) 0.03
L' F B D' R2 U2 D' F2 B2 R' L2 B U2 L' D' U2 L2 B2 U2 B2 [15+5] (20f) 0.42
D2 B U2 B U B' D' F U2 R F' R B' F2 U' D F2 U D R2 [13+7] (20f) 0.02
F' L F2 U B U2 L' F' L' D L' B2 R F D2 R2 F2 L2 B2 R2 [14+6] (20f) 0.07
R B2 R U' F' U2 L D' R2 U2 L2 B' L2 B F2 U2 B2 D2 R2 U2 [14+6] (20f) 0.04
U R L U2 L' D R2 F D' F D L' U2 B D2 F2 U2 F2 R2 U2 [14+6] (20f) 0.01
R' L2 D B L B L' U2 B2 D L U' B L D U2 B2 U2 R2 B2 [15+5] (20f) 0.06
R2 L2 B U F2 L2 F B R' U2 R2 L U B F2 R2 B2 U2 L2 [14+5] (19f) 0.05
R L F B' R D L F' L D2 B2 D2 R2 D2 B U L2 F2 U2 [16+3] (19f) 0.91
U D2 F R' D R' F2 D2 L2 F U R U' F R' F' B2 D2 L2 U2 [16+4] (20f) 3.04
U' R' U' B' R' B U D' R2 F' L2 B' L' F2 R2 B2 U2 B2 D2 [13+6] (19f) 0.03
U' R B L' F' U F2 D2 R F R' U R U L' F2 D2 L2 F2 L2 [15+5] (20f) 0.07
U' F2 D' B2 L' U2 B2 U' B' U R2 F' D F2 R2 L2 U2 L2 F2 L2 [13+7] (20f) 0.02
R U L' B U2 F' U' F' L' F2 B2 L2 U L2 U R L' B2 R L [15+5] (20f) 0.10
L F U F U L F' L2 U' F2 U2 L' B R' F2 L2 U2 F2 R2 D2 [14+6] (20f) 0.06
L2 U D' F2 L' D F B2 D2 B2 U' L F' D F2 U2 L2 B2 U2 B2 [14+6] (20f) 0.02
L U D F2 B' D2 R' B D' F' R B2 D' R B2 L2 U2 R2 U2 B2 [14+6] (20f) 0.04
R D' B D2 L U' B' D2 R L D F' B D' R' F2 D2 R2 D2 [15+4] (19f) 0.32
U' R B R2 D F L' B' U F' R F U2 R' B L D2 R2 F2 R2 [16+4] (20f) 0.75
B R2 U' B2 U' B L' F2 U L U B R B R2 B2 D2 B2 L2 B2 [14+6] (20f) 0.02
F2 U2 D2 F D2 L U2 R' B' R' U' F' U2 R F2 U2 D2 R2 D2 [14+5] (19f) 0.05
F R2 D' L2 F' D' R2 U' L F U B2 L' D2 L2 U2 D2 B2 D2 R2 [13+7] (20f) 0.02
L F' U2 R' U B' D' R U B R' F' B' R U2 F2 U2 F2 B2 U2 [14+6] (20f) 0.04
L2 D' R' U D R' F2 L U R' U2 F D B2 R2 F2 L2 D2 R2 [13+6] (19f) 0.01
R F' B' R D' L U R2 D R' F2 L2 B2 L2 U' F2 R2 U2 F2 L2 [15+5] (20f) 0.35
R B' R' D' F R2 L U2 D B R B2 R2 D' B' F2 L2 D2 L2 D2 [15+5] (20f) 0.43
R2 U R' L2 D F' B' U' R' U B' D F' L' F2 R2 D2 L2 B2 U2 [14+6] (20f) 0.04
R U' F B R2 F2 R2 L' F2 U F2 L D L' D2 F2 D2 L2 U2 R2 [14+6] (20f) 0.03
B U' L2 U F2 U2 R B D2 L2 D F2 D F' B2 L2 U2 R2 D2 F2 [14+6] (20f) 0.05
U' R D' B' R B2 R F2 R' B2 U2 R U R' F2 D2 F2 L2 F2 R2 [14+6] (20f) 0.02
D B2 L D B' U' D2 L2 D2 F R L B' R' D R2 B2 U2 F2 R2 [15+5] (20f) 0.40
D' L' U2 B' R' B2 L' F L' U' F2 U D L2 F' L R2 L2 B2 L2 [16+4] (20f) 4.61
B D2 F U' D' R' F U L' F R2 U' D B R' U2 L2 U2 L2 B2 [15+5] (20f) 0.43
B U' D' F R2 D' B2 L2 U R D L2 U' R U' B2 R2 F2 L2 [15+4] (19f) 0.32
U' B' U F2 R F2 L' B2 U' R2 U2 D' F D' R2 U2 D2 F2 D2 F2 [14+6] (20f) 0.02
U2 B2 D R2 F2 B R' F B2 R' U D R2 D2 L2 F B U2 F B [12+8] (20f) 0.04
L' D2 F2 R B' U2 L U B2 L' D' B' L2 D2 B2 R2 U2 D2 [12+6] (18f) 0.04
U2 B2 D' F' D' R' D R' F2 D R' D' R F2 L2 F2 L2 U2 R2 F2 [13+7] (20f) 0.04
R' F2 R U2 F B' U2 F B' L F' L2 D R B2 L2 [14+2] (16f) 0.04
R2 B2 U2 F2 D' L B U D B D R B2 D' L R2 F2 L2 U2 L2 [15+5] (20f) 1.09
D2 L2 U2 L U2 F2 L B' L U' F2 D' R' B D2 R2 B2 D2 B2 L2 [14+6] (20f) 0.03
R F' L2 U2 B R' D2 F D L D L2 U' B R B2 R2 U2 [15+3] (18f) 0.23
F2 R B' D2 L2 B D R L' D' R' D F' U2 F' B' L2 F B D2 [13+7] (20f) 0.03
L2 U B2 L' F U R' D R' U L B2 U' R F D2 R2 B2 U2 F2 [15+5] (20f) 0.04
R B L' F U' F2 D' B D L B' L F' U2 R2 F2 U2 D2 L2 U2 [13+7] (20f) 0.02
D2 F' R B U L2 B' U F' D2 L2 B' D B R2 D2 L2 F2 B2 U2 [14+6] (20f) 0.03
U L2 F2 U' F2 R2 D' F' L U2 L F' U B2 D2 F2 R2 F2 L2 [13+6] (19f) 0.01
R' F' B D' F' U L D L2 U2 D F' L R' L' F2 U2 R L' F2 [13+7] (20f) 0.01
U R F R' B2 L B L B' U2 D2 L U' F B2 D2 F2 D2 R2 F2 [14+6] (20f) 0.01
B D' R B2 D F U' B2 L B D' F' U2 L2 D2 R L2 B2 L2 [16+3] (19f) 2.91
L' B' D L B L' B U2 F' L2 F' L B D F L' D2 R2 D2 R2 [16+4] (20f) 7.23
U F B2 L' D F2 B' R' B' U' F2 U' L2 F R2 L2 U2 F2 L2 U2 [14+6] (20f) 0.04
U F' B2 U' B2 L' U R U F2 D' R B2 L D2 L2 F2 L2 [14+4] (18f) 0.05
D' F U' L2 F R F U2 F B' D B2 R D' F' B' L2 F B' L2 [14+6] (20f) 0.03
R' D R2 L B2 D2 R' D R2 L F2 L2 D B F2 R2 U2 R2 D2 L2 [14+6] (20f) 0.04
R2 B D' B2 R L U2 D L2 B' U L' F' D U2 D2 L2 U2 F2 D2 [14+6] (20f) 0.05
L2 B' R B2 U2 L' B R U' L' F' R U F2 U D' F2 U D [13+6] (19f) 0.02
U' L2 F' L D2 B2 L2 B' U' F' L D' R2 B D U2 B2 D2 F2 D2 [15+5] (20f) 0.21
R2 B' U2 L' D' R F2 R' D' L' B' L' U' D2 R B2 D2 L2 U2 L2 [15+5] (20f) 0.72
R' L U R B D F' U2 R' D F' U' D2 R' U' B' L2 U2 F2 B2 [16+4] (20f) 0.70
D2 L' U L2 D' B2 D2 B U2 R' F D2 F R U2 B2 L2 B2 U2 L2 [14+6] (20f) 0.02
D F' U R' D F' L' U F' R U2 L' U B D2 R2 B2 D2 [14+4] (18f) 0.06
D2 F R U2 D2 F' L' B' U2 D' L' B2 U' F2 R2 U2 R2 D2 F2 D2 [13+7] (20f) 0.02
R' L F2 L2 B' D2 R F2 B' D' B2 U L D2 B U2 R2 U2 R2 U2 [15+5] (20f) 0.05
F L2 F2 L' U R D2 F2 U B L' U F2 D L2 U' R2 U2 D2 F2 [16+4] (20f) 1.99
B2 U2 B R' B' D F2 B R U2 D' L2 B' D' R2 F2 D2 F2 U2 B2 [14+6] (20f) 0.05
U' R' D B U' R2 L' D2 B U F B2 U B L U2 R2 F2 U2 L2 [15+5] (20f) 0.11
U' R' B L' U' R' B' D' R2 D2 R L U' L' R2 U2 D2 F2 L2 B2 [14+6] (20f) 0.01
B' R U F' D2 R2 B' D' F' R U' F2 U B' L2 B2 U2 B2 U2 R2 [14+6] (20f) 0.09
L U2 D2 B' D' R' F2 D R' U2 B2 L U2 B2 L2 B2 D2 R2 U2 R2 [12+8] (20f) 0.09
D2 R2 F' U' L' B' U2 D' F' U2 L U' L F2 R F2 D2 B2 L2 B2 [15+5] (20f) 0.11
L U' R B' L' D2 F D2 R2 D2 L' D L F' R2 B2 R2 F2 D2 L2 [14+6] (20f) 0.05
R' B' R2 B' R U2 L' D' R' L' U R2 U' L2 B' L2 D2 F2 U2 F2 [15+5] (20f) 0.24
F' U R F2 R F D L U' F' L2 F' R F' R L2 F2 R2 [15+3] (18f) 0.74
U2 R2 B U B' L' D' R F2 B R B D' R L2 U2 F2 R2 L2 D2 [14+6] (20f) 0.06
U2 D2 R D' R B2 R D' R' B L D F B' R' B2 R2 U2 F2 U2 [15+5] (20f) 0.67
U' F' U L' U2 B2 U D2 R F' D' L' B' R B' U2 D2 L2 F2 B2 [15+5] (20f) 0.27
D2 L' D' F2 D' B2 L U B U2 R2 L' B2 D L U2 R2 F2 R2 F2 [15+5] (20f) 0.28
R' L D B2 U D R2 U R2 L' U D2 B' U L2 F2 D2 L2 U2 L2 [14+6] (20f) 0.02
F' U L2 D' F' B D R' F R' B' R D U2 F2 L2 F2 R2 D2 L2 [13+7] (20f) 0.02
R2 F B' U2 L' U' R' D2 F2 D B' R L U F2 R2 L2 F2 R2 D2 [14+6] (20f) 0.05
D2 L F' U D2 B2 D R2 L F U R' F' L' U D2 F2 U2 B2 [15+4] (19f) 0.18
U2 F2 U2 F2 U2 R2 F' U2 R B' D2 F' R2 U' D2 F' B' D2 F' B [14+6] (20f) 0.05
F R' L' D2 B D' R L2 U B2 R B' R2 L' D' U2 F2 R2 F2 L2 [15+5] (20f) 0.15
B R2 D2 F' D B2 R' U2 F B2 L B' D B2 U2 R L2 D2 R2 L2 [16+4] (20f) 0.99
F2 D' F2 B2 L2 D B D' B R D' B' R D F U2 F2 B2 R2 D2 [15+5] (20f) 0.64
D2 R F D F D R F' R2 L F' L' B R' D' L2 F2 U2 F2 B2 [15+5] (20f) 0.07
F' R2 D' F U R' F R' U2 D2 F' L D2 L' D' F2 L2 D2 F2 D2 [15+5] (20f) 0.64
L' U B' L2 F' L2 F D' L' F2 L' F U L D' U2 F2 L2 U2 B2 [15+5] (20f) 0.33
F' R' F2 B2 U' R U2 F L' F D2 L2 D2 B' U' R2 L2 F2 [15+3] (18f) 0.63
U R' F2 L' D' R2 D F L' F D F2 L2 F2 R U B2 L2 D2 L2 [16+4] (20f) 1.52
U L2 U2 B2 U L2 F' U' F' D B' L' B R' U' B' F2 R2 D2 R2 [16+4] (20f) 2.25
R2 B2 R2 L2 F L' D F' L2 F2 R' B D F2 R2 U2 F2 L2 D2 [13+6] (19f) 0.02
D2 L' D2 L F2 U L' F D2 R D2 F2 D2 F' R2 F2 B2 D2 R2 [14+5] (19f) 0.02
B2 D R B2 D L' B U' R L2 B U D' R2 U' R L' B2 R' L [15+5] (20f) 0.46
B2 U2 R U' R F B2 U2 B2 U' B' L' B' R L2 U2 R2 U2 D2 R2 [14+6] (20f) 0.05
F R U2 R F' R2 F' D2 B D' F L2 F' R' F2 U2 D2 F2 D2 R2 [14+6] (20f) 0.02
L2 U' R' B2 U' B2 D2 R2 D R2 F U' D2 B U2 R2 D2 F2 L2 D2 [14+6] (20f) 0.03
L2 U2 L2 B' R' D' R' U F' L U D F L2 U' R2 U2 L2 U2 B2 [15+5] (20f) 0.06
R' F L2 D' F' U' B' R D2 L F' L B' U' F2 D2 B2 L2 U2 R2 [14+6] (20f) 0.02
F2 R2 U' R' F' U' R' F' U' D B D' L' F' U2 R2 U2 B2 R2 L2 [14+6] (20f) 0.04
R2 B R2 U' B2 U' R U' F2 B' L F2 B2 D R2 L2 B2 R2 U2 F2 [14+6] (20f) 0.05
R B R U D L' U' L U R' B' L D R2 F D2 R2 L2 F2 [15+4] (19f) 0.23
U R U' R' F' L2 B D2 R' F U F' U F2 D2 R L B2 R L [13+7] (20f) 0.03
F U' B' U L B2 U2 L' U F L U2 D' L U' D' B2 U D R2 [14+6] (20f) 0.03
U R' B U B2 D' L' B D2 R' F' R2 U2 B R2 L2 F2 D2 B2 [14+5] (19f) 0.03
U' F' U F2 L2 U2 L D R' B' R2 D R F D U2 F2 R2 L2 D2 [15+5] (20f) 0.27
R L2 U2 D2 F2 B U L B D2 R2 U' R' B' R' L2 F2 B2 D2 B2 [15+5] (20f) 0.10
B L' U' F' U F2 U2 B U' F' R2 F2 R F D' R' U2 L2 D2 F2 [16+4] (20f) 1.75
U' L' B2 D' R F' B' L' F U F B U F L U R2 B2 U2 L2 [16+4] (20f) 2.98
F L2 F2 R' B2 R F U F D' R L B U' L2 F R2 D2 L2 [16+3] (19f) 1.62
B' D2 F U' R2 U D B D' R2 L2 F2 R F' U2 R2 D2 F2 R2 B2 [14+6] (20f) 0.10
B2 L2 F L2 B2 D2 R2 U L' U2 D' L F R' F' D2 R2 F2 U2 [15+4] (19f) 0.55
L' U2 D2 L2 F2 R' F R F L' F' B U R' U2 R2 D2 F2 L2 F2 [14+6] (20f) 0.04
D2 B' L B2 L' F D2 F' U' L2 B U D' R' F B' U2 D2 F' B' [14+6] (20f) 0.03
L2 F' B2 L' B L U' R L2 F2 U' F' R U2 L2 D2 F2 B2 R2 B2 [13+7] (20f) 0.02
U' R2 F2 L F' R U2 F' B2 D' B' R' U B L F2 U2 B2 [15+3] (18f) 0.09
F2 U B L2 U2 F B2 R D L D' F' R F' L2 D2 L2 U2 D2 [14+5] (19f) 0.07
R' F' B2 U B2 U' B' U' F2 R2 D' B' L' U' B2 R2 U2 B2 D2 R2 [14+6] (20f) 0.04
D R2 D2 B R L' F U' L2 D' L F' B2 R' U2 B2 D2 F2 U2 [14+5] (19f) 0.04
B R' U D R B U D2 B2 R F' D' R2 D2 F B R2 L2 F2 D2 [16+4] (20f) 1.71
F2 U' L F2 D' L B U L2 U' R' L D' F' R2 U2 D2 [14+3] (17f) 0.05
F2 U R' F' D R' U2 B' U2 B D R U2 F' L' R2 D2 B2 R2 U2 [15+5] (20f) 0.54
D2 F2 L U2 R' D' L B2 R B D2 F' U2 B L2 D2 L2 U2 D2 F2 [14+6] (20f) 0.03
F2 B2 D' B D F' R' B2 L D' F R L2 U' L2 F2 R2 D2 F2 U2 [14+6] (20f) 0.06
L' D2 L B2 R D' R2 F' R D L' F R2 B R D2 L2 D2 R2 F2 [15+5] (20f) 0.30
D2 F' R U' F2 U D L' F' B U B2 L' U' L2 U' L2 U2 B2 R2 [16+4] (20f) 2.69
R' U' L U' R' U' L U' F L' U2 L' B D' F2 U2 L2 U2 B2 R2 [14+6] (20f) 0.03
D2 B R' L B' D B U D2 R' L U F2 D L2 B' L2 D2 L2 U2 [16+4] (20f) 3.03
D2 B2 U F D F' R' F2 D2 L F U' R2 B R2 U2 D2 R2 F2 D2 [14+6] (20f) 0.02
U2 R B2 U F' U' F2 D' L B D R' L2 U' L2 F2 R2 D2 L2 [14+5] (19f) 0.04
R F2 L U' B' L U2 D F' U2 D R' D' L' D' F2 R2 L2 D2 F2 [15+5] (20f) 0.18
R L2 U2 B R' L' U2 D F' L' B' L' D' B D2 B2 D2 L2 F2 B2 [14+6] (20f) 0.02
R U' R' L' B2 U B' R' U' L D' F U' L2 D2 L2 B2 D2 F2 U2 [13+7] (20f) 0.02
U L D R' F' L2 F' D' R2 U F2 U F' D' R2 L2 D2 R2 D2 F2 [14+6] (20f) 0.01
D' R L' F' L' B2 D2 R F' L2 U L' U R' F' U2 F2 B2 R2 [15+4] (19f) 0.29
R U2 L' U' L' D R' D F R B' U2 B' L B U2 L2 B2 D2 L2 [15+5] (20f) 0.15
U L F2 R2 D' B U2 F' D L' U' F' R U R2 F2 D2 F2 [14+4] (18f) 0.02
R D2 L2 F' R' U2 D B' R D2 L' F U' B D' R' U2 R2 L2 D2 [16+4] (20f) 2.46
L2 U2 L' D2 L U B' D F2 R' L B L U D' L2 B2 U' D F2 [13+7] (20f) 0.03
R2 B' L2 D' B2 D2 B' U F2 D F' R B2 R B2 R2 U2 R2 L2 F2 [14+6] (20f) 0.06
R' D' R2 D B' L D B R2 B2 R' F B R2 L D' L2 B2 D2 R2 [16+4] (20f) 2.90
D2 F2 U' R' F B D' L U' D2 L B2 R' U2 L' B R2 F2 B2 [16+3] (19f) 2.26
U2 F' B2 D' F' U2 D2 F' D' R' U2 D2 L U2 B2 D2 B2 L2 F2 B2 [13+7] (20f) 0.05
U2 F' B U2 F' R D F' B L F2 L2 U L' F' B' U2 F B L2 [14+6] (20f) 0.06
B2 R' F' R' B' R F D L F' B' D2 R B D R2 U2 B2 L2 U2 [15+5] (20f) 0.42
D2 L2 B' R2 D2 L' U F' D' F' R F2 R2 F U R2 U2 L2 B2 [15+4] (19f) 0.10
U L' D' L' U2 F' L' B2 R' F2 U' D F' U D2 R2 L2 F2 D2 B2 [14+6] (20f) 0.02
B' D' R L2 B' D' F2 U2 R' D' F' R' U2 R' U2 F2 U2 F2 R2 D2 [14+6] (20f) 0.07
U R2 D2 B2 R' F' R D' B' D' F2 B' D L' U' D' B2 U' D B2 [14+6] (20f) 0.02
R' D2 F' U F' B U2 D L2 U' D L2 F' L B2 U2 B2 U2 [14+4] (18f) 0.03
L2 U' F2 D2 L2 D' B U' B' R F U' R' L F R2 U2 D2 B2 D2 [15+5] (20f) 0.11
D B' L2 F U F L' F U' D2 L B' D2 F' R2 F2 R2 F2 R2 U2 [14+6] (20f) 0.06
R D' B2 L' F B' R B' R U2 D R2 B' F2 D2 R2 D2 R2 F2 R2 [13+7] (20f) 0.03
B R L U' R' L2 U' D2 L2 U' L2 F R U' L U2 L2 U2 B2 R2 [15+5] (20f) 0.10
R F B U2 R D' R2 U' F2 D' R B2 R F U' F B' D2 F' B' [15+5] (20f) 0.19
U2 R2 D2 F' U D F R F2 U2 R F2 B D B' R L U2 R' L [15+5] (20f) 0.38
B U' F' D2 L2 F' R L' B2 D2 B' R D L2 D' F2 U2 D2 L2 U2 [15+5] (20f) 0.22
U' R2 F' U F2 L B' R2 U2 D L' F U R F R' L2 F2 R2 L2 [16+4] (20f) 1.34
L D2 B L2 U2 B' R B' R' U' F U2 R D2 L2 F2 L2 F2 U2 B2 [13+7] (20f) 0.03
U' B' U F' B' L' F' U2 R' B2 D F D2 B' F2 U D L2 U' D' [14+6] (20f) 0.03
L' D2 B D2 B R' B R2 F2 B' L' F' R' U' B L2 U2 R2 F2 [15+4] (19f) 0.29
D F U L2 U2 D' F2 U' L F' U L U' F R L F2 R L' B2 [14+6] (20f) 0.04
L2 F B U' L' B' L D2 R' B' U' F L D' L2 U2 D2 B2 U2 R2 [14+6] (20f) 0.03
F L2 U B' D2 R L2 F' R F U D2 L U' L2 U2 L2 U2 B2 [14+5] (19f) 0.04
R2 B U F L D R2 B U2 L' B' D R2 D2 B2 D2 R2 F2 R2 F2 [12+8] (20f) 0.03
R D' R' U D2 L' B L U2 F B2 R' F2 L R2 U2 F2 R2 L2 U2 [14+6] (20f) 0.03
B' R' D R2 L F2 D2 F L2 D' F' U B' R U2 F2 U2 F2 [14+4] (18f) 0.07
L U2 F R' F B' U2 R' U' L B' R' D2 B D' R2 F2 L2 [15+3] (18f) 0.37
U B2 D2 R' U2 F' B2 U B' R B2 U L D B L' D2 B2 U2 D2 [16+4] (20f) 4.47
L2 B2 R F' D F' R2 D' B L' D' F' U' L D2 R2 F2 R2 F2 R2 [14+6] (20f) 0.03
F D L F' L2 B2 U L2 F D F U' D B2 L F2 L2 D2 R2 L2 [15+5] (20f) 0.35
L F D' R2 D B' R2 U' F B2 R F R L' B2 D2 R2 F2 R2 F2 [14+6] (20f) 0.04
L' D2 R F' B' D' F' R' F U F2 U F L' B' D2 L2 B2 R2 B2 [15+5] (20f) 0.39
U L2 U2 D' L' F2 D' F' R' B L' U' D B2 R U2 R2 D2 F2 R2 [15+5] (20f) 0.09
R B U' R' B' U F L' D' R B U' D F' U2 F2 U2 R2 U2 R2 [14+6] (20f) 0.04
B R2 U R' U' L2 U L2 F' R' D B2 R D B' U' F2 U2 F2 B2 [16+4] (20f) 0.89
U B' U2 F L D2 L B2 U' B' D' F' U D2 R' B2 L2 [15+2] (17f) 0.33
L F' R B R' D2 L2 D' R2 U' L U' R' F2 U2 R2 F2 B2 D2 F2 [13+7] (20f) 0.03
B D F' L U' D2 B L2 D F2 R2 L' U' L' F B2 R2 U2 R2 L2 [15+5] (20f) 0.23
D F U' L B2 R' U2 D' F' D R2 L' B U F R2 F2 B2 R2 F2 [15+5] (20f) 0.54
R2 L2 F' B2 L F' D L' B2 U' F' L' D' L2 F U2 R2 B2 L2 B2 [15+5] (20f) 0.34
F2 R2 U' D2 R' U' L U2 F' L2 D' R L R2 U' D' B2 U' D' B2 [13+7] (20f) 0.03
F' B U R' D' B2 R' L2 B' U F' U2 R F2 R2 D2 R2 B2 D2 [13+6] (19f) 0.02
R' F2 D F' U2 F' R F R' F' U2 L2 F U' D' R2 B2 U2 B2 U2 [15+5] (20f) 0.39
B L2 B R D' L' B' U R L2 D' L2 U R F R2 U2 B2 U2 R2 [15+5] (20f) 0.17
L F' R2 D2 F2 L2 F' U' L2 D F' U2 B2 U L U2 R2 D2 F2 [15+4] (19f) 0.87
L' F D' L U B R2 F D2 L F B2 D' F U' B2 R2 B2 D2 B2 [15+5] (20f) 0.46
U D2 R2 F' U' D2 L U2 L D R2 D F' L B F2 L2 F2 D2 B2 [15+5] (20f) 0.25
R F D' R F D2 R' B' R L' B U2 D' R' L2 F' B L2 F' B' [14+6] (20f) 0.04
B D2 L' U2 L2 U2 F2 D2 L' F' B' D' F2 L' D2 L2 U2 D2 B2 [14+5] (19f) 0.05
R' F' D' R2 U' F' L F2 U' R U' F' D L' F' B' U2 F B' D2 [14+6] (20f) 0.03
L2 F2 U R2 F L B R F2 D R2 U2 R' B' D2 R2 F2 L2 F2 [14+5] (19f) 0.05
D R F' B2 R2 B' U2 R2 U L' B' R' F R' D B2 L2 D2 L2 [15+4] (19f) 0.39
F2 R2 L F' D R B2 D' L2 D' R B2 U L R L F2 R L D2 [14+6] (20f) 0.04
R U2 B2 L U B2 L' D2 B L' D2 F B' U D2 F2 L2 U2 D2 [14+5] (19f) 0.02
U2 R2 F2 B2 L F' D L' B' R' U L F R2 B' R2 F2 D2 B2 R2 [15+5] (20f) 0.43
D R2 L' F L2 F2 D2 L F L' D' B2 D' B' D R2 U2 L2 D2 R2 [15+5] (20f) 0.40
U D2 R' B2 R U2 D' R2 B' R' L' B2 D' R F' B2 R2 U2 F2 L2 [15+5] (20f) 0.28
B2 R2 U D R' U' F D2 R B U' D2 L F B R2 U2 F B R2 [13+7] (20f) 0.03
L2 B L2 U B' D R L' U' L2 B R2 L' U2 L' D2 F2 D2 L2 F2 [15+5] (20f) 0.19
D2 L' U D L U2 F' D F D2 B' R' L F R D L2 U2 F2 L2 [16+4] (20f) 2.49
R D2 F2 B R B' L U F2 B2 R' F' L2 B L2 B2 R2 F2 D2 [14+5] (19f) 0.03
B L' D R2 B U2 B2 R2 L' D L B U' F R F2 D2 R2 F2 U2 [15+5] (20f) 0.19
B L U' B' R2 L U2 R' U' L2 F U D L U F2 U2 F2 L2 U2 [15+5] (20f) 0.16
F L F D' F L B2 R B' U B2 R U D' L2 U2 R2 D2 F2 L2 [14+6] (20f) 0.02
D' L2 U' R D' F L' U' R' F D2 B2 R' F' U2 F2 U2 B2 L2 B2 [14+6] (20f) 0.04
B U L B U B' D B U' B' U B F2 L2 D2 R2 L2 F2 D2 F2 [12+8] (20f) 0.15
L2 U2 F2 L D2 L' U' B R2 U2 R F2 D B' R2 D' R2 U2 D2 L2 [16+4] (20f) 1.01
F D2 F D2 R2 D' B2 R F U2 F' B2 R2 B D2 L2 D2 L2 B2 L2 [14+6] (20f) 0.04
L2 D R U L F B2 L U B2 R F' L F' D R2 F2 U2 L2 [15+4] (19f) 0.11
F U' L F' B' R' F' D L B2 D' F2 L' B2 R2 U L2 U2 D2 B2 [16+4] (20f) 4.12
B U' R2 L2 B R2 U2 L U2 B' U' B D' R' F U2 F2 B2 [15+3] (18f) 0.21
D' B2 L2 B L B L' D' L' B D R F B2 U2 B2 D2 R2 F2 [13+6] (19f) 0.02
B' D' B2 U2 R2 F' U B' D R D L' B' U2 F B2 D2 L2 B2 [15+4] (19f) 0.82
R' D2 B2 R U L B2 U' B' D R U B2 R B R2 U2 R2 L2 D2 [15+5] (20f) 0.22
L2 F' U' R L2 F R' F' L F2 D' F L2 B L2 B2 L2 D2 B2 [14+5] (19f) 0.03
R2 D F' R D' R F D' R' D' B D' F' R2 U' D L2 U' D L2 [13+7] (20f) 0.01
U2 R' U' B' U' F' D2 F2 D R U' F U2 F B2 D2 R2 D2 L2 [14+5] (19f) 0.04
F U2 R' B' D2 B R2 D' R2 U F D' B2 D R L' F2 U2 R L' [14+6] (20f) 0.04
R' U' B' R' F R' U F2 R' D2 B2 L' U L U' R2 D2 F2 R2 D2 [15+5] (20f) 0.21
U' R2 L2 D' B' R2 D R D' L2 U2 L U2 B' R' U2 F2 U2 [15+3] (18f) 0.09
R' D L' D' R B2 R2 D' L' B L2 U R' U' D2 B L2 F2 R2 F2 [16+4] (20f) 1.98
U R U B L2 D' B R2 F' U D F2 B U B' R2 L2 B2 R2 F2 [15+5] (20f) 0.08
R' U B U' L2 D B D' B D R' L' D' L' F2 B2 U2 L2 B2 R2 [14+6] (20f) 0.02
B' R F' B R2 U L2 B L U' F2 U R B F2 D2 F2 R2 D2 L2 [14+6] (20f) 0.05
D R2 B2 R2 F U2 L B' D L2 B R' B' F2 D2 F2 R2 U2 D2 F2 [13+7] (20f) 0.04
D B2 D B' L B2 R2 F R D' F' U L U R2 L2 F2 L2 F2 B2 [14+6] (20f) 0.05
L2 D' F' U2 D L2 B2 R' B' D F2 B D U' D L2 U D L2 [13+6] (19f) 0.02
U' F2 U2 R D F2 D2 F' B2 U L2 U' F2 U R' D2 B2 D2 L2 [15+4] (19f) 0.38
R U' D' F' B D' B U2 R' F2 D' L2 D2 R U' R2 D2 B2 R2 B2 [15+5] (20f) 0.19
R U' D L' U F U2 B U' D' L' U' D' B R' B2 D2 R2 B2 D2 [15+5] (20f) 0.14
R U2 D2 R' F2 U D R' B2 U2 F2 R F' L' U2 F' B' L2 F B' [14+6] (20f) 0.04
F D2 R2 L B' R' B' L2 U' L' U' F' L D B R2 U2 B2 R2 D2 [15+5] (20f) 0.37
U R2 F' L B D' F2 B' L B R' B D2 F R' U2 F2 L2 U2 D2 [15+5] (20f) 0.15
U' R' L' D' B U2 B' L' U L U R' B' L2 B D2 L2 B2 D2 F2 [15+5] (20f) 0.13
F2 B U L' B2 L2 F' B2 U' F' R2 F L' F' B' U2 R2 L2 F' B' [13+7] (20f) 0.03
F L' U2 R2 U F' U2 R2 B' L2 F2 B' R U' L' B2 D2 L2 [15+3] (18f) 0.20
D2 L' U2 B L' U2 B D' F U D L D F2 U' B2 L2 F2 L2 D2 [15+5] (20f) 0.13
F' U2 L B' D B2 L B R' D2 F R2 D' F2 U' R2 U2 D2 R2 F2 [15+5] (20f) 0.72
B L2 B U F R' D R' B' L' U2 R' L2 U B R L' U2 R L' [15+5] (20f) 0.15
R L B R U F2 U F' L2 B2 U' D' R' L2 B' R' U2 R2 U2 R2 [16+4] (20f) 0.69
L2 D R D' F L2 U2 L2 U' L F2 L B L2 B' D' U2 L2 F2 B2 [16+4] (20f) 1.30
L U' R U L2 U D B U F2 R2 D2 L' B U L2 U2 L2 U2 D2 [15+5] (20f) 0.62
D' B2 D L' U F' R U B' U2 R' U L U' D2 F2 R2 U2 D2 R2 [14+6] (20f) 0.06
R' D R B' R' B' U2 D' B R2 D' L2 D R' B R L U2 R L' [15+5] (20f) 0.14
R' B R' D2 R U D2 B D2 R' F D' R L2 U D L2 B2 U D [13+7] (20f) 0.02
U' R2 F D2 R F U2 B L2 B2 L' U' B L' U' D2 L2 U2 F2 R2 [15+5] (20f) 0.08
F U R2 U' B' R F L D2 R D2 B' L2 U F' B2 L2 F2 U2 [15+4] (19f) 0.19
B R2 L' F B' U F D R2 F' L2 F R' U2 R' B' F2 L2 F2 U2 [16+4] (20f) 0.98
D2 F' B' L' U2 D' R' B L2 B' U' L B2 R F2 U2 F2 U2 L2 D2 [14+6] (20f) 0.03
R' D' R2 F2 B2 L' U' R2 D L' F' D B' L R2 U2 B2 R2 F2 R2 [14+6] (20f) 0.04
U2 D' F' B2 L' B' D' F B U' R F2 R' B L2 D2 F2 B2 L2 B2 [14+6] (20f) 0.04
L' B' D2 R2 F R U' F R U L' D B' D2 F2 R2 L2 U2 R2 F2 [13+7] (20f) 0.02
F' R2 L U D F' U R L B' R U L U' B2 R2 L2 U2 R2 U2 [14+6] (20f) 0.05
F R2 F2 U' B R U B' R2 F2 B U2 L2 D B U F2 L2 U2 D2 [16+4] (20f) 1.61
R B2 U2 F2 B2 U L F2 B D' B U' R F2 D2 B2 D2 F2 L2 U2 [13+7] (20f) 0.03
U R' F' R2 D' R' L2 D B' L F' R F' L2 U R2 U2 L2 B2 R2 [15+5] (20f) 0.12
R2 L' B U F U' B R2 U' L' F2 B U' L2 D F2 D2 F2 R2 D2 [15+5] (20f) 0.36
D' L2 U2 B2 R' B' L' U2 F' B2 U2 F2 U' R F2 R2 U2 D2 R2 F2 [14+6] (20f) 0.05
D2 L U' R2 F B2 R U B' R2 L' D2 L' B R L2 D2 F2 U2 [15+4] (19f) 0.15
U R' F2 U2 R2 F' L2 B L U2 R2 D' R U' D2 L2 B2 U2 B2 U2 [14+6] (20f) 0.03
L2 F2 L D2 F' L2 B L' B L2 D R' B2 U F B D2 L2 F' B [14+6] (20f) 0.04
F' U R F2 B D' F R B D' B2 U' R2 F B' U2 F2 U2 R2 U2 [15+5] (20f) 0.92
D B2 L D R' B D' L F' R' D2 B' R' U' D' F2 R2 U D' [13+6] (19f) 0.03
L2 U L' F2 L2 F L U B' R2 D R2 U' R2 B2 R2 L2 D2 L2 B2 [13+7] (20f) 0.01
U F D' R2 U R D2 R2 L2 U' F' U2 D R2 F R' D2 R2 F2 [16+3] (19f) 3.39
B U2 R' F' R L' B2 L2 B' R2 U R' D F' R2 U' D' L2 U' D [14+6] (20f) 0.04
D R F' B' R' B2 R' U' L D2 F' L U F2 B U2 R2 F B [14+6] (19f) 0.04
R L U D' R U B2 D2 R D R2 B L2 F2 R2 U2 F2 U2 B2 D2 [12+8] (20f) 0.06
U' R' L' D' L U F R2 F' U L' F2 L R2 F2 L2 D2 R2 U2 B2 [13+7] (20f) 0.01
U L F2 B L2 B2 U L' D2 R F B' U' D' L2 U2 F2 L2 F2 R2 [14+6] (20f) 0.03
U' D L2 D' R' L F' U' R U' D B2 U' F L U2 B2 L2 F2 R2 [15+5] (20f) 0.14
B U' F D2 R2 B2 U B' R2 F' U F D' R U2 B2 L2 F2 L2 U2 [14+6] (20f) 0.05
D' B2 R D' L D2 L2 F D F2 U2 F D2 B U D' L2 U D' [14+5] (19f) 0.09
F2 L U F2 B' R U B2 L2 F' U2 R2 U B2 L' B2 D2 F2 [15+3] (18f) 0.31
F R U2 L' B' U' D' L F' L F' L' B' L U2 B2 R2 F2 U2 L2 [14+6] (20f) 0.02
D2 F2 D B U' L2 D' F' R' L' U B' L2 B U L' U2 L2 U2 [16+3] (19f) 2.32
R D2 F U2 F2 U2 L' U' B U2 L' U R2 B L R2 U2 B2 L2 U2 [15+5] (20f) 0.24
R D2 R' L' U2 R' U R' B R' D F2 B' L U F' B2 L2 B2 D2 [16+4] (20f) 2.63
U' R' B' L' F R2 D R' D R2 U' B' D B' U2 R2 B2 U2 L2 U2 [14+6] (20f) 0.04
L D' F' L2 B' D2 B2 D B' D2 R' U2 R2 U' R2 B2 U2 R2 [14+4] (18f) 0.08
U R' U2 L2 U' D R' B2 R' B' L B' U L2 U2 F2 B2 R2 U2 B2 [13+7] (20f) 0.03
U2 L' D' R' L' D' F R' F' R2 B' U2 R' F U2 R2 U2 B2 R2 U2 [14+6] (20f) 0.06
F' U B2 R D2 R B2 R2 U' R2 F D L U2 F2 U2 L2 F2 L2 [13+6] (19f) 0.03
L U2 B' D2 L' B' D' L2 U2 B' L U L U' F2 B2 L2 D2 B2 [14+5] (19f) 0.04
F' L B L' U L' D F2 R' F' B2 D' B D B' F2 U2 F2 D2 L2 [15+5] (20f) 0.50
R L' B D' L2 D L2 U R' L B' L D' R' B L' B2 R2 B2 U2 [16+4] (20f) 1.19
L F' B R F2 B L B2 D' B R2 L2 U B U2 R2 D2 F2 B2 L2 [14+6] (20f) 0.07
L2 U B2 U' R L' D2 R L B U F' R' B2 L U' R2 B2 D2 R2 [16+4] (20f) 1.05
F2 D2 L' D R' F U D2 F2 L B' R L' B F2 U2 R2 U2 D2 [14+5] (19f) 0.06
L B U2 B R L D' B D R U' R U D' R' D2 L2 F2 B2 [15+4] (19f) 0.60
U' L2 F2 U2 L2 U2 B' L' F2 U' R D' F2 D2 R F2 L2 U2 D2 [15+4] (19f) 0.20
F B' D B2 U R' F U' L F' L2 B D' B' R2 B2 L2 U2 R2 U2 [14+6] (20f) 0.03
U' F' U2 F2 U' F' L' B L' D2 L B U2 B R2 D R2 F2 U2 R2 [16+4] (20f) 3.79
F R B L' D F' B' U' L' U2 R2 U R' B F2 U2 R2 B2 D2 R2 [14+6] (20f) 0.03
R' L2 U B2 L2 F2 U2 B D' F U2 R U B' R F2 D2 R2 L2 F2 [15+5] (20f) 0.06
R U2 F2 D R' L' D L2 F' R B D F2 L D' R' D2 F2 R2 B2 [16+4] (20f) 2.29
F' B' D' B U2 L U2 R2 F U2 F2 L D U2 L2 U2 D2 F2 U2 D2 [13+7] (20f) 0.03
R2 U2 D2 L' B D2 L U' B' U2 B2 D R2 U' F2 D2 L2 B2 U2 B2 [14+6] (20f) 0.06
B L2 B' U L2 D L B' D F U' L D2 F U L D2 L2 U2 F2 [16+4] (20f) 2.13
L' U B L2 U2 F U B2 L D L2 U2 B U R U F2 R2 D2 [16+3] (19f) 2.84
D' F2 L2 B D2 B D L' U2 B' D2 R' U' F' R2 U2 B2 D2 F2 R2 [14+6] (20f) 0.05
F2 R2 L2 B2 R2 U' R D' B U2 R F U D2 R B2 D2 B2 D2 L2 [15+5] (20f) 0.32
L F' B R2 L F2 D B2 L D' R2 D' B2 L F B2 D2 R2 D2 [15+4] (19f) 0.45
B L2 U F2 D R2 F' L' F2 U' B2 L' B U' F2 L2 D2 F2 R2 D2 [14+6] (20f) 0.04
B U B R' F2 U2 F L' D2 L2 B2 R B2 U D2 F2 R2 D2 R2 [14+5] (19f) 0.04
U2 F' U R L2 F' D R B L2 B' D' B' F2 L2 F2 L2 U2 R2 U2 [13+7] (20f) 0.02
F2 U2 F R' U L2 B' U F R F' L2 B' D U2 D2 F2 B2 R2 U2 [14+6] (20f) 0.04
R' B' U F U2 L' D F' U F R2 D B2 D' U2 R2 D2 L2 B2 L2 [14+6] (20f) 0.07
U' R2 L B R' F' L' D R L2 F D' B' R2 F R L2 U2 D2 F2 [16+4] (20f) 1.17
D' F' R2 F2 R' B' D B U2 R' U R2 U L2 D2 F2 L2 B2 L2 F2 [13+7] (20f) 0.03
L' F B2 L B' R' B2 L' U2 L2 U L F D' L B2 U2 R2 U2 D2 [15+5] (20f) 0.37
U R' U D L' B L' D' F2 B2 U' R' D' F' U F2 R2 B2 D2 L2 [15+5] (20f) 0.10
F2 L' U2 D' R F U2 L2 D' F R2 L F L' F2 R2 B2 U2 L2 D2 [14+6] (20f) 0.05
F2 L U2 D L2 U2 D2 L D L D2 B' D B2 R2 U2 B2 L2 D2 R2 [13+7] (20f) 0.04
U' R B R U F' B2 R D R L U2 L2 U R2 F' L2 F2 U2 [16+3] (19f) 0.62
D' L' F R' L' U2 B' R B2 L2 B2 U D2 B' R U2 B2 R2 F2 B2 [15+5] (20f) 0.46
D F' R' B2 R' L B2 R D' B U' F L D' R2 B2 D2 R2 [14+4] (18f) 0.05
U R' D' R2 D2 L F' L2 D B L' U' B R L R' L' F2 R L [15+5] (20f) 0.07
F' B2 D2 R B R D' B R U B D' B2 U' R2 L2 B2 L2 D2 F2 [14+6] (20f) 0.07
U' L' F2 L2 B' D' B' L F L U L2 B U D R2 U2 D2 F2 U2 [15+5] (20f) 0.22
U L F' R F' D R' U2 B' D F' U' B' D2 R2 U2 R2 F2 B2 [13+6] (19f) 0.03
L2 U2 B L' U' B' D F' D' L' F' B R' U L2 B2 R2 U2 D2 F2 [14+6] (20f) 0.03
U' F B2 L D F' D' F D2 F' R F' L2 F' D R2 D2 F2 D2 L2 [15+5] (20f) 0.30
D B' R2 B2 L D2 F' U D B2 L B R2 B F2 R2 U2 B2 R2 [14+5] (19f) 0.04
D' B D' B2 L F' L B U' B R' D' F' R U2 L2 U2 B2 L2 [14+5] (19f) 0.04
L2 U' F' R' L' B' D F2 D F2 D2 F D2 L R' L U2 R' L' U2 [14+6] (20f) 0.03
L2 U' F2 U' F' U' R2 B D L2 F' L B U R2 F B L2 F' B [14+6] (20f) 0.03
R' F2 L2 F D' F2 D2 R' U' B D F L2 F R2 U2 L2 D2 R2 [14+5] (19f) 0.04
B2 L2 B' U' L B' D L2 F2 R2 F' R' D B' R2 L2 B2 R2 F2 D2 [14+6] (20f) 0.06
D2 R2 B' R' D B D' F D' R B R F' D2 B' D2 R2 D2 R2 B2 [15+5] (20f) 0.13
F2 U' D R L' F L D2 L D2 R2 B' D R2 L2 D2 R2 F2 B2 D2 [13+7] (20f) 0.03
B R' F2 B L' D2 B' L U' F2 U' F' B L' U2 D2 B2 U2 L2 [14+5] (19f) 0.02
B' D' R2 L D' B D' L U' R2 F R' U D B2 L2 F2 R2 U2 D2 [14+6] (20f) 0.12
U L B' R' U2 R2 L' F2 R D B L' F R B' D' R2 L2 F2 R2 [16+4] (20f) 2.09
B R2 U F R' B U' R L U2 R U R U' D' L' D2 L2 B2 R2 [16+4] (20f) 0.96
R' U2 L D2 F' D2 F2 L2 B D L' F' B2 L2 B2 D2 F2 B2 R2 D2 [12+8] (20f) 0.09
D B2 L F D2 B2 U' L2 D2 L' F2 B' D2 L' D U2 L2 D2 L2 B2 [15+5] (20f) 0.78
B' L D' R' F2 B' D' B2 L F L' U R2 U F' B U2 R2 F B' [14+6] (20f) 0.08
D L' D2 F2 R2 U' R' F2 R' B' D2 F U R B' D2 F2 R2 B2 L2 [15+5] (20f) 0.52
R D' R B2 L B' R2 B2 R' D L2 F' L' B' R' L F2 U2 R L [14+6] (20f) 0.03
U' D' R2 D2 L U' F R' D' F' L2 U' R' F' U2 R2 B2 L2 U2 B2 [14+6] (20f) 0.02
R' D F D R' U' D R' L2 U' D2 F R' B2 D' B2 U2 D2 R2 B2 [15+5] (20f) 0.22
F L F' D' B2 U B D B' R2 F' D L D' R' L2 B2 R2 D2 B2 [15+5] (20f) 0.21
D' R B' U' R D' L2 D' R' D' L' D2 R2 U R F2 L2 B2 U2 L2 [15+5] (20f) 0.35
D2 R2 U' R' U' B L U2 D B R L' D B R2 D' B2 D2 R2 L2 [16+4] (20f) 0.90
F2 D' F2 L' B2 R2 F' L' F R F2 U R U D2 R2 F2 D2 R2 F2 [14+6] (20f) 0.11
U R' D2 F2 U R F B D L' F2 R U R' D L2 D2 L2 F2 [15+4] (19f) 0.16
L D' L2 U R' U2 R' F B L2 B2 R' F2 L B U2 B2 U2 R2 F2 [15+5] (20f) 0.40
L' U' F2 U2 R B L2 U2 B' L U' D2 L B2 L2 B2 U2 R2 U2 [13+6] (19f) 0.03
F2 L2 U2 B' D L2 F2 U L2 F2 R' F R2 F' U' D2 R2 F2 U2 R2 [15+5] (20f) 0.48
L' U R B2 R' B2 R' D2 R' U2 B' L2 D F2 U D R2 F2 U D' [13+7] (20f) 0.03
B' U R' B2 D L' D F B D' F2 U B D' F2 D2 R2 F2 R2 [14+5] (19f) 0.07
R U' B' D' L' D2 F2 U L2 D2 L B' R U F2 R L U2 R L' [14+6] (20f) 0.03
R' D' R2 U L B' U F2 R U2 D2 R2 B' L D' F2 U2 R2 L2 F2 [15+5] (20f) 0.17
B U D2 R2 F U' B' L2 U2 L' D' R' L' U2 L F2 B2 L2 F2 U2 [15+5] (20f) 0.18
L' U' B2 D' L' F' U2 L F L2 B L' B U2 L' F2 L2 U2 L2 B2 [15+5] (20f) 0.66
B2 L B2 D R2 D2 F U' D' F' L2 U L2 U2 B2 R2 L2 U2 D2 [12+7] (19f) 0.03
L2 B' L2 F D2 B2 D B2 L' F' B U2 D L' F2 U2 B2 U2 F2 L2 [14+6] (20f) 0.06
F2 U2 F B L' U' B D F U' F' R2 B' D2 R U2 D2 F2 U2 B2 [15+5] (20f) 0.47
B D B2 L' F2 R D2 R' U' F2 D' R' U2 D' F' R2 B2 L2 [15+3] (18f) 0.41
U R F2 R2 L B2 R' B R U F2 R' U2 R' D B2 D2 R2 B2 D2 [15+5] (20f) 0.08
R' L D' F' L2 U' F' L2 D' R' U' B2 U' L U' F R2 L2 F2 D2 [16+4] (20f) 0.54
F U2 D F2 U2 B' R' F' R U' L B D B' R' F U2 R2 F2 [16+3] (19f) 2.76
D2 F' D2 F' R F U L2 F B2 R F' B2 D' B2 R2 F2 B2 U2 B2 [14+6] (20f) 0.04
D2 R' B2 R2 L F2 D F L' F2 D' L2 F' L' D2 B' U2 F2 R2 D2 [16+4] (20f) 1.56
B R2 D' R B' R' F R2 F' B' L2 F D' R' U B2 U2 R2 B2 D2 [15+5] (20f) 0.12
F U2 R2 L2 B2 R L2 B D2 B' D L F D B2 R2 D2 B2 D2 R2 [14+6] (20f) 0.05
B2 U2 B' L2 B2 R' B U' R L2 D' B D' F' D2 F2 D2 B2 L2 [14+5] (19f) 0.09
L2 F U2 R2 D' F2 B' R B' R D2 R2 F' R' B2 U2 B2 R2 F2 U2 [14+6] (20f) 0.03
L U2 F' R B' L' U R2 B2 L2 F' U D' L' F U2 L2 D2 B2 [15+4] (19f) 0.39
U2 D2 L2 U2 F' D' F2 R B D F2 R2 B' R' L F2 B2 D2 F2 B2 [15+5] (20f) 0.53
R U2 F' U F' B2 D' R B L F2 D R' B' D2 F2 L2 B2 R2 U2 [14+6] (20f) 0.03
B L B' R2 D B2 R' U' F' U' D2 F2 R D2 R' B' F2 D2 L2 D2 [16+4] (20f) 2.13
B' R' L' B2 U D2 L' D B' U' D B' U2 B' U' R2 U2 B2 U2 R2 [15+5] (20f) 0.69
U R' D L F' L' F R' F B R2 F2 R' U F2 U2 D2 L2 B2 [14+5] (19f) 0.03
F' R F' D2 F' B2 L D2 R D' L2 F' D' B U2 L2 U2 L2 B2 D2 [14+6] (20f) 0.11
R B' R' L' D' R F B D2 F' B D' B R' U2 R2 F2 U2 F2 L2 [14+6] (20f) 0.08
L2 U2 B U L F2 B' L B U2 D2 F U B' D2 B2 D2 R2 F2 R2 [14+6] (20f) 0.07
U2 R2 L F' U' L' U R U F L U' L F U' L2 D2 L2 F2 R2 [15+5] (20f) 0.38
D2 R' U D' F2 D' B' U' D2 L D2 L2 D' R D' L2 U2 B2 L2 U2 [15+5] (20f) 0.14
D2 L2 D L U2 R' U2 F L2 U F' B R2 B' L' F2 L2 B2 U2 R2 [15+5] (20f) 0.11
F' D2 B2 L' F R U F' D L2 D2 L D L2 U2 R2 F2 L2 B2 R2 [13+7] (20f) 0.02
R' U2 L U2 R U' R2 F' R' F B' D R D2 F' U B2 U2 B2 L2 [16+4] (20f) 2.34
D2 F2 L U R2 D2 B L2 D' L F U2 D2 B L' B2 U2 F2 B2 [15+4] (19f) 0.19
R D2 B2 R' L' D2 B D2 F2 B2 D B' L2 U' B2 L2 B2 L2 [14+4] (18f) 0.03
R' F2 D F2 B2 D' B2 L2 D F B R' U R L2 D2 L2 B2 L2 B2 [14+6] (20f) 0.04
B2 R2 B' D' B2 L U2 R F B' R' D B' D2 B' F2 L2 F2 L2 U2 [15+5] (20f) 0.32
U' L' F' L D2 B U2 F L' D' L2 F2 D2 B' U2 R2 D2 [14+3] (17f) 0.03
D R2 U2 D' F' R' D2 F2 D' F R' U D' B' D B2 U2 R2 F2 D2 [15+5] (20f) 0.45
F U' R2 F' U2 F2 U' L2 U' F R' U2 B' R' B2 R2 L2 U2 L2 F2 [14+6] (20f) 0.03
R' U2 D F B' L' B' D' R' U' R2 L2 F2 U D2 F' B L2 F B' [14+6] (20f) 0.04
B D F U R' B2 L' U2 R B2 R' D R' L2 F' U2 R2 F2 L2 [15+4] (19f) 0.31
B' L D' L U' R D' L2 U' R' F R' B' F2 U D' B2 U' D' F2 [13+7] (20f) 0.05
L D2 R' B2 R' F R2 L F L' U' F D' L B2 R' L F2 R' L [14+6] (20f) 0.04
F R' B2 R2 U2 D' R' B D L' B R B' D U' D' B2 R2 U' D' [14+6] (20f) 0.04
F2 R L' B' D2 L2 U R2 L' D' R F2 R' B2 U R2 B2 L2 [15+3] (18f) 0.35
L2 U D' R D F D' B D F D B2 R' B2 D' F B L2 F' B' [15+5] (20f) 0.05
D' R D' R U2 L' D2 B R2 U R B R D B2 R2 F2 R2 [14+4] (18f) 0.04
U' R B2 D' F L' F B2 U2 D' R B' R U' L2 U D' F2 U D' [14+6] (20f) 0.06
B U2 R2 F R' F' R2 F2 D' F L' D R D2 B2 L2 U2 R2 [13+5] (18f) 0.03
D R U' R2 F' R' L F D' B2 L2 D L U F2 R2 L2 D2 R2 D2 [14+6] (20f) 0.05
U' R2 L' U2 D F R' B2 D2 R' B' L' U' R2 B' D2 F2 R2 F2 B2 [15+5] (20f) 0.08
D' R F R D2 L2 B D B R2 L' U2 D' R D2 R2 B2 L2 F2 D2 [14+6] (20f) 0.03
L2 D' R2 F2 D R2 B2 R' L F' R2 D' F' R2 U' B2 D2 F2 U2 L2 [15+5] (20f) 0.17
L2 U' D2 F2 D2 R' U2 R2 F2 R' B U L' B R2 U D' R2 U' D' [14+6] (20f) 0.03
B' R' B2 R2 L' F2 D2 R2 F' D' B' D' L' D' R2 F' B' L2 F' B' [14+6] (20f) 0.08
L D L D2 B2 U' R' D R' F2 D L' F' R2 U2 R2 U2 R2 F2 B2 [13+7] (20f) 0.03
B U' R2 F2 R F' R' U2 B2 R2 D L U' F' D R2 F2 B2 L2 U2 [15+5] (20f) 0.25
R U R U2 F' B' D2 R D' L F' D' R' B F2 U2 B2 L2 F2 B2 [14+6] (20f) 0.03
R U B2 R F2 B R2 F2 L2 D R' L' U' F2 L2 F2 U2 R2 B2 D2 [13+7] (20f) 0.02
L' U F R2 B U2 R' B' D' L' F U2 L2 D B F2 L2 D2 F2 R2 [15+5] (20f) 0.26
F' L D2 B' D2 B D L2 B' R2 F2 R' D R2 U L2 U2 F2 D2 [15+4] (19f) 1.31
R' B R' D F2 U2 F2 D B D' F2 B2 R' F2 U2 F2 B2 U2 L2 B2 [13+7] (20f) 0.03
L2 B L F2 R B' L2 U' L' B' R2 D2 R2 D B' R2 L2 B2 R2 U2 [15+5] (20f) 0.28
D' F2 L F' U L2 D2 B2 R' B U D' R2 F' U2 B2 L2 F2 D2 B2 [14+6] (20f) 0.05
U2 R2 B2 R' F' D2 R2 F' B' R' U D L B R2 F B' D2 F B [14+6] (20f) 0.04
U' B' D2 R2 F L' U2 B D L2 F' U' B' R' U2 L2 D2 F2 B2 L2 [14+6] (20f) 0.05
R F U' L2 B2 U' R2 F' R2 U L' F R2 U' F2 R2 B2 L2 U2 [14+5] (19f) 0.05
F' U F2 B U2 R U2 L F' U' L D F' L F2 B2 L2 U2 [14+4] (18f) 0.12
R2 U' R2 F2 U' F' U' F2 D' R U F' R' B L' R2 F2 U2 D2 B2 [15+5] (20f) 0.70
L2 F' D2 R F' R' B D' B' U D' B' R' B2 L' F2 U2 F2 L2 D2 [15+5] (20f) 0.31
F2 L U B2 L2 F' D' L' D' B' L F2 U2 D' F U2 B2 L2 U2 R2 [15+5] (20f) 0.72
R' F U F' B' L' F' L D2 L2 F' U F U D2 F2 R2 L2 B2 [14+5] (19f) 0.04
U' R' L' B2 D L U R D' F' L2 B2 U' D R B U2 F2 L2 B2 [16+4] (20f) 0.89
R' B' L' U D2 R D' F' U' L U' F' B2 D' F2 R2 D2 R2 U2 [14+5] (19f) 0.04
D2 F2 R2 F' D' R2 D2 R F U B2 D2 R' L2 B R2 U2 F2 L2 U2 [15+5] (20f) 0.20
U R B D2 F2 R' U2 D B' L' D2 B' D2 F D2 R' B2 L2 F2 L2 [16+4] (20f) 1.11
F D' L2 U B' L' U' L' D' B R' D' L D' F2 L2 B2 L2 D2 [14+5] (19f) 0.04
U R' F2 L2 F2 R' F' R U' B D R2 B R2 U B2 R2 F2 B2 U2 [15+5] (20f) 0.13
D2 B2 R' D L' F' U L' F2 R L' U' F U R2 L2 U2 F2 R2 D2 [14+6] (20f) 0.03
F D' B2 U2 D2 R L2 F2 L D2 L2 U2 F' R2 D' F B2 L2 F2 L2 [16+4] (20f) 4.13
U D' B2 L U' R' F D' L2 B2 U D' R' U2 F2 L2 D2 F2 L2 D2 [13+7] (20f) 0.04
R F' R2 D' B' L2 F2 U' B2 U L U R' F L2 B2 R2 B2 U2 R2 [14+6] (20f) 0.05
U' F' D' F' D2 L' U R' F R2 L' U' L2 D' L' B2 U2 L2 U2 D2 [15+5] (20f) 0.22
D' F L' U D F L2 B2 U B L D2 B R L' D2 F2 L2 D2 L2 [15+5] (20f) 0.42
D2 R2 B2 L F2 D2 F' D2 R F2 U B D R' B2 L' R2 U2 R2 B2 [16+4] (20f) 1.03
R L2 D L2 B' U' R' F L' B' D2 B2 L' U D F2 U' D F2 B2 [13+7] (20f) 0.03
B D2 R D' B L F U D R B2 R' F B2 R' D U2 B2 U2 L2 [16+4] (20f) 3.04
U2 R2 D' B2 U F L D2 B D2 F' U' B2 R' B2 R2 U2 D2 F2 [14+5] (19f) 0.05
F L2 D R U2 F U R2 F' L D R' B' U' L' F2 U2 D2 F2 [15+4] (19f) 0.21
U F' D L' B R B' U2 F' L F' U B' U B' U2 R2 B2 L2 B2 [15+5] (20f) 0.28
R' L U' L F R D2 F2 L' B2 R2 U2 R2 F L' U2 D2 F2 U2 [15+4] (19f) 0.06
L2 U F' U2 F' R L' F2 U R B2 U F2 D F2 D2 F2 B2 R2 U2 [14+6] (20f) 0.03
U F D L' B L2 U B' R L' D' F2 B2 D R2 D2 B2 R2 U2 F2 [14+6] (20f) 0.02
F R2 D2 L2 B L' B D2 L D2 B' U' B D' L' D2 L2 B2 R2 [15+4] (19f) 0.15
L' U' F2 U' L U R B2 L F' D2 F2 R D' B' U2 R2 B2 R2 F2 [15+5] (20f) 0.27
U' D R2 F2 B L U2 B U' R B U2 B R U F B D2 F' B [15+5] (20f) 0.24
L2 U' F2 R' L B' U' L B R2 D2 R2 B2 D B' L2 F2 B2 D2 L2 [15+5] (20f) 0.14
R2 L2 D' R' L2 D' R B' R2 D R' B U' B' R L D2 R L' B2 [14+6] (20f) 0.04
R2 U2 R2 L' D2 F' B' R2 L U R2 B' R L U L2 B2 R2 B2 U2 [15+5] (20f) 0.40
L2 D L F R B R2 L F R' U2 R' U F2 R' D2 F2 R2 U2 B2 [15+5] (20f) 0.13
U D2 R' F' R F' R' U2 R D F D L' U B L2 F2 D2 R2 L2 [15+5] (20f) 0.17
L2 F2 R2 F' U2 F2 L F D R' U B' U2 D F' R F2 U2 L2 B2 [16+4] (20f) 1.90
R2 D B D2 R D2 L B2 R2 F' D' B' U B' F2 L2 B2 R2 U2 F2 [14+6] (20f) 0.04
D2 B2 L D L D2 R U' R F2 D B' R L U B2 U2 D2 L2 B2 [15+5] (20f) 0.41
F R U L D B U' R' U2 R' B R2 B2 L' U F' B' D2 F' B' [15+5] (20f) 0.09
D' F U' D' B2 R F D2 L' F' U F' D R' U2 B2 D2 B2 R2 F2 [14+6] (20f) 0.04
U2 L' U' F D2 F' B D F R' D2 F U L D' B2 U2 D2 R2 B2 [15+5] (20f) 0.39
R U2 D' R F' R B' D2 B' R' B2 U F B' L2 F D2 L2 F2 R2 [16+4] (20f) 1.91
U' L2 F' U D L2 D B' R2 L2 B' R L F D' F2 R2 U2 R2 L2 [15+5] (20f) 0.13
L D2 F' D' R F L F2 R2 B' U2 F U D2 L B2 R2 L2 [15+3] (18f) 0.50
R' U' F' B D2 R U' R2 U F' D2 R2 F D2 R2 D2 L2 B2 R2 F2 [13+7] (20f) 0.04
B D2 R' F2 B' R' U' D R' B' R' L2 U' D' B R2 B2 U2 B2 R2 [15+5] (20f) 0.41
B' D' L' F R' L2 F R L2 U' R L2 F' D' B F2 D2 B2 U2 R2 [15+5] (20f) 1.05
R L' D' B2 R2 D2 F' B2 L B L2 B D' B' R U2 B2 D2 R2 B2 [15+5] (20f) 0.09
B2 D' L U D2 L2 F B U2 B2 U L' F2 B R' U2 D2 B2 D2 B2 [15+5] (20f) 0.45
U' L F B L2 U' B' L B' L F' D2 L' F' L' D' L2 F2 L2 [16+3] (19f) 1.73
F L2 U R' D2 R2 D2 F B D' L' U2 B' D R' B F2 [16+1] (17f) 1.91
U D2 B R2 U L D R B' L2 U' F L F' R' U2 L2 U2 L2 [15+4] (19f) 0.17
U' L D2 B' D' L2 F' B' L' D' R' F R D2 F R B2 L2 B2 U2 [16+4] (20f) 1.71
F R2 D L D2 R F2 R' D' L' B R2 F U' B L2 U2 B2 [15+3] (18f) 0.11
B2 D' R2 D2 B L D' R' L2 D F' B2 U D R L' U2 F2 R L' [14+6] (20f) 0.06
R' U F2 B' L' B2 U2 R B R2 U' R' F2 D B L2 D2 L2 F2 B2 [15+5] (20f) 0.09
U' R' L' U2 B U' B' U2 B2 D F' B L2 D2 F' L F2 U2 D2 L2 [16+4] (20f) 1.03
F B' U2 F' D' F' U L B L2 F' U D2 F D R2 U2 F2 B2 U2 [15+5] (20f) 0.36
R' U R' D' F2 R B2 D R2 D2 R' B U D R2 U D' R2 U2 [12+7] (19f) 0.03
R U' L' F2 U' R L2 D' L2 B U' D L F' B2 R2 F2 U2 B2 [14+5] (19f) 0.04
F L2 U' F U' L2 D R' F B U F D' B2 U2 B2 U2 R2 F2 R2 [13+7] (20f) 0.03
D' R2 D' F' R L' D B' R' U F2 D' F2 R' F' U2 R2 B2 R2 [15+4] (19f) 0.40
U' R U2 B D R D F U D2 L' D2 L B2 D B R2 L2 U2 R2 [16+4] (20f) 0.72
R' L' D F2 L' U D R' F2 R2 L' U' R F' R' U2 L2 U2 R2 D2 [15+5] (20f) 0.16
U L F2 L F' L' F R2 B2 L' U B' D L' F2 U2 R' L [14+6] (18f) 0.03
U R' L2 D' F' L D2 L' U2 B R' B U' L U2 F2 R2 L2 U2 F2 [14+6] (20f) 0.04
U F' D2 L F' L D F L F B L B R2 L2 B2 D2 R2 U2 R2 [13+7] (20f) 0.03
B D2 L' U' D2 B' D R B' D2 B' U' F D' F B2 R2 B2 D2 R2 [15+5] (20f) 0.32
R' L B2 U R' B' D2 R' F' D' R' F2 B' U' D' L' F2 R2 F2 D2 [16+4] (20f) 0.72
U' F2 U R' F' U' R U L B2 R' D2 B R' B D2 R2 U2 L2 F2 [15+5] (20f) 0.28
U R2 U R' U' R D' L' D' B' L2 D' F' L U2 F D2 R2 L2 [16+3] (19f) 1.00
D2 F2 D' L' D2 F' L2 F U2 R B2 R U' R2 F' B2 U2 R2 U2 R2 [15+5] (20f) 0.26
R' B2 U L2 B' L' B' U F' B U' F2 R B F2 L2 U2 R2 B2 L2 [14+6] (20f) 0.04
R2 L' B2 D2 R' F U2 B2 R' U2 F L' B U F' R2 B2 D2 R2 F2 [15+5] (20f) 0.38
L2 F L2 F U F B' R' L2 U2 D B2 D2 R' D' L2 D2 R2 U2 F2 [15+5] (20f) 0.19
U2 L2 D' F' R2 B L F D' B2 R F' L U R2 F2 D2 L2 [14+4] (18f) 0.03
R2 D' F2 U2 B' U L F R' D R L' F L B2 [14+1] (15f) 0.04
L2 U2 D' R2 U2 F' R' U' F2 U B2 U' R L B2 U D L2 U' D [14+6] (20f) 0.04
U' F' U R U F' U F R D L2 U2 L D F2 D2 B2 R2 B2 [14+5] (19f) 0.04
L U B' U' F B2 D F B2 L B R D' L' R2 F2 R2 L2 D2 B2 [14+6] (20f) 0.03
U2 L' U' R2 U' R L2 B' U' R U2 R' U2 F' U2 B2 L2 D2 F2 U2 [14+6] (20f) 0.05
U' L F2 B2 U L U2 D B R' U' R2 L2 D L2 F2 D2 L2 U2 D2 [14+6] (20f) 0.03
U R B2 D R' D F2 U' B' R' U2 F' D' F U2 B2 U2 B2 R2 D2 [14+6] (20f) 0.03
L2 F D' F' U F L2 U' F' D F' D' B2 L' F2 U2 F2 B2 L2 U2 [14+6] (20f) 0.03
D B2 U' D B R U' R2 L' F2 B L2 D' F R2 B2 D2 R2 U2 [14+5] (19f) 0.06
R' F2 U' R' U2 D' R2 D L2 B2 D' R2 B U' D2 R2 B2 L2 B2 U2 [14+6] (20f) 0.06
R U D2 R L D' B2 D' B' D F' L2 B' D2 F2 L B2 R2 U2 R2 [16+4] (20f) 1.56
B2 D' R' F U' L F' L2 U D' L2 F U' D' B' R2 L2 D2 B2 U2 [15+5] (20f) 0.36
R F' D' R D' B2 D2 R2 L B' U' R2 F2 L R' L' U2 F2 R' L' [14+6] (20f) 0.05
L2 U F2 B L2 U D L' F' D' B2 R' D F' U2 D2 F2 L2 D2 B2 [14+6] (20f) 0.01
U R F2 U' D2 R' L U' F' R B D' L D' B2 U2 F2 D2 L2 B2 [14+6] (20f) 0.05
B L2 F' B U2 F U L' F R' B D2 L2 F R2 B2 L2 B2 R2 D2 [14+6] (20f) 0.05
R' D' R2 L F' R' B2 D2 L' D2 B' D F R2 U' R2 B2 D2 R2 D2 [15+5] (20f) 0.18
F U' L2 B' U' F U2 R2 F2 L B2 U L' U' D2 F2 U2 F2 L2 B2 [14+6] (20f) 0.05
U2 B2 L' U2 B L2 B2 R' L D2 L' B2 U B R' L' F2 R' L' F2 [14+6] (20f) 0.07
D' L2 B' D L' F R' L' B' D R U2 F2 D U2 R2 B2 D2 B2 R2 [14+6] (20f) 0.05
D2 L2 U L2 U' R2 D F U R U' L B' D2 L' F2 L2 F2 D2 L2 [15+5] (20f) 0.11
L2 F R F B' L F' U' D' R' F2 U R2 F' R2 B L2 B2 R2 L2 [16+4] (20f) 1.82
D' R' F U B' U R2 L' F' L2 F2 R' F' B2 U R F2 U2 R2 F2 [16+4] (20f) 3.22
U' B U' B' D' B' L' U' D' R2 B' D2 R B L2 U2 R2 D2 B2 L2 [14+6] (20f) 0.04
F2 R' D F2 D F2 R' U2 D2 F' U2 B D F U2 L2 U2 F2 L2 F2 [14+6] (20f) 0.06
F U2 D' R' F' B' L B2 U' D' R' D R' F' U2 L2 D2 R2 D2 B2 [14+6] (20f) 0.02
F' D R' B' D2 R D L U L2 U2 F' U' B' L' F2 R2 B2 U2 B2 [15+5] (20f) 0.67
F' B R U F2 B' U' R2 U' B2 R F R F R B2 U2 R2 U2 D2 [15+5] (20f) 0.67
D' R' D F2 U' B' L' U2 R' B' D2 R' D' L' B' U2 R2 B2 D2 [15+4] (19f) 0.37
L2 F' B2 D' F2 R2 L2 F' D' F U R L2 B2 R' U' D' R2 U D [15+5] (20f) 0.38
D L' D R' F B2 R B D F D L B2 R2 U2 L2 D2 F2 D2 [12+7] (19f) 0.04
B R' L D2 L B L U D2 R' D' R2 B2 L2 B D' B2 D2 R2 B2 [16+4] (20f) 1.27
L2 D2 B2 D' F' B' D2 R' U' B' D F L' F' B R2 F2 L2 U2 F2 [15+5] (20f) 0.18
B L2 U D F' B2 L' D' L F' U' L' U2 L' B' L2 D2 R2 B2 R2 [15+5] (20f) 0.24
R B L2 D L' F D' B R L2 U2 D' R' U2 B2 R2 B2 R2 D2 F2 [13+7] (20f) 0.04
B' U2 L2 D' F' U' L' B' R2 D B U' R2 B F2 D2 L2 D2 L2 [14+5] (19f) 0.17
B2 R' B D' B' R' B2 R2 D F2 B' D' L U' F' R2 B2 R2 U2 R2 [15+5] (20f) 0.46
U' L2 U B U F' B R U2 L F' U' R' U R2 L2 D2 B2 R2 B2 [14+6] (20f) 0.04
B' U2 F' L B U2 L2 F2 B' R' L2 B U2 B2 R2 L2 D2 F2 B2 [12+7] (19f) 0.01
U F B R U B' R F' L' B2 D' R D L' F B' U2 F B' D2 [14+6] (20f) 0.05
L' D' R' D' R' D R F2 L U' F B L2 D2 L F2 R2 B2 L2 F2 [15+5] (20f) 0.56
D' R F R' F R' F2 B U2 F B U' R U' L' U2 L2 B2 L2 B2 [15+5] (20f) 0.45
B R U F R U R U2 D F2 B2 L' F2 D' F2 L R2 F2 U2 F2 [16+4] (20f) 0.73
U B' R' L2 U2 R2 U L U' B2 R' D F U L2 U2 F2 D2 F2 U2 [14+6] (20f) 0.04
R' L B' U' L2 U' F' U2 B' L B R2 L' D B L2 F2 B2 U2 F2 [15+5] (20f) 0.11
R L2 D2 L' D L' F' U' L' F2 L' B2 L2 U R L' U2 R' L' [14+5] (19f) 0.05
D2 F U B D F' L2 U2 R' U' F2 B2 D' R B U2 R2 B2 U2 F2 [15+5] (20f) 0.16
U' R D2 R B' R' F' R U L2 B2 D2 F2 R' F U2 B2 D2 R2 U2 [15+5] (20f) 0.07
R2 U L B D' B' U2 R' F R D2 R U' D' R' L' F2 R L' B2 [14+6] (20f) 0.03
D' F U' L D' F2 U2 L' D' R F' L2 U' R B D2 R2 [15+2] (17f) 0.46
R' F D2 R2 F' U' R U' R D' B2 R' U' L' B2 U2 F2 B2 R2 B2 [14+6] (20f) 0.04
F R F2 R2 B2 U' L' D' B2 U D' L B' U D2 F2 D2 L2 U2 R2 [14+6] (20f) 0.05
U2 F' R B U' B2 L2 U B' L F' L D R2 B2 U2 L2 U2 R2 F2 [13+7] (20f) 0.03
B U2 L U' F2 U2 D B' D' R F' R B' U' B' D' L2 F2 U2 D2 [16+4] (20f) 3.61
F2 D2 R2 F' D' F' D2 L' F R U2 D' F' L U2 B2 D2 L2 B2 R2 [14+6] (20f) 0.06
D B D2 R2 B U L' B2 R2 F R U' L F2 U' D2 B2 R2 F2 B2 [15+5] (20f) 0.50
R D2 R2 D' L B D2 B2 U F' D' L' F U D' U2 F2 L2 D2 L2 [15+5] (20f) 0.24
F2 L D F L F R2 B D2 L U' F2 L' F U' D2 F2 U2 R2 D2 [15+5] (20f) 0.36
D2 F2 L2 B2 R' F2 U B L' B U B R' L2 B' R2 U2 B2 R2 F2 [15+5] (20f) 0.25
D2 R F B2 L2 B2 U' R' U2 F2 D B U D' R F U2 R2 B2 L2 [16+4] (20f) 0.82
R' D L F U' B U R D' R' U2 L U' F2 D2 L2 U2 F2 U2 F2 [13+7] (20f) 0.04
D L2 U' L' U2 F2 U B' R2 U' L' B2 U F D U2 F2 U2 F2 [15+4] (19f) 0.41
B R D F' D R' L' U2 F L' F2 B' U' L' U' B2 D2 F2 R2 F2 [15+5] (20f) 0.11
R F' R F2 R2 D' F U' R F2 L F R L U' D2 B2 R2 U2 [15+4] (19f) 0.31
U R D2 B L' D B U F' R2 F' D2 B' U' R' L2 B2 R2 F2 D2 [15+5] (20f) 0.06
D2 R U2 D2 R B2 L' D' F' B U2 L U' B D' R2 L2 F2 R2 D2 [15+5] (20f) 0.04
U L D B' R' U R U' B2 U' D R' F' L' B2 U' D' R2 U' D [14+6] (20f) 0.06
B R L D' L U F B D' R F B' D2 B2 R2 U2 D2 F2 [12+6] (18f) 0.07
U R' F' U' L' U2 B2 L D L' B' D2 R2 L' U L' U2 B2 L2 B2 [16+4] (20f) 1.30
L D' L2 D F2 R L B' L F B U' L' U2 B' L' U2 R2 B2 D2 [16+4] (20f) 6.63
U' D2 F U2 L B2 D2 L' B R B D2 F' U L U2 R2 B2 U2 L2 [15+5] (20f) 0.20
U' D F R D R F2 U B' D2 R' D F' U R' U2 R2 U2 F2 B2 [15+5] (20f) 0.12
R B U F' U R2 U R2 F U2 B D2 L B2 L2 U2 L2 U2 F2 L2 [13+7] (20f) 0.04
U' D' L' U2 B2 U2 B2 R F' L' B2 D' B L R L' F2 B2 R' L' [14+6] (20f) 0.05
D' F2 D F2 D2 F' B U B2 D' L' B' R2 F' B' L2 F2 R2 D2 R2 [15+5] (20f) 0.49
D2 F R2 D R' L D' F R' B' D' F2 L2 F R2 L2 D2 F2 L2 U2 [14+6] (20f) 0.04
F U' L2 B' U' R D' L' B' D2 F' L' B2 U D' B2 R2 D2 [15+3] (18f) 0.20
L' U R2 U' R2 L' F B R F2 D F B R U2 F2 R2 U2 L2 U2 [14+6] (20f) 0.04
F R2 B' U R2 L2 U B2 L2 U L B' D F U2 F2 U2 L2 F2 [14+5] (19f) 0.04
F L B L D2 L2 D B' L2 D2 L D' F2 U L' B2 R2 D2 B2 D2 [15+5] (20f) 0.16
R F' B' L' U2 R U2 D' F' L2 F2 B' L B R2 F2 R2 D2 R2 U2 [14+6] (20f) 0.04
B' L2 B U' F' B' U R F2 B L' F B R2 U' F2 R2 D2 F2 B2 [15+5] (20f) 0.60
F R F2 U' L2 F2 R2 U R' B' L U' D' F' R' F2 D2 F2 U2 L2 [15+5] (20f) 0.07
L2 D2 L F D2 B R U2 F' U2 R B2 D' R2 U R2 F2 L2 B2 L2 [15+5] (20f) 0.16
U L' B R L' U R U D2 R' L' U F B L2 F2 L2 D2 R2 F2 [14+6] (20f) 0.06
L' B' U' F2 R' D2 L2 B' D' B' L D F' U2 B2 U2 F2 U2 L2 B2 [13+7] (20f) 0.05
L2 D2 R2 B' L' B' D2 F R' D' R B2 L' D B R2 U2 R2 F2 [15+4] (19f) 0.09
D2 B' U R D F' L F2 B' U2 L D2 B' R' L F2 D2 R2 U2 B2 [15+5] (20f) 0.34
F D2 F U2 R2 D B2 R' B2 L' U' B U' D' B L2 B2 L2 U2 B2 [15+5] (20f) 0.35
U' F' D2 F D B L' F D' F2 L' U F' U' R L U2 D2 R L' [14+6] (20f) 0.04
D2 R F L' U B' R L U2 F2 L2 F' D F' B2 D2 F2 U2 L2 B2 [14+6] (20f) 0.01
U' F' B2 U2 R2 U' D2 L' F2 U' F' D L2 F B' R2 B2 U2 [15+3] (18f) 0.36
D2 B R B2 U R2 B' U R' F2 U2 B R L R2 D2 B2 D2 L2 B2 [14+6] (20f) 0.04
R' L2 D' R B R' L2 D B2 D2 R L U' R2 F2 B2 R2 D2 F2 U2 [13+7] (20f) 0.01
L U L2 F' R' B' L' B' R' B2 U D2 B' U D2 F2 U2 F2 R2 F2 [14+6] (20f) 0.04
R' B2 R2 L B' U L' D F2 R2 F2 D' B' R2 L2 B2 R2 U2 D2 F2 [13+7] (20f) 0.04
U R D2 L F' B2 R' F2 U R2 F2 R L U2 F' R L' B2 R L' [15+5] (20f) 0.07
F' B2 U R2 L' B R2 U2 R2 L' U2 D2 F R' F2 D2 R2 U2 D2 [14+5] (19f) 0.10
D2 B2 U' D2 R U D F R2 U' D B' U2 B' L U2 L2 B2 D2 L2 [15+5] (20f) 0.36
L2 F' R2 L' F' R2 B' D' F' L D2 R2 U R' B F2 L2 D2 F2 L2 [15+5] (20f) 0.19
D' F' R' L' B U' L' U2 D2 B R B2 U2 R' B2 R2 F2 L2 U2 L2 [14+6] (20f) 0.06
U F R' U' L B' D F B' L2 F2 D L2 U' F' U2 R2 U2 D2 F2 [15+5] (20f) 0.16
B R D' F2 R F' B2 R' F' D2 F' R' D2 F' U2 F2 R2 U2 D2 [14+5] (19f) 0.04
U' F U L' D' L F2 U2 R L' U L' D F D R2 B2 R2 F2 B2 [15+5] (20f) 0.35
B2 U2 F L F2 R2 L' D F' U B2 R' L2 B D' L U2 B2 R2 F2 [16+4] (20f) 4.59
U' L' F L' U F2 U' B R' D' F' D L' F' B' R2 D2 F' B' L2 [13+7] (20f) 0.05
B2 U' L2 D' L D L' B' L U' D2 B' L' F' D2 R L F2 R L [14+6] (20f) 0.10
F U' B U2 B' D' L' U R' F' R L U2 R' U' B2 R2 L2 D2 R2 [15+5] (20f) 0.20
R U2 D L F' B2 U2 R' L' B U' F U2 R F2 U2 R2 D2 L2 [14+5] (19f) 0.04
F' U' B2 D L D2 R L B' D2 L B' L' U D L2 U D' R2 L2 [13+7] (20f) 0.01
D2 R2 D' B2 R' F2 R2 F' D R' U R2 F B L R2 D2 L2 D2 R2 [15+5] (20f) 0.09
R D2 B' U L2 U' D' F U2 L' B R2 B U R2 L2 F2 D2 R2 L2 [14+6] (20f) 0.05
R' F2 U2 R2 F D R D2 F2 L' B2 D U2 B2 D2 R2 B2 U2 R2 [12+7] (19f) 0.05
U R D R' L2 F U' F2 R' U2 F' B' R F2 R F B' D2 F' B' [15+5] (20f) 0.08
B U D F R F L D L' D' L2 B U' F2 D' L2 U2 F2 U2 D2 [15+5] (20f) 0.20
F' L U2 F' B2 R' L U R L2 B' R2 L' D F' L2 F2 U2 L2 U2 [15+5] (20f) 0.89
D B R2 D L' U B' D2 F' U' F' R B R F2 D2 L2 D2 B2 [14+5] (19f) 0.04
L2 U2 L' U' L2 U B U' F' D2 R F U' B2 U L2 B2 R2 D2 L2 [15+5] (20f) 0.08
L U' R' U2 L2 F2 U' B2 U2 D R' L2 U B D2 F2 U2 B2 L2 [14+5] (19f) 0.06
F B2 L U2 F2 U B2 U' D' L' F B L2 B R' U2 B2 U2 B2 [15+4] (19f) 0.41
R2 U D2 B U2 L' B2 L U2 L D' F B' U' F2 L2 U2 F2 R2 U2 [14+6] (20f) 0.04
U L U' D' F B2 D' F B U' R2 F B' L' F D2 L2 B2 D2 L2 [15+5] (20f) 0.09
L D R2 U F' U B U L' D2 B' R2 F' D' R2 F2 B2 L2 B2 U2 [14+6] (20f) 0.04
U' R F B R' L D R2 D2 F R B2 D' R2 D2 B2 R2 L2 U2 B2 [13+7] (20f) 0.04
B2 L2 U2 D' F' L B2 D B' D F B' D2 L R L' F2 D2 R L [14+6] (20f) 0.06
R L D' B L2 F2 R2 B2 L' F2 R B2 D' L' F' L2 F2 D2 L2 [15+4] (19f) 0.09
F U R2 B2 L U' D L F2 R F' B' L2 U' L' U' F2 U2 R2 F2 [16+4] (20f) 2.46
L D L' B L2 B U R' L' F D F2 U' L2 D2 L2 B2 L2 F2 D2 [13+7] (20f) 0.05
L2 B2 R2 F R2 L' F2 B U' D2 R' B2 D L2 U D B2 U D F2 [13+7] (20f) 0.06
U L2 U R2 U' F' R' B R2 F2 R2 U' L' U2 R2 B L2 D2 B2 U2 [16+4] (20f) 1.96
R U R2 U F' L' F' U' L' D L U' R' F2 R2 F2 D2 F2 D2 R2 [13+7] (20f) 0.04
R U R' L D2 F' R2 F2 U2 F R2 D R L B' D U2 F2 L2 U2 [16+4] (20f) 1.29
D' R D' F2 B L B' D F' U' B' D B L U2 F2 U2 B2 R2 B2 [14+6] (20f) 0.04
D R U' L' B R2 B R2 B U2 D' L2 U L F R2 U2 L2 F2 D2 [15+5] (20f) 0.28
B D' L D2 F L' F' D' F2 B2 U2 R' U2 D B' R' L D2 R L [15+5] (20f) 0.34
F' D R' F' L' U' R2 F2 L D2 B U2 L2 D' R2 L2 B2 R2 U2 B2 [14+6] (20f) 0.07
R' L B' U L' B' L D' F' R F' U2 B L' U R2 L2 U2 D2 B2 [15+5] (20f) 0.07
B R B U2 L2 U' D L U2 D' B' D2 F' U2 R2 F2 B2 U2 R2 F2 [13+7] (20f) 0.01
R' D L F2 L2 F2 U L' D2 L' F D F D B D2 R2 U2 L2 B2 [15+5] (20f) 0.27
R U2 F D2 L' D2 L2 D2 F2 U' B' L2 F' R2 L2 D2 L2 U2 B2 U2 [13+7] (20f) 0.04
U' B' D' F U2 D L' D2 R' L D2 F D2 R D' R L' F2 R' L [15+5] (20f) 0.52
B2 R D B' D2 L' D2 F' U' B' U2 B' R2 U B2 U2 B2 R2 [14+4] (18f) 0.04
B2 D' B' U2 F L' B' L B R' F2 R F' R2 F2 D2 L2 F2 U2 L2 [13+7] (20f) 0.02
U R' U F R2 L' D2 R F2 L U D' R' F2 L' U2 F2 R2 U2 D2 [15+5] (20f) 0.14
D2 B' U L' F' R2 U' B2 U F U' B2 R' B' F2 L2 U2 F2 D2 F2 [14+6] (20f) 0.02
U R' F R' B' R2 B' U2 D2 R2 F U' R D2 B L2 F2 R2 B2 D2 [15+5] (20f) 0.07
R' D' B D' F2 U R' L2 B' D' B2 L' F B2 D2 R2 L2 B2 U2 L2 [13+7] (20f) 0.05
F L' D2 F L F' U R' B D F' R2 B D2 B2 R2 B2 L2 D2 [13+6] (19f) 0.02
U F2 U B' L' F R2 U2 R U2 L2 U F D' F2 R2 B2 R2 B2 D2 [14+6] (20f) 0.06
U' R B D F' D2 R' U R' L' B2 R F' U B2 D2 B2 R2 F2 R2 [14+6] (20f) 0.04
B R2 B2 U B L' D R' U' L B D2 B' L' F2 L2 [14+2] (16f) 0.04
L U2 R D' L F2 B' U2 L' F U L' D R' B U D' F2 U D' [15+5] (20f) 0.37
B L2 D B' R B' R' F' B2 U' F' R' F2 D' F' U2 B2 L2 B2 U2 [15+5] (20f) 0.19
L2 F D' R D2 L' B' D' L2 B U R U' R' B2 D2 F2 L2 F2 R2 [14+6] (20f) 0.04
R D' B R D2 R2 U' R D' L D L U' B D2 L2 F2 U2 L2 [14+5] (19f) 0.05
U R U' R2 F U D' R D2 L B' L' F2 R' B L2 B2 D2 B2 [15+4] (19f) 0.06
B2 L B' L' U' F2 R U L F R' U' L' U' F2 B2 R2 D2 F2 D2 [14+6] (20f) 0.07
B R F2 U' D2 F R' F2 B2 U2 B' L B2 U R' F' L2 F2 D2 [16+3] (19f) 1.06
U D' F' U' L' D2 L2 B L' U' F L' U' R F U2 L2 U2 F2 R2 [15+5] (20f) 0.25
D2 B2 D' F U2 B R B2 D F2 D F' U' B' R2 U2 F2 D2 F2 D2 [14+6] (20f) 0.04
R' L D B U2 L' U2 R2 L' D2 L' D2 F D U2 F2 L2 D2 L2 [14+5] (19f) 0.04
D F' B2 U' L' D B' U B U B R2 F' L2 U2 L2 U2 B2 D2 [13+6] (19f) 0.03
L' D2 R' D B2 R2 D' R2 F U R' D' R' F' U2 L2 U2 D2 F2 U2 [14+6] (20f) 0.06
D F D2 L2 F' L B2 L' D F' B2 D' R F U' D' B2 U D F' [13+7] (20f) 0.02
L2 F R2 F2 D2 L U R' L' U L D L2 U R2 F2 B2 L2 D2 [14+5] (19f) 0.04
D2 L2 U B' R U' L B R2 F' U' R2 L U' D2 B2 R2 F2 B2 U2 [14+6] (20f) 0.04
R' U D' L D' R B U' R B2 D' F' U L' B U2 R2 U2 R2 D2 [15+5] (20f) 0.14
L B' D F L2 B' D L' F' R' D2 B2 U L' D2 F2 R2 L2 D2 F2 [14+6] (20f) 0.07
R B U2 R' D L U' R' D' F2 L' B D2 F2 R D2 F2 R2 L2 U2 [15+5] (20f) 0.21
B D' R L2 B2 L2 U2 F' D2 B' D R L' D2 B D2 L2 D2 B2 [15+4] (19f) 0.32
U L' D' R L2 U' L' D' F2 B L2 D F' U F2 D2 R2 F2 [14+4] (18f) 0.04
D' F2 B R L' F' R2 U F' L' D2 R2 L D' L R' L' B2 R L' [15+5] (20f) 0.37
R2 L U2 D' B' U' D B' U' D' L' U F2 U' F U D F2 U' D' [15+5] (20f) 0.31
D L2 U2 F' L F L' U' B2 R' L' F B2 L U2 L2 F2 D2 L2 [14+5] (19f) 0.07
F D B R' F' L' B2 D' R2 B' R U' B2 L' B D2 B2 R2 D2 B2 [15+5] (20f) 0.19
U D R' D R L' U' B' U2 L F' B' R2 U' F2 R2 D2 B2 D2 B2 [14+6] (20f) 0.04
D R L' D R2 F D' L F2 U F2 B D F U2 R2 B2 R2 B2 D2 [14+6] (20f) 0.07
L U2 D' F' B U' B R' U2 D F2 D L D2 B' U2 R2 D2 L2 [15+4] (19f) 0.28
U' D L' D L' B L' B2 U R2 F R2 D' R U' L2 B2 U2 F2 D2 [15+5] (20f) 0.15
D' L U' R2 U' R' U' B R2 F U F' U' F B' L2 B2 R2 F B [13+7] (20f) 0.04
D' R' L2 U2 L F' D F2 L2 U2 L B R2 D' R L F2 B2 R' L' [14+6] (20f) 0.05
B L F2 U L2 U' F U B' L D F R B' U2 L2 F' B' [14+6] (18f) 0.04
D2 R L B D L' D2 L' B U F' L2 U2 F' U R' U2 F2 U2 R2 [16+4] (20f) 0.57
U' F2 R2 F' R L2 F U' D2 L F' L F2 B' D R2 F2 R2 D2 L2 [15+5] (20f) 0.16
U2 F B L2 D R' B D' B D2 L' D' B' U2 F2 D2 R2 D2 L2 F2 [13+7] (20f) 0.04
F U' L U' R2 L2 B U2 B D R' D2 B' U2 R' L B2 R' L' F2 [13+7] (20f) 0.05
U2 D F' L U' D' R' U L2 F' L2 F' R2 B L2 U2 F2 B2 D2 F2 [14+6] (20f) 0.08
L2 D R2 L U F2 L2 U2 L' U' B' D2 L' F' U2 R2 F2 U2 B2 U2 [14+6] (20f) 0.04
D2 R D R U' R F2 B2 U' B D2 L D F B U2 R2 B2 R2 L2 [15+5] (20f) 0.07
U' L F' R D2 R2 L2 D' B U' R' D F' U2 R D R2 U2 D2 L2 [16+4] (20f) 1.47
U' R F U R' U' B2 L D' L U B2 L' B2 R L U2 F2 [13+7] (18f) 0.04
L U' R2 U' B2 U R' B2 L2 B' U D2 F' R' F2 U2 R2 U2 B2 [14+5] (19f) 0.05
F B L2 F' R B2 U B R U' R2 D' L B' R2 F2 R2 L2 D2 L2 [14+6] (20f) 0.02
U' L' D2 B' R2 L2 B' D' R2 U2 R' U R2 B' D2 B2 U2 R2 U2 R2 [14+6] (20f) 0.04
D2 F2 R' D2 B2 U B' R' F2 R' F L' B U L' R2 F2 D2 R2 L2 [15+5] (20f) 0.19
D2 F2 U' D B' L' D2 L B2 D' B' D2 R' U2 F2 R2 D2 L2 U2 F2 [13+7] (20f) 0.04
U D L U2 B2 R F R' D' L2 U' R2 L' F L F2 L2 B2 D2 B2 [15+5] (20f) 0.18
D' R' U' F2 R2 F2 B D' L2 U2 B L' D R2 F2 U2 D2 F2 D2 [13+6] (19f) 0.04
U2 L' U' L2 U2 L F R2 F R' L' D L U' D' R2 L2 B2 U' D [13+7] (20f) 0.02
U F2 B' D2 R2 L2 F' L2 F D L U L2 U L2 D2 B2 R2 D2 F2 [14+6] (20f) 0.04
D2 L' U D L' B L F2 L' U2 D2 B' D' R' F B2 L2 U2 L2 [15+4] (19f) 0.12
U' B2 U2 B2 R' F' L2 B' U B' U' F2 L D U2 B2 U2 F2 R2 [14+5] (19f) 0.04
B U' D F2 D2 L F D R2 F' D F R' B2 L R2 B2 R2 U2 R2 [15+5] (20f) 0.26
L B' R2 B R2 F R D R' D2 R' B U' D F2 D2 R2 U2 F2 L2 [14+6] (20f) 0.11
D' R' D2 L2 D F' B' L2 U2 B' R' D' B R' U2 R2 U2 B2 R2 D2 [14+6] (20f) 0.04
U R2 D2 L2 D' L B2 R2 L U L U' B D' F' D2 L2 B2 R2 [15+4] (19f) 0.09
D' L2 U2 D L B' R2 B L2 U' F2 R' B2 D' F2 D2 F2 D2 L2 U2 [14+6] (20f) 0.06
U F D2 R U' D R' D2 R' D B2 D' B' L' F' D2 B2 U2 F2 L2 [15+5] (20f) 0.21
U B U2 F L' U2 R U2 F2 R D R L B R2 F B D2 F' B' [14+6] (20f) 0.04
L2 D' R U2 R L' U' R2 F' D' R' D2 R' F' R2 D2 L2 F2 U2 R2 [14+6] (20f) 0.07
R' B R2 B2 L U' F U2 F2 R' B U' F' R' F2 R2 D2 F2 D2 F2 [14+6] (20f) 0.04
L' B2 U' R2 D' B' D' R' D' R2 U R' B2 R U2 D2 B2 U2 B2 [14+5] (19f) 0.05
R L2 U' L' B' U L' D R' L' D R' F U' B2 D2 F2 B2 R2 [14+5] (19f) 0.05
R' U' F2 R' D2 B R2 L2 U' R U B F B L2 D2 L2 F B' [12+7] (19f) 0.04
U L' B2 D2 F' D R' D2 R' U' B D' L D2 R U' D' F2 U D [15+5] (20f) 0.14
F U2 B' D' R2 D' F' L2 D2 B D2 B U2 R F2 U2 R2 U2 R2 F2 [14+6] (20f) 0.04
D R F2 B2 U R2 L D2 L' F U F U' R2 D2 F B U2 F B [13+7] (20f) 0.01
D2 B U R U2 B D F' R' F D2 R U' R L2 D' L2 F2 R2 [16+3] (19f) 2.83
D2 R' B L F2 B' L2 U' F2 U2 R' F' B2 D' F2 B2 R2 D2 [14+4] (18f) 0.04
U' D2 B D2 B2 R F' L' U' B R2 L D' B D2 F2 D2 L2 U2 B2 [14+6] (20f) 0.06
D L' F' R U' R2 B R' U2 F' R F' L B' L' F' B' R2 F' B' [15+5] (20f) 0.44
B2 R' F2 B2 R2 D R2 F' D2 F U L B F2 D2 F2 D2 F2 R2 D2 [13+7] (20f) 0.05
U' R B' D2 B R' F U' D F' D' F' R B' R2 D2 F2 B2 R2 U2 [14+6] (20f) 0.01
L U' R B2 U L2 F2 B' L' F U F' L' U' F2 D2 B2 D2 R2 D2 [14+6] (20f) 0.05
R F' B' R U2 R2 L B R' F' R L U D2 L' F2 L2 U2 R2 [15+4] (19f) 0.43
B' R D' R L2 F2 L' B R' D2 L2 F2 U L' F2 R2 L2 U2 D2 F2 [14+6] (20f) 0.07
D2 B2 L B' D' B2 D' R U' L' U2 F B' U R2 F2 D2 F2 R2 F2 [14+6] (20f) 0.04
R' D R2 U2 D R B' U2 D L U2 D2 L' B D B R2 F2 B2 R2 [16+4] (20f) 1.92
R U' B' U F2 U2 D R2 F U2 F U R D2 B R2 B2 U2 D2 [15+4] (19f) 0.23
U F R B2 L B R' F2 R' L F' U' L2 D' B' F2 D2 B2 L2 F2 [15+5] (20f) 0.16
R F2 U2 R' F U' L' D R2 F' B' R L2 D L2 F' B D2 F' B [14+6] (20f) 0.04
F R2 B2 L' F D' F' L D2 B2 U L2 F' R' L' U2 B2 R' L D2 [13+7] (20f) 0.01
U2 F' L' B D' R' D B2 U' F2 R U2 L R2 B2 R' L D2 R' L' [13+7] (20f) 0.05
U2 F B2 U2 D F' U' D' F U2 B L' F D F2 L2 D2 R2 U2 F2 [14+6] (20f) 0.08
L2 U2 L U R L2 D F' R2 U F' B' D F2 R F2 R2 B2 R2 D2 [15+5] (20f) 0.09
R2 U' F2 D R' B' R' L' B R2 U B D2 B R B2 R2 U2 B2 U2 [15+5] (20f) 0.36
R U' L B R B2 U L' F' D' R B L' F2 R' L2 F2 U2 L2 U2 [15+5] (20f) 0.12
U2 F2 U' R' D R U2 F2 B' R F U' D2 B U2 R2 U2 R2 B2 [14+5] (19f) 0.04
R L' B2 R' U2 R U2 F R' U R2 B2 D R B' U2 B2 R2 U2 [15+4] (19f) 0.11
U D' F' R D L2 F R' U L2 D2 L2 B2 L2 U R' D2 R2 F2 [16+3] (19f) 2.30
D2 R' U' D' R2 L2 F R' F2 U' R U' D F' D2 L2 U2 R2 B2 [14+5] (19f) 0.04
D' L2 F2 U D' B R U F' L' B U2 B2 R U D R2 U2 L2 B2 [16+4] (20f) 4.57
L2 D' R B2 L D L F L' D2 R D F2 D2 R2 B2 D2 F2 U2 [12+7] (19f) 0.04
R B' L' F' U2 F2 B' L2 F2 R' U L D' R F L2 D2 F2 L2 B2 [15+5] (20f) 0.29
R' L' U' D F U B U2 B' R F L' B' R D U2 R2 U2 D2 B2 [15+5] (20f) 0.09
D2 B' R U' F' U' R' U2 L' B2 L' D' L' U2 F B' D2 R2 F B [13+7] (20f) 0.04
R' U' L' F' L' B U R' B' R U' B' D F U2 B2 U2 R2 U2 D2 [14+6] (20f) 0.06
B' D' R L' F' B2 R' D2 B2 L2 B' D' B' D F2 R2 F2 R2 U2 [14+5] (19f) 0.14
R2 L2 U' F' B' R F D B U2 R' D L2 F2 U2 B2 U2 L2 B2 R2 [12+8] (20f) 0.05

Total Time: 334.89

